[ 2016-08-18T00:37:37+08:00 ] 127.0.0.1 /
INFO: [ app_init ] --START--
INFO: Run Behavior\BuildLiteBehavior [ RunTime:0.000036s ]
INFO: [ app_init ] --END-- [ RunTime:0.001402s ]
INFO: [ app_begin ] --START--
INFO: Run Behavior\ReadHtmlCacheBehavior [ RunTime:0.002439s ]
INFO: [ app_begin ] --END-- [ RunTime:0.002616s ]
SQL: SHOW COLUMNS FROM `php34_goods` [ RunTime:0.025265s ]
SQL: SELECT `id`,`goods_name`,`promote_price`,`sm_logo` FROM `php34_goods` WHERE ( `is_on_sale` = 1 ) AND ( `is_delete` = 0 ) AND ( `is_promote` = 1 ) AND ( `promote_start_time` <= 1471451856 ) AND ( `promote_end_time` >= 1471451856 ) ORDER BY sort_num asc LIMIT 5   [ RunTime:0.074499s ]
SQL: SELECT `id`,`goods_name`,`shop_price`,`sm_logo` FROM `php34_goods` WHERE ( `is_on_sale` = 1 ) AND ( `is_delete` = 0 ) AND ( `is_hot` = 1 ) ORDER BY sort_num asc LIMIT 5   [ RunTime:0.022457s ]
SQL: SELECT `id`,`goods_name`,`shop_price`,`sm_logo` FROM `php34_goods` WHERE ( `is_on_sale` = 1 ) AND ( `is_delete` = 0 ) AND ( `is_best` = 1 ) ORDER BY sort_num asc LIMIT 5   [ RunTime:0.001115s ]
SQL: SELECT `id`,`goods_name`,`shop_price`,`sm_logo` FROM `php34_goods` WHERE ( `is_on_sale` = 1 ) AND ( `is_delete` = 0 ) AND ( `is_new` = 1 ) ORDER BY sort_num asc LIMIT 5   [ RunTime:0.000920s ]
INFO: [ view_parse ] --START--
INFO: [ template_filter ] --START--
INFO: Run Behavior\ContentReplaceBehavior [ RunTime:0.000491s ]
INFO: [ template_filter ] --END-- [ RunTime:0.000655s ]
SQL: SHOW COLUMNS FROM `php34_category` [ RunTime:0.021157s ]
SQL: SELECT * FROM `php34_category`  [ RunTime:0.000831s ]
NOTIC: [8] Undefined index: children E:\PHP\xuexiziliao\day60xiangmu\shop34\Application\Runtime\Cache\Home\2a94b8bda04ff446dcedd42276fc99ee.php 第 150 行.
NOTIC: [2] Invalid argument supplied for foreach() E:\PHP\xuexiziliao\day60xiangmu\shop34\Application\Runtime\Cache\Home\2a94b8bda04ff446dcedd42276fc99ee.php 第 150 行.
NOTIC: [2] Invalid argument supplied for foreach() E:\PHP\xuexiziliao\day60xiangmu\shop34\Application\Runtime\Cache\Home\2a94b8bda04ff446dcedd42276fc99ee.php 第 350 行.
INFO: Run Behavior\ParseTemplateBehavior [ RunTime:0.247851s ]
INFO: [ view_parse ] --END-- [ RunTime:0.248011s ]
INFO: [ view_filter ] --START--
INFO: Run Behavior\WriteHtmlCacheBehavior [ RunTime:0.015448s ]
INFO: [ view_filter ] --END-- [ RunTime:0.015595s ]
INFO: [ app_end ] --START--
INFO: Run Behavior\ShowPageTraceBehavior [ RunTime:0.005360s ]
INFO: [ app_end ] --END-- [ RunTime:0.005541s ]

[ 2016-08-18T00:37:37+08:00 ] 127.0.0.1 /index.php/Home/Index/ajaxGetRecentDisGoods.html
INFO: [ app_init ] --START--
INFO: Run Behavior\BuildLiteBehavior [ RunTime:0.000021s ]
INFO: [ app_init ] --END-- [ RunTime:0.000606s ]
INFO: [ app_begin ] --START--
INFO: Run Behavior\ReadHtmlCacheBehavior [ RunTime:0.000768s ]
INFO: [ app_begin ] --END-- [ RunTime:0.000872s ]
INFO: [ app_end ] --START--
INFO: Run Behavior\ShowPageTraceBehavior [ RunTime:0.000967s ]
INFO: [ app_end ] --END-- [ RunTime:0.001074s ]

[ 2016-08-18T00:37:37+08:00 ] 127.0.0.1 /index.php/Home/Member/ajaxChkLogin.html
INFO: [ app_init ] --START--
INFO: Run Behavior\BuildLiteBehavior [ RunTime:0.000021s ]
INFO: [ app_init ] --END-- [ RunTime:0.000577s ]
INFO: [ app_begin ] --START--
INFO: Run Behavior\ReadHtmlCacheBehavior [ RunTime:0.000923s ]
INFO: [ app_begin ] --END-- [ RunTime:0.001073s ]
INFO: [ app_end ] --START--
INFO: Run Behavior\ShowPageTraceBehavior [ RunTime:0.001103s ]
INFO: [ app_end ] --END-- [ RunTime:0.001229s ]

[ 2016-08-18T00:37:40+08:00 ] 127.0.0.1 /index.php/Home/Member/login.html
INFO: [ app_init ] --START--
INFO: Run Behavior\BuildLiteBehavior [ RunTime:0.000017s ]
INFO: [ app_init ] --END-- [ RunTime:0.000568s ]
INFO: [ app_begin ] --START--
INFO: Run Behavior\ReadHtmlCacheBehavior [ RunTime:0.000706s ]
INFO: [ app_begin ] --END-- [ RunTime:0.000785s ]
INFO: [ view_parse ] --START--
INFO: [ template_filter ] --START--
INFO: Run Behavior\ContentReplaceBehavior [ RunTime:0.000063s ]
INFO: [ template_filter ] --END-- [ RunTime:0.000131s ]
INFO: Run Behavior\ParseTemplateBehavior [ RunTime:0.009602s ]
INFO: [ view_parse ] --END-- [ RunTime:0.009678s ]
INFO: [ view_filter ] --START--
INFO: Run Behavior\WriteHtmlCacheBehavior [ RunTime:0.000474s ]
INFO: [ view_filter ] --END-- [ RunTime:0.000524s ]
INFO: [ app_end ] --START--
INFO: Run Behavior\ShowPageTraceBehavior [ RunTime:0.000676s ]
INFO: [ app_end ] --END-- [ RunTime:0.000729s ]

[ 2016-08-18T00:37:41+08:00 ] 127.0.0.1 /index.php/Home/Member/chkcode.html
INFO: [ app_init ] --START--
INFO: Run Behavior\BuildLiteBehavior [ RunTime:0.000021s ]
INFO: [ app_init ] --END-- [ RunTime:0.000649s ]
INFO: [ app_begin ] --START--
INFO: Run Behavior\ReadHtmlCacheBehavior [ RunTime:0.001099s ]
INFO: [ app_begin ] --END-- [ RunTime:0.001218s ]
INFO: [ app_end ] --START--
INFO: Run Behavior\ShowPageTraceBehavior [ RunTime:0.001134s ]
INFO: [ app_end ] --END-- [ RunTime:0.001274s ]

[ 2016-08-18T00:37:41+08:00 ] 127.0.0.1 /index.php/Home/Member/ajaxChkLogin.html
INFO: [ app_init ] --START--
INFO: Run Behavior\BuildLiteBehavior [ RunTime:0.000076s ]
INFO: [ app_init ] --END-- [ RunTime:0.000899s ]
INFO: [ app_begin ] --START--
INFO: Run Behavior\ReadHtmlCacheBehavior [ RunTime:0.000654s ]
INFO: [ app_begin ] --END-- [ RunTime:0.000722s ]
INFO: [ app_end ] --START--
INFO: Run Behavior\ShowPageTraceBehavior [ RunTime:0.001164s ]
INFO: [ app_end ] --END-- [ RunTime:0.001331s ]

[ 2016-08-18T00:37:56+08:00 ] 127.0.0.1 /index.php/admin/login/login
INFO: [ app_init ] --START--
INFO: Run Behavior\BuildLiteBehavior [ RunTime:0.000014s ]
INFO: [ app_init ] --END-- [ RunTime:0.000392s ]
INFO: [ app_begin ] --START--
INFO: Run Behavior\ReadHtmlCacheBehavior [ RunTime:0.000502s ]
INFO: [ app_begin ] --END-- [ RunTime:0.000559s ]
INFO: [ view_parse ] --START--
INFO: [ template_filter ] --START--
INFO: Run Behavior\ContentReplaceBehavior [ RunTime:0.000175s ]
INFO: [ template_filter ] --END-- [ RunTime:0.000625s ]
INFO: Run Behavior\ParseTemplateBehavior [ RunTime:0.042518s ]
INFO: [ view_parse ] --END-- [ RunTime:0.042703s ]
INFO: [ view_filter ] --START--
INFO: Run Behavior\WriteHtmlCacheBehavior [ RunTime:0.001061s ]
INFO: [ view_filter ] --END-- [ RunTime:0.001197s ]
INFO: [ app_end ] --START--
INFO: Run Behavior\ShowPageTraceBehavior [ RunTime:0.001468s ]
INFO: [ app_end ] --END-- [ RunTime:0.001607s ]

[ 2016-08-18T00:37:56+08:00 ] 127.0.0.1 /index.php/Admin/Login/chkcode.html
INFO: [ app_init ] --START--
INFO: Run Behavior\BuildLiteBehavior [ RunTime:0.000027s ]
INFO: [ app_init ] --END-- [ RunTime:0.000645s ]
INFO: [ app_begin ] --START--
INFO: Run Behavior\ReadHtmlCacheBehavior [ RunTime:0.000801s ]
INFO: [ app_begin ] --END-- [ RunTime:0.000884s ]
INFO: [ app_end ] --START--
INFO: Run Behavior\ShowPageTraceBehavior [ RunTime:0.000953s ]
INFO: [ app_end ] --END-- [ RunTime:0.001044s ]

[ 2016-08-18T00:38:08+08:00 ] 127.0.0.1 /index.php/admin/login/login
INFO: [ app_init ] --START--
INFO: Run Behavior\BuildLiteBehavior [ RunTime:0.000023s ]
INFO: [ app_init ] --END-- [ RunTime:0.000610s ]
INFO: [ app_begin ] --START--
INFO: Run Behavior\ReadHtmlCacheBehavior [ RunTime:0.000663s ]
INFO: [ app_begin ] --END-- [ RunTime:0.000746s ]
SQL: SHOW COLUMNS FROM `php34_admin` [ RunTime:0.032755s ]
SQL: SELECT * FROM `php34_admin` WHERE ( `username` = 'root' ) LIMIT 1   [ RunTime:0.000403s ]

[ 2016-08-18T00:38:08+08:00 ] 127.0.0.1 /index.php/Admin/Index/index.html
INFO: [ app_init ] --START--
INFO: Run Behavior\BuildLiteBehavior [ RunTime:0.000016s ]
INFO: [ app_init ] --END-- [ RunTime:0.000476s ]
INFO: [ app_begin ] --START--
INFO: Run Behavior\ReadHtmlCacheBehavior [ RunTime:0.000606s ]
INFO: [ app_begin ] --END-- [ RunTime:0.000672s ]
INFO: [ view_parse ] --START--
INFO: [ template_filter ] --START--
INFO: Run Behavior\ContentReplaceBehavior [ RunTime:0.000123s ]
INFO: [ template_filter ] --END-- [ RunTime:0.000358s ]
INFO: Run Behavior\ParseTemplateBehavior [ RunTime:0.043369s ]
INFO: [ view_parse ] --END-- [ RunTime:0.043517s ]
INFO: [ view_filter ] --START--
INFO: Run Behavior\WriteHtmlCacheBehavior [ RunTime:0.001312s ]
INFO: [ view_filter ] --END-- [ RunTime:0.001518s ]
INFO: [ app_end ] --START--
INFO: Run Behavior\ShowPageTraceBehavior [ RunTime:0.002329s ]
INFO: [ app_end ] --END-- [ RunTime:0.002509s ]

[ 2016-08-18T00:38:08+08:00 ] 127.0.0.1 /index.php/Admin/Index/top.html
INFO: [ app_init ] --START--
INFO: Run Behavior\BuildLiteBehavior [ RunTime:0.000017s ]
INFO: [ app_init ] --END-- [ RunTime:0.000723s ]
INFO: [ app_begin ] --START--
INFO: Run Behavior\ReadHtmlCacheBehavior [ RunTime:0.000634s ]
INFO: [ app_begin ] --END-- [ RunTime:0.000700s ]
INFO: [ view_parse ] --START--
INFO: [ template_filter ] --START--
INFO: Run Behavior\ContentReplaceBehavior [ RunTime:0.000054s ]
INFO: [ template_filter ] --END-- [ RunTime:0.000124s ]
INFO: Run Behavior\ParseTemplateBehavior [ RunTime:0.028642s ]
INFO: [ view_parse ] --END-- [ RunTime:0.028722s ]
INFO: [ view_filter ] --START--
INFO: Run Behavior\WriteHtmlCacheBehavior [ RunTime:0.000376s ]
INFO: [ view_filter ] --END-- [ RunTime:0.000425s ]
INFO: [ app_end ] --START--
INFO: Run Behavior\ShowPageTraceBehavior [ RunTime:0.001689s ]
INFO: [ app_end ] --END-- [ RunTime:0.001754s ]

[ 2016-08-18T00:38:08+08:00 ] 127.0.0.1 /index.php/Admin/Index/menu.html
INFO: [ app_init ] --START--
INFO: Run Behavior\BuildLiteBehavior [ RunTime:0.000023s ]
INFO: [ app_init ] --END-- [ RunTime:0.000614s ]
INFO: [ app_begin ] --START--
INFO: Run Behavior\ReadHtmlCacheBehavior [ RunTime:0.000875s ]
INFO: [ app_begin ] --END-- [ RunTime:0.000971s ]
SQL: SELECT * FROM php34_privilege [ RunTime:0.027644s ]
INFO: [ view_parse ] --START--
INFO: [ template_filter ] --START--
INFO: Run Behavior\ContentReplaceBehavior [ RunTime:0.000075s ]
INFO: [ template_filter ] --END-- [ RunTime:0.000140s ]
INFO: Run Behavior\ParseTemplateBehavior [ RunTime:0.028014s ]
INFO: [ view_parse ] --END-- [ RunTime:0.028105s ]
INFO: [ view_filter ] --START--
INFO: Run Behavior\WriteHtmlCacheBehavior [ RunTime:0.000560s ]
INFO: [ view_filter ] --END-- [ RunTime:0.000614s ]
INFO: [ app_end ] --START--
INFO: Run Behavior\ShowPageTraceBehavior [ RunTime:0.001138s ]
INFO: [ app_end ] --END-- [ RunTime:0.001230s ]

[ 2016-08-18T00:38:08+08:00 ] 127.0.0.1 /index.php/Admin/Index/main.html
INFO: [ app_init ] --START--
INFO: Run Behavior\BuildLiteBehavior [ RunTime:0.000020s ]
INFO: [ app_init ] --END-- [ RunTime:0.000638s ]
INFO: [ app_begin ] --START--
INFO: Run Behavior\ReadHtmlCacheBehavior [ RunTime:0.001161s ]
INFO: [ app_begin ] --END-- [ RunTime:0.001323s ]
INFO: [ view_parse ] --START--
INFO: [ template_filter ] --START--
INFO: Run Behavior\ContentReplaceBehavior [ RunTime:0.000049s ]
INFO: [ template_filter ] --END-- [ RunTime:0.000121s ]
INFO: Run Behavior\ParseTemplateBehavior [ RunTime:0.018445s ]
INFO: [ view_parse ] --END-- [ RunTime:0.018623s ]
INFO: [ view_filter ] --START--
INFO: Run Behavior\WriteHtmlCacheBehavior [ RunTime:0.000638s ]
INFO: [ view_filter ] --END-- [ RunTime:0.000696s ]
INFO: [ app_end ] --START--
INFO: Run Behavior\ShowPageTraceBehavior [ RunTime:0.000820s ]
INFO: [ app_end ] --END-- [ RunTime:0.000877s ]

[ 2016-08-18T00:38:11+08:00 ] 127.0.0.1 /index.php/Admin/Type/lst.html
INFO: [ app_init ] --START--
INFO: Run Behavior\BuildLiteBehavior [ RunTime:0.000021s ]
INFO: [ app_init ] --END-- [ RunTime:0.000702s ]
INFO: [ app_begin ] --START--
INFO: Run Behavior\ReadHtmlCacheBehavior [ RunTime:0.001139s ]
INFO: [ app_begin ] --END-- [ RunTime:0.001228s ]
SQL: SELECT COUNT(*) has FROM php34_privilege WHERE module_name="Admin" AND controller_name="Type" AND action_name="lst" [ RunTime:0.000906s ]
SQL: SHOW COLUMNS FROM `php34_type` [ RunTime:0.041462s ]
SQL: SELECT COUNT(*) AS tp_count FROM php34_type a LIMIT 1   [ RunTime:0.000280s ]
SQL: SELECT * FROM php34_type a GROUP BY a.id LIMIT 0,20   [ RunTime:0.000436s ]
INFO: [ view_parse ] --START--
INFO: [ template_filter ] --START--
INFO: Run Behavior\ContentReplaceBehavior [ RunTime:0.000161s ]
INFO: [ template_filter ] --END-- [ RunTime:0.000400s ]
INFO: Run Behavior\ParseTemplateBehavior [ RunTime:0.057192s ]
INFO: [ view_parse ] --END-- [ RunTime:0.057337s ]
INFO: [ view_filter ] --START--
INFO: Run Behavior\WriteHtmlCacheBehavior [ RunTime:0.001009s ]
INFO: [ view_filter ] --END-- [ RunTime:0.001113s ]
INFO: [ app_end ] --START--
INFO: Run Behavior\ShowPageTraceBehavior [ RunTime:0.001672s ]
INFO: [ app_end ] --END-- [ RunTime:0.001779s ]

[ 2016-08-18T00:38:16+08:00 ] 127.0.0.1 /index.php/Admin/Attribute/lst/type_id/1.html
INFO: [ app_init ] --START--
INFO: Run Behavior\BuildLiteBehavior [ RunTime:0.000018s ]
INFO: [ app_init ] --END-- [ RunTime:0.000547s ]
INFO: [ app_begin ] --START--
INFO: Run Behavior\ReadHtmlCacheBehavior [ RunTime:0.000857s ]
INFO: [ app_begin ] --END-- [ RunTime:0.000940s ]
SQL: SELECT COUNT(*) has FROM php34_privilege WHERE module_name="Admin" AND controller_name="Attribute" AND action_name="lst" [ RunTime:0.000707s ]
SQL: SHOW COLUMNS FROM `php34_attribute` [ RunTime:0.036320s ]
SQL: SELECT COUNT(*) AS tp_count FROM php34_attribute a WHERE ( `type_id` = 1 ) LIMIT 1   [ RunTime:0.000372s ]
SQL: SELECT * FROM php34_attribute a WHERE ( `type_id` = 1 ) GROUP BY a.id LIMIT 0,20   [ RunTime:0.000362s ]
SQL: SHOW COLUMNS FROM `php34_type` [ RunTime:0.004311s ]
SQL: SELECT * FROM `php34_type`  [ RunTime:0.000305s ]
INFO: [ view_parse ] --START--
INFO: [ template_filter ] --START--
INFO: Run Behavior\ContentReplaceBehavior [ RunTime:0.000056s ]
INFO: [ template_filter ] --END-- [ RunTime:0.000162s ]
INFO: Run Behavior\ParseTemplateBehavior [ RunTime:0.028001s ]
INFO: [ view_parse ] --END-- [ RunTime:0.028073s ]
INFO: [ view_filter ] --START--
INFO: Run Behavior\WriteHtmlCacheBehavior [ RunTime:0.000731s ]
INFO: [ view_filter ] --END-- [ RunTime:0.000785s ]
INFO: [ app_end ] --START--
INFO: Run Behavior\ShowPageTraceBehavior [ RunTime:0.000900s ]
INFO: [ app_end ] --END-- [ RunTime:0.000956s ]

[ 2016-08-18T00:38:19+08:00 ] 127.0.0.1 /index.php/Admin/Type/lst.html
INFO: [ app_init ] --START--
INFO: Run Behavior\BuildLiteBehavior [ RunTime:0.000018s ]
INFO: [ app_init ] --END-- [ RunTime:0.000589s ]
INFO: [ app_begin ] --START--
INFO: Run Behavior\ReadHtmlCacheBehavior [ RunTime:0.000948s ]
INFO: [ app_begin ] --END-- [ RunTime:0.001029s ]
SQL: SELECT COUNT(*) has FROM php34_privilege WHERE module_name="Admin" AND controller_name="Type" AND action_name="lst" [ RunTime:0.000190s ]
SQL: SHOW COLUMNS FROM `php34_type` [ RunTime:0.005510s ]
SQL: SELECT COUNT(*) AS tp_count FROM php34_type a LIMIT 1   [ RunTime:0.000214s ]
SQL: SELECT * FROM php34_type a GROUP BY a.id LIMIT 0,20   [ RunTime:0.000276s ]
INFO: [ view_parse ] --START--
INFO: [ template_filter ] --START--
INFO: Run Behavior\ContentReplaceBehavior [ RunTime:0.000068s ]
INFO: [ template_filter ] --END-- [ RunTime:0.000154s ]
INFO: Run Behavior\ParseTemplateBehavior [ RunTime:0.010068s ]
INFO: [ view_parse ] --END-- [ RunTime:0.010209s ]
INFO: [ view_filter ] --START--
INFO: Run Behavior\WriteHtmlCacheBehavior [ RunTime:0.000732s ]
INFO: [ view_filter ] --END-- [ RunTime:0.000802s ]
INFO: [ app_end ] --START--
INFO: Run Behavior\ShowPageTraceBehavior [ RunTime:0.000996s ]
INFO: [ app_end ] --END-- [ RunTime:0.001066s ]

[ 2016-08-18T00:38:21+08:00 ] 127.0.0.1 /index.php/Admin/Brand/lst.html
INFO: [ app_init ] --START--
INFO: Run Behavior\BuildLiteBehavior [ RunTime:0.000017s ]
INFO: [ app_init ] --END-- [ RunTime:0.000594s ]
INFO: [ app_begin ] --START--
INFO: Run Behavior\ReadHtmlCacheBehavior [ RunTime:0.000954s ]
INFO: [ app_begin ] --END-- [ RunTime:0.001032s ]
SQL: SELECT COUNT(*) has FROM php34_privilege WHERE module_name="Admin" AND controller_name="Brand" AND action_name="lst" [ RunTime:0.000404s ]
SQL: SHOW COLUMNS FROM `php34_brand` [ RunTime:0.042159s ]
SQL: SELECT COUNT(*) AS tp_count FROM php34_brand a LIMIT 1   [ RunTime:0.000503s ]
SQL: SELECT * FROM php34_brand a GROUP BY a.id LIMIT 0,20   [ RunTime:0.007195s ]
INFO: [ view_parse ] --START--
INFO: [ template_filter ] --START--
INFO: Run Behavior\ContentReplaceBehavior [ RunTime:0.000151s ]
INFO: [ template_filter ] --END-- [ RunTime:0.000338s ]
INFO: Run Behavior\ParseTemplateBehavior [ RunTime:0.045404s ]
INFO: [ view_parse ] --END-- [ RunTime:0.045600s ]
INFO: [ view_filter ] --START--
INFO: Run Behavior\WriteHtmlCacheBehavior [ RunTime:0.001118s ]
INFO: [ view_filter ] --END-- [ RunTime:0.001233s ]
INFO: [ app_end ] --START--
INFO: Run Behavior\ShowPageTraceBehavior [ RunTime:0.001817s ]
INFO: [ app_end ] --END-- [ RunTime:0.001937s ]

[ 2016-08-18T00:38:23+08:00 ] 127.0.0.1 /index.php/Admin/Goods/recyclelst.html
INFO: [ app_init ] --START--
INFO: Run Behavior\BuildLiteBehavior [ RunTime:0.000018s ]
INFO: [ app_init ] --END-- [ RunTime:0.000660s ]
INFO: [ app_begin ] --START--
INFO: Run Behavior\ReadHtmlCacheBehavior [ RunTime:0.000992s ]
INFO: [ app_begin ] --END-- [ RunTime:0.001092s ]
SQL: SELECT COUNT(*) has FROM php34_privilege WHERE module_name="Admin" AND controller_name="Goods" AND action_name="recyclelst" [ RunTime:0.000631s ]
SQL: SHOW COLUMNS FROM `php34_goods` [ RunTime:0.009316s ]
SQL: SELECT COUNT(*) AS tp_count FROM php34_goods a WHERE ( `is_delete` = 1 ) LIMIT 1   [ RunTime:0.000623s ]
SQL: SELECT a.*,IFNULL(SUM(b.goods_number),0) gn FROM php34_goods a left join php34_goods_number b on a.id=b.goods_id  WHERE ( `is_delete` = 1 ) GROUP BY a.id ORDER BY id desc LIMIT 0,20   [ RunTime:0.075247s ]
INFO: [ view_parse ] --START--
INFO: [ template_filter ] --START--
INFO: Run Behavior\ContentReplaceBehavior [ RunTime:0.000191s ]
INFO: [ template_filter ] --END-- [ RunTime:0.000352s ]
INFO: Run Behavior\ParseTemplateBehavior [ RunTime:0.075835s ]
INFO: [ view_parse ] --END-- [ RunTime:0.075981s ]
INFO: [ view_filter ] --START--
INFO: Run Behavior\WriteHtmlCacheBehavior [ RunTime:0.000690s ]
INFO: [ view_filter ] --END-- [ RunTime:0.000763s ]
INFO: [ app_end ] --START--
INFO: Run Behavior\ShowPageTraceBehavior [ RunTime:0.001952s ]
INFO: [ app_end ] --END-- [ RunTime:0.002046s ]

[ 2016-08-18T00:38:24+08:00 ] 127.0.0.1 /index.php/Admin/Category/lst.html
INFO: [ app_init ] --START--
INFO: Run Behavior\BuildLiteBehavior [ RunTime:0.000022s ]
INFO: [ app_init ] --END-- [ RunTime:0.000634s ]
INFO: [ app_begin ] --START--
INFO: Run Behavior\ReadHtmlCacheBehavior [ RunTime:0.001026s ]
INFO: [ app_begin ] --END-- [ RunTime:0.001116s ]
SQL: SELECT COUNT(*) has FROM php34_privilege WHERE module_name="Admin" AND controller_name="Category" AND action_name="lst" [ RunTime:0.000657s ]
SQL: SHOW COLUMNS FROM `php34_category` [ RunTime:0.009890s ]
SQL: SELECT * FROM `php34_category`  [ RunTime:0.000453s ]
INFO: [ view_parse ] --START--
INFO: [ template_filter ] --START--
INFO: Run Behavior\ContentReplaceBehavior [ RunTime:0.000062s ]
INFO: [ template_filter ] --END-- [ RunTime:0.000137s ]
INFO: Run Behavior\ParseTemplateBehavior [ RunTime:0.030129s ]
INFO: [ view_parse ] --END-- [ RunTime:0.030279s ]
INFO: [ view_filter ] --START--
INFO: Run Behavior\WriteHtmlCacheBehavior [ RunTime:0.000689s ]
INFO: [ view_filter ] --END-- [ RunTime:0.000751s ]
INFO: [ app_end ] --START--
INFO: Run Behavior\ShowPageTraceBehavior [ RunTime:0.000865s ]
INFO: [ app_end ] --END-- [ RunTime:0.000918s ]

[ 2016-08-18T00:38:29+08:00 ] 127.0.0.1 /index.php/Admin/Category/edit/id/3.html
INFO: [ app_init ] --START--
INFO: Run Behavior\BuildLiteBehavior [ RunTime:0.000019s ]
INFO: [ app_init ] --END-- [ RunTime:0.001089s ]
INFO: [ app_begin ] --START--
INFO: Run Behavior\ReadHtmlCacheBehavior [ RunTime:0.001093s ]
INFO: [ app_begin ] --END-- [ RunTime:0.001176s ]
SQL: SELECT COUNT(*) has FROM php34_privilege WHERE module_name="Admin" AND controller_name="Category" AND action_name="edit" [ RunTime:0.000337s ]
SQL: SHOW COLUMNS FROM `php34_category` [ RunTime:0.004297s ]
SQL: SELECT * FROM `php34_category` WHERE ( `id` = 3 ) LIMIT 1   [ RunTime:0.000304s ]
SQL: SHOW COLUMNS FROM `php34_category` [ RunTime:0.008400s ]
SQL: SELECT * FROM `php34_category`  [ RunTime:0.000241s ]
SQL: SELECT * FROM `php34_category`  [ RunTime:0.000212s ]
SQL: SHOW COLUMNS FROM `php34_type` [ RunTime:0.005490s ]
SQL: SELECT * FROM `php34_type`  [ RunTime:0.000193s ]
INFO: [ view_parse ] --START--
INFO: [ template_filter ] --START--
INFO: Run Behavior\ContentReplaceBehavior [ RunTime:0.000106s ]
INFO: [ template_filter ] --END-- [ RunTime:0.000209s ]
NOTIC: [8] Undefined variable: searchAttrData E:\PHP\xuexiziliao\day60xiangmu\shop34\Application\Runtime\Cache\Admin\dfed54471f23c5cc0f29d10cfac5ae98.php 第 50 行.
NOTIC: [2] Invalid argument supplied for foreach() E:\PHP\xuexiziliao\day60xiangmu\shop34\Application\Runtime\Cache\Admin\dfed54471f23c5cc0f29d10cfac5ae98.php 第 50 行.
INFO: Run Behavior\ParseTemplateBehavior [ RunTime:0.010445s ]
INFO: [ view_parse ] --END-- [ RunTime:0.010554s ]
INFO: [ view_filter ] --START--
INFO: Run Behavior\WriteHtmlCacheBehavior [ RunTime:0.000488s ]
INFO: [ view_filter ] --END-- [ RunTime:0.000534s ]
INFO: [ app_end ] --START--
INFO: Run Behavior\ShowPageTraceBehavior [ RunTime:0.000972s ]
INFO: [ app_end ] --END-- [ RunTime:0.001036s ]

[ 2016-08-18T00:38:39+08:00 ] 127.0.0.1 /index.php/Admin/Category/edit/id/3.html
INFO: [ app_init ] --START--
INFO: Run Behavior\BuildLiteBehavior [ RunTime:0.000028s ]
INFO: [ app_init ] --END-- [ RunTime:0.000875s ]
INFO: [ app_begin ] --START--
INFO: Run Behavior\ReadHtmlCacheBehavior [ RunTime:0.001439s ]
INFO: [ app_begin ] --END-- [ RunTime:0.001578s ]
SQL: SELECT COUNT(*) has FROM php34_privilege WHERE module_name="Admin" AND controller_name="Category" AND action_name="edit" [ RunTime:0.000182s ]
SQL: SHOW COLUMNS FROM `php34_category` [ RunTime:0.004419s ]
NOTIC: [2] Invalid argument supplied for foreach() E:\PHP\xuexiziliao\day60xiangmu\shop34\Application\Admin\Model\CategoryModel.class.php 第 126 行.
SQL: UPDATE `php34_category` SET `parent_id`=0,`cat_name`='情人节用品' WHERE ( `id` = 3 ) [ RunTime:0.076458s ]
INFO: [ view_parse ] --START--
INFO: [ template_filter ] --START--
INFO: Run Behavior\ContentReplaceBehavior [ RunTime:0.000107s ]
INFO: [ template_filter ] --END-- [ RunTime:0.000275s ]
INFO: Run Behavior\ParseTemplateBehavior [ RunTime:0.057425s ]
INFO: [ view_parse ] --END-- [ RunTime:0.057613s ]
INFO: [ view_filter ] --START--
INFO: Run Behavior\WriteHtmlCacheBehavior [ RunTime:0.001343s ]
INFO: [ view_filter ] --END-- [ RunTime:0.001494s ]

[ 2016-08-18T00:38:40+08:00 ] 127.0.0.1 /index.php/Admin/Category/lst/p/1.html
INFO: [ app_init ] --START--
INFO: Run Behavior\BuildLiteBehavior [ RunTime:0.000014s ]
INFO: [ app_init ] --END-- [ RunTime:0.000672s ]
INFO: [ app_begin ] --START--
INFO: Run Behavior\ReadHtmlCacheBehavior [ RunTime:0.000794s ]
INFO: [ app_begin ] --END-- [ RunTime:0.000853s ]
SQL: SELECT COUNT(*) has FROM php34_privilege WHERE module_name="Admin" AND controller_name="Category" AND action_name="lst" [ RunTime:0.000125s ]
SQL: SHOW COLUMNS FROM `php34_category` [ RunTime:0.004307s ]
SQL: SELECT * FROM `php34_category`  [ RunTime:0.000353s ]
INFO: [ view_parse ] --START--
INFO: [ template_filter ] --START--
INFO: Run Behavior\ContentReplaceBehavior [ RunTime:0.000054s ]
INFO: [ template_filter ] --END-- [ RunTime:0.000118s ]
INFO: Run Behavior\ParseTemplateBehavior [ RunTime:0.122250s ]
INFO: [ view_parse ] --END-- [ RunTime:0.122373s ]
INFO: [ view_filter ] --START--
INFO: Run Behavior\WriteHtmlCacheBehavior [ RunTime:0.000630s ]
INFO: [ view_filter ] --END-- [ RunTime:0.000699s ]
INFO: [ app_end ] --START--
INFO: Run Behavior\ShowPageTraceBehavior [ RunTime:0.000832s ]
INFO: [ app_end ] --END-- [ RunTime:0.000894s ]

[ 2016-08-18T00:38:44+08:00 ] 127.0.0.1 /index.php/Admin/Category/edit/id/4/p/1.html
INFO: [ app_init ] --START--
INFO: Run Behavior\BuildLiteBehavior [ RunTime:0.000024s ]
INFO: [ app_init ] --END-- [ RunTime:0.000978s ]
INFO: [ app_begin ] --START--
INFO: Run Behavior\ReadHtmlCacheBehavior [ RunTime:0.001337s ]
INFO: [ app_begin ] --END-- [ RunTime:0.001442s ]
SQL: SELECT COUNT(*) has FROM php34_privilege WHERE module_name="Admin" AND controller_name="Category" AND action_name="edit" [ RunTime:0.000128s ]
SQL: SHOW COLUMNS FROM `php34_category` [ RunTime:0.004956s ]
SQL: SELECT * FROM `php34_category` WHERE ( `id` = 4 ) LIMIT 1   [ RunTime:0.000313s ]
SQL: SHOW COLUMNS FROM `php34_category` [ RunTime:0.005349s ]
SQL: SELECT * FROM `php34_category`  [ RunTime:0.000188s ]
SQL: SELECT * FROM `php34_category`  [ RunTime:0.000126s ]
SQL: SHOW COLUMNS FROM `php34_type` [ RunTime:0.004460s ]
SQL: SELECT * FROM `php34_type`  [ RunTime:0.000170s ]
INFO: [ view_parse ] --START--
INFO: [ template_filter ] --START--
INFO: Run Behavior\ContentReplaceBehavior [ RunTime:0.000183s ]
INFO: [ template_filter ] --END-- [ RunTime:0.000365s ]
NOTIC: [8] Undefined variable: searchAttrData E:\PHP\xuexiziliao\day60xiangmu\shop34\Application\Runtime\Cache\Admin\dfed54471f23c5cc0f29d10cfac5ae98.php 第 50 行.
NOTIC: [2] Invalid argument supplied for foreach() E:\PHP\xuexiziliao\day60xiangmu\shop34\Application\Runtime\Cache\Admin\dfed54471f23c5cc0f29d10cfac5ae98.php 第 50 行.
INFO: Run Behavior\ParseTemplateBehavior [ RunTime:0.011811s ]
INFO: [ view_parse ] --END-- [ RunTime:0.011877s ]
INFO: [ view_filter ] --START--
INFO: Run Behavior\WriteHtmlCacheBehavior [ RunTime:0.000480s ]
INFO: [ view_filter ] --END-- [ RunTime:0.000530s ]
INFO: [ app_end ] --START--
INFO: Run Behavior\ShowPageTraceBehavior [ RunTime:0.000765s ]
INFO: [ app_end ] --END-- [ RunTime:0.000819s ]

[ 2016-08-18T00:38:52+08:00 ] 127.0.0.1 /index.php/Admin/Category/edit/id/4/p/1.html
INFO: [ app_init ] --START--
INFO: Run Behavior\BuildLiteBehavior [ RunTime:0.000013s ]
INFO: [ app_init ] --END-- [ RunTime:0.000515s ]
INFO: [ app_begin ] --START--
INFO: Run Behavior\ReadHtmlCacheBehavior [ RunTime:0.000762s ]
INFO: [ app_begin ] --END-- [ RunTime:0.000821s ]
SQL: SELECT COUNT(*) has FROM php34_privilege WHERE module_name="Admin" AND controller_name="Category" AND action_name="edit" [ RunTime:0.000203s ]
SQL: SHOW COLUMNS FROM `php34_category` [ RunTime:0.005107s ]
NOTIC: [2] Invalid argument supplied for foreach() E:\PHP\xuexiziliao\day60xiangmu\shop34\Application\Admin\Model\CategoryModel.class.php 第 126 行.
SQL: UPDATE `php34_category` SET `parent_id`=3,`cat_name`='戒指' WHERE ( `id` = 4 ) [ RunTime:0.000346s ]
INFO: [ view_parse ] --START--
INFO: [ template_filter ] --START--
INFO: Run Behavior\ContentReplaceBehavior [ RunTime:0.000040s ]
INFO: [ template_filter ] --END-- [ RunTime:0.000143s ]
INFO: Run Behavior\ParseTemplateBehavior [ RunTime:0.007192s ]
INFO: [ view_parse ] --END-- [ RunTime:0.007329s ]
INFO: [ view_filter ] --START--
INFO: Run Behavior\WriteHtmlCacheBehavior [ RunTime:0.000586s ]
INFO: [ view_filter ] --END-- [ RunTime:0.000640s ]

[ 2016-08-18T00:38:53+08:00 ] 127.0.0.1 /index.php/Admin/Category/lst/p/1.html
INFO: [ app_init ] --START--
INFO: Run Behavior\BuildLiteBehavior [ RunTime:0.000024s ]
INFO: [ app_init ] --END-- [ RunTime:0.000642s ]
INFO: [ app_begin ] --START--
INFO: Run Behavior\ReadHtmlCacheBehavior [ RunTime:0.001098s ]
INFO: [ app_begin ] --END-- [ RunTime:0.001206s ]
SQL: SELECT COUNT(*) has FROM php34_privilege WHERE module_name="Admin" AND controller_name="Category" AND action_name="lst" [ RunTime:0.000238s ]
SQL: SHOW COLUMNS FROM `php34_category` [ RunTime:0.006622s ]
SQL: SELECT * FROM `php34_category`  [ RunTime:0.000440s ]
INFO: [ view_parse ] --START--
INFO: [ template_filter ] --START--
INFO: Run Behavior\ContentReplaceBehavior [ RunTime:0.000076s ]
INFO: [ template_filter ] --END-- [ RunTime:0.000163s ]
INFO: Run Behavior\ParseTemplateBehavior [ RunTime:0.134148s ]
INFO: [ view_parse ] --END-- [ RunTime:0.134276s ]
INFO: [ view_filter ] --START--
INFO: Run Behavior\WriteHtmlCacheBehavior [ RunTime:0.000630s ]
INFO: [ view_filter ] --END-- [ RunTime:0.000745s ]
INFO: [ app_end ] --START--
INFO: Run Behavior\ShowPageTraceBehavior [ RunTime:0.000914s ]
INFO: [ app_end ] --END-- [ RunTime:0.000972s ]

[ 2016-08-18T00:38:57+08:00 ] 127.0.0.1 /index.php/Admin/Category/edit/id/12/p/1.html
INFO: [ app_init ] --START--
INFO: Run Behavior\BuildLiteBehavior [ RunTime:0.000018s ]
INFO: [ app_init ] --END-- [ RunTime:0.000614s ]
INFO: [ app_begin ] --START--
INFO: Run Behavior\ReadHtmlCacheBehavior [ RunTime:0.000956s ]
INFO: [ app_begin ] --END-- [ RunTime:0.001033s ]
SQL: SELECT COUNT(*) has FROM php34_privilege WHERE module_name="Admin" AND controller_name="Category" AND action_name="edit" [ RunTime:0.000197s ]
SQL: SHOW COLUMNS FROM `php34_category` [ RunTime:0.005379s ]
SQL: SELECT * FROM `php34_category` WHERE ( `id` = 12 ) LIMIT 1   [ RunTime:0.000405s ]
SQL: SHOW COLUMNS FROM `php34_category` [ RunTime:0.004032s ]
SQL: SELECT * FROM `php34_category`  [ RunTime:0.000203s ]
SQL: SELECT * FROM `php34_category`  [ RunTime:0.000206s ]
SQL: SHOW COLUMNS FROM `php34_type` [ RunTime:0.004897s ]
SQL: SELECT * FROM `php34_type`  [ RunTime:0.000188s ]
INFO: [ view_parse ] --START--
INFO: [ template_filter ] --START--
INFO: Run Behavior\ContentReplaceBehavior [ RunTime:0.000080s ]
INFO: [ template_filter ] --END-- [ RunTime:0.000152s ]
NOTIC: [8] Undefined variable: searchAttrData E:\PHP\xuexiziliao\day60xiangmu\shop34\Application\Runtime\Cache\Admin\dfed54471f23c5cc0f29d10cfac5ae98.php 第 50 行.
NOTIC: [2] Invalid argument supplied for foreach() E:\PHP\xuexiziliao\day60xiangmu\shop34\Application\Runtime\Cache\Admin\dfed54471f23c5cc0f29d10cfac5ae98.php 第 50 行.
INFO: Run Behavior\ParseTemplateBehavior [ RunTime:0.008624s ]
INFO: [ view_parse ] --END-- [ RunTime:0.008716s ]
INFO: [ view_filter ] --START--
INFO: Run Behavior\WriteHtmlCacheBehavior [ RunTime:0.000493s ]
INFO: [ view_filter ] --END-- [ RunTime:0.000540s ]
INFO: [ app_end ] --START--
INFO: Run Behavior\ShowPageTraceBehavior [ RunTime:0.001049s ]
INFO: [ app_end ] --END-- [ RunTime:0.001108s ]

[ 2016-08-18T00:39:14+08:00 ] 127.0.0.1 /index.php/Admin/Category/edit/id/12/p/1.html
INFO: [ app_init ] --START--
INFO: Run Behavior\BuildLiteBehavior [ RunTime:0.000013s ]
INFO: [ app_init ] --END-- [ RunTime:0.000519s ]
INFO: [ app_begin ] --START--
INFO: Run Behavior\ReadHtmlCacheBehavior [ RunTime:0.000749s ]
INFO: [ app_begin ] --END-- [ RunTime:0.000809s ]
SQL: SELECT COUNT(*) has FROM php34_privilege WHERE module_name="Admin" AND controller_name="Category" AND action_name="edit" [ RunTime:0.000191s ]
SQL: SHOW COLUMNS FROM `php34_category` [ RunTime:0.005162s ]
NOTIC: [2] Invalid argument supplied for foreach() E:\PHP\xuexiziliao\day60xiangmu\shop34\Application\Admin\Model\CategoryModel.class.php 第 126 行.
SQL: UPDATE `php34_category` SET `parent_id`=4,`cat_name`='纯金戒指' WHERE ( `id` = 12 ) [ RunTime:0.000438s ]
INFO: [ view_parse ] --START--
INFO: [ template_filter ] --START--
INFO: Run Behavior\ContentReplaceBehavior [ RunTime:0.000041s ]
INFO: [ template_filter ] --END-- [ RunTime:0.000113s ]
INFO: Run Behavior\ParseTemplateBehavior [ RunTime:0.006793s ]
INFO: [ view_parse ] --END-- [ RunTime:0.006875s ]
INFO: [ view_filter ] --START--
INFO: Run Behavior\WriteHtmlCacheBehavior [ RunTime:0.000528s ]
INFO: [ view_filter ] --END-- [ RunTime:0.000583s ]

[ 2016-08-18T00:39:15+08:00 ] 127.0.0.1 /index.php/Admin/Category/lst/p/1.html
INFO: [ app_init ] --START--
INFO: Run Behavior\BuildLiteBehavior [ RunTime:0.000017s ]
INFO: [ app_init ] --END-- [ RunTime:0.000606s ]
INFO: [ app_begin ] --START--
INFO: Run Behavior\ReadHtmlCacheBehavior [ RunTime:0.000869s ]
INFO: [ app_begin ] --END-- [ RunTime:0.000945s ]
SQL: SELECT COUNT(*) has FROM php34_privilege WHERE module_name="Admin" AND controller_name="Category" AND action_name="lst" [ RunTime:0.000176s ]
SQL: SHOW COLUMNS FROM `php34_category` [ RunTime:0.004196s ]
SQL: SELECT * FROM `php34_category`  [ RunTime:0.000412s ]
INFO: [ view_parse ] --START--
INFO: [ template_filter ] --START--
INFO: Run Behavior\ContentReplaceBehavior [ RunTime:0.000054s ]
INFO: [ template_filter ] --END-- [ RunTime:0.000120s ]
INFO: Run Behavior\ParseTemplateBehavior [ RunTime:0.125311s ]
INFO: [ view_parse ] --END-- [ RunTime:0.125455s ]
INFO: [ view_filter ] --START--
INFO: Run Behavior\WriteHtmlCacheBehavior [ RunTime:0.000575s ]
INFO: [ view_filter ] --END-- [ RunTime:0.000655s ]
INFO: [ app_end ] --START--
INFO: Run Behavior\ShowPageTraceBehavior [ RunTime:0.000710s ]
INFO: [ app_end ] --END-- [ RunTime:0.000761s ]

[ 2016-08-18T00:39:17+08:00 ] 127.0.0.1 /index.php/Admin/Category/edit/id/5/p/1.html
INFO: [ app_init ] --START--
INFO: Run Behavior\BuildLiteBehavior [ RunTime:0.000023s ]
INFO: [ app_init ] --END-- [ RunTime:0.000786s ]
INFO: [ app_begin ] --START--
INFO: Run Behavior\ReadHtmlCacheBehavior [ RunTime:0.001232s ]
INFO: [ app_begin ] --END-- [ RunTime:0.001335s ]
SQL: SELECT COUNT(*) has FROM php34_privilege WHERE module_name="Admin" AND controller_name="Category" AND action_name="edit" [ RunTime:0.000201s ]
SQL: SHOW COLUMNS FROM `php34_category` [ RunTime:0.006750s ]
SQL: SELECT * FROM `php34_category` WHERE ( `id` = 5 ) LIMIT 1   [ RunTime:0.000349s ]
SQL: SHOW COLUMNS FROM `php34_category` [ RunTime:0.005812s ]
SQL: SELECT * FROM `php34_category`  [ RunTime:0.000235s ]
SQL: SELECT * FROM `php34_category`  [ RunTime:0.000167s ]
SQL: SHOW COLUMNS FROM `php34_type` [ RunTime:0.004759s ]
SQL: SELECT * FROM `php34_type`  [ RunTime:0.000233s ]
INFO: [ view_parse ] --START--
INFO: [ template_filter ] --START--
INFO: Run Behavior\ContentReplaceBehavior [ RunTime:0.000095s ]
INFO: [ template_filter ] --END-- [ RunTime:0.000174s ]
NOTIC: [8] Undefined variable: searchAttrData E:\PHP\xuexiziliao\day60xiangmu\shop34\Application\Runtime\Cache\Admin\dfed54471f23c5cc0f29d10cfac5ae98.php 第 50 行.
NOTIC: [2] Invalid argument supplied for foreach() E:\PHP\xuexiziliao\day60xiangmu\shop34\Application\Runtime\Cache\Admin\dfed54471f23c5cc0f29d10cfac5ae98.php 第 50 行.
INFO: Run Behavior\ParseTemplateBehavior [ RunTime:0.008772s ]
INFO: [ view_parse ] --END-- [ RunTime:0.008888s ]
INFO: [ view_filter ] --START--
INFO: Run Behavior\WriteHtmlCacheBehavior [ RunTime:0.000534s ]
INFO: [ view_filter ] --END-- [ RunTime:0.000588s ]
INFO: [ app_end ] --START--
INFO: Run Behavior\ShowPageTraceBehavior [ RunTime:0.000779s ]
INFO: [ app_end ] --END-- [ RunTime:0.000834s ]

[ 2016-08-18T00:39:26+08:00 ] 127.0.0.1 /index.php/Admin/Category/edit/id/5/p/1.html
INFO: [ app_init ] --START--
INFO: Run Behavior\BuildLiteBehavior [ RunTime:0.000014s ]
INFO: [ app_init ] --END-- [ RunTime:0.000527s ]
INFO: [ app_begin ] --START--
INFO: Run Behavior\ReadHtmlCacheBehavior [ RunTime:0.000719s ]
INFO: [ app_begin ] --END-- [ RunTime:0.000787s ]
SQL: SELECT COUNT(*) has FROM php34_privilege WHERE module_name="Admin" AND controller_name="Category" AND action_name="edit" [ RunTime:0.000202s ]
SQL: SHOW COLUMNS FROM `php34_category` [ RunTime:0.005280s ]
NOTIC: [2] Invalid argument supplied for foreach() E:\PHP\xuexiziliao\day60xiangmu\shop34\Application\Admin\Model\CategoryModel.class.php 第 126 行.
SQL: UPDATE `php34_category` SET `parent_id`=3,`cat_name`='耳环' WHERE ( `id` = 5 ) [ RunTime:0.000342s ]
INFO: [ view_parse ] --START--
INFO: [ template_filter ] --START--
INFO: Run Behavior\ContentReplaceBehavior [ RunTime:0.000039s ]
INFO: [ template_filter ] --END-- [ RunTime:0.000163s ]
INFO: Run Behavior\ParseTemplateBehavior [ RunTime:0.007246s ]
INFO: [ view_parse ] --END-- [ RunTime:0.007367s ]
INFO: [ view_filter ] --START--
INFO: Run Behavior\WriteHtmlCacheBehavior [ RunTime:0.000574s ]
INFO: [ view_filter ] --END-- [ RunTime:0.000631s ]

[ 2016-08-18T00:39:27+08:00 ] 127.0.0.1 /index.php/Admin/Category/lst/p/1.html
INFO: [ app_init ] --START--
INFO: Run Behavior\BuildLiteBehavior [ RunTime:0.000024s ]
INFO: [ app_init ] --END-- [ RunTime:0.000792s ]
INFO: [ app_begin ] --START--
INFO: Run Behavior\ReadHtmlCacheBehavior [ RunTime:0.001210s ]
INFO: [ app_begin ] --END-- [ RunTime:0.001311s ]
SQL: SELECT COUNT(*) has FROM php34_privilege WHERE module_name="Admin" AND controller_name="Category" AND action_name="lst" [ RunTime:0.000184s ]
SQL: SHOW COLUMNS FROM `php34_category` [ RunTime:0.004020s ]
SQL: SELECT * FROM `php34_category`  [ RunTime:0.000330s ]
INFO: [ view_parse ] --START--
INFO: [ template_filter ] --START--
INFO: Run Behavior\ContentReplaceBehavior [ RunTime:0.000051s ]
INFO: [ template_filter ] --END-- [ RunTime:0.000112s ]
INFO: Run Behavior\ParseTemplateBehavior [ RunTime:0.122250s ]
INFO: [ view_parse ] --END-- [ RunTime:0.122333s ]
INFO: [ view_filter ] --START--
INFO: Run Behavior\WriteHtmlCacheBehavior [ RunTime:0.000646s ]
INFO: [ view_filter ] --END-- [ RunTime:0.000716s ]
INFO: [ app_end ] --START--
INFO: Run Behavior\ShowPageTraceBehavior [ RunTime:0.000804s ]
INFO: [ app_end ] --END-- [ RunTime:0.000859s ]

[ 2016-08-18T00:39:30+08:00 ] 127.0.0.1 /index.php/Admin/Category/edit/id/13/p/1.html
INFO: [ app_init ] --START--
INFO: Run Behavior\BuildLiteBehavior [ RunTime:0.000020s ]
INFO: [ app_init ] --END-- [ RunTime:0.000679s ]
INFO: [ app_begin ] --START--
INFO: Run Behavior\ReadHtmlCacheBehavior [ RunTime:0.001020s ]
INFO: [ app_begin ] --END-- [ RunTime:0.001104s ]
SQL: SELECT COUNT(*) has FROM php34_privilege WHERE module_name="Admin" AND controller_name="Category" AND action_name="edit" [ RunTime:0.000200s ]
SQL: SHOW COLUMNS FROM `php34_category` [ RunTime:0.006136s ]
SQL: SELECT * FROM `php34_category` WHERE ( `id` = 13 ) LIMIT 1   [ RunTime:0.000308s ]
SQL: SHOW COLUMNS FROM `php34_category` [ RunTime:0.004217s ]
SQL: SELECT * FROM `php34_category`  [ RunTime:0.000242s ]
SQL: SELECT * FROM `php34_category`  [ RunTime:0.000204s ]
SQL: SHOW COLUMNS FROM `php34_type` [ RunTime:0.008095s ]
SQL: SELECT * FROM `php34_type`  [ RunTime:0.000250s ]
INFO: [ view_parse ] --START--
INFO: [ template_filter ] --START--
INFO: Run Behavior\ContentReplaceBehavior [ RunTime:0.000081s ]
INFO: [ template_filter ] --END-- [ RunTime:0.000152s ]
NOTIC: [8] Undefined variable: searchAttrData E:\PHP\xuexiziliao\day60xiangmu\shop34\Application\Runtime\Cache\Admin\dfed54471f23c5cc0f29d10cfac5ae98.php 第 50 行.
NOTIC: [2] Invalid argument supplied for foreach() E:\PHP\xuexiziliao\day60xiangmu\shop34\Application\Runtime\Cache\Admin\dfed54471f23c5cc0f29d10cfac5ae98.php 第 50 行.
INFO: Run Behavior\ParseTemplateBehavior [ RunTime:0.008888s ]
INFO: [ view_parse ] --END-- [ RunTime:0.008964s ]
INFO: [ view_filter ] --START--
INFO: Run Behavior\WriteHtmlCacheBehavior [ RunTime:0.000482s ]
INFO: [ view_filter ] --END-- [ RunTime:0.000531s ]
INFO: [ app_end ] --START--
INFO: Run Behavior\ShowPageTraceBehavior [ RunTime:0.000723s ]
INFO: [ app_end ] --END-- [ RunTime:0.000777s ]

[ 2016-08-18T00:39:37+08:00 ] 127.0.0.1 /index.php/Admin/Category/edit/id/13/p/1.html
INFO: [ app_init ] --START--
INFO: Run Behavior\BuildLiteBehavior [ RunTime:0.000015s ]
INFO: [ app_init ] --END-- [ RunTime:0.000787s ]
INFO: [ app_begin ] --START--
INFO: Run Behavior\ReadHtmlCacheBehavior [ RunTime:0.000735s ]
INFO: [ app_begin ] --END-- [ RunTime:0.000871s ]
SQL: SELECT COUNT(*) has FROM php34_privilege WHERE module_name="Admin" AND controller_name="Category" AND action_name="edit" [ RunTime:0.000198s ]
SQL: SHOW COLUMNS FROM `php34_category` [ RunTime:0.004265s ]
NOTIC: [2] Invalid argument supplied for foreach() E:\PHP\xuexiziliao\day60xiangmu\shop34\Application\Admin\Model\CategoryModel.class.php 第 126 行.
SQL: UPDATE `php34_category` SET `parent_id`=5,`cat_name`='银蛇' WHERE ( `id` = 13 ) [ RunTime:0.000334s ]
INFO: [ view_parse ] --START--
INFO: [ template_filter ] --START--
INFO: Run Behavior\ContentReplaceBehavior [ RunTime:0.000041s ]
INFO: [ template_filter ] --END-- [ RunTime:0.000108s ]
INFO: Run Behavior\ParseTemplateBehavior [ RunTime:0.006646s ]
INFO: [ view_parse ] --END-- [ RunTime:0.006727s ]
INFO: [ view_filter ] --START--
INFO: Run Behavior\WriteHtmlCacheBehavior [ RunTime:0.000471s ]
INFO: [ view_filter ] --END-- [ RunTime:0.000528s ]

[ 2016-08-18T00:39:38+08:00 ] 127.0.0.1 /index.php/Admin/Category/lst/p/1.html
INFO: [ app_init ] --START--
INFO: Run Behavior\BuildLiteBehavior [ RunTime:0.000018s ]
INFO: [ app_init ] --END-- [ RunTime:0.000610s ]
INFO: [ app_begin ] --START--
INFO: Run Behavior\ReadHtmlCacheBehavior [ RunTime:0.000938s ]
INFO: [ app_begin ] --END-- [ RunTime:0.001015s ]
SQL: SELECT COUNT(*) has FROM php34_privilege WHERE module_name="Admin" AND controller_name="Category" AND action_name="lst" [ RunTime:0.000216s ]
SQL: SHOW COLUMNS FROM `php34_category` [ RunTime:0.004956s ]
SQL: SELECT * FROM `php34_category`  [ RunTime:0.000343s ]
INFO: [ view_parse ] --START--
INFO: [ template_filter ] --START--
INFO: Run Behavior\ContentReplaceBehavior [ RunTime:0.000050s ]
INFO: [ template_filter ] --END-- [ RunTime:0.000116s ]
INFO: Run Behavior\ParseTemplateBehavior [ RunTime:0.122874s ]
INFO: [ view_parse ] --END-- [ RunTime:0.122997s ]
INFO: [ view_filter ] --START--
INFO: Run Behavior\WriteHtmlCacheBehavior [ RunTime:0.000660s ]
INFO: [ view_filter ] --END-- [ RunTime:0.000725s ]
INFO: [ app_end ] --START--
INFO: Run Behavior\ShowPageTraceBehavior [ RunTime:0.000850s ]
INFO: [ app_end ] --END-- [ RunTime:0.000903s ]

[ 2016-08-18T00:39:44+08:00 ] 127.0.0.1 /index.php/Admin/MemberLevel/lst.html
INFO: [ app_init ] --START--
INFO: Run Behavior\BuildLiteBehavior [ RunTime:0.000020s ]
INFO: [ app_init ] --END-- [ RunTime:0.000637s ]
INFO: [ app_begin ] --START--
INFO: Run Behavior\ReadHtmlCacheBehavior [ RunTime:0.000963s ]
INFO: [ app_begin ] --END-- [ RunTime:0.001041s ]
SQL: SELECT COUNT(*) has FROM php34_privilege WHERE module_name="Admin" AND controller_name="MemberLevel" AND action_name="lst" [ RunTime:0.000345s ]
SQL: SHOW COLUMNS FROM `php34_member_level` [ RunTime:0.034699s ]
SQL: SELECT COUNT(*) AS tp_count FROM php34_member_level a LIMIT 1   [ RunTime:0.000329s ]
SQL: SELECT * FROM php34_member_level a GROUP BY a.id LIMIT 0,20   [ RunTime:0.000447s ]
INFO: [ view_parse ] --START--
INFO: [ template_filter ] --START--
INFO: Run Behavior\ContentReplaceBehavior [ RunTime:0.000069s ]
INFO: [ template_filter ] --END-- [ RunTime:0.000162s ]
INFO: Run Behavior\ParseTemplateBehavior [ RunTime:0.049204s ]
INFO: [ view_parse ] --END-- [ RunTime:0.049375s ]
INFO: [ view_filter ] --START--
INFO: Run Behavior\WriteHtmlCacheBehavior [ RunTime:0.000695s ]
INFO: [ view_filter ] --END-- [ RunTime:0.000768s ]
INFO: [ app_end ] --START--
INFO: Run Behavior\ShowPageTraceBehavior [ RunTime:0.001137s ]
INFO: [ app_end ] --END-- [ RunTime:0.001241s ]

[ 2016-08-18T00:39:46+08:00 ] 127.0.0.1 /index.php/Admin/Admin/lst.html
INFO: [ app_init ] --START--
INFO: Run Behavior\BuildLiteBehavior [ RunTime:0.000018s ]
INFO: [ app_init ] --END-- [ RunTime:0.000554s ]
INFO: [ app_begin ] --START--
INFO: Run Behavior\ReadHtmlCacheBehavior [ RunTime:0.000853s ]
INFO: [ app_begin ] --END-- [ RunTime:0.000929s ]
SQL: SELECT COUNT(*) has FROM php34_privilege WHERE module_name="Admin" AND controller_name="Admin" AND action_name="lst" [ RunTime:0.000432s ]
SQL: SHOW COLUMNS FROM `php34_admin` [ RunTime:0.006101s ]
SQL: SELECT COUNT(*) AS tp_count FROM php34_admin a LIMIT 1   [ RunTime:0.000360s ]
SQL: SELECT * FROM php34_admin a GROUP BY a.id LIMIT 0,20   [ RunTime:0.000462s ]
INFO: [ view_parse ] --START--
INFO: [ template_filter ] --START--
INFO: Run Behavior\ContentReplaceBehavior [ RunTime:0.000060s ]
INFO: [ template_filter ] --END-- [ RunTime:0.000140s ]
INFO: Run Behavior\ParseTemplateBehavior [ RunTime:0.020892s ]
INFO: [ view_parse ] --END-- [ RunTime:0.020999s ]
INFO: [ view_filter ] --START--
INFO: Run Behavior\WriteHtmlCacheBehavior [ RunTime:0.000615s ]
INFO: [ view_filter ] --END-- [ RunTime:0.000671s ]
INFO: [ app_end ] --START--
INFO: Run Behavior\ShowPageTraceBehavior [ RunTime:0.000928s ]
INFO: [ app_end ] --END-- [ RunTime:0.000983s ]

[ 2016-08-18T00:39:48+08:00 ] 127.0.0.1 /index.php/Admin/Role/lst.html
INFO: [ app_init ] --START--
INFO: Run Behavior\BuildLiteBehavior [ RunTime:0.000020s ]
INFO: [ app_init ] --END-- [ RunTime:0.000704s ]
INFO: [ app_begin ] --START--
INFO: Run Behavior\ReadHtmlCacheBehavior [ RunTime:0.001250s ]
INFO: [ app_begin ] --END-- [ RunTime:0.001340s ]
SQL: SELECT COUNT(*) has FROM php34_privilege WHERE module_name="Admin" AND controller_name="Role" AND action_name="lst" [ RunTime:0.000733s ]
SQL: SHOW COLUMNS FROM `php34_role` [ RunTime:0.030591s ]
SQL: SELECT COUNT(*) AS tp_count FROM php34_role a LIMIT 1   [ RunTime:0.000284s ]
SQL: SELECT a.*,GROUP_CONCAT(c.pri_name) pri_name FROM php34_role a LEFT JOIN php34_role_privilege b ON a.id=b.role_id LEFT JOIN php34_privilege c ON b.pri_id=c.id  GROUP BY a.id LIMIT 0,20   [ RunTime:0.027681s ]
INFO: [ view_parse ] --START--
INFO: [ template_filter ] --START--
INFO: Run Behavior\ContentReplaceBehavior [ RunTime:0.000055s ]
INFO: [ template_filter ] --END-- [ RunTime:0.000130s ]
INFO: Run Behavior\ParseTemplateBehavior [ RunTime:0.013720s ]
INFO: [ view_parse ] --END-- [ RunTime:0.013838s ]
INFO: [ view_filter ] --START--
INFO: Run Behavior\WriteHtmlCacheBehavior [ RunTime:0.000534s ]
INFO: [ view_filter ] --END-- [ RunTime:0.000590s ]
INFO: [ app_end ] --START--
INFO: Run Behavior\ShowPageTraceBehavior [ RunTime:0.000757s ]
INFO: [ app_end ] --END-- [ RunTime:0.000812s ]

[ 2016-08-18T00:39:49+08:00 ] 127.0.0.1 /index.php/Admin/Admin/lst.html
INFO: [ app_init ] --START--
INFO: Run Behavior\BuildLiteBehavior [ RunTime:0.000018s ]
INFO: [ app_init ] --END-- [ RunTime:0.000608s ]
INFO: [ app_begin ] --START--
INFO: Run Behavior\ReadHtmlCacheBehavior [ RunTime:0.000959s ]
INFO: [ app_begin ] --END-- [ RunTime:0.001051s ]
SQL: SELECT COUNT(*) has FROM php34_privilege WHERE module_name="Admin" AND controller_name="Admin" AND action_name="lst" [ RunTime:0.000224s ]
SQL: SHOW COLUMNS FROM `php34_admin` [ RunTime:0.006618s ]
SQL: SELECT COUNT(*) AS tp_count FROM php34_admin a LIMIT 1   [ RunTime:0.000216s ]
SQL: SELECT * FROM php34_admin a GROUP BY a.id LIMIT 0,20   [ RunTime:0.000272s ]
INFO: [ view_parse ] --START--
INFO: [ template_filter ] --START--
INFO: Run Behavior\ContentReplaceBehavior [ RunTime:0.000055s ]
INFO: [ template_filter ] --END-- [ RunTime:0.000172s ]
INFO: Run Behavior\ParseTemplateBehavior [ RunTime:0.007703s ]
INFO: [ view_parse ] --END-- [ RunTime:0.007766s ]
INFO: [ view_filter ] --START--
INFO: Run Behavior\WriteHtmlCacheBehavior [ RunTime:0.000562s ]
INFO: [ view_filter ] --END-- [ RunTime:0.000614s ]
INFO: [ app_end ] --START--
INFO: Run Behavior\ShowPageTraceBehavior [ RunTime:0.000945s ]
INFO: [ app_end ] --END-- [ RunTime:0.000997s ]

[ 2016-08-18T00:39:53+08:00 ] 127.0.0.1 /index.php/Admin/Role/lst.html
INFO: [ app_init ] --START--
INFO: Run Behavior\BuildLiteBehavior [ RunTime:0.000020s ]
INFO: [ app_init ] --END-- [ RunTime:0.000828s ]
INFO: [ app_begin ] --START--
INFO: Run Behavior\ReadHtmlCacheBehavior [ RunTime:0.000778s ]
INFO: [ app_begin ] --END-- [ RunTime:0.000845s ]
SQL: SELECT COUNT(*) has FROM php34_privilege WHERE module_name="Admin" AND controller_name="Role" AND action_name="lst" [ RunTime:0.000196s ]
SQL: SHOW COLUMNS FROM `php34_role` [ RunTime:0.004302s ]
SQL: SELECT COUNT(*) AS tp_count FROM php34_role a LIMIT 1   [ RunTime:0.000239s ]
SQL: SELECT a.*,GROUP_CONCAT(c.pri_name) pri_name FROM php34_role a LEFT JOIN php34_role_privilege b ON a.id=b.role_id LEFT JOIN php34_privilege c ON b.pri_id=c.id  GROUP BY a.id LIMIT 0,20   [ RunTime:0.000232s ]
INFO: [ view_parse ] --START--
INFO: [ template_filter ] --START--
INFO: Run Behavior\ContentReplaceBehavior [ RunTime:0.000053s ]
INFO: [ template_filter ] --END-- [ RunTime:0.000131s ]
INFO: Run Behavior\ParseTemplateBehavior [ RunTime:0.008444s ]
INFO: [ view_parse ] --END-- [ RunTime:0.008521s ]
INFO: [ view_filter ] --START--
INFO: Run Behavior\WriteHtmlCacheBehavior [ RunTime:0.000595s ]
INFO: [ view_filter ] --END-- [ RunTime:0.000657s ]
INFO: [ app_end ] --START--
INFO: Run Behavior\ShowPageTraceBehavior [ RunTime:0.000846s ]
INFO: [ app_end ] --END-- [ RunTime:0.000911s ]

[ 2016-08-18T00:39:54+08:00 ] 127.0.0.1 /index.php/Admin/Privilege/lst.html
INFO: [ app_init ] --START--
INFO: Run Behavior\BuildLiteBehavior [ RunTime:0.000021s ]
INFO: [ app_init ] --END-- [ RunTime:0.000742s ]
INFO: [ app_begin ] --START--
INFO: Run Behavior\ReadHtmlCacheBehavior [ RunTime:0.001249s ]
INFO: [ app_begin ] --END-- [ RunTime:0.001456s ]
SQL: SELECT COUNT(*) has FROM php34_privilege WHERE module_name="Admin" AND controller_name="Privilege" AND action_name="lst" [ RunTime:0.000743s ]
SQL: SHOW COLUMNS FROM `php34_privilege` [ RunTime:0.006674s ]
SQL: SELECT * FROM `php34_privilege`  [ RunTime:0.000659s ]
INFO: [ view_parse ] --START--
INFO: [ template_filter ] --START--
INFO: Run Behavior\ContentReplaceBehavior [ RunTime:0.000111s ]
INFO: [ template_filter ] --END-- [ RunTime:0.000260s ]
INFO: Run Behavior\ParseTemplateBehavior [ RunTime:0.033228s ]
INFO: [ view_parse ] --END-- [ RunTime:0.033389s ]
INFO: [ view_filter ] --START--
INFO: Run Behavior\WriteHtmlCacheBehavior [ RunTime:0.000896s ]
INFO: [ view_filter ] --END-- [ RunTime:0.001005s ]
INFO: [ app_end ] --START--
INFO: Run Behavior\ShowPageTraceBehavior [ RunTime:0.001926s ]
INFO: [ app_end ] --END-- [ RunTime:0.002060s ]

[ 2016-08-18T00:39:58+08:00 ] 127.0.0.1 /index.php/Admin/Goods/recyclelst.html
INFO: [ app_init ] --START--
INFO: Run Behavior\BuildLiteBehavior [ RunTime:0.000023s ]
INFO: [ app_init ] --END-- [ RunTime:0.000764s ]
INFO: [ app_begin ] --START--
INFO: Run Behavior\ReadHtmlCacheBehavior [ RunTime:0.001305s ]
INFO: [ app_begin ] --END-- [ RunTime:0.001405s ]
SQL: SELECT COUNT(*) has FROM php34_privilege WHERE module_name="Admin" AND controller_name="Goods" AND action_name="recyclelst" [ RunTime:0.000200s ]
SQL: SHOW COLUMNS FROM `php34_goods` [ RunTime:0.004559s ]
SQL: SELECT COUNT(*) AS tp_count FROM php34_goods a WHERE ( `is_delete` = 1 ) LIMIT 1   [ RunTime:0.000237s ]
SQL: SELECT a.*,IFNULL(SUM(b.goods_number),0) gn FROM php34_goods a left join php34_goods_number b on a.id=b.goods_id  WHERE ( `is_delete` = 1 ) GROUP BY a.id ORDER BY id desc LIMIT 0,20   [ RunTime:0.000354s ]
INFO: [ view_parse ] --START--
INFO: [ template_filter ] --START--
INFO: Run Behavior\ContentReplaceBehavior [ RunTime:0.000073s ]
INFO: [ template_filter ] --END-- [ RunTime:0.000138s ]
INFO: Run Behavior\ParseTemplateBehavior [ RunTime:0.010356s ]
INFO: [ view_parse ] --END-- [ RunTime:0.010445s ]
INFO: [ view_filter ] --START--
INFO: Run Behavior\WriteHtmlCacheBehavior [ RunTime:0.000563s ]
INFO: [ view_filter ] --END-- [ RunTime:0.000612s ]
INFO: [ app_end ] --START--
INFO: Run Behavior\ShowPageTraceBehavior [ RunTime:0.000893s ]
INFO: [ app_end ] --END-- [ RunTime:0.000967s ]

[ 2016-08-18T00:39:59+08:00 ] 127.0.0.1 /index.php/Admin/Brand/lst.html
INFO: [ app_init ] --START--
INFO: Run Behavior\BuildLiteBehavior [ RunTime:0.000021s ]
INFO: [ app_init ] --END-- [ RunTime:0.000710s ]
INFO: [ app_begin ] --START--
INFO: Run Behavior\ReadHtmlCacheBehavior [ RunTime:0.001068s ]
INFO: [ app_begin ] --END-- [ RunTime:0.001158s ]
SQL: SELECT COUNT(*) has FROM php34_privilege WHERE module_name="Admin" AND controller_name="Brand" AND action_name="lst" [ RunTime:0.000201s ]
SQL: SHOW COLUMNS FROM `php34_brand` [ RunTime:0.004564s ]
SQL: SELECT COUNT(*) AS tp_count FROM php34_brand a LIMIT 1   [ RunTime:0.000205s ]
SQL: SELECT * FROM php34_brand a GROUP BY a.id LIMIT 0,20   [ RunTime:0.000251s ]
INFO: [ view_parse ] --START--
INFO: [ template_filter ] --START--
INFO: Run Behavior\ContentReplaceBehavior [ RunTime:0.000058s ]
INFO: [ template_filter ] --END-- [ RunTime:0.000133s ]
INFO: Run Behavior\ParseTemplateBehavior [ RunTime:0.007398s ]
INFO: [ view_parse ] --END-- [ RunTime:0.007519s ]
INFO: [ view_filter ] --START--
INFO: Run Behavior\WriteHtmlCacheBehavior [ RunTime:0.000611s ]
INFO: [ view_filter ] --END-- [ RunTime:0.000668s ]
INFO: [ app_end ] --START--
INFO: Run Behavior\ShowPageTraceBehavior [ RunTime:0.000854s ]
INFO: [ app_end ] --END-- [ RunTime:0.000910s ]

[ 2016-08-18T00:40:00+08:00 ] 127.0.0.1 /index.php/Admin/Category/lst.html
INFO: [ app_init ] --START--
INFO: Run Behavior\BuildLiteBehavior [ RunTime:0.000019s ]
INFO: [ app_init ] --END-- [ RunTime:0.000518s ]
INFO: [ app_begin ] --START--
INFO: Run Behavior\ReadHtmlCacheBehavior [ RunTime:0.000878s ]
INFO: [ app_begin ] --END-- [ RunTime:0.000963s ]
SQL: SELECT COUNT(*) has FROM php34_privilege WHERE module_name="Admin" AND controller_name="Category" AND action_name="lst" [ RunTime:0.000217s ]
SQL: SHOW COLUMNS FROM `php34_category` [ RunTime:0.006497s ]
SQL: SELECT * FROM `php34_category`  [ RunTime:0.000242s ]
INFO: [ view_parse ] --START--
INFO: [ template_filter ] --START--
INFO: Run Behavior\ContentReplaceBehavior [ RunTime:0.000055s ]
INFO: [ template_filter ] --END-- [ RunTime:0.000123s ]
INFO: Run Behavior\ParseTemplateBehavior [ RunTime:0.010001s ]
INFO: [ view_parse ] --END-- [ RunTime:0.010131s ]
INFO: [ view_filter ] --START--
INFO: Run Behavior\WriteHtmlCacheBehavior [ RunTime:0.000620s ]
INFO: [ view_filter ] --END-- [ RunTime:0.000687s ]
INFO: [ app_end ] --START--
INFO: Run Behavior\ShowPageTraceBehavior [ RunTime:0.000796s ]
INFO: [ app_end ] --END-- [ RunTime:0.000859s ]

