[ 2016-12-23T10:25:37+08:00 ] 127.0.0.1 /
INFO: [ app_init ] --START--
INFO: Run Behavior\BuildLiteBehavior [ RunTime:0.000038s ]
INFO: [ app_init ] --END-- [ RunTime:0.001084s ]
INFO: [ app_begin ] --START--
INFO: Run Behavior\ReadHtmlCacheBehavior [ RunTime:0.001117s ]
INFO: [ app_begin ] --END-- [ RunTime:0.001200s ]
SQL: SHOW COLUMNS FROM `php34_category` [ RunTime:0.074152s ]
SQL: SELECT * FROM `php34_category`  [ RunTime:0.003413s ]
SQL: SHOW COLUMNS FROM `php34_goods` [ RunTime:0.158703s ]
SQL: SELECT `id`,`goods_name`,`promote_price`,`sm_logo` FROM `php34_goods` WHERE ( `is_on_sale` = 1 ) AND ( `is_delete` = 0 ) AND ( `is_promote` = 1 ) AND ( `promote_start_time` <= 1482459937 ) AND ( `promote_end_time` >= 1482459937 ) ORDER BY sort_num asc LIMIT 5   [ RunTime:0.060676s ]
SQL: SELECT `id`,`goods_name`,`shop_price`,`sm_logo` FROM `php34_goods` WHERE ( `is_on_sale` = 1 ) AND ( `is_delete` = 0 ) AND ( `is_hot` = 1 ) ORDER BY sort_num asc LIMIT 5   [ RunTime:0.021692s ]
SQL: SELECT `id`,`goods_name`,`shop_price`,`sm_logo` FROM `php34_goods` WHERE ( `is_on_sale` = 1 ) AND ( `is_delete` = 0 ) AND ( `is_best` = 1 ) ORDER BY sort_num asc LIMIT 5   [ RunTime:0.001269s ]
SQL: SELECT `id`,`goods_name`,`shop_price`,`sm_logo` FROM `php34_goods` WHERE ( `is_on_sale` = 1 ) AND ( `is_delete` = 0 ) AND ( `is_new` = 1 ) ORDER BY sort_num asc LIMIT 5   [ RunTime:0.000931s ]
INFO: [ view_parse ] --START--
INFO: [ template_filter ] --START--
INFO: Run Behavior\ContentReplaceBehavior [ RunTime:0.000489s ]
INFO: [ template_filter ] --END-- [ RunTime:0.000653s ]
NOTIC: [2] Invalid argument supplied for foreach() E:\PHP\xuexiziliao\day60xiangmu\shop34\Application\Runtime\Cache\Home\2a94b8bda04ff446dcedd42276fc99ee.php 第 341 行.
INFO: Run Behavior\ParseTemplateBehavior [ RunTime:0.241657s ]
INFO: [ view_parse ] --END-- [ RunTime:0.241879s ]
INFO: [ view_filter ] --START--
INFO: Run Behavior\WriteHtmlCacheBehavior [ RunTime:0.021322s ]
INFO: [ view_filter ] --END-- [ RunTime:0.021488s ]
INFO: [ app_end ] --START--
INFO: Run Behavior\ShowPageTraceBehavior [ RunTime:0.045304s ]
INFO: [ app_end ] --END-- [ RunTime:0.045442s ]

[ 2016-12-23T10:25:37+08:00 ] 127.0.0.1 /index.php/Home/Index/ajaxGetRecentDisGoods.html
INFO: [ app_init ] --START--
INFO: Run Behavior\BuildLiteBehavior [ RunTime:0.000016s ]
INFO: [ app_init ] --END-- [ RunTime:0.000513s ]
INFO: [ app_begin ] --START--
INFO: Run Behavior\ReadHtmlCacheBehavior [ RunTime:0.000857s ]
INFO: [ app_begin ] --END-- [ RunTime:0.000932s ]
SQL: SHOW COLUMNS FROM `php34_category` [ RunTime:0.017871s ]
SQL: SELECT * FROM `php34_category`  [ RunTime:0.000286s ]
INFO: [ app_end ] --START--
INFO: Run Behavior\ShowPageTraceBehavior [ RunTime:0.000933s ]
INFO: [ app_end ] --END-- [ RunTime:0.001026s ]

[ 2016-12-23T10:25:38+08:00 ] 127.0.0.1 /index.php/Home/Member/ajaxChkLogin.html
INFO: [ app_init ] --START--
INFO: Run Behavior\BuildLiteBehavior [ RunTime:0.000029s ]
INFO: [ app_init ] --END-- [ RunTime:0.000920s ]
INFO: [ app_begin ] --START--
INFO: Run Behavior\ReadHtmlCacheBehavior [ RunTime:0.001803s ]
INFO: [ app_begin ] --END-- [ RunTime:0.001976s ]
SQL: SHOW COLUMNS FROM `php34_category` [ RunTime:0.008839s ]
SQL: SELECT * FROM `php34_category`  [ RunTime:0.000326s ]
INFO: [ app_end ] --START--
INFO: Run Behavior\ShowPageTraceBehavior [ RunTime:0.001672s ]
INFO: [ app_end ] --END-- [ RunTime:0.001814s ]

[ 2016-12-23T10:26:03+08:00 ] 127.0.0.1 /index.php/admin
INFO: [ app_init ] --START--
INFO: Run Behavior\BuildLiteBehavior [ RunTime:0.000014s ]
INFO: [ app_init ] --END-- [ RunTime:0.000525s ]
INFO: [ app_begin ] --START--
INFO: Run Behavior\ReadHtmlCacheBehavior [ RunTime:0.000624s ]
INFO: [ app_begin ] --END-- [ RunTime:0.000707s ]

[ 2016-12-23T10:26:03+08:00 ] 127.0.0.1 /index.php/Admin/Login/login.html
INFO: [ app_init ] --START--
INFO: Run Behavior\BuildLiteBehavior [ RunTime:0.000018s ]
INFO: [ app_init ] --END-- [ RunTime:0.000580s ]
INFO: [ app_begin ] --START--
INFO: Run Behavior\ReadHtmlCacheBehavior [ RunTime:0.000717s ]
INFO: [ app_begin ] --END-- [ RunTime:0.000792s ]
INFO: [ view_parse ] --START--
INFO: [ template_filter ] --START--
INFO: Run Behavior\ContentReplaceBehavior [ RunTime:0.000128s ]
INFO: [ template_filter ] --END-- [ RunTime:0.000285s ]
INFO: Run Behavior\ParseTemplateBehavior [ RunTime:0.046198s ]
INFO: [ view_parse ] --END-- [ RunTime:0.046303s ]
INFO: [ view_filter ] --START--
INFO: Run Behavior\WriteHtmlCacheBehavior [ RunTime:0.000733s ]
INFO: [ view_filter ] --END-- [ RunTime:0.000822s ]
INFO: [ app_end ] --START--
INFO: Run Behavior\ShowPageTraceBehavior [ RunTime:0.001099s ]
INFO: [ app_end ] --END-- [ RunTime:0.001192s ]

[ 2016-12-23T10:26:03+08:00 ] 127.0.0.1 /index.php/Admin/Login/chkcode.html
INFO: [ app_init ] --START--
INFO: Run Behavior\BuildLiteBehavior [ RunTime:0.000021s ]
INFO: [ app_init ] --END-- [ RunTime:0.000729s ]
INFO: [ app_begin ] --START--
INFO: Run Behavior\ReadHtmlCacheBehavior [ RunTime:0.001040s ]
INFO: [ app_begin ] --END-- [ RunTime:0.001121s ]
INFO: [ app_end ] --START--
INFO: Run Behavior\ShowPageTraceBehavior [ RunTime:0.000973s ]
INFO: [ app_end ] --END-- [ RunTime:0.001066s ]

[ 2016-12-23T10:26:13+08:00 ] 127.0.0.1 /index.php/Admin/Login/chkcode.html
INFO: [ app_init ] --START--
INFO: Run Behavior\BuildLiteBehavior [ RunTime:0.000014s ]
INFO: [ app_init ] --END-- [ RunTime:0.000565s ]
INFO: [ app_begin ] --START--
INFO: Run Behavior\ReadHtmlCacheBehavior [ RunTime:0.000800s ]
INFO: [ app_begin ] --END-- [ RunTime:0.000859s ]
INFO: [ app_end ] --START--
INFO: Run Behavior\ShowPageTraceBehavior [ RunTime:0.002662s ]
INFO: [ app_end ] --END-- [ RunTime:0.002885s ]

[ 2016-12-23T10:26:17+08:00 ] 127.0.0.1 /index.php/Admin/Login/login.html
INFO: [ app_init ] --START--
INFO: Run Behavior\BuildLiteBehavior [ RunTime:0.000015s ]
INFO: [ app_init ] --END-- [ RunTime:0.000508s ]
INFO: [ app_begin ] --START--
INFO: Run Behavior\ReadHtmlCacheBehavior [ RunTime:0.000738s ]
INFO: [ app_begin ] --END-- [ RunTime:0.000806s ]
SQL: SHOW COLUMNS FROM `php34_admin` [ RunTime:0.074870s ]
SQL: SELECT * FROM `php34_admin` WHERE ( `username` = 'root' ) LIMIT 1   [ RunTime:0.000451s ]

[ 2016-12-23T10:26:17+08:00 ] 127.0.0.1 /index.php/Admin/Index/index.html
INFO: [ app_init ] --START--
INFO: Run Behavior\BuildLiteBehavior [ RunTime:0.000014s ]
INFO: [ app_init ] --END-- [ RunTime:0.000584s ]
INFO: [ app_begin ] --START--
INFO: Run Behavior\ReadHtmlCacheBehavior [ RunTime:0.000794s ]
INFO: [ app_begin ] --END-- [ RunTime:0.000855s ]
INFO: [ view_parse ] --START--
INFO: [ template_filter ] --START--
INFO: Run Behavior\ContentReplaceBehavior [ RunTime:0.000051s ]
INFO: [ template_filter ] --END-- [ RunTime:0.000122s ]
INFO: Run Behavior\ParseTemplateBehavior [ RunTime:0.044030s ]
INFO: [ view_parse ] --END-- [ RunTime:0.044108s ]
INFO: [ view_filter ] --START--
INFO: Run Behavior\WriteHtmlCacheBehavior [ RunTime:0.000656s ]
INFO: [ view_filter ] --END-- [ RunTime:0.000739s ]
INFO: [ app_end ] --START--
INFO: Run Behavior\ShowPageTraceBehavior [ RunTime:0.000861s ]
INFO: [ app_end ] --END-- [ RunTime:0.000923s ]

[ 2016-12-23T10:26:17+08:00 ] 127.0.0.1 /index.php/Admin/Index/menu.html
INFO: [ app_init ] --START--
INFO: Run Behavior\BuildLiteBehavior [ RunTime:0.000015s ]
INFO: [ app_init ] --END-- [ RunTime:0.000431s ]
INFO: [ app_begin ] --START--
INFO: Run Behavior\ReadHtmlCacheBehavior [ RunTime:0.000741s ]
INFO: [ app_begin ] --END-- [ RunTime:0.000807s ]
SQL: SELECT * FROM php34_privilege [ RunTime:0.117648s ]
INFO: [ view_parse ] --START--
INFO: [ template_filter ] --START--
INFO: Run Behavior\ContentReplaceBehavior [ RunTime:0.000202s ]
INFO: [ template_filter ] --END-- [ RunTime:0.000369s ]
INFO: Run Behavior\ParseTemplateBehavior [ RunTime:0.037075s ]
INFO: [ view_parse ] --END-- [ RunTime:0.037262s ]
INFO: [ view_filter ] --START--
INFO: Run Behavior\WriteHtmlCacheBehavior [ RunTime:0.001138s ]
INFO: [ view_filter ] --END-- [ RunTime:0.001244s ]
INFO: [ app_end ] --START--
INFO: Run Behavior\ShowPageTraceBehavior [ RunTime:0.002976s ]
INFO: [ app_end ] --END-- [ RunTime:0.003096s ]

[ 2016-12-23T10:26:17+08:00 ] 127.0.0.1 /index.php/Admin/Index/top.html
INFO: [ app_init ] --START--
INFO: Run Behavior\BuildLiteBehavior [ RunTime:0.000015s ]
INFO: [ app_init ] --END-- [ RunTime:0.000463s ]
INFO: [ app_begin ] --START--
INFO: Run Behavior\ReadHtmlCacheBehavior [ RunTime:0.007986s ]
INFO: [ app_begin ] --END-- [ RunTime:0.008075s ]
INFO: [ view_parse ] --START--
INFO: [ template_filter ] --START--
INFO: Run Behavior\ContentReplaceBehavior [ RunTime:0.000244s ]
INFO: [ template_filter ] --END-- [ RunTime:0.000627s ]
INFO: Run Behavior\ParseTemplateBehavior [ RunTime:0.056243s ]
INFO: [ view_parse ] --END-- [ RunTime:0.056367s ]
INFO: [ view_filter ] --START--
INFO: Run Behavior\WriteHtmlCacheBehavior [ RunTime:0.000620s ]
INFO: [ view_filter ] --END-- [ RunTime:0.000672s ]
INFO: [ app_end ] --START--
INFO: Run Behavior\ShowPageTraceBehavior [ RunTime:0.000759s ]
INFO: [ app_end ] --END-- [ RunTime:0.000812s ]

[ 2016-12-23T10:26:17+08:00 ] 127.0.0.1 /index.php/Admin/Index/main.html
INFO: [ app_init ] --START--
INFO: Run Behavior\BuildLiteBehavior [ RunTime:0.000014s ]
INFO: [ app_init ] --END-- [ RunTime:0.000483s ]
INFO: [ app_begin ] --START--
INFO: Run Behavior\ReadHtmlCacheBehavior [ RunTime:0.001019s ]
INFO: [ app_begin ] --END-- [ RunTime:0.001138s ]
INFO: [ view_parse ] --START--
NOTIC: [2] file_get_contents(./Application/Admin/View/Index/footer.html) [<a href='function.file-get-contents'>function.file-get-contents</a>]: failed to open stream: No such file or directory E:\PHP\xuexiziliao\day60xiangmu\shop34\ThinkPHP\Library\Think\Template.class.php 第 696 行.
INFO: [ template_filter ] --START--
INFO: Run Behavior\ContentReplaceBehavior [ RunTime:0.000049s ]
INFO: [ template_filter ] --END-- [ RunTime:0.000152s ]
INFO: Run Behavior\ParseTemplateBehavior [ RunTime:0.078804s ]
INFO: [ view_parse ] --END-- [ RunTime:0.078895s ]
INFO: [ view_filter ] --START--
INFO: Run Behavior\WriteHtmlCacheBehavior [ RunTime:0.000718s ]
INFO: [ view_filter ] --END-- [ RunTime:0.000786s ]
INFO: [ app_end ] --START--
INFO: Run Behavior\ShowPageTraceBehavior [ RunTime:0.001008s ]
INFO: [ app_end ] --END-- [ RunTime:0.001077s ]

[ 2016-12-23T10:26:39+08:00 ] 127.0.0.1 /index.php/Admin/Admin/lst.html
INFO: [ app_init ] --START--
INFO: Run Behavior\BuildLiteBehavior [ RunTime:0.000014s ]
INFO: [ app_init ] --END-- [ RunTime:0.000478s ]
INFO: [ app_begin ] --START--
INFO: Run Behavior\ReadHtmlCacheBehavior [ RunTime:0.000586s ]
INFO: [ app_begin ] --END-- [ RunTime:0.000644s ]
SQL: SELECT COUNT(*) has FROM php34_privilege WHERE module_name="Admin" AND controller_name="Admin" AND action_name="lst" [ RunTime:0.000499s ]
SQL: SHOW COLUMNS FROM `php34_admin` [ RunTime:0.007402s ]
SQL: SELECT COUNT(*) AS tp_count FROM php34_admin a LIMIT 1   [ RunTime:0.000381s ]
SQL: SELECT * FROM php34_admin a GROUP BY a.id LIMIT 0,20   [ RunTime:0.000865s ]
INFO: [ view_parse ] --START--
INFO: [ template_filter ] --START--
INFO: Run Behavior\ContentReplaceBehavior [ RunTime:0.000124s ]
INFO: [ template_filter ] --END-- [ RunTime:0.000262s ]
INFO: Run Behavior\ParseTemplateBehavior [ RunTime:0.059870s ]
INFO: [ view_parse ] --END-- [ RunTime:0.059986s ]
INFO: [ view_filter ] --START--
INFO: Run Behavior\WriteHtmlCacheBehavior [ RunTime:0.000601s ]
INFO: [ view_filter ] --END-- [ RunTime:0.000694s ]
INFO: [ app_end ] --START--
INFO: Run Behavior\ShowPageTraceBehavior [ RunTime:0.000989s ]
INFO: [ app_end ] --END-- [ RunTime:0.001087s ]

[ 2016-12-23T10:26:47+08:00 ] 127.0.0.1 /index.php/Admin/Admin/ajaxUpdateIsuse/id/4
INFO: [ app_init ] --START--
INFO: Run Behavior\BuildLiteBehavior [ RunTime:0.000020s ]
INFO: [ app_init ] --END-- [ RunTime:0.000714s ]
INFO: [ app_begin ] --START--
INFO: Run Behavior\ReadHtmlCacheBehavior [ RunTime:0.001058s ]
INFO: [ app_begin ] --END-- [ RunTime:0.001145s ]
SQL: SELECT COUNT(*) has FROM php34_privilege WHERE module_name="Admin" AND controller_name="Admin" AND action_name="ajaxUpdateIsuse" [ RunTime:0.000306s ]
SQL: SHOW COLUMNS FROM `php34_admin` [ RunTime:0.004864s ]
SQL: SELECT * FROM `php34_admin` WHERE ( `id` = 4 ) LIMIT 1   [ RunTime:0.000363s ]
SQL: UPDATE `php34_admin` SET `is_use`=0 WHERE ( `id` = '4' ) [ RunTime:0.000337s ]
INFO: [ app_end ] --START--
INFO: Run Behavior\ShowPageTraceBehavior [ RunTime:0.000933s ]
INFO: [ app_end ] --END-- [ RunTime:0.000991s ]

[ 2016-12-23T10:26:51+08:00 ] 127.0.0.1 /index.php/Admin/Admin/ajaxUpdateIsuse/id/5
INFO: [ app_init ] --START--
INFO: Run Behavior\BuildLiteBehavior [ RunTime:0.000014s ]
INFO: [ app_init ] --END-- [ RunTime:0.000540s ]
INFO: [ app_begin ] --START--
INFO: Run Behavior\ReadHtmlCacheBehavior [ RunTime:0.000764s ]
INFO: [ app_begin ] --END-- [ RunTime:0.000816s ]
SQL: SELECT COUNT(*) has FROM php34_privilege WHERE module_name="Admin" AND controller_name="Admin" AND action_name="ajaxUpdateIsuse" [ RunTime:0.000189s ]
SQL: SHOW COLUMNS FROM `php34_admin` [ RunTime:0.004745s ]
SQL: SELECT * FROM `php34_admin` WHERE ( `id` = 5 ) LIMIT 1   [ RunTime:0.000370s ]
SQL: UPDATE `php34_admin` SET `is_use`=0 WHERE ( `id` = '5' ) [ RunTime:0.000302s ]
INFO: [ app_end ] --START--
INFO: Run Behavior\ShowPageTraceBehavior [ RunTime:0.000972s ]
INFO: [ app_end ] --END-- [ RunTime:0.001032s ]

[ 2016-12-23T10:26:52+08:00 ] 127.0.0.1 /index.php/Admin/Admin/ajaxUpdateIsuse/id/5
INFO: [ app_init ] --START--
INFO: Run Behavior\BuildLiteBehavior [ RunTime:0.000022s ]
INFO: [ app_init ] --END-- [ RunTime:0.000826s ]
INFO: [ app_begin ] --START--
INFO: Run Behavior\ReadHtmlCacheBehavior [ RunTime:0.001162s ]
INFO: [ app_begin ] --END-- [ RunTime:0.001251s ]
SQL: SELECT COUNT(*) has FROM php34_privilege WHERE module_name="Admin" AND controller_name="Admin" AND action_name="ajaxUpdateIsuse" [ RunTime:0.000219s ]
SQL: SHOW COLUMNS FROM `php34_admin` [ RunTime:0.004654s ]
SQL: SELECT * FROM `php34_admin` WHERE ( `id` = 5 ) LIMIT 1   [ RunTime:0.000359s ]
SQL: UPDATE `php34_admin` SET `is_use`=1 WHERE ( `id` = '5' ) [ RunTime:0.000283s ]
INFO: [ app_end ] --START--
INFO: Run Behavior\ShowPageTraceBehavior [ RunTime:0.000941s ]
INFO: [ app_end ] --END-- [ RunTime:0.000996s ]

[ 2016-12-23T10:26:57+08:00 ] 127.0.0.1 /index.php/Admin/Admin/ajaxUpdateIsuse/id/4
INFO: [ app_init ] --START--
INFO: Run Behavior\BuildLiteBehavior [ RunTime:0.000026s ]
INFO: [ app_init ] --END-- [ RunTime:0.000996s ]
INFO: [ app_begin ] --START--
INFO: Run Behavior\ReadHtmlCacheBehavior [ RunTime:0.001408s ]
INFO: [ app_begin ] --END-- [ RunTime:0.001516s ]
SQL: SELECT COUNT(*) has FROM php34_privilege WHERE module_name="Admin" AND controller_name="Admin" AND action_name="ajaxUpdateIsuse" [ RunTime:0.000207s ]
SQL: SHOW COLUMNS FROM `php34_admin` [ RunTime:0.004679s ]
SQL: SELECT * FROM `php34_admin` WHERE ( `id` = 4 ) LIMIT 1   [ RunTime:0.000325s ]
SQL: UPDATE `php34_admin` SET `is_use`=1 WHERE ( `id` = '4' ) [ RunTime:0.000260s ]
INFO: [ app_end ] --START--
INFO: Run Behavior\ShowPageTraceBehavior [ RunTime:0.000845s ]
INFO: [ app_end ] --END-- [ RunTime:0.000911s ]

[ 2016-12-23T10:27:07+08:00 ] 127.0.0.1 /index.php/Admin/Privilege/lst.html
INFO: [ app_init ] --START--
INFO: Run Behavior\BuildLiteBehavior [ RunTime:0.000017s ]
INFO: [ app_init ] --END-- [ RunTime:0.000617s ]
INFO: [ app_begin ] --START--
INFO: Run Behavior\ReadHtmlCacheBehavior [ RunTime:0.000797s ]
INFO: [ app_begin ] --END-- [ RunTime:0.000860s ]
SQL: SELECT COUNT(*) has FROM php34_privilege WHERE module_name="Admin" AND controller_name="Privilege" AND action_name="lst" [ RunTime:0.000250s ]
SQL: SHOW COLUMNS FROM `php34_privilege` [ RunTime:0.007159s ]
SQL: SELECT * FROM `php34_privilege`  [ RunTime:0.000488s ]
INFO: [ view_parse ] --START--
INFO: [ template_filter ] --START--
INFO: Run Behavior\ContentReplaceBehavior [ RunTime:0.000075s ]
INFO: [ template_filter ] --END-- [ RunTime:0.000169s ]
INFO: Run Behavior\ParseTemplateBehavior [ RunTime:0.039427s ]
INFO: [ view_parse ] --END-- [ RunTime:0.039573s ]
INFO: [ view_filter ] --START--
INFO: Run Behavior\WriteHtmlCacheBehavior [ RunTime:0.000651s ]
INFO: [ view_filter ] --END-- [ RunTime:0.000711s ]
INFO: [ app_end ] --START--
INFO: Run Behavior\ShowPageTraceBehavior [ RunTime:0.001659s ]
INFO: [ app_end ] --END-- [ RunTime:0.001789s ]

[ 2016-12-23T10:29:19+08:00 ] 127.0.0.1 /index.php/Admin/Privilege/add.html
INFO: [ app_init ] --START--
INFO: Run Behavior\BuildLiteBehavior [ RunTime:0.000013s ]
INFO: [ app_init ] --END-- [ RunTime:0.000518s ]
INFO: [ app_begin ] --START--
INFO: Run Behavior\ReadHtmlCacheBehavior [ RunTime:0.000744s ]
INFO: [ app_begin ] --END-- [ RunTime:0.000804s ]
SQL: SELECT COUNT(*) has FROM php34_privilege WHERE module_name="Admin" AND controller_name="Privilege" AND action_name="add" [ RunTime:0.001083s ]
SQL: SHOW COLUMNS FROM `php34_privilege` [ RunTime:0.004874s ]
SQL: SELECT * FROM `php34_privilege`  [ RunTime:0.000493s ]
INFO: [ view_parse ] --START--
INFO: [ template_filter ] --START--
INFO: Run Behavior\ContentReplaceBehavior [ RunTime:0.000258s ]
INFO: [ template_filter ] --END-- [ RunTime:0.000474s ]
INFO: Run Behavior\ParseTemplateBehavior [ RunTime:0.151164s ]
INFO: [ view_parse ] --END-- [ RunTime:0.151365s ]
INFO: [ view_filter ] --START--
INFO: Run Behavior\WriteHtmlCacheBehavior [ RunTime:0.001684s ]
INFO: [ view_filter ] --END-- [ RunTime:0.001855s ]
INFO: [ app_end ] --START--
INFO: Run Behavior\ShowPageTraceBehavior [ RunTime:0.002430s ]
INFO: [ app_end ] --END-- [ RunTime:0.002602s ]

[ 2016-12-23T10:29:36+08:00 ] 127.0.0.1 /index.php/Admin/Privilege/lst.html
INFO: [ app_init ] --START--
INFO: Run Behavior\BuildLiteBehavior [ RunTime:0.000017s ]
INFO: [ app_init ] --END-- [ RunTime:0.000582s ]
INFO: [ app_begin ] --START--
INFO: Run Behavior\ReadHtmlCacheBehavior [ RunTime:0.000858s ]
INFO: [ app_begin ] --END-- [ RunTime:0.000936s ]
SQL: SELECT COUNT(*) has FROM php34_privilege WHERE module_name="Admin" AND controller_name="Privilege" AND action_name="lst" [ RunTime:0.000223s ]
SQL: SHOW COLUMNS FROM `php34_privilege` [ RunTime:0.004897s ]
SQL: SELECT * FROM `php34_privilege`  [ RunTime:0.000331s ]
INFO: [ view_parse ] --START--
INFO: [ template_filter ] --START--
INFO: Run Behavior\ContentReplaceBehavior [ RunTime:0.000051s ]
INFO: [ template_filter ] --END-- [ RunTime:0.000115s ]
INFO: Run Behavior\ParseTemplateBehavior [ RunTime:0.012750s ]
INFO: [ view_parse ] --END-- [ RunTime:0.012977s ]
INFO: [ view_filter ] --START--
INFO: Run Behavior\WriteHtmlCacheBehavior [ RunTime:0.000675s ]
INFO: [ view_filter ] --END-- [ RunTime:0.000796s ]
INFO: [ app_end ] --START--
INFO: Run Behavior\ShowPageTraceBehavior [ RunTime:0.000953s ]
INFO: [ app_end ] --END-- [ RunTime:0.001061s ]

[ 2016-12-23T10:29:52+08:00 ] 127.0.0.1 /index.php/Admin/Admin/lst.html
INFO: [ app_init ] --START--
INFO: Run Behavior\BuildLiteBehavior [ RunTime:0.000014s ]
INFO: [ app_init ] --END-- [ RunTime:0.000543s ]
INFO: [ app_begin ] --START--
INFO: Run Behavior\ReadHtmlCacheBehavior [ RunTime:0.000740s ]
INFO: [ app_begin ] --END-- [ RunTime:0.000808s ]
SQL: SELECT COUNT(*) has FROM php34_privilege WHERE module_name="Admin" AND controller_name="Admin" AND action_name="lst" [ RunTime:0.000206s ]
SQL: SHOW COLUMNS FROM `php34_admin` [ RunTime:0.005121s ]
SQL: SELECT COUNT(*) AS tp_count FROM php34_admin a LIMIT 1   [ RunTime:0.000287s ]
SQL: SELECT * FROM php34_admin a GROUP BY a.id LIMIT 0,20   [ RunTime:0.000377s ]
INFO: [ view_parse ] --START--
INFO: [ template_filter ] --START--
INFO: Run Behavior\ContentReplaceBehavior [ RunTime:0.000061s ]
INFO: [ template_filter ] --END-- [ RunTime:0.000162s ]
INFO: Run Behavior\ParseTemplateBehavior [ RunTime:0.008772s ]
INFO: [ view_parse ] --END-- [ RunTime:0.008842s ]
INFO: [ view_filter ] --START--
INFO: Run Behavior\WriteHtmlCacheBehavior [ RunTime:0.000604s ]
INFO: [ view_filter ] --END-- [ RunTime:0.000656s ]
INFO: [ app_end ] --START--
INFO: Run Behavior\ShowPageTraceBehavior [ RunTime:0.000841s ]
INFO: [ app_end ] --END-- [ RunTime:0.000895s ]

[ 2016-12-23T10:29:54+08:00 ] 127.0.0.1 /index.php/Admin/Role/lst.html
INFO: [ app_init ] --START--
INFO: Run Behavior\BuildLiteBehavior [ RunTime:0.000015s ]
INFO: [ app_init ] --END-- [ RunTime:0.000532s ]
INFO: [ app_begin ] --START--
INFO: Run Behavior\ReadHtmlCacheBehavior [ RunTime:0.000777s ]
INFO: [ app_begin ] --END-- [ RunTime:0.000837s ]
SQL: SELECT COUNT(*) has FROM php34_privilege WHERE module_name="Admin" AND controller_name="Role" AND action_name="lst" [ RunTime:0.000818s ]
SQL: SHOW COLUMNS FROM `php34_role` [ RunTime:0.101166s ]
SQL: SELECT COUNT(*) AS tp_count FROM php34_role a LIMIT 1   [ RunTime:0.000674s ]
SQL: SELECT a.*,GROUP_CONCAT(c.pri_name) pri_name FROM php34_role a LEFT JOIN php34_role_privilege b ON a.id=b.role_id LEFT JOIN php34_privilege c ON b.pri_id=c.id  GROUP BY a.id LIMIT 0,20   [ RunTime:0.076271s ]
INFO: [ view_parse ] --START--
INFO: [ template_filter ] --START--
INFO: Run Behavior\ContentReplaceBehavior [ RunTime:0.000164s ]
INFO: [ template_filter ] --END-- [ RunTime:0.000363s ]
INFO: Run Behavior\ParseTemplateBehavior [ RunTime:0.033727s ]
INFO: [ view_parse ] --END-- [ RunTime:0.033978s ]
INFO: [ view_filter ] --START--
INFO: Run Behavior\WriteHtmlCacheBehavior [ RunTime:0.001640s ]
INFO: [ view_filter ] --END-- [ RunTime:0.001811s ]
INFO: [ app_end ] --START--
INFO: Run Behavior\ShowPageTraceBehavior [ RunTime:0.002322s ]
INFO: [ app_end ] --END-- [ RunTime:0.002498s ]

[ 2016-12-23T10:39:29+08:00 ] 127.0.0.1 /index.php/Admin/Role/lst.html
INFO: [ app_init ] --START--
INFO: Run Behavior\BuildLiteBehavior [ RunTime:0.000020s ]
INFO: [ app_init ] --END-- [ RunTime:0.000702s ]
INFO: [ app_begin ] --START--
INFO: Run Behavior\ReadHtmlCacheBehavior [ RunTime:0.000894s ]
INFO: [ app_begin ] --END-- [ RunTime:0.001002s ]
SQL: SELECT COUNT(*) has FROM php34_privilege WHERE module_name="Admin" AND controller_name="Role" AND action_name="lst" [ RunTime:0.000223s ]
SQL: SHOW COLUMNS FROM `php34_role` [ RunTime:0.006088s ]
SQL: SELECT COUNT(*) AS tp_count FROM php34_role a LIMIT 1   [ RunTime:0.000258s ]
SQL: SELECT a.*,GROUP_CONCAT(c.pri_name) pri_name FROM php34_role a LEFT JOIN php34_role_privilege b ON a.id=b.role_id LEFT JOIN php34_privilege c ON b.pri_id=c.id  GROUP BY a.id LIMIT 0,20   [ RunTime:0.000292s ]
INFO: [ view_parse ] --START--
INFO: [ template_filter ] --START--
INFO: Run Behavior\ContentReplaceBehavior [ RunTime:0.000068s ]
INFO: [ template_filter ] --END-- [ RunTime:0.000150s ]
INFO: Run Behavior\ParseTemplateBehavior [ RunTime:0.009454s ]
INFO: [ view_parse ] --END-- [ RunTime:0.009571s ]
INFO: [ view_filter ] --START--
INFO: Run Behavior\WriteHtmlCacheBehavior [ RunTime:0.000570s ]
INFO: [ view_filter ] --END-- [ RunTime:0.000642s ]
INFO: [ app_end ] --START--
INFO: Run Behavior\ShowPageTraceBehavior [ RunTime:0.000917s ]
INFO: [ app_end ] --END-- [ RunTime:0.001029s ]

[ 2016-12-23T10:39:30+08:00 ] 127.0.0.1 /index.php/Admin/Admin/lst.html
INFO: [ app_init ] --START--
INFO: Run Behavior\BuildLiteBehavior [ RunTime:0.000016s ]
INFO: [ app_init ] --END-- [ RunTime:0.000555s ]
INFO: [ app_begin ] --START--
INFO: Run Behavior\ReadHtmlCacheBehavior [ RunTime:0.000634s ]
INFO: [ app_begin ] --END-- [ RunTime:0.000696s ]
SQL: SELECT COUNT(*) has FROM php34_privilege WHERE module_name="Admin" AND controller_name="Admin" AND action_name="lst" [ RunTime:0.000189s ]
SQL: SHOW COLUMNS FROM `php34_admin` [ RunTime:0.004486s ]
SQL: SELECT COUNT(*) AS tp_count FROM php34_admin a LIMIT 1   [ RunTime:0.001664s ]
SQL: SELECT * FROM php34_admin a GROUP BY a.id LIMIT 0,20   [ RunTime:0.000470s ]
INFO: [ view_parse ] --START--
INFO: [ template_filter ] --START--
INFO: Run Behavior\ContentReplaceBehavior [ RunTime:0.000054s ]
INFO: [ template_filter ] --END-- [ RunTime:0.000140s ]
INFO: Run Behavior\ParseTemplateBehavior [ RunTime:0.006733s ]
INFO: [ view_parse ] --END-- [ RunTime:0.006800s ]
INFO: [ view_filter ] --START--
INFO: Run Behavior\WriteHtmlCacheBehavior [ RunTime:0.000412s ]
INFO: [ view_filter ] --END-- [ RunTime:0.000472s ]
INFO: [ app_end ] --START--
INFO: Run Behavior\ShowPageTraceBehavior [ RunTime:0.000776s ]
INFO: [ app_end ] --END-- [ RunTime:0.000837s ]

[ 2016-12-23T10:39:32+08:00 ] 127.0.0.1 /index.php/Admin/Role/lst.html
INFO: [ app_init ] --START--
INFO: Run Behavior\BuildLiteBehavior [ RunTime:0.000019s ]
INFO: [ app_init ] --END-- [ RunTime:0.000493s ]
INFO: [ app_begin ] --START--
INFO: Run Behavior\ReadHtmlCacheBehavior [ RunTime:0.000711s ]
INFO: [ app_begin ] --END-- [ RunTime:0.000783s ]
SQL: SELECT COUNT(*) has FROM php34_privilege WHERE module_name="Admin" AND controller_name="Role" AND action_name="lst" [ RunTime:0.000203s ]
SQL: SHOW COLUMNS FROM `php34_role` [ RunTime:0.004554s ]
SQL: SELECT COUNT(*) AS tp_count FROM php34_role a LIMIT 1   [ RunTime:0.000233s ]
SQL: SELECT a.*,GROUP_CONCAT(c.pri_name) pri_name FROM php34_role a LEFT JOIN php34_role_privilege b ON a.id=b.role_id LEFT JOIN php34_privilege c ON b.pri_id=c.id  GROUP BY a.id LIMIT 0,20   [ RunTime:0.000255s ]
INFO: [ view_parse ] --START--
INFO: [ template_filter ] --START--
INFO: Run Behavior\ContentReplaceBehavior [ RunTime:0.000053s ]
INFO: [ template_filter ] --END-- [ RunTime:0.000118s ]
INFO: Run Behavior\ParseTemplateBehavior [ RunTime:0.007702s ]
INFO: [ view_parse ] --END-- [ RunTime:0.007779s ]
INFO: [ view_filter ] --START--
INFO: Run Behavior\WriteHtmlCacheBehavior [ RunTime:0.000413s ]
INFO: [ view_filter ] --END-- [ RunTime:0.000469s ]
INFO: [ app_end ] --START--
INFO: Run Behavior\ShowPageTraceBehavior [ RunTime:0.000703s ]
INFO: [ app_end ] --END-- [ RunTime:0.000760s ]

[ 2016-12-23T10:39:41+08:00 ] 127.0.0.1 /index.php/Admin/Admin/lst.html
INFO: [ app_init ] --START--
INFO: Run Behavior\BuildLiteBehavior [ RunTime:0.000021s ]
INFO: [ app_init ] --END-- [ RunTime:0.000712s ]
INFO: [ app_begin ] --START--
INFO: Run Behavior\ReadHtmlCacheBehavior [ RunTime:0.000849s ]
INFO: [ app_begin ] --END-- [ RunTime:0.000938s ]
SQL: SELECT COUNT(*) has FROM php34_privilege WHERE module_name="Admin" AND controller_name="Admin" AND action_name="lst" [ RunTime:0.000207s ]
SQL: SHOW COLUMNS FROM `php34_admin` [ RunTime:0.006010s ]
SQL: SELECT COUNT(*) AS tp_count FROM php34_admin a LIMIT 1   [ RunTime:0.000216s ]
SQL: SELECT * FROM php34_admin a GROUP BY a.id LIMIT 0,20   [ RunTime:0.000262s ]
INFO: [ view_parse ] --START--
INFO: [ template_filter ] --START--
INFO: Run Behavior\ContentReplaceBehavior [ RunTime:0.000056s ]
INFO: [ template_filter ] --END-- [ RunTime:0.000132s ]
INFO: Run Behavior\ParseTemplateBehavior [ RunTime:0.007241s ]
INFO: [ view_parse ] --END-- [ RunTime:0.007312s ]
INFO: [ view_filter ] --START--
INFO: Run Behavior\WriteHtmlCacheBehavior [ RunTime:0.000526s ]
INFO: [ view_filter ] --END-- [ RunTime:0.000585s ]
INFO: [ app_end ] --START--
INFO: Run Behavior\ShowPageTraceBehavior [ RunTime:0.000640s ]
INFO: [ app_end ] --END-- [ RunTime:0.000695s ]

[ 2016-12-23T10:40:03+08:00 ] 127.0.0.1 /index.php/Admin/Role/lst.html
INFO: [ app_init ] --START--
INFO: Run Behavior\BuildLiteBehavior [ RunTime:0.000016s ]
INFO: [ app_init ] --END-- [ RunTime:0.000570s ]
INFO: [ app_begin ] --START--
INFO: Run Behavior\ReadHtmlCacheBehavior [ RunTime:0.000722s ]
INFO: [ app_begin ] --END-- [ RunTime:0.000794s ]
SQL: SELECT COUNT(*) has FROM php34_privilege WHERE module_name="Admin" AND controller_name="Role" AND action_name="lst" [ RunTime:0.000209s ]
SQL: SHOW COLUMNS FROM `php34_role` [ RunTime:0.010107s ]
SQL: SELECT COUNT(*) AS tp_count FROM php34_role a LIMIT 1   [ RunTime:0.000397s ]
SQL: SELECT a.*,GROUP_CONCAT(c.pri_name) pri_name FROM php34_role a LEFT JOIN php34_role_privilege b ON a.id=b.role_id LEFT JOIN php34_privilege c ON b.pri_id=c.id  GROUP BY a.id LIMIT 0,20   [ RunTime:0.000317s ]
INFO: [ view_parse ] --START--
INFO: [ template_filter ] --START--
INFO: Run Behavior\ContentReplaceBehavior [ RunTime:0.000054s ]
INFO: [ template_filter ] --END-- [ RunTime:0.000122s ]
INFO: Run Behavior\ParseTemplateBehavior [ RunTime:0.007721s ]
INFO: [ view_parse ] --END-- [ RunTime:0.007849s ]
INFO: [ view_filter ] --START--
INFO: Run Behavior\WriteHtmlCacheBehavior [ RunTime:0.000906s ]
INFO: [ view_filter ] --END-- [ RunTime:0.001004s ]
INFO: [ app_end ] --START--
INFO: Run Behavior\ShowPageTraceBehavior [ RunTime:0.001621s ]
INFO: [ app_end ] --END-- [ RunTime:0.001722s ]

[ 2016-12-23T14:46:53+08:00 ] 127.0.0.1 /index.php/Admin/Primary/lst
INFO: [ app_init ] --START--
INFO: Run Behavior\BuildLiteBehavior [ RunTime:0.000054s ]
INFO: [ app_init ] --END-- [ RunTime:0.001260s ]
INFO: [ app_begin ] --START--
INFO: Run Behavior\ReadHtmlCacheBehavior [ RunTime:0.001327s ]
INFO: [ app_begin ] --END-- [ RunTime:0.001535s ]
ERR: 无法加载控制器:Primary

[ 2016-12-23T14:47:13+08:00 ] 127.0.0.1 /index.php/Admin/Privilege/lst
INFO: [ app_init ] --START--
INFO: Run Behavior\BuildLiteBehavior [ RunTime:0.000014s ]
INFO: [ app_init ] --END-- [ RunTime:0.000530s ]
INFO: [ app_begin ] --START--
INFO: Run Behavior\ReadHtmlCacheBehavior [ RunTime:0.000932s ]
INFO: [ app_begin ] --END-- [ RunTime:0.001014s ]
SQL: SELECT COUNT(*) has FROM php34_privilege WHERE module_name="Admin" AND controller_name="Privilege" AND action_name="lst" [ RunTime:0.000491s ]
SQL: SHOW COLUMNS FROM `php34_privilege` [ RunTime:0.023536s ]
SQL: SELECT * FROM `php34_privilege`  [ RunTime:0.000624s ]
INFO: [ view_parse ] --START--
INFO: [ template_filter ] --START--
INFO: Run Behavior\ContentReplaceBehavior [ RunTime:0.000112s ]
INFO: [ template_filter ] --END-- [ RunTime:0.000247s ]
INFO: Run Behavior\ParseTemplateBehavior [ RunTime:0.122586s ]
INFO: [ view_parse ] --END-- [ RunTime:0.122768s ]
INFO: [ view_filter ] --START--
INFO: Run Behavior\WriteHtmlCacheBehavior [ RunTime:0.019668s ]
INFO: [ view_filter ] --END-- [ RunTime:0.019799s ]
INFO: [ app_end ] --START--
INFO: Run Behavior\ShowPageTraceBehavior [ RunTime:0.006651s ]
INFO: [ app_end ] --END-- [ RunTime:0.006795s ]

[ 2016-12-23T15:39:16+08:00 ] 127.0.0.1 /index.php/Admin/
INFO: [ app_init ] --START--
INFO: Run Behavior\BuildLiteBehavior [ RunTime:0.000016s ]
INFO: [ app_init ] --END-- [ RunTime:0.000603s ]
INFO: [ app_begin ] --START--
INFO: Run Behavior\ReadHtmlCacheBehavior [ RunTime:0.001328s ]
INFO: [ app_begin ] --END-- [ RunTime:0.001430s ]
INFO: [ view_parse ] --START--
INFO: [ template_filter ] --START--
INFO: Run Behavior\ContentReplaceBehavior [ RunTime:0.000176s ]
INFO: [ template_filter ] --END-- [ RunTime:0.000692s ]
INFO: Run Behavior\ParseTemplateBehavior [ RunTime:0.357595s ]
INFO: [ view_parse ] --END-- [ RunTime:0.357721s ]
INFO: [ view_filter ] --START--
INFO: Run Behavior\WriteHtmlCacheBehavior [ RunTime:0.000649s ]
INFO: [ view_filter ] --END-- [ RunTime:0.000701s ]
INFO: [ app_end ] --START--
INFO: Run Behavior\ShowPageTraceBehavior [ RunTime:0.001082s ]
INFO: [ app_end ] --END-- [ RunTime:0.001165s ]

[ 2016-12-23T15:39:16+08:00 ] 127.0.0.1 /index.php/Admin/Index/menu.html
INFO: [ app_init ] --START--
INFO: Run Behavior\BuildLiteBehavior [ RunTime:0.000015s ]
INFO: [ app_init ] --END-- [ RunTime:0.000493s ]
INFO: [ app_begin ] --START--
INFO: Run Behavior\ReadHtmlCacheBehavior [ RunTime:0.001023s ]
INFO: [ app_begin ] --END-- [ RunTime:0.001106s ]
SQL: SELECT * FROM php34_privilege [ RunTime:0.000354s ]
INFO: [ view_parse ] --START--
INFO: [ template_filter ] --START--
INFO: Run Behavior\ContentReplaceBehavior [ RunTime:0.000072s ]
INFO: [ template_filter ] --END-- [ RunTime:0.000139s ]
INFO: Run Behavior\ParseTemplateBehavior [ RunTime:0.027100s ]
INFO: [ view_parse ] --END-- [ RunTime:0.027189s ]
INFO: [ view_filter ] --START--
INFO: Run Behavior\WriteHtmlCacheBehavior [ RunTime:0.000602s ]
INFO: [ view_filter ] --END-- [ RunTime:0.000650s ]
INFO: [ app_end ] --START--
INFO: Run Behavior\ShowPageTraceBehavior [ RunTime:0.001504s ]
INFO: [ app_end ] --END-- [ RunTime:0.001619s ]

[ 2016-12-23T15:39:16+08:00 ] 127.0.0.1 /index.php/Admin/Index/top.html
INFO: [ app_init ] --START--
INFO: Run Behavior\BuildLiteBehavior [ RunTime:0.000021s ]
INFO: [ app_init ] --END-- [ RunTime:0.000668s ]
INFO: [ app_begin ] --START--
INFO: Run Behavior\ReadHtmlCacheBehavior [ RunTime:0.001120s ]
INFO: [ app_begin ] --END-- [ RunTime:0.001218s ]
INFO: [ view_parse ] --START--
INFO: [ template_filter ] --START--
INFO: Run Behavior\ContentReplaceBehavior [ RunTime:0.000064s ]
INFO: [ template_filter ] --END-- [ RunTime:0.000150s ]
INFO: Run Behavior\ParseTemplateBehavior [ RunTime:0.035836s ]
INFO: [ view_parse ] --END-- [ RunTime:0.035927s ]
INFO: [ view_filter ] --START--
INFO: Run Behavior\WriteHtmlCacheBehavior [ RunTime:0.000817s ]
INFO: [ view_filter ] --END-- [ RunTime:0.000923s ]
INFO: [ app_end ] --START--
INFO: Run Behavior\ShowPageTraceBehavior [ RunTime:0.001468s ]
INFO: [ app_end ] --END-- [ RunTime:0.001586s ]

[ 2016-12-23T15:39:16+08:00 ] 127.0.0.1 /index.php/Admin/Index/main.html
INFO: [ app_init ] --START--
INFO: Run Behavior\BuildLiteBehavior [ RunTime:0.000014s ]
INFO: [ app_init ] --END-- [ RunTime:0.000484s ]
INFO: [ app_begin ] --START--
INFO: Run Behavior\ReadHtmlCacheBehavior [ RunTime:0.000925s ]
INFO: [ app_begin ] --END-- [ RunTime:0.001027s ]
INFO: [ view_parse ] --START--
NOTIC: [2] file_get_contents(./Application/Admin/View/Index/footer.html) [<a href='function.file-get-contents'>function.file-get-contents</a>]: failed to open stream: No such file or directory E:\PHP\xuexiziliao\day60xiangmu\shop34\ThinkPHP\Library\Think\Template.class.php 第 696 行.
INFO: [ template_filter ] --START--
INFO: Run Behavior\ContentReplaceBehavior [ RunTime:0.000052s ]
INFO: [ template_filter ] --END-- [ RunTime:0.000130s ]
INFO: Run Behavior\ParseTemplateBehavior [ RunTime:0.034497s ]
INFO: [ view_parse ] --END-- [ RunTime:0.034615s ]
INFO: [ view_filter ] --START--
INFO: Run Behavior\WriteHtmlCacheBehavior [ RunTime:0.000760s ]
INFO: [ view_filter ] --END-- [ RunTime:0.000874s ]
INFO: [ app_end ] --START--
INFO: Run Behavior\ShowPageTraceBehavior [ RunTime:0.001377s ]
INFO: [ app_end ] --END-- [ RunTime:0.001459s ]

[ 2016-12-23T15:39:19+08:00 ] 127.0.0.1 /index.php/Admin/Admin/lst.html
INFO: [ app_init ] --START--
INFO: Run Behavior\BuildLiteBehavior [ RunTime:0.000019s ]
INFO: [ app_init ] --END-- [ RunTime:0.000673s ]
INFO: [ app_begin ] --START--
INFO: Run Behavior\ReadHtmlCacheBehavior [ RunTime:0.001059s ]
INFO: [ app_begin ] --END-- [ RunTime:0.001173s ]
SQL: SELECT COUNT(*) has FROM php34_privilege WHERE module_name="Admin" AND controller_name="Admin" AND action_name="lst" [ RunTime:0.000372s ]
SQL: SHOW COLUMNS FROM `php34_admin` [ RunTime:0.051946s ]
SQL: SELECT COUNT(*) AS tp_count FROM php34_admin a LIMIT 1   [ RunTime:0.000445s ]
SQL: SELECT * FROM php34_admin a GROUP BY a.id LIMIT 0,20   [ RunTime:0.000527s ]
INFO: [ view_parse ] --START--
INFO: [ template_filter ] --START--
INFO: Run Behavior\ContentReplaceBehavior [ RunTime:0.000110s ]
INFO: [ template_filter ] --END-- [ RunTime:0.000248s ]
INFO: Run Behavior\ParseTemplateBehavior [ RunTime:0.018925s ]
INFO: [ view_parse ] --END-- [ RunTime:0.019277s ]
INFO: [ view_filter ] --START--
INFO: Run Behavior\WriteHtmlCacheBehavior [ RunTime:0.001469s ]
INFO: [ view_filter ] --END-- [ RunTime:0.001677s ]
INFO: [ app_end ] --START--
INFO: Run Behavior\ShowPageTraceBehavior [ RunTime:0.001344s ]
INFO: [ app_end ] --END-- [ RunTime:0.001507s ]

[ 2016-12-23T15:39:22+08:00 ] 127.0.0.1 /index.php/Admin/Role/lst.html
INFO: [ app_init ] --START--
INFO: Run Behavior\BuildLiteBehavior [ RunTime:0.000034s ]
INFO: [ app_init ] --END-- [ RunTime:0.003625s ]
INFO: [ app_begin ] --START--
INFO: Run Behavior\ReadHtmlCacheBehavior [ RunTime:0.000808s ]
INFO: [ app_begin ] --END-- [ RunTime:0.000875s ]
SQL: SELECT COUNT(*) has FROM php34_privilege WHERE module_name="Admin" AND controller_name="Role" AND action_name="lst" [ RunTime:0.000265s ]
SQL: SHOW COLUMNS FROM `php34_role` [ RunTime:0.052810s ]
SQL: SELECT COUNT(*) AS tp_count FROM php34_role a LIMIT 1   [ RunTime:0.000221s ]
SQL: SELECT a.*,GROUP_CONCAT(c.pri_name) pri_name FROM php34_role a LEFT JOIN php34_role_privilege b ON a.id=b.role_id LEFT JOIN php34_privilege c ON b.pri_id=c.id  GROUP BY a.id LIMIT 0,20   [ RunTime:0.000255s ]
INFO: [ view_parse ] --START--
INFO: [ template_filter ] --START--
INFO: Run Behavior\ContentReplaceBehavior [ RunTime:0.000053s ]
INFO: [ template_filter ] --END-- [ RunTime:0.000153s ]
INFO: Run Behavior\ParseTemplateBehavior [ RunTime:0.021016s ]
INFO: [ view_parse ] --END-- [ RunTime:0.021282s ]
INFO: [ view_filter ] --START--
INFO: Run Behavior\WriteHtmlCacheBehavior [ RunTime:0.001405s ]
INFO: [ view_filter ] --END-- [ RunTime:0.001562s ]
INFO: [ app_end ] --START--
INFO: Run Behavior\ShowPageTraceBehavior [ RunTime:0.000849s ]
INFO: [ app_end ] --END-- [ RunTime:0.000906s ]

[ 2016-12-23T15:39:32+08:00 ] 127.0.0.1 /index.php/Admin/Role/add.html
INFO: [ app_init ] --START--
INFO: Run Behavior\BuildLiteBehavior [ RunTime:0.000075s ]
INFO: [ app_init ] --END-- [ RunTime:0.001933s ]
INFO: [ app_begin ] --START--
INFO: Run Behavior\ReadHtmlCacheBehavior [ RunTime:0.000758s ]
INFO: [ app_begin ] --END-- [ RunTime:0.000815s ]
SQL: SELECT COUNT(*) has FROM php34_privilege WHERE module_name="Admin" AND controller_name="Role" AND action_name="add" [ RunTime:0.073058s ]
SQL: SHOW COLUMNS FROM `php34_privilege` [ RunTime:0.012045s ]
SQL: SELECT * FROM `php34_privilege`  [ RunTime:0.000768s ]
INFO: [ view_parse ] --START--
INFO: [ template_filter ] --START--
INFO: Run Behavior\ContentReplaceBehavior [ RunTime:0.000085s ]
INFO: [ template_filter ] --END-- [ RunTime:0.000232s ]
INFO: Run Behavior\ParseTemplateBehavior [ RunTime:0.079949s ]
INFO: [ view_parse ] --END-- [ RunTime:0.080065s ]
INFO: [ view_filter ] --START--
INFO: Run Behavior\WriteHtmlCacheBehavior [ RunTime:0.000607s ]
INFO: [ view_filter ] --END-- [ RunTime:0.000696s ]
INFO: [ app_end ] --START--
INFO: Run Behavior\ShowPageTraceBehavior [ RunTime:0.001336s ]
INFO: [ app_end ] --END-- [ RunTime:0.001452s ]

[ 2016-12-23T15:40:02+08:00 ] 127.0.0.1 /index.php/Admin/Admin/lst.html
INFO: [ app_init ] --START--
INFO: Run Behavior\BuildLiteBehavior [ RunTime:0.000015s ]
INFO: [ app_init ] --END-- [ RunTime:0.000514s ]
INFO: [ app_begin ] --START--
INFO: Run Behavior\ReadHtmlCacheBehavior [ RunTime:0.001373s ]
INFO: [ app_begin ] --END-- [ RunTime:0.001738s ]
SQL: SELECT COUNT(*) has FROM php34_privilege WHERE module_name="Admin" AND controller_name="Admin" AND action_name="lst" [ RunTime:0.000208s ]
SQL: SHOW COLUMNS FROM `php34_admin` [ RunTime:0.005919s ]
SQL: SELECT COUNT(*) AS tp_count FROM php34_admin a LIMIT 1   [ RunTime:0.000229s ]
SQL: SELECT * FROM php34_admin a GROUP BY a.id LIMIT 0,20   [ RunTime:0.000260s ]
INFO: [ view_parse ] --START--
INFO: [ template_filter ] --START--
INFO: Run Behavior\ContentReplaceBehavior [ RunTime:0.000057s ]
INFO: [ template_filter ] --END-- [ RunTime:0.000131s ]
INFO: Run Behavior\ParseTemplateBehavior [ RunTime:0.009090s ]
INFO: [ view_parse ] --END-- [ RunTime:0.009191s ]
INFO: [ view_filter ] --START--
INFO: Run Behavior\WriteHtmlCacheBehavior [ RunTime:0.000858s ]
INFO: [ view_filter ] --END-- [ RunTime:0.000952s ]
INFO: [ app_end ] --START--
INFO: Run Behavior\ShowPageTraceBehavior [ RunTime:0.001374s ]
INFO: [ app_end ] --END-- [ RunTime:0.001557s ]

[ 2016-12-23T15:40:04+08:00 ] 127.0.0.1 /index.php/Admin/Admin/add.html
INFO: [ app_init ] --START--
INFO: Run Behavior\BuildLiteBehavior [ RunTime:0.000015s ]
INFO: [ app_init ] --END-- [ RunTime:0.000516s ]
INFO: [ app_begin ] --START--
INFO: Run Behavior\ReadHtmlCacheBehavior [ RunTime:0.001538s ]
INFO: [ app_begin ] --END-- [ RunTime:0.001641s ]
SQL: SELECT COUNT(*) has FROM php34_privilege WHERE module_name="Admin" AND controller_name="Admin" AND action_name="add" [ RunTime:0.000363s ]
SQL: SHOW COLUMNS FROM `php34_role` [ RunTime:0.005180s ]
SQL: SELECT * FROM `php34_role`  [ RunTime:0.000387s ]
INFO: [ view_parse ] --START--
INFO: [ template_filter ] --START--
INFO: Run Behavior\ContentReplaceBehavior [ RunTime:0.000052s ]
INFO: [ template_filter ] --END-- [ RunTime:0.000113s ]
INFO: Run Behavior\ParseTemplateBehavior [ RunTime:0.009138s ]
INFO: [ view_parse ] --END-- [ RunTime:0.009238s ]
INFO: [ view_filter ] --START--
INFO: Run Behavior\WriteHtmlCacheBehavior [ RunTime:0.000558s ]
INFO: [ view_filter ] --END-- [ RunTime:0.000611s ]
INFO: [ app_end ] --START--
INFO: Run Behavior\ShowPageTraceBehavior [ RunTime:0.000738s ]
INFO: [ app_end ] --END-- [ RunTime:0.000790s ]

[ 2016-12-23T16:27:02+08:00 ] 127.0.0.1 /index.php/Admin/Role/lst.html
INFO: [ app_init ] --START--
INFO: Run Behavior\BuildLiteBehavior [ RunTime:0.000022s ]
INFO: [ app_init ] --END-- [ RunTime:0.001347s ]
INFO: [ app_begin ] --START--
INFO: Run Behavior\ReadHtmlCacheBehavior [ RunTime:0.001493s ]
INFO: [ app_begin ] --END-- [ RunTime:0.001592s ]
SQL: SELECT COUNT(*) has FROM php34_privilege WHERE module_name="Admin" AND controller_name="Role" AND action_name="lst" [ RunTime:0.000250s ]
SQL: SHOW COLUMNS FROM `php34_role` [ RunTime:0.028935s ]
SQL: SELECT COUNT(*) AS tp_count FROM php34_role a LIMIT 1   [ RunTime:0.000194s ]
SQL: SELECT a.*,GROUP_CONCAT(c.pri_name) pri_name FROM php34_role a LEFT JOIN php34_role_privilege b ON a.id=b.role_id LEFT JOIN php34_privilege c ON b.pri_id=c.id  GROUP BY a.id LIMIT 0,20   [ RunTime:0.000275s ]
INFO: [ view_parse ] --START--
INFO: [ template_filter ] --START--
INFO: Run Behavior\ContentReplaceBehavior [ RunTime:0.000107s ]
INFO: [ template_filter ] --END-- [ RunTime:0.000237s ]
INFO: Run Behavior\ParseTemplateBehavior [ RunTime:0.152019s ]
INFO: [ view_parse ] --END-- [ RunTime:0.152144s ]
INFO: [ view_filter ] --START--
INFO: Run Behavior\WriteHtmlCacheBehavior [ RunTime:0.040895s ]
INFO: [ view_filter ] --END-- [ RunTime:0.040986s ]
INFO: [ app_end ] --START--
INFO: Run Behavior\ShowPageTraceBehavior [ RunTime:0.089058s ]
INFO: [ app_end ] --END-- [ RunTime:0.089184s ]

[ 2016-12-23T16:27:09+08:00 ] 127.0.0.1 /index.php/Admin/Admin/lst.html
INFO: [ app_init ] --START--
INFO: Run Behavior\BuildLiteBehavior [ RunTime:0.000020s ]
INFO: [ app_init ] --END-- [ RunTime:0.000703s ]
INFO: [ app_begin ] --START--
INFO: Run Behavior\ReadHtmlCacheBehavior [ RunTime:0.001006s ]
INFO: [ app_begin ] --END-- [ RunTime:0.001087s ]
SQL: SELECT COUNT(*) has FROM php34_privilege WHERE module_name="Admin" AND controller_name="Admin" AND action_name="lst" [ RunTime:0.000212s ]
SQL: SHOW COLUMNS FROM `php34_admin` [ RunTime:0.016266s ]
SQL: SELECT COUNT(*) AS tp_count FROM php34_admin a LIMIT 1   [ RunTime:0.000178s ]
SQL: SELECT * FROM php34_admin a GROUP BY a.id LIMIT 0,20   [ RunTime:0.000330s ]
INFO: [ view_parse ] --START--
INFO: [ template_filter ] --START--
INFO: Run Behavior\ContentReplaceBehavior [ RunTime:0.000055s ]
INFO: [ template_filter ] --END-- [ RunTime:0.000131s ]
INFO: Run Behavior\ParseTemplateBehavior [ RunTime:0.027403s ]
INFO: [ view_parse ] --END-- [ RunTime:0.027492s ]
INFO: [ view_filter ] --START--
INFO: Run Behavior\WriteHtmlCacheBehavior [ RunTime:0.000801s ]
INFO: [ view_filter ] --END-- [ RunTime:0.001020s ]
INFO: [ app_end ] --START--
INFO: Run Behavior\ShowPageTraceBehavior [ RunTime:0.000797s ]
INFO: [ app_end ] --END-- [ RunTime:0.000852s ]

[ 2016-12-23T16:27:15+08:00 ] 127.0.0.1 /index.php/Admin/Admin/add.html
INFO: [ app_init ] --START--
INFO: Run Behavior\BuildLiteBehavior [ RunTime:0.000029s ]
INFO: [ app_init ] --END-- [ RunTime:0.000996s ]
INFO: [ app_begin ] --START--
INFO: Run Behavior\ReadHtmlCacheBehavior [ RunTime:0.000952s ]
INFO: [ app_begin ] --END-- [ RunTime:0.001029s ]
SQL: SELECT COUNT(*) has FROM php34_privilege WHERE module_name="Admin" AND controller_name="Admin" AND action_name="add" [ RunTime:0.000199s ]
SQL: SHOW COLUMNS FROM `php34_role` [ RunTime:0.006410s ]
SQL: SELECT * FROM `php34_role`  [ RunTime:0.000236s ]
INFO: [ view_parse ] --START--
INFO: [ template_filter ] --START--
INFO: Run Behavior\ContentReplaceBehavior [ RunTime:0.000094s ]
INFO: [ template_filter ] --END-- [ RunTime:0.000200s ]
INFO: Run Behavior\ParseTemplateBehavior [ RunTime:0.104048s ]
INFO: [ view_parse ] --END-- [ RunTime:0.104152s ]
INFO: [ view_filter ] --START--
INFO: Run Behavior\WriteHtmlCacheBehavior [ RunTime:0.001016s ]
INFO: [ view_filter ] --END-- [ RunTime:0.001139s ]
INFO: [ app_end ] --START--
INFO: Run Behavior\ShowPageTraceBehavior [ RunTime:0.001425s ]
INFO: [ app_end ] --END-- [ RunTime:0.001529s ]

[ 2016-12-23T16:32:04+08:00 ] 127.0.0.1 /index.php/Admin/Admin/lst.html
INFO: [ app_init ] --START--
INFO: Run Behavior\BuildLiteBehavior [ RunTime:0.000019s ]
INFO: [ app_init ] --END-- [ RunTime:0.000707s ]
INFO: [ app_begin ] --START--
INFO: Run Behavior\ReadHtmlCacheBehavior [ RunTime:0.001058s ]
INFO: [ app_begin ] --END-- [ RunTime:0.001129s ]
SQL: SELECT COUNT(*) has FROM php34_privilege WHERE module_name="Admin" AND controller_name="Admin" AND action_name="lst" [ RunTime:0.000150s ]
SQL: SHOW COLUMNS FROM `php34_admin` [ RunTime:0.005400s ]
SQL: SELECT COUNT(*) AS tp_count FROM php34_admin a LIMIT 1   [ RunTime:0.000187s ]
SQL: SELECT * FROM php34_admin a GROUP BY a.id LIMIT 0,20   [ RunTime:0.000263s ]
INFO: [ view_parse ] --START--
INFO: [ template_filter ] --START--
INFO: Run Behavior\ContentReplaceBehavior [ RunTime:0.000055s ]
INFO: [ template_filter ] --END-- [ RunTime:0.000128s ]
INFO: Run Behavior\ParseTemplateBehavior [ RunTime:0.008177s ]
INFO: [ view_parse ] --END-- [ RunTime:0.008250s ]
INFO: [ view_filter ] --START--
INFO: Run Behavior\WriteHtmlCacheBehavior [ RunTime:0.000608s ]
INFO: [ view_filter ] --END-- [ RunTime:0.000665s ]
INFO: [ app_end ] --START--
INFO: Run Behavior\ShowPageTraceBehavior [ RunTime:0.000912s ]
INFO: [ app_end ] --END-- [ RunTime:0.000976s ]

[ 2016-12-23T16:32:07+08:00 ] 127.0.0.1 /index.php/Admin/Role/lst.html
INFO: [ app_init ] --START--
INFO: Run Behavior\BuildLiteBehavior [ RunTime:0.000014s ]
INFO: [ app_init ] --END-- [ RunTime:0.000531s ]
INFO: [ app_begin ] --START--
INFO: Run Behavior\ReadHtmlCacheBehavior [ RunTime:0.000764s ]
INFO: [ app_begin ] --END-- [ RunTime:0.000827s ]
SQL: SELECT COUNT(*) has FROM php34_privilege WHERE module_name="Admin" AND controller_name="Role" AND action_name="lst" [ RunTime:0.000218s ]
SQL: SHOW COLUMNS FROM `php34_role` [ RunTime:0.005637s ]
SQL: SELECT COUNT(*) AS tp_count FROM php34_role a LIMIT 1   [ RunTime:0.000282s ]
SQL: SELECT a.*,GROUP_CONCAT(c.pri_name) pri_name FROM php34_role a LEFT JOIN php34_role_privilege b ON a.id=b.role_id LEFT JOIN php34_privilege c ON b.pri_id=c.id  GROUP BY a.id LIMIT 0,20   [ RunTime:0.000250s ]
INFO: [ view_parse ] --START--
INFO: [ template_filter ] --START--
INFO: Run Behavior\ContentReplaceBehavior [ RunTime:0.000081s ]
INFO: [ template_filter ] --END-- [ RunTime:0.000177s ]
INFO: Run Behavior\ParseTemplateBehavior [ RunTime:0.009488s ]
INFO: [ view_parse ] --END-- [ RunTime:0.009578s ]
INFO: [ view_filter ] --START--
INFO: Run Behavior\WriteHtmlCacheBehavior [ RunTime:0.000628s ]
INFO: [ view_filter ] --END-- [ RunTime:0.000695s ]
INFO: [ app_end ] --START--
INFO: Run Behavior\ShowPageTraceBehavior [ RunTime:0.000943s ]
INFO: [ app_end ] --END-- [ RunTime:0.001030s ]

[ 2016-12-23T16:32:13+08:00 ] 127.0.0.1 /index.php/Admin/Privilege/lst.html
INFO: [ app_init ] --START--
INFO: Run Behavior\BuildLiteBehavior [ RunTime:0.000018s ]
INFO: [ app_init ] --END-- [ RunTime:0.000641s ]
INFO: [ app_begin ] --START--
INFO: Run Behavior\ReadHtmlCacheBehavior [ RunTime:0.000991s ]
INFO: [ app_begin ] --END-- [ RunTime:0.001067s ]
SQL: SELECT COUNT(*) has FROM php34_privilege WHERE module_name="Admin" AND controller_name="Privilege" AND action_name="lst" [ RunTime:0.000391s ]
SQL: SHOW COLUMNS FROM `php34_privilege` [ RunTime:0.017777s ]
SQL: SELECT * FROM `php34_privilege`  [ RunTime:0.000663s ]
INFO: [ view_parse ] --START--
INFO: [ template_filter ] --START--
INFO: Run Behavior\ContentReplaceBehavior [ RunTime:0.000108s ]
INFO: [ template_filter ] --END-- [ RunTime:0.000237s ]
INFO: Run Behavior\ParseTemplateBehavior [ RunTime:0.039682s ]
INFO: [ view_parse ] --END-- [ RunTime:0.039871s ]
INFO: [ view_filter ] --START--
INFO: Run Behavior\WriteHtmlCacheBehavior [ RunTime:0.001303s ]
INFO: [ view_filter ] --END-- [ RunTime:0.001424s ]
INFO: [ app_end ] --START--
INFO: Run Behavior\ShowPageTraceBehavior [ RunTime:0.001729s ]
INFO: [ app_end ] --END-- [ RunTime:0.001899s ]

[ 2016-12-23T16:32:14+08:00 ] 127.0.0.1 /index.php/Admin/Role/lst.html
INFO: [ app_init ] --START--
INFO: Run Behavior\BuildLiteBehavior [ RunTime:0.000022s ]
INFO: [ app_init ] --END-- [ RunTime:0.000772s ]
INFO: [ app_begin ] --START--
INFO: Run Behavior\ReadHtmlCacheBehavior [ RunTime:0.000935s ]
INFO: [ app_begin ] --END-- [ RunTime:0.001024s ]
SQL: SELECT COUNT(*) has FROM php34_privilege WHERE module_name="Admin" AND controller_name="Role" AND action_name="lst" [ RunTime:0.000214s ]
SQL: SHOW COLUMNS FROM `php34_role` [ RunTime:0.005530s ]
SQL: SELECT COUNT(*) AS tp_count FROM php34_role a LIMIT 1   [ RunTime:0.000256s ]
SQL: SELECT a.*,GROUP_CONCAT(c.pri_name) pri_name FROM php34_role a LEFT JOIN php34_role_privilege b ON a.id=b.role_id LEFT JOIN php34_privilege c ON b.pri_id=c.id  GROUP BY a.id LIMIT 0,20   [ RunTime:0.000271s ]
INFO: [ view_parse ] --START--
INFO: [ template_filter ] --START--
INFO: Run Behavior\ContentReplaceBehavior [ RunTime:0.000112s ]
INFO: [ template_filter ] --END-- [ RunTime:0.000224s ]
INFO: Run Behavior\ParseTemplateBehavior [ RunTime:0.008578s ]
INFO: [ view_parse ] --END-- [ RunTime:0.008657s ]
INFO: [ view_filter ] --START--
INFO: Run Behavior\WriteHtmlCacheBehavior [ RunTime:0.000651s ]
INFO: [ view_filter ] --END-- [ RunTime:0.000740s ]
INFO: [ app_end ] --START--
INFO: Run Behavior\ShowPageTraceBehavior [ RunTime:0.001182s ]
INFO: [ app_end ] --END-- [ RunTime:0.001265s ]

[ 2016-12-23T16:32:15+08:00 ] 127.0.0.1 /index.php/Admin/Admin/lst.html
INFO: [ app_init ] --START--
INFO: Run Behavior\BuildLiteBehavior [ RunTime:0.000021s ]
INFO: [ app_init ] --END-- [ RunTime:0.000732s ]
INFO: [ app_begin ] --START--
INFO: Run Behavior\ReadHtmlCacheBehavior [ RunTime:0.001240s ]
INFO: [ app_begin ] --END-- [ RunTime:0.001332s ]
SQL: SELECT COUNT(*) has FROM php34_privilege WHERE module_name="Admin" AND controller_name="Admin" AND action_name="lst" [ RunTime:0.000193s ]
SQL: SHOW COLUMNS FROM `php34_admin` [ RunTime:0.005509s ]
SQL: SELECT COUNT(*) AS tp_count FROM php34_admin a LIMIT 1   [ RunTime:0.000382s ]
SQL: SELECT * FROM php34_admin a GROUP BY a.id LIMIT 0,20   [ RunTime:0.000269s ]
INFO: [ view_parse ] --START--
INFO: [ template_filter ] --START--
INFO: Run Behavior\ContentReplaceBehavior [ RunTime:0.000054s ]
INFO: [ template_filter ] --END-- [ RunTime:0.000132s ]
INFO: Run Behavior\ParseTemplateBehavior [ RunTime:0.008687s ]
INFO: [ view_parse ] --END-- [ RunTime:0.008774s ]
INFO: [ view_filter ] --START--
INFO: Run Behavior\WriteHtmlCacheBehavior [ RunTime:0.000611s ]
INFO: [ view_filter ] --END-- [ RunTime:0.000663s ]
INFO: [ app_end ] --START--
INFO: Run Behavior\ShowPageTraceBehavior [ RunTime:0.000830s ]
INFO: [ app_end ] --END-- [ RunTime:0.000884s ]

[ 2016-12-23T16:33:19+08:00 ] 127.0.0.1 /index.php/Admin/Admin/lst.html
INFO: [ app_init ] --START--
INFO: Run Behavior\BuildLiteBehavior [ RunTime:0.000014s ]
INFO: [ app_init ] --END-- [ RunTime:0.000543s ]
INFO: [ app_begin ] --START--
INFO: Run Behavior\ReadHtmlCacheBehavior [ RunTime:0.000810s ]
INFO: [ app_begin ] --END-- [ RunTime:0.000873s ]
SQL: SELECT COUNT(*) has FROM php34_privilege WHERE module_name="Admin" AND controller_name="Admin" AND action_name="lst" [ RunTime:0.000233s ]
SQL: SHOW COLUMNS FROM `php34_admin` [ RunTime:0.005143s ]
SQL: SELECT COUNT(*) AS tp_count FROM php34_admin a LIMIT 1   [ RunTime:0.000249s ]
SQL: SELECT * FROM php34_admin a GROUP BY a.id LIMIT 0,20   [ RunTime:0.000279s ]
INFO: [ view_parse ] --START--
INFO: [ template_filter ] --START--
INFO: Run Behavior\ContentReplaceBehavior [ RunTime:0.000068s ]
INFO: [ template_filter ] --END-- [ RunTime:0.000156s ]
INFO: Run Behavior\ParseTemplateBehavior [ RunTime:0.008290s ]
INFO: [ view_parse ] --END-- [ RunTime:0.008374s ]
INFO: [ view_filter ] --START--
INFO: Run Behavior\WriteHtmlCacheBehavior [ RunTime:0.000663s ]
INFO: [ view_filter ] --END-- [ RunTime:0.000731s ]
INFO: [ app_end ] --START--
INFO: Run Behavior\ShowPageTraceBehavior [ RunTime:0.000872s ]
INFO: [ app_end ] --END-- [ RunTime:0.000958s ]

[ 2016-12-23T16:33:22+08:00 ] 127.0.0.1 /index.php/Admin/Admin/edit/id/4.html
INFO: [ app_init ] --START--
INFO: Run Behavior\BuildLiteBehavior [ RunTime:0.000020s ]
INFO: [ app_init ] --END-- [ RunTime:0.001062s ]
INFO: [ app_begin ] --START--
INFO: Run Behavior\ReadHtmlCacheBehavior [ RunTime:0.000970s ]
INFO: [ app_begin ] --END-- [ RunTime:0.001053s ]
SQL: SELECT COUNT(*) has FROM php34_privilege WHERE module_name="Admin" AND controller_name="Admin" AND action_name="edit" [ RunTime:0.072982s ]
SQL: SHOW COLUMNS FROM `php34_admin` [ RunTime:0.004508s ]
SQL: SELECT * FROM `php34_admin` WHERE ( `id` = 4 ) LIMIT 1   [ RunTime:0.000748s ]
SQL: SHOW COLUMNS FROM `php34_role` [ RunTime:0.004937s ]
SQL: SELECT * FROM `php34_role`  [ RunTime:0.000219s ]
SQL: SHOW COLUMNS FROM `php34_admin_role` [ RunTime:0.089290s ]
SQL: SELECT GROUP_CONCAT(role_id) role_id FROM `php34_admin_role` WHERE ( `admin_id` = '4' ) LIMIT 1   [ RunTime:0.022214s ]
INFO: [ view_parse ] --START--
INFO: [ template_filter ] --START--
INFO: Run Behavior\ContentReplaceBehavior [ RunTime:0.000100s ]
INFO: [ template_filter ] --END-- [ RunTime:0.000203s ]
INFO: Run Behavior\ParseTemplateBehavior [ RunTime:0.012887s ]
INFO: [ view_parse ] --END-- [ RunTime:0.012999s ]
INFO: [ view_filter ] --START--
INFO: Run Behavior\WriteHtmlCacheBehavior [ RunTime:0.000986s ]
INFO: [ view_filter ] --END-- [ RunTime:0.001115s ]
INFO: [ app_end ] --START--
INFO: Run Behavior\ShowPageTraceBehavior [ RunTime:0.001354s ]
INFO: [ app_end ] --END-- [ RunTime:0.001449s ]

[ 2016-12-23T16:33:49+08:00 ] 127.0.0.1 /index.php/Admin/Admin/lst.html
INFO: [ app_init ] --START--
INFO: Run Behavior\BuildLiteBehavior [ RunTime:0.000018s ]
INFO: [ app_init ] --END-- [ RunTime:0.000622s ]
INFO: [ app_begin ] --START--
INFO: Run Behavior\ReadHtmlCacheBehavior [ RunTime:0.000945s ]
INFO: [ app_begin ] --END-- [ RunTime:0.001021s ]
SQL: SELECT COUNT(*) has FROM php34_privilege WHERE module_name="Admin" AND controller_name="Admin" AND action_name="lst" [ RunTime:0.000222s ]
SQL: SHOW COLUMNS FROM `php34_admin` [ RunTime:0.007294s ]
SQL: SELECT COUNT(*) AS tp_count FROM php34_admin a LIMIT 1   [ RunTime:0.000260s ]
SQL: SELECT * FROM php34_admin a GROUP BY a.id LIMIT 0,20   [ RunTime:0.000301s ]
INFO: [ view_parse ] --START--
INFO: [ template_filter ] --START--
INFO: Run Behavior\ContentReplaceBehavior [ RunTime:0.000068s ]
INFO: [ template_filter ] --END-- [ RunTime:0.000157s ]
INFO: Run Behavior\ParseTemplateBehavior [ RunTime:0.010184s ]
INFO: [ view_parse ] --END-- [ RunTime:0.010279s ]
INFO: [ view_filter ] --START--
INFO: Run Behavior\WriteHtmlCacheBehavior [ RunTime:0.000829s ]
INFO: [ view_filter ] --END-- [ RunTime:0.000905s ]
INFO: [ app_end ] --START--
INFO: Run Behavior\ShowPageTraceBehavior [ RunTime:0.001037s ]
INFO: [ app_end ] --END-- [ RunTime:0.001106s ]

[ 2016-12-23T16:33:51+08:00 ] 127.0.0.1 /index.php/Admin/Role/lst.html
INFO: [ app_init ] --START--
INFO: Run Behavior\BuildLiteBehavior [ RunTime:0.000015s ]
INFO: [ app_init ] --END-- [ RunTime:0.000532s ]
INFO: [ app_begin ] --START--
INFO: Run Behavior\ReadHtmlCacheBehavior [ RunTime:0.000782s ]
INFO: [ app_begin ] --END-- [ RunTime:0.000840s ]
SQL: SELECT COUNT(*) has FROM php34_privilege WHERE module_name="Admin" AND controller_name="Role" AND action_name="lst" [ RunTime:0.000209s ]
SQL: SHOW COLUMNS FROM `php34_role` [ RunTime:0.005050s ]
SQL: SELECT COUNT(*) AS tp_count FROM php34_role a LIMIT 1   [ RunTime:0.000416s ]
SQL: SELECT a.*,GROUP_CONCAT(c.pri_name) pri_name FROM php34_role a LEFT JOIN php34_role_privilege b ON a.id=b.role_id LEFT JOIN php34_privilege c ON b.pri_id=c.id  GROUP BY a.id LIMIT 0,20   [ RunTime:0.000287s ]
INFO: [ view_parse ] --START--
INFO: [ template_filter ] --START--
INFO: Run Behavior\ContentReplaceBehavior [ RunTime:0.000071s ]
INFO: [ template_filter ] --END-- [ RunTime:0.000137s ]
INFO: Run Behavior\ParseTemplateBehavior [ RunTime:0.008122s ]
INFO: [ view_parse ] --END-- [ RunTime:0.008202s ]
INFO: [ view_filter ] --START--
INFO: Run Behavior\WriteHtmlCacheBehavior [ RunTime:0.000625s ]
INFO: [ view_filter ] --END-- [ RunTime:0.000677s ]
INFO: [ app_end ] --START--
INFO: Run Behavior\ShowPageTraceBehavior [ RunTime:0.000855s ]
INFO: [ app_end ] --END-- [ RunTime:0.000908s ]

[ 2016-12-23T16:33:56+08:00 ] 127.0.0.1 /index.php/Admin/Role/add.html
INFO: [ app_init ] --START--
INFO: Run Behavior\BuildLiteBehavior [ RunTime:0.000017s ]
INFO: [ app_init ] --END-- [ RunTime:0.000621s ]
INFO: [ app_begin ] --START--
INFO: Run Behavior\ReadHtmlCacheBehavior [ RunTime:0.001144s ]
INFO: [ app_begin ] --END-- [ RunTime:0.001315s ]
SQL: SELECT COUNT(*) has FROM php34_privilege WHERE module_name="Admin" AND controller_name="Role" AND action_name="add" [ RunTime:0.000207s ]
SQL: SHOW COLUMNS FROM `php34_privilege` [ RunTime:0.006250s ]
SQL: SELECT * FROM `php34_privilege`  [ RunTime:0.000338s ]
INFO: [ view_parse ] --START--
INFO: [ template_filter ] --START--
INFO: Run Behavior\ContentReplaceBehavior [ RunTime:0.000199s ]
INFO: [ template_filter ] --END-- [ RunTime:0.000417s ]
INFO: Run Behavior\ParseTemplateBehavior [ RunTime:0.081526s ]
INFO: [ view_parse ] --END-- [ RunTime:0.081712s ]
INFO: [ view_filter ] --START--
INFO: Run Behavior\WriteHtmlCacheBehavior [ RunTime:0.001381s ]
INFO: [ view_filter ] --END-- [ RunTime:0.001527s ]
INFO: [ app_end ] --START--
INFO: Run Behavior\ShowPageTraceBehavior [ RunTime:0.002620s ]
INFO: [ app_end ] --END-- [ RunTime:0.002815s ]

[ 2016-12-23T16:34:03+08:00 ] 127.0.0.1 /index.php/Admin/Admin/lst.html
INFO: [ app_init ] --START--
INFO: Run Behavior\BuildLiteBehavior [ RunTime:0.000015s ]
INFO: [ app_init ] --END-- [ RunTime:0.000552s ]
INFO: [ app_begin ] --START--
INFO: Run Behavior\ReadHtmlCacheBehavior [ RunTime:0.000807s ]
INFO: [ app_begin ] --END-- [ RunTime:0.000866s ]
SQL: SELECT COUNT(*) has FROM php34_privilege WHERE module_name="Admin" AND controller_name="Admin" AND action_name="lst" [ RunTime:0.000193s ]
SQL: SHOW COLUMNS FROM `php34_admin` [ RunTime:0.005334s ]
SQL: SELECT COUNT(*) AS tp_count FROM php34_admin a LIMIT 1   [ RunTime:0.000202s ]
SQL: SELECT * FROM php34_admin a GROUP BY a.id LIMIT 0,20   [ RunTime:0.000260s ]
INFO: [ view_parse ] --START--
INFO: [ template_filter ] --START--
INFO: Run Behavior\ContentReplaceBehavior [ RunTime:0.000056s ]
INFO: [ template_filter ] --END-- [ RunTime:0.000133s ]
INFO: Run Behavior\ParseTemplateBehavior [ RunTime:0.008140s ]
INFO: [ view_parse ] --END-- [ RunTime:0.008206s ]
INFO: [ view_filter ] --START--
INFO: Run Behavior\WriteHtmlCacheBehavior [ RunTime:0.000628s ]
INFO: [ view_filter ] --END-- [ RunTime:0.000682s ]
INFO: [ app_end ] --START--
INFO: Run Behavior\ShowPageTraceBehavior [ RunTime:0.000807s ]
INFO: [ app_end ] --END-- [ RunTime:0.000880s ]

[ 2016-12-23T16:34:26+08:00 ] 127.0.0.1 /index.php/Admin/Admin/edit/id/5.html
INFO: [ app_init ] --START--
INFO: Run Behavior\BuildLiteBehavior [ RunTime:0.000018s ]
INFO: [ app_init ] --END-- [ RunTime:0.000642s ]
INFO: [ app_begin ] --START--
INFO: Run Behavior\ReadHtmlCacheBehavior [ RunTime:0.000931s ]
INFO: [ app_begin ] --END-- [ RunTime:0.001007s ]
SQL: SELECT COUNT(*) has FROM php34_privilege WHERE module_name="Admin" AND controller_name="Admin" AND action_name="edit" [ RunTime:0.000179s ]
SQL: SHOW COLUMNS FROM `php34_admin` [ RunTime:0.005992s ]
SQL: SELECT * FROM `php34_admin` WHERE ( `id` = 5 ) LIMIT 1   [ RunTime:0.000423s ]
SQL: SHOW COLUMNS FROM `php34_role` [ RunTime:0.005610s ]
SQL: SELECT * FROM `php34_role`  [ RunTime:0.000259s ]
SQL: SHOW COLUMNS FROM `php34_admin_role` [ RunTime:0.006092s ]
SQL: SELECT GROUP_CONCAT(role_id) role_id FROM `php34_admin_role` WHERE ( `admin_id` = '5' ) LIMIT 1   [ RunTime:0.000571s ]
INFO: [ view_parse ] --START--
INFO: [ template_filter ] --START--
INFO: Run Behavior\ContentReplaceBehavior [ RunTime:0.000056s ]
INFO: [ template_filter ] --END-- [ RunTime:0.000114s ]
INFO: Run Behavior\ParseTemplateBehavior [ RunTime:0.008310s ]
INFO: [ view_parse ] --END-- [ RunTime:0.008384s ]
INFO: [ view_filter ] --START--
INFO: Run Behavior\WriteHtmlCacheBehavior [ RunTime:0.000579s ]
INFO: [ view_filter ] --END-- [ RunTime:0.000630s ]
INFO: [ app_end ] --START--
INFO: Run Behavior\ShowPageTraceBehavior [ RunTime:0.000970s ]
INFO: [ app_end ] --END-- [ RunTime:0.001049s ]

[ 2016-12-23T16:34:37+08:00 ] 127.0.0.1 /index.php/Admin/Admin/lst.html
INFO: [ app_init ] --START--
INFO: Run Behavior\BuildLiteBehavior [ RunTime:0.000014s ]
INFO: [ app_init ] --END-- [ RunTime:0.000517s ]
INFO: [ app_begin ] --START--
INFO: Run Behavior\ReadHtmlCacheBehavior [ RunTime:0.000821s ]
INFO: [ app_begin ] --END-- [ RunTime:0.000881s ]
SQL: SELECT COUNT(*) has FROM php34_privilege WHERE module_name="Admin" AND controller_name="Admin" AND action_name="lst" [ RunTime:0.000200s ]
SQL: SHOW COLUMNS FROM `php34_admin` [ RunTime:0.005197s ]
SQL: SELECT COUNT(*) AS tp_count FROM php34_admin a LIMIT 1   [ RunTime:0.000197s ]
SQL: SELECT * FROM php34_admin a GROUP BY a.id LIMIT 0,20   [ RunTime:0.000278s ]
INFO: [ view_parse ] --START--
INFO: [ template_filter ] --START--
INFO: Run Behavior\ContentReplaceBehavior [ RunTime:0.000055s ]
INFO: [ template_filter ] --END-- [ RunTime:0.000131s ]
INFO: Run Behavior\ParseTemplateBehavior [ RunTime:0.008052s ]
INFO: [ view_parse ] --END-- [ RunTime:0.008128s ]
INFO: [ view_filter ] --START--
INFO: Run Behavior\WriteHtmlCacheBehavior [ RunTime:0.000657s ]
INFO: [ view_filter ] --END-- [ RunTime:0.000715s ]
INFO: [ app_end ] --START--
INFO: Run Behavior\ShowPageTraceBehavior [ RunTime:0.000851s ]
INFO: [ app_end ] --END-- [ RunTime:0.000932s ]

[ 2016-12-23T16:34:39+08:00 ] 127.0.0.1 /index.php/Admin/Admin/edit/id/4.html
INFO: [ app_init ] --START--
INFO: Run Behavior\BuildLiteBehavior [ RunTime:0.000020s ]
INFO: [ app_init ] --END-- [ RunTime:0.000696s ]
INFO: [ app_begin ] --START--
INFO: Run Behavior\ReadHtmlCacheBehavior [ RunTime:0.001065s ]
INFO: [ app_begin ] --END-- [ RunTime:0.001153s ]
SQL: SELECT COUNT(*) has FROM php34_privilege WHERE module_name="Admin" AND controller_name="Admin" AND action_name="edit" [ RunTime:0.000150s ]
SQL: SHOW COLUMNS FROM `php34_admin` [ RunTime:0.006570s ]
SQL: SELECT * FROM `php34_admin` WHERE ( `id` = 4 ) LIMIT 1   [ RunTime:0.000273s ]
SQL: SHOW COLUMNS FROM `php34_role` [ RunTime:0.005672s ]
SQL: SELECT * FROM `php34_role`  [ RunTime:0.000373s ]
SQL: SHOW COLUMNS FROM `php34_admin_role` [ RunTime:0.008218s ]
SQL: SELECT GROUP_CONCAT(role_id) role_id FROM `php34_admin_role` WHERE ( `admin_id` = '4' ) LIMIT 1   [ RunTime:0.000880s ]
INFO: [ view_parse ] --START--
INFO: [ template_filter ] --START--
INFO: Run Behavior\ContentReplaceBehavior [ RunTime:0.000056s ]
INFO: [ template_filter ] --END-- [ RunTime:0.000117s ]
INFO: Run Behavior\ParseTemplateBehavior [ RunTime:0.008259s ]
INFO: [ view_parse ] --END-- [ RunTime:0.008371s ]
INFO: [ view_filter ] --START--
INFO: Run Behavior\WriteHtmlCacheBehavior [ RunTime:0.000563s ]
INFO: [ view_filter ] --END-- [ RunTime:0.000630s ]
INFO: [ app_end ] --START--
INFO: Run Behavior\ShowPageTraceBehavior [ RunTime:0.000788s ]
INFO: [ app_end ] --END-- [ RunTime:0.000856s ]

[ 2016-12-23T16:34:44+08:00 ] 127.0.0.1 /index.php/Admin/Admin/edit/id/4.html
INFO: [ app_init ] --START--
INFO: Run Behavior\BuildLiteBehavior [ RunTime:0.000022s ]
INFO: [ app_init ] --END-- [ RunTime:0.001634s ]
INFO: [ app_begin ] --START--
INFO: Run Behavior\ReadHtmlCacheBehavior [ RunTime:0.000867s ]
INFO: [ app_begin ] --END-- [ RunTime:0.000928s ]
SQL: SELECT COUNT(*) has FROM php34_privilege WHERE module_name="Admin" AND controller_name="Admin" AND action_name="edit" [ RunTime:0.000236s ]
SQL: SHOW COLUMNS FROM `php34_admin` [ RunTime:0.006424s ]
SQL: SELECT * FROM `php34_admin` WHERE ( `username` = 'hzp' ) AND ( `id` <> '4' ) LIMIT 1   [ RunTime:0.000445s ]
SQL: SHOW COLUMNS FROM `php34_admin_role` [ RunTime:0.005245s ]
SQL: DELETE FROM `php34_admin_role` WHERE ( `admin_id` = 4 ) [ RunTime:0.000981s ]
SQL: INSERT INTO `php34_admin_role` (`admin_id`,`role_id`) VALUES (4,3) [ RunTime:0.000780s ]
SQL: UPDATE `php34_admin` SET `username`='hzp',`is_use`=1 WHERE ( `id` = 4 ) [ RunTime:0.000482s ]
INFO: [ view_parse ] --START--
INFO: [ template_filter ] --START--
INFO: Run Behavior\ContentReplaceBehavior [ RunTime:0.000076s ]
INFO: [ template_filter ] --END-- [ RunTime:0.000191s ]
INFO: Run Behavior\ParseTemplateBehavior [ RunTime:0.135097s ]
INFO: [ view_parse ] --END-- [ RunTime:0.135245s ]
INFO: [ view_filter ] --START--
INFO: Run Behavior\WriteHtmlCacheBehavior [ RunTime:0.001117s ]
INFO: [ view_filter ] --END-- [ RunTime:0.001219s ]

[ 2016-12-23T16:34:45+08:00 ] 127.0.0.1 /index.php/Admin/Admin/lst/p/1.html
INFO: [ app_init ] --START--
INFO: Run Behavior\BuildLiteBehavior [ RunTime:0.000016s ]
INFO: [ app_init ] --END-- [ RunTime:0.000587s ]
INFO: [ app_begin ] --START--
INFO: Run Behavior\ReadHtmlCacheBehavior [ RunTime:0.001200s ]
INFO: [ app_begin ] --END-- [ RunTime:0.001301s ]
SQL: SELECT COUNT(*) has FROM php34_privilege WHERE module_name="Admin" AND controller_name="Admin" AND action_name="lst" [ RunTime:0.000210s ]
SQL: SHOW COLUMNS FROM `php34_admin` [ RunTime:0.005457s ]
SQL: SELECT COUNT(*) AS tp_count FROM php34_admin a LIMIT 1   [ RunTime:0.000226s ]
SQL: SELECT * FROM php34_admin a GROUP BY a.id LIMIT 0,20   [ RunTime:0.000275s ]
INFO: [ view_parse ] --START--
INFO: [ template_filter ] --START--
INFO: Run Behavior\ContentReplaceBehavior [ RunTime:0.000069s ]
INFO: [ template_filter ] --END-- [ RunTime:0.000146s ]
INFO: Run Behavior\ParseTemplateBehavior [ RunTime:0.115271s ]
INFO: [ view_parse ] --END-- [ RunTime:0.115350s ]
INFO: [ view_filter ] --START--
INFO: Run Behavior\WriteHtmlCacheBehavior [ RunTime:0.000660s ]
INFO: [ view_filter ] --END-- [ RunTime:0.000716s ]
INFO: [ app_end ] --START--
INFO: Run Behavior\ShowPageTraceBehavior [ RunTime:0.000729s ]
INFO: [ app_end ] --END-- [ RunTime:0.000782s ]

[ 2016-12-23T16:34:50+08:00 ] 127.0.0.1 /index.php/Admin/Admin/add.html
INFO: [ app_init ] --START--
INFO: Run Behavior\BuildLiteBehavior [ RunTime:0.000017s ]
INFO: [ app_init ] --END-- [ RunTime:0.000617s ]
INFO: [ app_begin ] --START--
INFO: Run Behavior\ReadHtmlCacheBehavior [ RunTime:0.000962s ]
INFO: [ app_begin ] --END-- [ RunTime:0.001040s ]
SQL: SELECT COUNT(*) has FROM php34_privilege WHERE module_name="Admin" AND controller_name="Admin" AND action_name="add" [ RunTime:0.000214s ]
SQL: SHOW COLUMNS FROM `php34_role` [ RunTime:0.006753s ]
SQL: SELECT * FROM `php34_role`  [ RunTime:0.000288s ]
INFO: [ view_parse ] --START--
INFO: [ template_filter ] --START--
INFO: Run Behavior\ContentReplaceBehavior [ RunTime:0.000054s ]
INFO: [ template_filter ] --END-- [ RunTime:0.000114s ]
INFO: Run Behavior\ParseTemplateBehavior [ RunTime:0.007550s ]
INFO: [ view_parse ] --END-- [ RunTime:0.007643s ]
INFO: [ view_filter ] --START--
INFO: Run Behavior\WriteHtmlCacheBehavior [ RunTime:0.000745s ]
INFO: [ view_filter ] --END-- [ RunTime:0.000838s ]
INFO: [ app_end ] --START--
INFO: Run Behavior\ShowPageTraceBehavior [ RunTime:0.000987s ]
INFO: [ app_end ] --END-- [ RunTime:0.001058s ]

[ 2016-12-23T16:35:16+08:00 ] 127.0.0.1 /index.php/Admin/Admin/lst.html
INFO: [ app_init ] --START--
INFO: Run Behavior\BuildLiteBehavior [ RunTime:0.000014s ]
INFO: [ app_init ] --END-- [ RunTime:0.000532s ]
INFO: [ app_begin ] --START--
INFO: Run Behavior\ReadHtmlCacheBehavior [ RunTime:0.000752s ]
INFO: [ app_begin ] --END-- [ RunTime:0.000810s ]
SQL: SELECT COUNT(*) has FROM php34_privilege WHERE module_name="Admin" AND controller_name="Admin" AND action_name="lst" [ RunTime:0.000207s ]
SQL: SHOW COLUMNS FROM `php34_admin` [ RunTime:0.005569s ]
SQL: SELECT COUNT(*) AS tp_count FROM php34_admin a LIMIT 1   [ RunTime:0.000235s ]
SQL: SELECT * FROM php34_admin a GROUP BY a.id LIMIT 0,20   [ RunTime:0.000249s ]
INFO: [ view_parse ] --START--
INFO: [ template_filter ] --START--
INFO: Run Behavior\ContentReplaceBehavior [ RunTime:0.000056s ]
INFO: [ template_filter ] --END-- [ RunTime:0.000130s ]
INFO: Run Behavior\ParseTemplateBehavior [ RunTime:0.008173s ]
INFO: [ view_parse ] --END-- [ RunTime:0.008243s ]
INFO: [ view_filter ] --START--
INFO: Run Behavior\WriteHtmlCacheBehavior [ RunTime:0.000710s ]
INFO: [ view_filter ] --END-- [ RunTime:0.000784s ]
INFO: [ app_end ] --START--
INFO: Run Behavior\ShowPageTraceBehavior [ RunTime:0.000976s ]
INFO: [ app_end ] --END-- [ RunTime:0.001046s ]

[ 2016-12-23T16:35:18+08:00 ] 127.0.0.1 /index.php/Admin/Admin/edit/id/4.html
INFO: [ app_init ] --START--
INFO: Run Behavior\BuildLiteBehavior [ RunTime:0.000022s ]
INFO: [ app_init ] --END-- [ RunTime:0.000754s ]
INFO: [ app_begin ] --START--
INFO: Run Behavior\ReadHtmlCacheBehavior [ RunTime:0.001149s ]
INFO: [ app_begin ] --END-- [ RunTime:0.001242s ]
SQL: SELECT COUNT(*) has FROM php34_privilege WHERE module_name="Admin" AND controller_name="Admin" AND action_name="edit" [ RunTime:0.000207s ]
SQL: SHOW COLUMNS FROM `php34_admin` [ RunTime:0.005641s ]
SQL: SELECT * FROM `php34_admin` WHERE ( `id` = 4 ) LIMIT 1   [ RunTime:0.000469s ]
SQL: SHOW COLUMNS FROM `php34_role` [ RunTime:0.006800s ]
SQL: SELECT * FROM `php34_role`  [ RunTime:0.000248s ]
SQL: SHOW COLUMNS FROM `php34_admin_role` [ RunTime:0.005635s ]
SQL: SELECT GROUP_CONCAT(role_id) role_id FROM `php34_admin_role` WHERE ( `admin_id` = '4' ) LIMIT 1   [ RunTime:0.087341s ]
INFO: [ view_parse ] --START--
INFO: [ template_filter ] --START--
INFO: Run Behavior\ContentReplaceBehavior [ RunTime:0.000056s ]
INFO: [ template_filter ] --END-- [ RunTime:0.000119s ]
INFO: Run Behavior\ParseTemplateBehavior [ RunTime:0.008278s ]
INFO: [ view_parse ] --END-- [ RunTime:0.008367s ]
INFO: [ view_filter ] --START--
INFO: Run Behavior\WriteHtmlCacheBehavior [ RunTime:0.000621s ]
INFO: [ view_filter ] --END-- [ RunTime:0.000691s ]
INFO: [ app_end ] --START--
INFO: Run Behavior\ShowPageTraceBehavior [ RunTime:0.000854s ]
INFO: [ app_end ] --END-- [ RunTime:0.000919s ]

[ 2016-12-23T16:35:35+08:00 ] 127.0.0.1 /index.php/Admin/Admin/edit/id/4.html
INFO: [ app_init ] --START--
INFO: Run Behavior\BuildLiteBehavior [ RunTime:0.000018s ]
INFO: [ app_init ] --END-- [ RunTime:0.000572s ]
INFO: [ app_begin ] --START--
INFO: Run Behavior\ReadHtmlCacheBehavior [ RunTime:0.000872s ]
INFO: [ app_begin ] --END-- [ RunTime:0.000961s ]
SQL: SELECT COUNT(*) has FROM php34_privilege WHERE module_name="Admin" AND controller_name="Admin" AND action_name="edit" [ RunTime:0.000217s ]
SQL: SHOW COLUMNS FROM `php34_admin` [ RunTime:0.004774s ]
SQL: SELECT * FROM `php34_admin` WHERE ( `username` = 'hzp' ) AND ( `id` <> '4' ) LIMIT 1   [ RunTime:0.000376s ]
SQL: SHOW COLUMNS FROM `php34_admin_role` [ RunTime:0.005198s ]
SQL: DELETE FROM `php34_admin_role` WHERE ( `admin_id` = 4 ) [ RunTime:0.000372s ]
SQL: UPDATE `php34_admin` SET `username`='hzp',`is_use`=1 WHERE ( `id` = 4 ) [ RunTime:0.000268s ]
INFO: [ view_parse ] --START--
INFO: [ template_filter ] --START--
INFO: Run Behavior\ContentReplaceBehavior [ RunTime:0.000041s ]
INFO: [ template_filter ] --END-- [ RunTime:0.000103s ]
INFO: Run Behavior\ParseTemplateBehavior [ RunTime:0.008209s ]
INFO: [ view_parse ] --END-- [ RunTime:0.008283s ]
INFO: [ view_filter ] --START--
INFO: Run Behavior\WriteHtmlCacheBehavior [ RunTime:0.000696s ]
INFO: [ view_filter ] --END-- [ RunTime:0.000765s ]

[ 2016-12-23T16:35:37+08:00 ] 127.0.0.1 /index.php/Admin/Admin/lst/p/1.html
INFO: [ app_init ] --START--
INFO: Run Behavior\BuildLiteBehavior [ RunTime:0.000018s ]
INFO: [ app_init ] --END-- [ RunTime:0.000649s ]
INFO: [ app_begin ] --START--
INFO: Run Behavior\ReadHtmlCacheBehavior [ RunTime:0.000974s ]
INFO: [ app_begin ] --END-- [ RunTime:0.001053s ]
SQL: SELECT COUNT(*) has FROM php34_privilege WHERE module_name="Admin" AND controller_name="Admin" AND action_name="lst" [ RunTime:0.000229s ]
SQL: SHOW COLUMNS FROM `php34_admin` [ RunTime:0.006424s ]
SQL: SELECT COUNT(*) AS tp_count FROM php34_admin a LIMIT 1   [ RunTime:0.000229s ]
SQL: SELECT * FROM php34_admin a GROUP BY a.id LIMIT 0,20   [ RunTime:0.000290s ]
INFO: [ view_parse ] --START--
INFO: [ template_filter ] --START--
INFO: Run Behavior\ContentReplaceBehavior [ RunTime:0.000055s ]
INFO: [ template_filter ] --END-- [ RunTime:0.000127s ]
INFO: Run Behavior\ParseTemplateBehavior [ RunTime:0.122349s ]
INFO: [ view_parse ] --END-- [ RunTime:0.122415s ]
INFO: [ view_filter ] --START--
INFO: Run Behavior\WriteHtmlCacheBehavior [ RunTime:0.000731s ]
INFO: [ view_filter ] --END-- [ RunTime:0.000787s ]
INFO: [ app_end ] --START--
INFO: Run Behavior\ShowPageTraceBehavior [ RunTime:0.000839s ]
INFO: [ app_end ] --END-- [ RunTime:0.000893s ]

[ 2016-12-23T16:35:39+08:00 ] 127.0.0.1 /index.php/Admin/Admin/edit/id/4/p/1.html
INFO: [ app_init ] --START--
INFO: Run Behavior\BuildLiteBehavior [ RunTime:0.000023s ]
INFO: [ app_init ] --END-- [ RunTime:0.000794s ]
INFO: [ app_begin ] --START--
INFO: Run Behavior\ReadHtmlCacheBehavior [ RunTime:0.001210s ]
INFO: [ app_begin ] --END-- [ RunTime:0.001308s ]
SQL: SELECT COUNT(*) has FROM php34_privilege WHERE module_name="Admin" AND controller_name="Admin" AND action_name="edit" [ RunTime:0.000111s ]
SQL: SHOW COLUMNS FROM `php34_admin` [ RunTime:0.004959s ]
SQL: SELECT * FROM `php34_admin` WHERE ( `id` = 4 ) LIMIT 1   [ RunTime:0.000230s ]
SQL: SHOW COLUMNS FROM `php34_role` [ RunTime:0.004692s ]
SQL: SELECT * FROM `php34_role`  [ RunTime:0.000211s ]
SQL: SHOW COLUMNS FROM `php34_admin_role` [ RunTime:0.004934s ]
SQL: SELECT GROUP_CONCAT(role_id) role_id FROM `php34_admin_role` WHERE ( `admin_id` = '4' ) LIMIT 1   [ RunTime:0.000307s ]
INFO: [ view_parse ] --START--
INFO: [ template_filter ] --START--
INFO: Run Behavior\ContentReplaceBehavior [ RunTime:0.000070s ]
INFO: [ template_filter ] --END-- [ RunTime:0.000146s ]
INFO: Run Behavior\ParseTemplateBehavior [ RunTime:0.009214s ]
INFO: [ view_parse ] --END-- [ RunTime:0.009324s ]
INFO: [ view_filter ] --START--
INFO: Run Behavior\WriteHtmlCacheBehavior [ RunTime:0.000707s ]
INFO: [ view_filter ] --END-- [ RunTime:0.000827s ]
INFO: [ app_end ] --START--
INFO: Run Behavior\ShowPageTraceBehavior [ RunTime:0.001177s ]
INFO: [ app_end ] --END-- [ RunTime:0.001253s ]

[ 2016-12-23T16:35:49+08:00 ] 127.0.0.1 /index.php/Admin/Admin/lst/p/1.html
INFO: [ app_init ] --START--
INFO: Run Behavior\BuildLiteBehavior [ RunTime:0.000018s ]
INFO: [ app_init ] --END-- [ RunTime:0.000607s ]
INFO: [ app_begin ] --START--
INFO: Run Behavior\ReadHtmlCacheBehavior [ RunTime:0.000911s ]
INFO: [ app_begin ] --END-- [ RunTime:0.000980s ]
SQL: SELECT COUNT(*) has FROM php34_privilege WHERE module_name="Admin" AND controller_name="Admin" AND action_name="lst" [ RunTime:0.000117s ]
SQL: SHOW COLUMNS FROM `php34_admin` [ RunTime:0.006282s ]
SQL: SELECT COUNT(*) AS tp_count FROM php34_admin a LIMIT 1   [ RunTime:0.000242s ]
SQL: SELECT * FROM php34_admin a GROUP BY a.id LIMIT 0,20   [ RunTime:0.000255s ]
INFO: [ view_parse ] --START--
INFO: [ template_filter ] --START--
INFO: Run Behavior\ContentReplaceBehavior [ RunTime:0.000058s ]
INFO: [ template_filter ] --END-- [ RunTime:0.000139s ]
INFO: Run Behavior\ParseTemplateBehavior [ RunTime:0.102226s ]
INFO: [ view_parse ] --END-- [ RunTime:0.102302s ]
INFO: [ view_filter ] --START--
INFO: Run Behavior\WriteHtmlCacheBehavior [ RunTime:0.000644s ]
INFO: [ view_filter ] --END-- [ RunTime:0.000699s ]
INFO: [ app_end ] --START--
INFO: Run Behavior\ShowPageTraceBehavior [ RunTime:0.000757s ]
INFO: [ app_end ] --END-- [ RunTime:0.000810s ]

[ 2016-12-23T16:35:52+08:00 ] 127.0.0.1 /index.php/Admin/Role/lst.html
INFO: [ app_init ] --START--
INFO: Run Behavior\BuildLiteBehavior [ RunTime:0.000014s ]
INFO: [ app_init ] --END-- [ RunTime:0.000515s ]
INFO: [ app_begin ] --START--
INFO: Run Behavior\ReadHtmlCacheBehavior [ RunTime:0.000855s ]
INFO: [ app_begin ] --END-- [ RunTime:0.000917s ]
SQL: SELECT COUNT(*) has FROM php34_privilege WHERE module_name="Admin" AND controller_name="Role" AND action_name="lst" [ RunTime:0.000207s ]
SQL: SHOW COLUMNS FROM `php34_role` [ RunTime:0.005273s ]
SQL: SELECT COUNT(*) AS tp_count FROM php34_role a LIMIT 1   [ RunTime:0.000229s ]
SQL: SELECT a.*,GROUP_CONCAT(c.pri_name) pri_name FROM php34_role a LEFT JOIN php34_role_privilege b ON a.id=b.role_id LEFT JOIN php34_privilege c ON b.pri_id=c.id  GROUP BY a.id LIMIT 0,20   [ RunTime:0.000296s ]
INFO: [ view_parse ] --START--
INFO: [ template_filter ] --START--
INFO: Run Behavior\ContentReplaceBehavior [ RunTime:0.000055s ]
INFO: [ template_filter ] --END-- [ RunTime:0.000117s ]
INFO: Run Behavior\ParseTemplateBehavior [ RunTime:0.008409s ]
INFO: [ view_parse ] --END-- [ RunTime:0.008514s ]
INFO: [ view_filter ] --START--
INFO: Run Behavior\WriteHtmlCacheBehavior [ RunTime:0.000657s ]
INFO: [ view_filter ] --END-- [ RunTime:0.000711s ]
INFO: [ app_end ] --START--
INFO: Run Behavior\ShowPageTraceBehavior [ RunTime:0.000832s ]
INFO: [ app_end ] --END-- [ RunTime:0.000887s ]

[ 2016-12-23T16:36:05+08:00 ] 127.0.0.1 /index.php/Admin/Role/delete/id/2.html
INFO: [ app_init ] --START--
INFO: Run Behavior\BuildLiteBehavior [ RunTime:0.000019s ]
INFO: [ app_init ] --END-- [ RunTime:0.000786s ]
INFO: [ app_begin ] --START--
INFO: Run Behavior\ReadHtmlCacheBehavior [ RunTime:0.001112s ]
INFO: [ app_begin ] --END-- [ RunTime:0.001216s ]
SQL: SELECT COUNT(*) has FROM php34_privilege WHERE module_name="Admin" AND controller_name="Role" AND action_name="delete" [ RunTime:0.000318s ]
SQL: SHOW COLUMNS FROM `php34_role` [ RunTime:0.005502s ]
SQL: SHOW COLUMNS FROM `php34_admin_role` [ RunTime:0.005621s ]
SQL: SELECT COUNT(*) AS tp_count FROM `php34_admin_role` WHERE ( `role_id` = 2 ) LIMIT 1   [ RunTime:0.000457s ]
INFO: [ view_parse ] --START--
INFO: [ template_filter ] --START--
INFO: Run Behavior\ContentReplaceBehavior [ RunTime:0.000046s ]
INFO: [ template_filter ] --END-- [ RunTime:0.000130s ]
INFO: Run Behavior\ParseTemplateBehavior [ RunTime:0.006875s ]
INFO: [ view_parse ] --END-- [ RunTime:0.006968s ]
INFO: [ view_filter ] --START--
INFO: Run Behavior\WriteHtmlCacheBehavior [ RunTime:0.000723s ]
INFO: [ view_filter ] --END-- [ RunTime:0.000807s ]

[ 2016-12-23T16:36:20+08:00 ] 127.0.0.1 /index.php/Admin/Role/delete/id/3.html
INFO: [ app_init ] --START--
INFO: Run Behavior\BuildLiteBehavior [ RunTime:0.000025s ]
INFO: [ app_init ] --END-- [ RunTime:0.001546s ]
INFO: [ app_begin ] --START--
INFO: Run Behavior\ReadHtmlCacheBehavior [ RunTime:0.000828s ]
INFO: [ app_begin ] --END-- [ RunTime:0.000889s ]
SQL: SELECT COUNT(*) has FROM php34_privilege WHERE module_name="Admin" AND controller_name="Role" AND action_name="delete" [ RunTime:0.000294s ]
SQL: SHOW COLUMNS FROM `php34_role` [ RunTime:0.005394s ]
SQL: SHOW COLUMNS FROM `php34_admin_role` [ RunTime:0.005451s ]
SQL: SELECT COUNT(*) AS tp_count FROM `php34_admin_role` WHERE ( `role_id` = 3 ) LIMIT 1   [ RunTime:0.000310s ]
SQL: SHOW COLUMNS FROM `php34_role_privilege` [ RunTime:0.018506s ]
SQL: DELETE FROM `php34_role_privilege` WHERE ( `role_id` = 3 ) [ RunTime:0.000415s ]
SQL: DELETE FROM `php34_role` WHERE ( `id` = 3 ) [ RunTime:0.000310s ]
INFO: [ view_parse ] --START--
INFO: [ template_filter ] --START--
INFO: Run Behavior\ContentReplaceBehavior [ RunTime:0.000040s ]
INFO: [ template_filter ] --END-- [ RunTime:0.000103s ]
INFO: Run Behavior\ParseTemplateBehavior [ RunTime:0.007539s ]
INFO: [ view_parse ] --END-- [ RunTime:0.007613s ]
INFO: [ view_filter ] --START--
INFO: Run Behavior\WriteHtmlCacheBehavior [ RunTime:0.000517s ]
INFO: [ view_filter ] --END-- [ RunTime:0.000563s ]

[ 2016-12-23T16:36:21+08:00 ] 127.0.0.1 /index.php/Admin/Role/lst/p/1.html
INFO: [ app_init ] --START--
INFO: Run Behavior\BuildLiteBehavior [ RunTime:0.000014s ]
INFO: [ app_init ] --END-- [ RunTime:0.000566s ]
INFO: [ app_begin ] --START--
INFO: Run Behavior\ReadHtmlCacheBehavior [ RunTime:0.000800s ]
INFO: [ app_begin ] --END-- [ RunTime:0.000860s ]
SQL: SELECT COUNT(*) has FROM php34_privilege WHERE module_name="Admin" AND controller_name="Role" AND action_name="lst" [ RunTime:0.000203s ]
SQL: SHOW COLUMNS FROM `php34_role` [ RunTime:0.004668s ]
SQL: SELECT COUNT(*) AS tp_count FROM php34_role a LIMIT 1   [ RunTime:0.000335s ]
SQL: SELECT a.*,GROUP_CONCAT(c.pri_name) pri_name FROM php34_role a LEFT JOIN php34_role_privilege b ON a.id=b.role_id LEFT JOIN php34_privilege c ON b.pri_id=c.id  GROUP BY a.id LIMIT 0,20   [ RunTime:0.071833s ]
INFO: [ view_parse ] --START--
INFO: [ template_filter ] --START--
INFO: Run Behavior\ContentReplaceBehavior [ RunTime:0.000306s ]
INFO: [ template_filter ] --END-- [ RunTime:0.000547s ]
INFO: Run Behavior\ParseTemplateBehavior [ RunTime:0.144266s ]
INFO: [ view_parse ] --END-- [ RunTime:0.144392s ]
INFO: [ view_filter ] --START--
INFO: Run Behavior\WriteHtmlCacheBehavior [ RunTime:0.000590s ]
INFO: [ view_filter ] --END-- [ RunTime:0.000642s ]
INFO: [ app_end ] --START--
INFO: Run Behavior\ShowPageTraceBehavior [ RunTime:0.000754s ]
INFO: [ app_end ] --END-- [ RunTime:0.000835s ]

[ 2016-12-23T17:00:31+08:00 ] 127.0.0.1 /index.php/Admin/Role/lst.html
INFO: [ app_init ] --START--
INFO: Run Behavior\BuildLiteBehavior [ RunTime:0.000017s ]
INFO: [ app_init ] --END-- [ RunTime:0.000497s ]
INFO: [ app_begin ] --START--
INFO: Run Behavior\ReadHtmlCacheBehavior [ RunTime:0.000734s ]
INFO: [ app_begin ] --END-- [ RunTime:0.000807s ]
SQL: SELECT COUNT(*) has FROM php34_privilege WHERE module_name="Admin" AND controller_name="Role" AND action_name="lst" [ RunTime:0.000144s ]
SQL: SHOW COLUMNS FROM `php34_role` [ RunTime:0.005425s ]
SQL: SELECT COUNT(*) AS tp_count FROM php34_role a LIMIT 1   [ RunTime:0.000636s ]
SQL: SELECT a.*,GROUP_CONCAT(c.pri_name) pri_name FROM php34_role a LEFT JOIN php34_role_privilege b ON a.id=b.role_id LEFT JOIN php34_privilege c ON b.pri_id=c.id  GROUP BY a.id LIMIT 0,20   [ RunTime:0.000290s ]
INFO: [ view_parse ] --START--
INFO: [ template_filter ] --START--
INFO: Run Behavior\ContentReplaceBehavior [ RunTime:0.000069s ]
INFO: [ template_filter ] --END-- [ RunTime:0.000136s ]
INFO: Run Behavior\ParseTemplateBehavior [ RunTime:0.007479s ]
INFO: [ view_parse ] --END-- [ RunTime:0.007571s ]
INFO: [ view_filter ] --START--
INFO: Run Behavior\WriteHtmlCacheBehavior [ RunTime:0.000533s ]
INFO: [ view_filter ] --END-- [ RunTime:0.000589s ]
INFO: [ app_end ] --START--
INFO: Run Behavior\ShowPageTraceBehavior [ RunTime:0.000858s ]
INFO: [ app_end ] --END-- [ RunTime:0.000914s ]

[ 2016-12-23T17:00:33+08:00 ] 127.0.0.1 /index.php/Admin/Role/edit/id/2.html
INFO: [ app_init ] --START--
INFO: Run Behavior\BuildLiteBehavior [ RunTime:0.000018s ]
INFO: [ app_init ] --END-- [ RunTime:0.000644s ]
INFO: [ app_begin ] --START--
INFO: Run Behavior\ReadHtmlCacheBehavior [ RunTime:0.000850s ]
INFO: [ app_begin ] --END-- [ RunTime:0.000924s ]
SQL: SELECT COUNT(*) has FROM php34_privilege WHERE module_name="Admin" AND controller_name="Role" AND action_name="edit" [ RunTime:0.001156s ]
SQL: SHOW COLUMNS FROM `php34_role` [ RunTime:0.015920s ]
SQL: SELECT * FROM `php34_role` WHERE ( `id` = 2 ) LIMIT 1   [ RunTime:0.000367s ]
SQL: SHOW COLUMNS FROM `php34_privilege` [ RunTime:0.004694s ]
SQL: SELECT * FROM `php34_privilege`  [ RunTime:0.000388s ]
SQL: SHOW COLUMNS FROM `php34_role_privilege` [ RunTime:0.005784s ]
SQL: SELECT GROUP_CONCAT(pri_id) pri_id FROM `php34_role_privilege` WHERE ( `role_id` = '2' ) LIMIT 1   [ RunTime:0.000647s ]
INFO: [ view_parse ] --START--
INFO: [ template_filter ] --START--
INFO: Run Behavior\ContentReplaceBehavior [ RunTime:0.000064s ]
INFO: [ template_filter ] --END-- [ RunTime:0.000123s ]
INFO: Run Behavior\ParseTemplateBehavior [ RunTime:0.115053s ]
INFO: [ view_parse ] --END-- [ RunTime:0.115142s ]
INFO: [ view_filter ] --START--
INFO: Run Behavior\WriteHtmlCacheBehavior [ RunTime:0.000592s ]
INFO: [ view_filter ] --END-- [ RunTime:0.000664s ]
INFO: [ app_end ] --START--
INFO: Run Behavior\ShowPageTraceBehavior [ RunTime:0.000906s ]
INFO: [ app_end ] --END-- [ RunTime:0.000991s ]

[ 2016-12-23T17:21:15+08:00 ] 127.0.0.1 /index.php/Admin/Admin/lst.html
INFO: [ app_init ] --START--
INFO: Run Behavior\BuildLiteBehavior [ RunTime:0.000021s ]
INFO: [ app_init ] --END-- [ RunTime:0.001558s ]
INFO: [ app_begin ] --START--
INFO: Run Behavior\ReadHtmlCacheBehavior [ RunTime:0.001255s ]
INFO: [ app_begin ] --END-- [ RunTime:0.001341s ]
SQL: SELECT COUNT(*) has FROM php34_privilege WHERE module_name="Admin" AND controller_name="Admin" AND action_name="lst" [ RunTime:0.000173s ]
SQL: SHOW COLUMNS FROM `php34_admin` [ RunTime:0.028066s ]
SQL: SELECT COUNT(*) AS tp_count FROM php34_admin a LIMIT 1   [ RunTime:0.000279s ]
SQL: SELECT * FROM php34_admin a GROUP BY a.id LIMIT 0,20   [ RunTime:0.000421s ]
INFO: [ view_parse ] --START--
INFO: [ template_filter ] --START--
INFO: Run Behavior\ContentReplaceBehavior [ RunTime:0.000073s ]
INFO: [ template_filter ] --END-- [ RunTime:0.000167s ]
INFO: Run Behavior\ParseTemplateBehavior [ RunTime:0.099927s ]
INFO: [ view_parse ] --END-- [ RunTime:0.100052s ]
INFO: [ view_filter ] --START--
INFO: Run Behavior\WriteHtmlCacheBehavior [ RunTime:0.001079s ]
INFO: [ view_filter ] --END-- [ RunTime:0.001173s ]
INFO: [ app_end ] --START--
INFO: Run Behavior\ShowPageTraceBehavior [ RunTime:0.001869s ]
INFO: [ app_end ] --END-- [ RunTime:0.001972s ]

[ 2016-12-23T17:21:18+08:00 ] 127.0.0.1 /index.php/Admin/Admin/edit/id/4.html
INFO: [ app_init ] --START--
INFO: Run Behavior\BuildLiteBehavior [ RunTime:0.000015s ]
INFO: [ app_init ] --END-- [ RunTime:0.000578s ]
INFO: [ app_begin ] --START--
INFO: Run Behavior\ReadHtmlCacheBehavior [ RunTime:0.000737s ]
INFO: [ app_begin ] --END-- [ RunTime:0.000837s ]
SQL: SELECT COUNT(*) has FROM php34_privilege WHERE module_name="Admin" AND controller_name="Admin" AND action_name="edit" [ RunTime:0.000805s ]
SQL: SHOW COLUMNS FROM `php34_admin` [ RunTime:0.014156s ]
SQL: SELECT * FROM `php34_admin` WHERE ( `id` = 4 ) LIMIT 1   [ RunTime:0.000196s ]
SQL: SHOW COLUMNS FROM `php34_role` [ RunTime:0.014763s ]
SQL: SELECT * FROM `php34_role`  [ RunTime:0.000571s ]
SQL: SHOW COLUMNS FROM `php34_admin_role` [ RunTime:0.041457s ]
SQL: SELECT GROUP_CONCAT(role_id) role_id FROM `php34_admin_role` WHERE ( `admin_id` = '4' ) LIMIT 1   [ RunTime:0.000274s ]
INFO: [ view_parse ] --START--
INFO: [ template_filter ] --START--
INFO: Run Behavior\ContentReplaceBehavior [ RunTime:0.000057s ]
INFO: [ template_filter ] --END-- [ RunTime:0.000115s ]
INFO: Run Behavior\ParseTemplateBehavior [ RunTime:0.028469s ]
INFO: [ view_parse ] --END-- [ RunTime:0.028583s ]
INFO: [ view_filter ] --START--
INFO: Run Behavior\WriteHtmlCacheBehavior [ RunTime:0.000522s ]
INFO: [ view_filter ] --END-- [ RunTime:0.000573s ]
INFO: [ app_end ] --START--
INFO: Run Behavior\ShowPageTraceBehavior [ RunTime:0.000781s ]
INFO: [ app_end ] --END-- [ RunTime:0.000834s ]

[ 2016-12-23T17:38:57+08:00 ] 127.0.0.1 /index.php/Admin/Privilege/lst.html
INFO: [ app_init ] --START--
INFO: Run Behavior\BuildLiteBehavior [ RunTime:0.000016s ]
INFO: [ app_init ] --END-- [ RunTime:0.000676s ]
INFO: [ app_begin ] --START--
INFO: Run Behavior\ReadHtmlCacheBehavior [ RunTime:0.000795s ]
INFO: [ app_begin ] --END-- [ RunTime:0.000861s ]
SQL: SELECT COUNT(*) has FROM php34_privilege WHERE module_name="Admin" AND controller_name="Privilege" AND action_name="lst" [ RunTime:0.000245s ]
SQL: SHOW COLUMNS FROM `php34_privilege` [ RunTime:0.012496s ]
SQL: SELECT * FROM `php34_privilege`  [ RunTime:0.000379s ]
INFO: [ view_parse ] --START--
INFO: [ template_filter ] --START--
INFO: Run Behavior\ContentReplaceBehavior [ RunTime:0.000057s ]
INFO: [ template_filter ] --END-- [ RunTime:0.000138s ]
INFO: Run Behavior\ParseTemplateBehavior [ RunTime:0.051003s ]
INFO: [ view_parse ] --END-- [ RunTime:0.051107s ]
INFO: [ view_filter ] --START--
INFO: Run Behavior\WriteHtmlCacheBehavior [ RunTime:0.000617s ]
INFO: [ view_filter ] --END-- [ RunTime:0.000679s ]
INFO: [ app_end ] --START--
INFO: Run Behavior\ShowPageTraceBehavior [ RunTime:0.001848s ]
INFO: [ app_end ] --END-- [ RunTime:0.001975s ]

[ 2016-12-23T17:46:07+08:00 ] 127.0.0.1 /index.php/Admin/Category/lst.html
INFO: [ app_init ] --START--
INFO: Run Behavior\BuildLiteBehavior [ RunTime:0.000019s ]
INFO: [ app_init ] --END-- [ RunTime:0.000726s ]
INFO: [ app_begin ] --START--
INFO: Run Behavior\ReadHtmlCacheBehavior [ RunTime:0.000879s ]
INFO: [ app_begin ] --END-- [ RunTime:0.000956s ]
SQL: SELECT COUNT(*) has FROM php34_privilege WHERE module_name="Admin" AND controller_name="Category" AND action_name="lst" [ RunTime:0.001438s ]
SQL: SHOW COLUMNS FROM `php34_category` [ RunTime:0.078343s ]
SQL: SELECT * FROM `php34_category`  [ RunTime:0.000354s ]
INFO: [ view_parse ] --START--
INFO: [ template_filter ] --START--
INFO: Run Behavior\ContentReplaceBehavior [ RunTime:0.000077s ]
INFO: [ template_filter ] --END-- [ RunTime:0.000350s ]
INFO: Run Behavior\ParseTemplateBehavior [ RunTime:0.050010s ]
INFO: [ view_parse ] --END-- [ RunTime:0.050142s ]
INFO: [ view_filter ] --START--
INFO: Run Behavior\WriteHtmlCacheBehavior [ RunTime:0.000738s ]
INFO: [ view_filter ] --END-- [ RunTime:0.000813s ]
INFO: [ app_end ] --START--
INFO: Run Behavior\ShowPageTraceBehavior [ RunTime:0.001703s ]
INFO: [ app_end ] --END-- [ RunTime:0.001801s ]

[ 2016-12-23T17:46:13+08:00 ] 127.0.0.1 /index.php/Admin/Privilege/lst.html
INFO: [ app_init ] --START--
INFO: Run Behavior\BuildLiteBehavior [ RunTime:0.000018s ]
INFO: [ app_init ] --END-- [ RunTime:0.000612s ]
INFO: [ app_begin ] --START--
INFO: Run Behavior\ReadHtmlCacheBehavior [ RunTime:0.000857s ]
INFO: [ app_begin ] --END-- [ RunTime:0.000931s ]
SQL: SELECT COUNT(*) has FROM php34_privilege WHERE module_name="Admin" AND controller_name="Privilege" AND action_name="lst" [ RunTime:0.000579s ]
SQL: SHOW COLUMNS FROM `php34_privilege` [ RunTime:0.005628s ]
SQL: SELECT * FROM `php34_privilege`  [ RunTime:0.000338s ]
INFO: [ view_parse ] --START--
INFO: [ template_filter ] --START--
INFO: Run Behavior\ContentReplaceBehavior [ RunTime:0.000054s ]
INFO: [ template_filter ] --END-- [ RunTime:0.000123s ]
INFO: Run Behavior\ParseTemplateBehavior [ RunTime:0.012239s ]
INFO: [ view_parse ] --END-- [ RunTime:0.012322s ]
INFO: [ view_filter ] --START--
INFO: Run Behavior\WriteHtmlCacheBehavior [ RunTime:0.000584s ]
INFO: [ view_filter ] --END-- [ RunTime:0.000654s ]
INFO: [ app_end ] --START--
INFO: Run Behavior\ShowPageTraceBehavior [ RunTime:0.001119s ]
INFO: [ app_end ] --END-- [ RunTime:0.001211s ]

[ 2016-12-23T17:46:16+08:00 ] 127.0.0.1 /index.php/Admin/Role/lst.html
INFO: [ app_init ] --START--
INFO: Run Behavior\BuildLiteBehavior [ RunTime:0.000017s ]
INFO: [ app_init ] --END-- [ RunTime:0.000468s ]
INFO: [ app_begin ] --START--
INFO: Run Behavior\ReadHtmlCacheBehavior [ RunTime:0.000816s ]
INFO: [ app_begin ] --END-- [ RunTime:0.000879s ]
SQL: SELECT COUNT(*) has FROM php34_privilege WHERE module_name="Admin" AND controller_name="Role" AND action_name="lst" [ RunTime:0.000267s ]
SQL: SHOW COLUMNS FROM `php34_role` [ RunTime:0.007122s ]
SQL: SELECT COUNT(*) AS tp_count FROM php34_role a LIMIT 1   [ RunTime:0.000197s ]
SQL: SELECT a.*,GROUP_CONCAT(c.pri_name) pri_name FROM php34_role a LEFT JOIN php34_role_privilege b ON a.id=b.role_id LEFT JOIN php34_privilege c ON b.pri_id=c.id  GROUP BY a.id LIMIT 0,20   [ RunTime:0.000245s ]
INFO: [ view_parse ] --START--
INFO: [ template_filter ] --START--
INFO: Run Behavior\ContentReplaceBehavior [ RunTime:0.000053s ]
INFO: [ template_filter ] --END-- [ RunTime:0.000117s ]
INFO: Run Behavior\ParseTemplateBehavior [ RunTime:0.019984s ]
INFO: [ view_parse ] --END-- [ RunTime:0.020072s ]
INFO: [ view_filter ] --START--
INFO: Run Behavior\WriteHtmlCacheBehavior [ RunTime:0.000557s ]
INFO: [ view_filter ] --END-- [ RunTime:0.000629s ]
INFO: [ app_end ] --START--
INFO: Run Behavior\ShowPageTraceBehavior [ RunTime:0.000895s ]
INFO: [ app_end ] --END-- [ RunTime:0.000965s ]

[ 2016-12-23T17:48:33+08:00 ] 127.0.0.1 /index.php/Admin/Login/logout.html
INFO: [ app_init ] --START--
INFO: Run Behavior\BuildLiteBehavior [ RunTime:0.000015s ]
INFO: [ app_init ] --END-- [ RunTime:0.000671s ]
INFO: [ app_begin ] --START--
INFO: Run Behavior\ReadHtmlCacheBehavior [ RunTime:0.000785s ]
INFO: [ app_begin ] --END-- [ RunTime:0.000845s ]

[ 2016-12-23T17:48:33+08:00 ] 127.0.0.1 /index.php/Admin/Login/login.html
INFO: [ app_init ] --START--
INFO: Run Behavior\BuildLiteBehavior [ RunTime:0.000023s ]
INFO: [ app_init ] --END-- [ RunTime:0.000818s ]
INFO: [ app_begin ] --START--
INFO: Run Behavior\ReadHtmlCacheBehavior [ RunTime:0.001249s ]
INFO: [ app_begin ] --END-- [ RunTime:0.001340s ]
INFO: [ view_parse ] --START--
INFO: [ template_filter ] --START--
INFO: Run Behavior\ContentReplaceBehavior [ RunTime:0.000044s ]
INFO: [ template_filter ] --END-- [ RunTime:0.000105s ]
INFO: Run Behavior\ParseTemplateBehavior [ RunTime:0.020127s ]
INFO: [ view_parse ] --END-- [ RunTime:0.020210s ]
INFO: [ view_filter ] --START--
INFO: Run Behavior\WriteHtmlCacheBehavior [ RunTime:0.000563s ]
INFO: [ view_filter ] --END-- [ RunTime:0.000615s ]
INFO: [ app_end ] --START--
INFO: Run Behavior\ShowPageTraceBehavior [ RunTime:0.000760s ]
INFO: [ app_end ] --END-- [ RunTime:0.000822s ]

[ 2016-12-23T17:48:33+08:00 ] 127.0.0.1 /index.php/Admin/Login/chkcode.html
INFO: [ app_init ] --START--
INFO: Run Behavior\BuildLiteBehavior [ RunTime:0.000017s ]
INFO: [ app_init ] --END-- [ RunTime:0.000492s ]
INFO: [ app_begin ] --START--
INFO: Run Behavior\ReadHtmlCacheBehavior [ RunTime:0.000829s ]
INFO: [ app_begin ] --END-- [ RunTime:0.000930s ]
INFO: [ app_end ] --START--
INFO: Run Behavior\ShowPageTraceBehavior [ RunTime:0.001039s ]
INFO: [ app_end ] --END-- [ RunTime:0.001140s ]

