[ 2016-10-08T17:34:00+08:00 ] 127.0.0.1 /index.php/Home/Search/search/cid/4.html
INFO: [ app_init ] --START--
INFO: Run Behavior\BuildLiteBehavior [ RunTime:0.000023s ]
INFO: [ app_init ] --END-- [ RunTime:0.001229s ]
INFO: [ app_begin ] --START--
INFO: Run Behavior\ReadHtmlCacheBehavior [ RunTime:0.000759s ]
INFO: [ app_begin ] --END-- [ RunTime:0.000852s ]
SQL: SHOW COLUMNS FROM `php34_category` [ RunTime:0.006788s ]
SQL: SELECT * FROM `php34_category`  [ RunTime:0.000250s ]
SQL: SHOW COLUMNS FROM `php34_goods` [ RunTime:0.006492s ]
SQL: SHOW COLUMNS FROM `php34_goods_cat` [ RunTime:0.005181s ]
SQL: SELECT GROUP_CONCAT(DISTINCT goods_id) goods_id FROM `php34_goods_cat` WHERE ( `cat_id` = '4' ) LIMIT 1   [ RunTime:0.000214s ]
SQL: SELECT MIN(shop_price) minprice,MAX(shop_price) maxprice FROM `php34_goods` WHERE (  (`cat_id` =4 )  ) LIMIT 1   [ RunTime:0.000166s ]
SQL: SELECT COUNT(*) AS tp_count FROM `php34_goods` WHERE (  (`shop_price` BETWEEN 0 AND -1 ) ) AND (  (`cat_id` =4 )  ) AND ( `is_on_sale` = 1 ) AND ( `is_delete` = 0 ) LIMIT 1   [ RunTime:0.000393s ]
SQL: SELECT COUNT(*) AS tp_count FROM `php34_goods` WHERE (  (`shop_price` BETWEEN 0 AND -1 ) ) AND (  (`cat_id` =4 )  ) AND ( `is_on_sale` = 1 ) AND ( `is_delete` = 0 ) LIMIT 1   [ RunTime:0.000303s ]
SQL: SELECT COUNT(*) AS tp_count FROM `php34_goods` WHERE (  (`shop_price` BETWEEN 0 AND -1 ) ) AND (  (`cat_id` =4 )  ) AND ( `is_on_sale` = 1 ) AND ( `is_delete` = 0 ) LIMIT 1   [ RunTime:0.000205s ]
SQL: SELECT COUNT(*) AS tp_count FROM `php34_goods` WHERE (  (`shop_price` BETWEEN 0 AND -1 ) ) AND (  (`cat_id` =4 )  ) AND ( `is_on_sale` = 1 ) AND ( `is_delete` = 0 ) LIMIT 1   [ RunTime:0.000158s ]
SQL: SELECT COUNT(*) AS tp_count FROM `php34_goods` WHERE (  (`shop_price` BETWEEN 0 AND -1 ) ) AND (  (`cat_id` =4 )  ) AND ( `is_on_sale` = 1 ) AND ( `is_delete` = 0 ) LIMIT 1   [ RunTime:0.000148s ]
SQL: SELECT COUNT(*) AS tp_count FROM `php34_goods` WHERE (  (`shop_price` BETWEEN 0 AND -1 ) ) AND (  (`cat_id` =4 )  ) AND ( `is_on_sale` = 1 ) AND ( `is_delete` = 0 ) LIMIT 1   [ RunTime:0.000225s ]
SQL: SELECT COUNT(*) AS tp_count FROM `php34_goods` WHERE (  (`shop_price` BETWEEN 0 AND 0 ) ) AND ( `cat_id` = '4' ) AND ( `is_on_sale` = 1 ) AND ( `is_delete` = 0 ) LIMIT 1   [ RunTime:0.000412s ]
SQL: SELECT * FROM `php34_category` WHERE ( id=4 ) LIMIT 1   [ RunTime:0.000268s ]
SQL: SELECT * FROM `php34_category` WHERE ( id=3 ) LIMIT 1   [ RunTime:0.000186s ]

[ 2016-10-08T17:35:07+08:00 ] 127.0.0.1 /index.php/Home/Search/search/cid/4.html
INFO: [ app_init ] --START--
INFO: Run Behavior\BuildLiteBehavior [ RunTime:0.000029s ]
INFO: [ app_init ] --END-- [ RunTime:0.000679s ]
INFO: [ app_begin ] --START--
INFO: Run Behavior\ReadHtmlCacheBehavior [ RunTime:0.000786s ]
INFO: [ app_begin ] --END-- [ RunTime:0.000880s ]
SQL: SHOW COLUMNS FROM `php34_category` [ RunTime:0.007168s ]
SQL: SELECT * FROM `php34_category`  [ RunTime:0.000308s ]
SQL: SHOW COLUMNS FROM `php34_goods` [ RunTime:0.008462s ]
SQL: SHOW COLUMNS FROM `php34_goods_cat` [ RunTime:0.008383s ]
SQL: SELECT GROUP_CONCAT(DISTINCT goods_id) goods_id FROM `php34_goods_cat` WHERE ( `cat_id` = '4' ) LIMIT 1   [ RunTime:0.000331s ]
SQL: SELECT MIN(shop_price) minprice,MAX(shop_price) maxprice FROM `php34_goods` WHERE (  (`cat_id` =4 )  ) LIMIT 1   [ RunTime:0.000280s ]
SQL: SELECT COUNT(*) AS tp_count FROM `php34_goods` WHERE (  (`shop_price` BETWEEN 0 AND -1 ) ) AND (  (`cat_id` =4 )  ) AND ( `is_on_sale` = 1 ) AND ( `is_delete` = 0 ) LIMIT 1   [ RunTime:0.000188s ]
SQL: SELECT COUNT(*) AS tp_count FROM `php34_goods` WHERE (  (`shop_price` BETWEEN 0 AND -1 ) ) AND (  (`cat_id` =4 )  ) AND ( `is_on_sale` = 1 ) AND ( `is_delete` = 0 ) LIMIT 1   [ RunTime:0.000215s ]
SQL: SELECT COUNT(*) AS tp_count FROM `php34_goods` WHERE (  (`shop_price` BETWEEN 0 AND -1 ) ) AND (  (`cat_id` =4 )  ) AND ( `is_on_sale` = 1 ) AND ( `is_delete` = 0 ) LIMIT 1   [ RunTime:0.000270s ]
SQL: SELECT COUNT(*) AS tp_count FROM `php34_goods` WHERE (  (`shop_price` BETWEEN 0 AND -1 ) ) AND (  (`cat_id` =4 )  ) AND ( `is_on_sale` = 1 ) AND ( `is_delete` = 0 ) LIMIT 1   [ RunTime:0.000237s ]
SQL: SELECT COUNT(*) AS tp_count FROM `php34_goods` WHERE (  (`shop_price` BETWEEN 0 AND -1 ) ) AND (  (`cat_id` =4 )  ) AND ( `is_on_sale` = 1 ) AND ( `is_delete` = 0 ) LIMIT 1   [ RunTime:0.000202s ]
SQL: SELECT COUNT(*) AS tp_count FROM `php34_goods` WHERE (  (`shop_price` BETWEEN 0 AND -1 ) ) AND (  (`cat_id` =4 )  ) AND ( `is_on_sale` = 1 ) AND ( `is_delete` = 0 ) LIMIT 1   [ RunTime:0.000175s ]
SQL: SELECT COUNT(*) AS tp_count FROM `php34_goods` WHERE (  (`shop_price` BETWEEN 0 AND 0 ) ) AND ( `cat_id` = '4' ) AND ( `is_on_sale` = 1 ) AND ( `is_delete` = 0 ) LIMIT 1   [ RunTime:0.000150s ]
SQL: SELECT * FROM `php34_category` WHERE ( id=4 ) LIMIT 1   [ RunTime:0.000249s ]
SQL: SELECT * FROM `php34_category` WHERE ( id=3 ) LIMIT 1   [ RunTime:0.000197s ]

[ 2016-10-08T17:36:02+08:00 ] 127.0.0.1 /index.php/Home/Search/search/cid/4.html
INFO: [ app_init ] --START--
INFO: Run Behavior\BuildLiteBehavior [ RunTime:0.000016s ]
INFO: [ app_init ] --END-- [ RunTime:0.000567s ]
INFO: [ app_begin ] --START--
INFO: Run Behavior\ReadHtmlCacheBehavior [ RunTime:0.000694s ]
INFO: [ app_begin ] --END-- [ RunTime:0.000754s ]
SQL: SHOW COLUMNS FROM `php34_category` [ RunTime:0.006814s ]
SQL: SELECT * FROM `php34_category`  [ RunTime:0.000294s ]
SQL: SHOW COLUMNS FROM `php34_goods` [ RunTime:0.009854s ]
SQL: SHOW COLUMNS FROM `php34_goods_cat` [ RunTime:0.005983s ]
SQL: SELECT GROUP_CONCAT(DISTINCT goods_id) goods_id FROM `php34_goods_cat` WHERE ( `cat_id` = '4' ) LIMIT 1   [ RunTime:0.000488s ]
SQL: SELECT MIN(shop_price) minprice,MAX(shop_price) maxprice FROM `php34_goods` WHERE (  (`cat_id` =4 )  ) LIMIT 1   [ RunTime:0.000137s ]
SQL: SELECT COUNT(*) AS tp_count FROM `php34_goods` WHERE (  (`shop_price` BETWEEN 0 AND -1 ) ) AND (  (`cat_id` =4 )  ) AND ( `is_on_sale` = 1 ) AND ( `is_delete` = 0 ) LIMIT 1   [ RunTime:0.000138s ]
SQL: SELECT COUNT(*) AS tp_count FROM `php34_goods` WHERE (  (`shop_price` BETWEEN 0 AND -1 ) ) AND (  (`cat_id` =4 )  ) AND ( `is_on_sale` = 1 ) AND ( `is_delete` = 0 ) LIMIT 1   [ RunTime:0.000126s ]
SQL: SELECT COUNT(*) AS tp_count FROM `php34_goods` WHERE (  (`shop_price` BETWEEN 0 AND -1 ) ) AND (  (`cat_id` =4 )  ) AND ( `is_on_sale` = 1 ) AND ( `is_delete` = 0 ) LIMIT 1   [ RunTime:0.000159s ]
SQL: SELECT COUNT(*) AS tp_count FROM `php34_goods` WHERE (  (`shop_price` BETWEEN 0 AND -1 ) ) AND (  (`cat_id` =4 )  ) AND ( `is_on_sale` = 1 ) AND ( `is_delete` = 0 ) LIMIT 1   [ RunTime:0.000156s ]
SQL: SELECT COUNT(*) AS tp_count FROM `php34_goods` WHERE (  (`shop_price` BETWEEN 0 AND -1 ) ) AND (  (`cat_id` =4 )  ) AND ( `is_on_sale` = 1 ) AND ( `is_delete` = 0 ) LIMIT 1   [ RunTime:0.000308s ]
SQL: SELECT COUNT(*) AS tp_count FROM `php34_goods` WHERE (  (`shop_price` BETWEEN 0 AND -1 ) ) AND (  (`cat_id` =4 )  ) AND ( `is_on_sale` = 1 ) AND ( `is_delete` = 0 ) LIMIT 1   [ RunTime:0.000231s ]
SQL: SELECT COUNT(*) AS tp_count FROM `php34_goods` WHERE (  (`shop_price` BETWEEN 0 AND 0 ) ) AND ( `cat_id` = '4' ) AND ( `is_on_sale` = 1 ) AND ( `is_delete` = 0 ) LIMIT 1   [ RunTime:0.000162s ]
SQL: SELECT * FROM `php34_category` WHERE ( id=4 ) LIMIT 1   [ RunTime:0.000284s ]
SQL: SELECT * FROM `php34_category` WHERE ( id=3 ) LIMIT 1   [ RunTime:0.000249s ]

[ 2016-10-08T17:36:39+08:00 ] 127.0.0.1 /index.php/Home/Search/search/cid/4.html
INFO: [ app_init ] --START--
INFO: Run Behavior\BuildLiteBehavior [ RunTime:0.000016s ]
INFO: [ app_init ] --END-- [ RunTime:0.000539s ]
INFO: [ app_begin ] --START--
INFO: Run Behavior\ReadHtmlCacheBehavior [ RunTime:0.000692s ]
INFO: [ app_begin ] --END-- [ RunTime:0.000764s ]

[ 2016-10-08T17:36:52+08:00 ] 127.0.0.1 /index.php/Home/Search/search/cid/4.html
INFO: [ app_init ] --START--
INFO: Run Behavior\BuildLiteBehavior [ RunTime:0.000016s ]
INFO: [ app_init ] --END-- [ RunTime:0.000513s ]
INFO: [ app_begin ] --START--
INFO: Run Behavior\ReadHtmlCacheBehavior [ RunTime:0.000574s ]
INFO: [ app_begin ] --END-- [ RunTime:0.000640s ]
SQL: SHOW COLUMNS FROM `php34_category` [ RunTime:0.005802s ]
SQL: SELECT * FROM `php34_category`  [ RunTime:0.000272s ]
SQL: SHOW COLUMNS FROM `php34_goods` [ RunTime:0.012153s ]
SQL: SHOW COLUMNS FROM `php34_goods_cat` [ RunTime:0.011775s ]
SQL: SELECT GROUP_CONCAT(DISTINCT goods_id) goods_id FROM `php34_goods_cat` WHERE ( `cat_id` = '4' ) LIMIT 1   [ RunTime:0.000269s ]
SQL: SELECT MIN(shop_price) minprice,MAX(shop_price) maxprice FROM `php34_goods` WHERE (  (`cat_id` =4 )  ) LIMIT 1   [ RunTime:0.000162s ]
SQL: SELECT COUNT(*) AS tp_count FROM `php34_goods` WHERE (  (`shop_price` BETWEEN 0 AND -1 ) ) AND (  (`cat_id` =4 )  ) AND ( `is_on_sale` = 1 ) AND ( `is_delete` = 0 ) LIMIT 1   [ RunTime:0.000146s ]
SQL: SELECT COUNT(*) AS tp_count FROM `php34_goods` WHERE (  (`shop_price` BETWEEN 0 AND -1 ) ) AND (  (`cat_id` =4 )  ) AND ( `is_on_sale` = 1 ) AND ( `is_delete` = 0 ) LIMIT 1   [ RunTime:0.000141s ]
SQL: SELECT COUNT(*) AS tp_count FROM `php34_goods` WHERE (  (`shop_price` BETWEEN 0 AND -1 ) ) AND (  (`cat_id` =4 )  ) AND ( `is_on_sale` = 1 ) AND ( `is_delete` = 0 ) LIMIT 1   [ RunTime:0.000174s ]
SQL: SELECT COUNT(*) AS tp_count FROM `php34_goods` WHERE (  (`shop_price` BETWEEN 0 AND -1 ) ) AND (  (`cat_id` =4 )  ) AND ( `is_on_sale` = 1 ) AND ( `is_delete` = 0 ) LIMIT 1   [ RunTime:0.000173s ]
SQL: SELECT COUNT(*) AS tp_count FROM `php34_goods` WHERE (  (`shop_price` BETWEEN 0 AND -1 ) ) AND (  (`cat_id` =4 )  ) AND ( `is_on_sale` = 1 ) AND ( `is_delete` = 0 ) LIMIT 1   [ RunTime:0.000183s ]
SQL: SELECT COUNT(*) AS tp_count FROM `php34_goods` WHERE (  (`shop_price` BETWEEN 0 AND -1 ) ) AND (  (`cat_id` =4 )  ) AND ( `is_on_sale` = 1 ) AND ( `is_delete` = 0 ) LIMIT 1   [ RunTime:0.000145s ]
SQL: SELECT COUNT(*) AS tp_count FROM `php34_goods` WHERE (  (`shop_price` BETWEEN 0 AND 0 ) ) AND ( `cat_id` = '4' ) AND ( `is_on_sale` = 1 ) AND ( `is_delete` = 0 ) LIMIT 1   [ RunTime:0.000144s ]
SQL: SELECT * FROM `php34_category` WHERE ( id=4 ) LIMIT 1   [ RunTime:0.000291s ]

[ 2016-10-08T17:37:30+08:00 ] 127.0.0.1 /index.php/Home/Search/search/cid/4.html
INFO: [ app_init ] --START--
INFO: Run Behavior\BuildLiteBehavior [ RunTime:0.000014s ]
INFO: [ app_init ] --END-- [ RunTime:0.000704s ]
INFO: [ app_begin ] --START--
INFO: Run Behavior\ReadHtmlCacheBehavior [ RunTime:0.000712s ]
INFO: [ app_begin ] --END-- [ RunTime:0.000773s ]
SQL: SHOW COLUMNS FROM `php34_category` [ RunTime:0.004923s ]
SQL: SELECT * FROM `php34_category`  [ RunTime:0.000313s ]
SQL: SHOW COLUMNS FROM `php34_goods` [ RunTime:0.006511s ]
SQL: SHOW COLUMNS FROM `php34_goods_cat` [ RunTime:0.006553s ]
SQL: SELECT GROUP_CONCAT(DISTINCT goods_id) goods_id FROM `php34_goods_cat` WHERE ( `cat_id` = '4' ) LIMIT 1   [ RunTime:0.000389s ]
SQL: SELECT MIN(shop_price) minprice,MAX(shop_price) maxprice FROM `php34_goods` WHERE (  (`cat_id` =4 )  ) LIMIT 1   [ RunTime:0.000422s ]
SQL: SELECT COUNT(*) AS tp_count FROM `php34_goods` WHERE (  (`shop_price` BETWEEN 0 AND -1 ) ) AND (  (`cat_id` =4 )  ) AND ( `is_on_sale` = 1 ) AND ( `is_delete` = 0 ) LIMIT 1   [ RunTime:0.000268s ]
SQL: SELECT COUNT(*) AS tp_count FROM `php34_goods` WHERE (  (`shop_price` BETWEEN 0 AND -1 ) ) AND (  (`cat_id` =4 )  ) AND ( `is_on_sale` = 1 ) AND ( `is_delete` = 0 ) LIMIT 1   [ RunTime:0.000239s ]
SQL: SELECT COUNT(*) AS tp_count FROM `php34_goods` WHERE (  (`shop_price` BETWEEN 0 AND -1 ) ) AND (  (`cat_id` =4 )  ) AND ( `is_on_sale` = 1 ) AND ( `is_delete` = 0 ) LIMIT 1   [ RunTime:0.000228s ]
SQL: SELECT COUNT(*) AS tp_count FROM `php34_goods` WHERE (  (`shop_price` BETWEEN 0 AND -1 ) ) AND (  (`cat_id` =4 )  ) AND ( `is_on_sale` = 1 ) AND ( `is_delete` = 0 ) LIMIT 1   [ RunTime:0.000166s ]
SQL: SELECT COUNT(*) AS tp_count FROM `php34_goods` WHERE (  (`shop_price` BETWEEN 0 AND -1 ) ) AND (  (`cat_id` =4 )  ) AND ( `is_on_sale` = 1 ) AND ( `is_delete` = 0 ) LIMIT 1   [ RunTime:0.000122s ]
SQL: SELECT COUNT(*) AS tp_count FROM `php34_goods` WHERE (  (`shop_price` BETWEEN 0 AND -1 ) ) AND (  (`cat_id` =4 )  ) AND ( `is_on_sale` = 1 ) AND ( `is_delete` = 0 ) LIMIT 1   [ RunTime:0.000151s ]
SQL: SELECT COUNT(*) AS tp_count FROM `php34_goods` WHERE (  (`shop_price` BETWEEN 0 AND 0 ) ) AND ( `cat_id` = '4' ) AND ( `is_on_sale` = 1 ) AND ( `is_delete` = 0 ) LIMIT 1   [ RunTime:0.000157s ]
SQL: SELECT * FROM `php34_category` WHERE ( id=4 ) LIMIT 1   [ RunTime:0.000271s ]
SQL: SELECT * FROM `php34_category` WHERE ( id=3 ) LIMIT 1   [ RunTime:0.000189s ]

[ 2016-10-08T17:37:45+08:00 ] 127.0.0.1 /index.php/Home/Search/search/cid/4.html
INFO: [ app_init ] --START--
INFO: Run Behavior\BuildLiteBehavior [ RunTime:0.000025s ]
INFO: [ app_init ] --END-- [ RunTime:0.000681s ]
INFO: [ app_begin ] --START--
INFO: Run Behavior\ReadHtmlCacheBehavior [ RunTime:0.000713s ]
INFO: [ app_begin ] --END-- [ RunTime:0.000810s ]
SQL: SHOW COLUMNS FROM `php34_category` [ RunTime:0.005715s ]
SQL: SELECT * FROM `php34_category`  [ RunTime:0.000248s ]
SQL: SHOW COLUMNS FROM `php34_goods` [ RunTime:0.006504s ]
SQL: SHOW COLUMNS FROM `php34_goods_cat` [ RunTime:0.006661s ]
SQL: SELECT GROUP_CONCAT(DISTINCT goods_id) goods_id FROM `php34_goods_cat` WHERE ( `cat_id` = '4' ) LIMIT 1   [ RunTime:0.000178s ]
SQL: SELECT MIN(shop_price) minprice,MAX(shop_price) maxprice FROM `php34_goods` WHERE (  (`cat_id` =4 )  ) LIMIT 1   [ RunTime:0.000106s ]
SQL: SELECT COUNT(*) AS tp_count FROM `php34_goods` WHERE (  (`shop_price` BETWEEN 0 AND -1 ) ) AND (  (`cat_id` =4 )  ) AND ( `is_on_sale` = 1 ) AND ( `is_delete` = 0 ) LIMIT 1   [ RunTime:0.000101s ]
SQL: SELECT COUNT(*) AS tp_count FROM `php34_goods` WHERE (  (`shop_price` BETWEEN 0 AND -1 ) ) AND (  (`cat_id` =4 )  ) AND ( `is_on_sale` = 1 ) AND ( `is_delete` = 0 ) LIMIT 1   [ RunTime:0.000095s ]
SQL: SELECT COUNT(*) AS tp_count FROM `php34_goods` WHERE (  (`shop_price` BETWEEN 0 AND -1 ) ) AND (  (`cat_id` =4 )  ) AND ( `is_on_sale` = 1 ) AND ( `is_delete` = 0 ) LIMIT 1   [ RunTime:0.000097s ]
SQL: SELECT COUNT(*) AS tp_count FROM `php34_goods` WHERE (  (`shop_price` BETWEEN 0 AND -1 ) ) AND (  (`cat_id` =4 )  ) AND ( `is_on_sale` = 1 ) AND ( `is_delete` = 0 ) LIMIT 1   [ RunTime:0.000091s ]
SQL: SELECT COUNT(*) AS tp_count FROM `php34_goods` WHERE (  (`shop_price` BETWEEN 0 AND -1 ) ) AND (  (`cat_id` =4 )  ) AND ( `is_on_sale` = 1 ) AND ( `is_delete` = 0 ) LIMIT 1   [ RunTime:0.000093s ]
SQL: SELECT COUNT(*) AS tp_count FROM `php34_goods` WHERE (  (`shop_price` BETWEEN 0 AND -1 ) ) AND (  (`cat_id` =4 )  ) AND ( `is_on_sale` = 1 ) AND ( `is_delete` = 0 ) LIMIT 1   [ RunTime:0.000095s ]
SQL: SELECT COUNT(*) AS tp_count FROM `php34_goods` WHERE (  (`shop_price` BETWEEN 0 AND 0 ) ) AND ( `cat_id` = '4' ) AND ( `is_on_sale` = 1 ) AND ( `is_delete` = 0 ) LIMIT 1   [ RunTime:0.000116s ]
SQL: SELECT * FROM `php34_category` WHERE ( id=4 ) LIMIT 1   [ RunTime:0.000255s ]
SQL: SELECT * FROM `php34_category` WHERE ( id=3 ) LIMIT 1   [ RunTime:0.000136s ]

[ 2016-10-08T17:39:21+08:00 ] 127.0.0.1 /index.php/Home/Search/search/cid/4.html
INFO: [ app_init ] --START--
INFO: Run Behavior\BuildLiteBehavior [ RunTime:0.000026s ]
INFO: [ app_init ] --END-- [ RunTime:0.000535s ]
INFO: [ app_begin ] --START--
INFO: Run Behavior\ReadHtmlCacheBehavior [ RunTime:0.000637s ]
INFO: [ app_begin ] --END-- [ RunTime:0.000699s ]
SQL: SHOW COLUMNS FROM `php34_category` [ RunTime:0.004560s ]
SQL: SELECT * FROM `php34_category`  [ RunTime:0.000288s ]
SQL: SHOW COLUMNS FROM `php34_goods` [ RunTime:0.011890s ]
SQL: SHOW COLUMNS FROM `php34_goods_cat` [ RunTime:0.005519s ]
SQL: SELECT GROUP_CONCAT(DISTINCT goods_id) goods_id FROM `php34_goods_cat` WHERE ( `cat_id` = '4' ) LIMIT 1   [ RunTime:0.000219s ]
SQL: SELECT MIN(shop_price) minprice,MAX(shop_price) maxprice FROM `php34_goods` WHERE (  (`cat_id` =4 )  ) LIMIT 1   [ RunTime:0.000652s ]
SQL: SELECT COUNT(*) AS tp_count FROM `php34_goods` WHERE (  (`shop_price` BETWEEN 0 AND -1 ) ) AND (  (`cat_id` =4 )  ) AND ( `is_on_sale` = 1 ) AND ( `is_delete` = 0 ) LIMIT 1   [ RunTime:0.000278s ]
SQL: SELECT COUNT(*) AS tp_count FROM `php34_goods` WHERE (  (`shop_price` BETWEEN 0 AND -1 ) ) AND (  (`cat_id` =4 )  ) AND ( `is_on_sale` = 1 ) AND ( `is_delete` = 0 ) LIMIT 1   [ RunTime:0.000545s ]
SQL: SELECT COUNT(*) AS tp_count FROM `php34_goods` WHERE (  (`shop_price` BETWEEN 0 AND -1 ) ) AND (  (`cat_id` =4 )  ) AND ( `is_on_sale` = 1 ) AND ( `is_delete` = 0 ) LIMIT 1   [ RunTime:0.000295s ]
SQL: SELECT COUNT(*) AS tp_count FROM `php34_goods` WHERE (  (`shop_price` BETWEEN 0 AND -1 ) ) AND (  (`cat_id` =4 )  ) AND ( `is_on_sale` = 1 ) AND ( `is_delete` = 0 ) LIMIT 1   [ RunTime:0.000318s ]
SQL: SELECT COUNT(*) AS tp_count FROM `php34_goods` WHERE (  (`shop_price` BETWEEN 0 AND -1 ) ) AND (  (`cat_id` =4 )  ) AND ( `is_on_sale` = 1 ) AND ( `is_delete` = 0 ) LIMIT 1   [ RunTime:0.000236s ]
SQL: SELECT COUNT(*) AS tp_count FROM `php34_goods` WHERE (  (`shop_price` BETWEEN 0 AND -1 ) ) AND (  (`cat_id` =4 )  ) AND ( `is_on_sale` = 1 ) AND ( `is_delete` = 0 ) LIMIT 1   [ RunTime:0.000256s ]
SQL: SELECT COUNT(*) AS tp_count FROM `php34_goods` WHERE (  (`shop_price` BETWEEN 0 AND 0 ) ) AND ( `cat_id` = '4' ) AND ( `is_on_sale` = 1 ) AND ( `is_delete` = 0 ) LIMIT 1   [ RunTime:0.000231s ]
SQL: SELECT * FROM `php34_category` WHERE ( id=4 ) LIMIT 1   [ RunTime:0.000293s ]
SQL: SELECT * FROM `php34_category` WHERE ( id=3 ) LIMIT 1   [ RunTime:0.000195s ]

[ 2016-10-08T17:39:31+08:00 ] 127.0.0.1 /index.php/Home/Search/search/cid/4.html
INFO: [ app_init ] --START--
INFO: Run Behavior\BuildLiteBehavior [ RunTime:0.000017s ]
INFO: [ app_init ] --END-- [ RunTime:0.000560s ]
INFO: [ app_begin ] --START--
INFO: Run Behavior\ReadHtmlCacheBehavior [ RunTime:0.000833s ]
INFO: [ app_begin ] --END-- [ RunTime:0.000926s ]
SQL: SHOW COLUMNS FROM `php34_category` [ RunTime:0.005584s ]
SQL: SELECT * FROM `php34_category`  [ RunTime:0.000261s ]
SQL: SHOW COLUMNS FROM `php34_goods` [ RunTime:0.006543s ]
SQL: SHOW COLUMNS FROM `php34_goods_cat` [ RunTime:0.007638s ]
SQL: SELECT GROUP_CONCAT(DISTINCT goods_id) goods_id FROM `php34_goods_cat` WHERE ( `cat_id` = '4' ) LIMIT 1   [ RunTime:0.000329s ]
SQL: SELECT MIN(shop_price) minprice,MAX(shop_price) maxprice FROM `php34_goods` WHERE (  (`cat_id` =4 )  ) LIMIT 1   [ RunTime:0.000210s ]
SQL: SELECT COUNT(*) AS tp_count FROM `php34_goods` WHERE (  (`shop_price` BETWEEN 0 AND -1 ) ) AND (  (`cat_id` =4 )  ) AND ( `is_on_sale` = 1 ) AND ( `is_delete` = 0 ) LIMIT 1   [ RunTime:0.000146s ]
SQL: SELECT COUNT(*) AS tp_count FROM `php34_goods` WHERE (  (`shop_price` BETWEEN 0 AND -1 ) ) AND (  (`cat_id` =4 )  ) AND ( `is_on_sale` = 1 ) AND ( `is_delete` = 0 ) LIMIT 1   [ RunTime:0.000146s ]
SQL: SELECT COUNT(*) AS tp_count FROM `php34_goods` WHERE (  (`shop_price` BETWEEN 0 AND -1 ) ) AND (  (`cat_id` =4 )  ) AND ( `is_on_sale` = 1 ) AND ( `is_delete` = 0 ) LIMIT 1   [ RunTime:0.000200s ]
SQL: SELECT COUNT(*) AS tp_count FROM `php34_goods` WHERE (  (`shop_price` BETWEEN 0 AND -1 ) ) AND (  (`cat_id` =4 )  ) AND ( `is_on_sale` = 1 ) AND ( `is_delete` = 0 ) LIMIT 1   [ RunTime:0.000159s ]
SQL: SELECT COUNT(*) AS tp_count FROM `php34_goods` WHERE (  (`shop_price` BETWEEN 0 AND -1 ) ) AND (  (`cat_id` =4 )  ) AND ( `is_on_sale` = 1 ) AND ( `is_delete` = 0 ) LIMIT 1   [ RunTime:0.000148s ]
SQL: SELECT COUNT(*) AS tp_count FROM `php34_goods` WHERE (  (`shop_price` BETWEEN 0 AND -1 ) ) AND (  (`cat_id` =4 )  ) AND ( `is_on_sale` = 1 ) AND ( `is_delete` = 0 ) LIMIT 1   [ RunTime:0.000208s ]
SQL: SELECT COUNT(*) AS tp_count FROM `php34_goods` WHERE (  (`shop_price` BETWEEN 0 AND 0 ) ) AND ( `cat_id` = '4' ) AND ( `is_on_sale` = 1 ) AND ( `is_delete` = 0 ) LIMIT 1   [ RunTime:0.000152s ]
SQL: SELECT * FROM `php34_category` WHERE ( id=4 ) LIMIT 1   [ RunTime:0.000413s ]
SQL: SELECT * FROM `php34_category` WHERE ( id=3 ) LIMIT 1   [ RunTime:0.000345s ]

[ 2016-10-08T17:40:12+08:00 ] 127.0.0.1 /index.php/Home/Search/search/cid/4.html
INFO: [ app_init ] --START--
INFO: Run Behavior\BuildLiteBehavior [ RunTime:0.000014s ]
INFO: [ app_init ] --END-- [ RunTime:0.000482s ]
INFO: [ app_begin ] --START--
INFO: Run Behavior\ReadHtmlCacheBehavior [ RunTime:0.000603s ]
INFO: [ app_begin ] --END-- [ RunTime:0.000663s ]
SQL: SHOW COLUMNS FROM `php34_category` [ RunTime:0.005332s ]
SQL: SELECT * FROM `php34_category`  [ RunTime:0.000243s ]
SQL: SHOW COLUMNS FROM `php34_goods` [ RunTime:0.005541s ]
SQL: SHOW COLUMNS FROM `php34_goods_cat` [ RunTime:0.006091s ]
SQL: SELECT GROUP_CONCAT(DISTINCT goods_id) goods_id FROM `php34_goods_cat` WHERE ( `cat_id` = '4' ) LIMIT 1   [ RunTime:0.000237s ]
SQL: SELECT MIN(shop_price) minprice,MAX(shop_price) maxprice FROM `php34_goods` WHERE (  (`cat_id` =4 )  ) LIMIT 1   [ RunTime:0.000155s ]
SQL: SELECT COUNT(*) AS tp_count FROM `php34_goods` WHERE (  (`shop_price` BETWEEN 0 AND -1 ) ) AND (  (`cat_id` =4 )  ) AND ( `is_on_sale` = 1 ) AND ( `is_delete` = 0 ) LIMIT 1   [ RunTime:0.000150s ]
SQL: SELECT COUNT(*) AS tp_count FROM `php34_goods` WHERE (  (`shop_price` BETWEEN 0 AND -1 ) ) AND (  (`cat_id` =4 )  ) AND ( `is_on_sale` = 1 ) AND ( `is_delete` = 0 ) LIMIT 1   [ RunTime:0.000158s ]
SQL: SELECT COUNT(*) AS tp_count FROM `php34_goods` WHERE (  (`shop_price` BETWEEN 0 AND -1 ) ) AND (  (`cat_id` =4 )  ) AND ( `is_on_sale` = 1 ) AND ( `is_delete` = 0 ) LIMIT 1   [ RunTime:0.000177s ]
SQL: SELECT COUNT(*) AS tp_count FROM `php34_goods` WHERE (  (`shop_price` BETWEEN 0 AND -1 ) ) AND (  (`cat_id` =4 )  ) AND ( `is_on_sale` = 1 ) AND ( `is_delete` = 0 ) LIMIT 1   [ RunTime:0.000130s ]
SQL: SELECT COUNT(*) AS tp_count FROM `php34_goods` WHERE (  (`shop_price` BETWEEN 0 AND -1 ) ) AND (  (`cat_id` =4 )  ) AND ( `is_on_sale` = 1 ) AND ( `is_delete` = 0 ) LIMIT 1   [ RunTime:0.000139s ]
SQL: SELECT COUNT(*) AS tp_count FROM `php34_goods` WHERE (  (`shop_price` BETWEEN 0 AND -1 ) ) AND (  (`cat_id` =4 )  ) AND ( `is_on_sale` = 1 ) AND ( `is_delete` = 0 ) LIMIT 1   [ RunTime:0.000222s ]
SQL: SELECT COUNT(*) AS tp_count FROM `php34_goods` WHERE (  (`shop_price` BETWEEN 0 AND 0 ) ) AND ( `cat_id` = '4' ) AND ( `is_on_sale` = 1 ) AND ( `is_delete` = 0 ) LIMIT 1   [ RunTime:0.000156s ]
SQL: SELECT * FROM `php34_category` WHERE ( id=4 ) LIMIT 1   [ RunTime:0.000284s ]
SQL: SELECT * FROM `php34_category` WHERE ( id=3 ) LIMIT 1   [ RunTime:0.000271s ]
SQL: SELECT `search_attr_id` FROM `php34_category` WHERE ( `id` = 4 ) LIMIT 1   [ RunTime:0.000249s ]
SQL: SHOW COLUMNS FROM `php34_attribute` [ RunTime:0.009223s ]
SQL: SELECT `id`,`attr_name` FROM `php34_attribute` WHERE ( `id` IN ('') )  [ RunTime:0.000197s ]
SQL: SHOW COLUMNS FROM `php34_goods_attr` [ RunTime:0.008475s ]
NOTIC: [2] Invalid argument supplied for foreach() E:\PHP\xuexiziliao\day60xiangmu\shop34\Application\Home\Controller\SearchController.class.php 第 82 行.
NOTIC: [2] unlink(./Application/Runtime/Temp/fa7bdfed8336cd005a37b5300da246bc.php) [<a href='function.unlink'>function.unlink</a>]: No such file or directory E:\PHP\xuexiziliao\day60xiangmu\shop34\ThinkPHP\Library\Think\Cache\Driver\File.class.php 第 157 行.
SQL: SELECT GROUP_CONCAT(DISTINCT goods_id) goods_id FROM `php34_goods_cat` WHERE ( `cat_id` = '4' ) LIMIT 1   [ RunTime:0.000268s ]
SQL: SELECT COUNT(*) AS tp_count FROM php34_goods a WHERE ( a.is_on_sale = 1 ) AND ( a.is_delete = 0 ) AND (  (a.cat_id =4 )  ) LIMIT 1   [ RunTime:0.000179s ]
SQL: SELECT a.id,a.goods_name,`sm_logo`,`shop_price`,IFNULL(SUM(b.goods_number),0) xl,(SELECT count(id) FROM php34_comment c WHERE c.goods_id=a.id) pl FROM php34_goods a LEFT JOIN php34_order_goods b ON (a.id=b.goods_id AND b.order_id IN(SELECT id FROM php34_order WHERE pay_status=1))  WHERE ( a.is_on_sale = 1 ) AND ( a.is_delete = 0 ) AND (  (a.cat_id =4 )  ) GROUP BY a.id ORDER BY xl DESC LIMIT 0,24   [ RunTime:0.000223s ]
INFO: [ view_parse ] --START--
INFO: [ template_filter ] --START--
INFO: Run Behavior\ContentReplaceBehavior [ RunTime:0.000145s ]
INFO: [ template_filter ] --END-- [ RunTime:0.000226s ]
NOTIC: [2] array_fill() [<a href='function.array-fill'>function.array-fill</a>]: Number of elements must be positive E:\PHP\xuexiziliao\day60xiangmu\shop34\Application\Runtime\Cache\Home\dc21e6da2e1dbcec494898213c16ba46.php 第 411 行.
NOTIC: [2] Invalid argument supplied for foreach() E:\PHP\xuexiziliao\day60xiangmu\shop34\Application\Runtime\Cache\Home\dc21e6da2e1dbcec494898213c16ba46.php 第 411 行.
NOTIC: [2] Invalid argument supplied for foreach() E:\PHP\xuexiziliao\day60xiangmu\shop34\Application\Runtime\Cache\Home\dc21e6da2e1dbcec494898213c16ba46.php 第 444 行.
NOTIC: [8] Undefined variable: data E:\PHP\xuexiziliao\day60xiangmu\shop34\Application\Runtime\Cache\Home\dc21e6da2e1dbcec494898213c16ba46.php 第 462 行.
INFO: Run Behavior\ParseTemplateBehavior [ RunTime:0.029844s ]
INFO: [ view_parse ] --END-- [ RunTime:0.029961s ]
INFO: [ view_filter ] --START--
INFO: Run Behavior\WriteHtmlCacheBehavior [ RunTime:0.000529s ]
INFO: [ view_filter ] --END-- [ RunTime:0.000576s ]
INFO: [ app_end ] --START--
INFO: Run Behavior\ShowPageTraceBehavior [ RunTime:0.000996s ]
INFO: [ app_end ] --END-- [ RunTime:0.001095s ]

[ 2016-10-08T17:40:16+08:00 ] 127.0.0.1 /index.php/Home/Search/search/cid/4.html
INFO: [ app_init ] --START--
INFO: Run Behavior\BuildLiteBehavior [ RunTime:0.000015s ]
INFO: [ app_init ] --END-- [ RunTime:0.000506s ]
INFO: [ app_begin ] --START--
INFO: Run Behavior\ReadHtmlCacheBehavior [ RunTime:0.000600s ]
INFO: [ app_begin ] --END-- [ RunTime:0.000661s ]
SQL: SHOW COLUMNS FROM `php34_category` [ RunTime:0.010558s ]
SQL: SELECT * FROM `php34_category`  [ RunTime:0.000276s ]
SQL: SHOW COLUMNS FROM `php34_goods` [ RunTime:0.005364s ]
SQL: SHOW COLUMNS FROM `php34_goods_cat` [ RunTime:0.005296s ]
SQL: SELECT GROUP_CONCAT(DISTINCT goods_id) goods_id FROM `php34_goods_cat` WHERE ( `cat_id` = '4' ) LIMIT 1   [ RunTime:0.001131s ]
SQL: SELECT MIN(shop_price) minprice,MAX(shop_price) maxprice FROM `php34_goods` WHERE (  (`cat_id` =4 )  ) LIMIT 1   [ RunTime:0.000281s ]
SQL: SELECT COUNT(*) AS tp_count FROM `php34_goods` WHERE (  (`shop_price` BETWEEN 0 AND -1 ) ) AND (  (`cat_id` =4 )  ) AND ( `is_on_sale` = 1 ) AND ( `is_delete` = 0 ) LIMIT 1   [ RunTime:0.000221s ]
SQL: SELECT COUNT(*) AS tp_count FROM `php34_goods` WHERE (  (`shop_price` BETWEEN 0 AND -1 ) ) AND (  (`cat_id` =4 )  ) AND ( `is_on_sale` = 1 ) AND ( `is_delete` = 0 ) LIMIT 1   [ RunTime:0.000256s ]
SQL: SELECT COUNT(*) AS tp_count FROM `php34_goods` WHERE (  (`shop_price` BETWEEN 0 AND -1 ) ) AND (  (`cat_id` =4 )  ) AND ( `is_on_sale` = 1 ) AND ( `is_delete` = 0 ) LIMIT 1   [ RunTime:0.000191s ]
SQL: SELECT COUNT(*) AS tp_count FROM `php34_goods` WHERE (  (`shop_price` BETWEEN 0 AND -1 ) ) AND (  (`cat_id` =4 )  ) AND ( `is_on_sale` = 1 ) AND ( `is_delete` = 0 ) LIMIT 1   [ RunTime:0.000171s ]
SQL: SELECT COUNT(*) AS tp_count FROM `php34_goods` WHERE (  (`shop_price` BETWEEN 0 AND -1 ) ) AND (  (`cat_id` =4 )  ) AND ( `is_on_sale` = 1 ) AND ( `is_delete` = 0 ) LIMIT 1   [ RunTime:0.000159s ]
SQL: SELECT COUNT(*) AS tp_count FROM `php34_goods` WHERE (  (`shop_price` BETWEEN 0 AND -1 ) ) AND (  (`cat_id` =4 )  ) AND ( `is_on_sale` = 1 ) AND ( `is_delete` = 0 ) LIMIT 1   [ RunTime:0.000146s ]
SQL: SELECT COUNT(*) AS tp_count FROM `php34_goods` WHERE (  (`shop_price` BETWEEN 0 AND 0 ) ) AND ( `cat_id` = '4' ) AND ( `is_on_sale` = 1 ) AND ( `is_delete` = 0 ) LIMIT 1   [ RunTime:0.000145s ]
SQL: SELECT * FROM `php34_category` WHERE ( id=4 ) LIMIT 1   [ RunTime:0.000239s ]
SQL: SELECT * FROM `php34_category` WHERE ( id=3 ) LIMIT 1   [ RunTime:0.000186s ]
SQL: SELECT `search_attr_id` FROM `php34_category` WHERE ( `id` = 4 ) LIMIT 1   [ RunTime:0.000156s ]
SQL: SHOW COLUMNS FROM `php34_attribute` [ RunTime:0.004971s ]
SQL: SELECT `id`,`attr_name` FROM `php34_attribute` WHERE ( `id` IN ('') )  [ RunTime:0.000216s ]
SQL: SHOW COLUMNS FROM `php34_goods_attr` [ RunTime:0.009124s ]
NOTIC: [2] Invalid argument supplied for foreach() E:\PHP\xuexiziliao\day60xiangmu\shop34\Application\Home\Controller\SearchController.class.php 第 82 行.
NOTIC: [2] unlink(./Application/Runtime/Temp/fa7bdfed8336cd005a37b5300da246bc.php) [<a href='function.unlink'>function.unlink</a>]: No such file or directory E:\PHP\xuexiziliao\day60xiangmu\shop34\ThinkPHP\Library\Think\Cache\Driver\File.class.php 第 157 行.
SQL: SELECT GROUP_CONCAT(DISTINCT goods_id) goods_id FROM `php34_goods_cat` WHERE ( `cat_id` = '4' ) LIMIT 1   [ RunTime:0.000246s ]
SQL: SELECT COUNT(*) AS tp_count FROM php34_goods a WHERE ( a.is_on_sale = 1 ) AND ( a.is_delete = 0 ) AND (  (a.cat_id =4 )  ) LIMIT 1   [ RunTime:0.000198s ]
SQL: SELECT a.id,a.goods_name,`sm_logo`,`shop_price`,IFNULL(SUM(b.goods_number),0) xl,(SELECT count(id) FROM php34_comment c WHERE c.goods_id=a.id) pl FROM php34_goods a LEFT JOIN php34_order_goods b ON (a.id=b.goods_id AND b.order_id IN(SELECT id FROM php34_order WHERE pay_status=1))  WHERE ( a.is_on_sale = 1 ) AND ( a.is_delete = 0 ) AND (  (a.cat_id =4 )  ) GROUP BY a.id ORDER BY xl DESC LIMIT 0,24   [ RunTime:0.000280s ]
INFO: [ view_parse ] --START--
INFO: [ template_filter ] --START--
INFO: Run Behavior\ContentReplaceBehavior [ RunTime:0.000146s ]
INFO: [ template_filter ] --END-- [ RunTime:0.000213s ]
NOTIC: [2] array_fill() [<a href='function.array-fill'>function.array-fill</a>]: Number of elements must be positive E:\PHP\xuexiziliao\day60xiangmu\shop34\Application\Runtime\Cache\Home\dc21e6da2e1dbcec494898213c16ba46.php 第 411 行.
NOTIC: [2] Invalid argument supplied for foreach() E:\PHP\xuexiziliao\day60xiangmu\shop34\Application\Runtime\Cache\Home\dc21e6da2e1dbcec494898213c16ba46.php 第 411 行.
NOTIC: [2] Invalid argument supplied for foreach() E:\PHP\xuexiziliao\day60xiangmu\shop34\Application\Runtime\Cache\Home\dc21e6da2e1dbcec494898213c16ba46.php 第 444 行.
NOTIC: [8] Undefined variable: data E:\PHP\xuexiziliao\day60xiangmu\shop34\Application\Runtime\Cache\Home\dc21e6da2e1dbcec494898213c16ba46.php 第 462 行.
INFO: Run Behavior\ParseTemplateBehavior [ RunTime:0.033858s ]
INFO: [ view_parse ] --END-- [ RunTime:0.033933s ]
INFO: [ view_filter ] --START--
INFO: Run Behavior\WriteHtmlCacheBehavior [ RunTime:0.000562s ]
INFO: [ view_filter ] --END-- [ RunTime:0.000616s ]
INFO: [ app_end ] --START--
INFO: Run Behavior\ShowPageTraceBehavior [ RunTime:0.000987s ]
INFO: [ app_end ] --END-- [ RunTime:0.001102s ]

[ 2016-10-08T17:40:16+08:00 ] 127.0.0.1 /index.php/Home/Index/ajaxGetRecentDisGoods.html
INFO: [ app_init ] --START--
INFO: Run Behavior\BuildLiteBehavior [ RunTime:0.000023s ]
INFO: [ app_init ] --END-- [ RunTime:0.000636s ]
INFO: [ app_begin ] --START--
INFO: Run Behavior\ReadHtmlCacheBehavior [ RunTime:0.000809s ]
INFO: [ app_begin ] --END-- [ RunTime:0.000909s ]
SQL: SHOW COLUMNS FROM `php34_category` [ RunTime:0.007881s ]
SQL: SELECT * FROM `php34_category`  [ RunTime:0.000352s ]
INFO: [ app_end ] --START--
INFO: Run Behavior\ShowPageTraceBehavior [ RunTime:0.001131s ]
INFO: [ app_end ] --END-- [ RunTime:0.001249s ]

[ 2016-10-08T17:40:16+08:00 ] 127.0.0.1 /index.php/Home/Member/ajaxChkLogin.html
INFO: [ app_init ] --START--
INFO: Run Behavior\BuildLiteBehavior [ RunTime:0.000027s ]
INFO: [ app_init ] --END-- [ RunTime:0.000761s ]
INFO: [ app_begin ] --START--
INFO: Run Behavior\ReadHtmlCacheBehavior [ RunTime:0.001259s ]
INFO: [ app_begin ] --END-- [ RunTime:0.001395s ]
SQL: SHOW COLUMNS FROM `php34_category` [ RunTime:0.007202s ]
SQL: SELECT * FROM `php34_category`  [ RunTime:0.000266s ]
INFO: [ app_end ] --START--
INFO: Run Behavior\ShowPageTraceBehavior [ RunTime:0.000828s ]
INFO: [ app_end ] --END-- [ RunTime:0.000898s ]

[ 2016-10-08T17:40:34+08:00 ] 127.0.0.1 /index.php/Home/Search/search/cid/11.html
INFO: [ app_init ] --START--
INFO: Run Behavior\BuildLiteBehavior [ RunTime:0.000014s ]
INFO: [ app_init ] --END-- [ RunTime:0.000466s ]
INFO: [ app_begin ] --START--
INFO: Run Behavior\ReadHtmlCacheBehavior [ RunTime:0.000605s ]
INFO: [ app_begin ] --END-- [ RunTime:0.000692s ]
SQL: SHOW COLUMNS FROM `php34_category` [ RunTime:0.004855s ]
SQL: SELECT * FROM `php34_category`  [ RunTime:0.000257s ]
SQL: SHOW COLUMNS FROM `php34_goods` [ RunTime:0.006005s ]
SQL: SHOW COLUMNS FROM `php34_goods_cat` [ RunTime:0.005037s ]
SQL: SELECT GROUP_CONCAT(DISTINCT goods_id) goods_id FROM `php34_goods_cat` WHERE ( `cat_id` = '11' ) LIMIT 1   [ RunTime:0.000703s ]
SQL: SELECT MIN(shop_price) minprice,MAX(shop_price) maxprice FROM `php34_goods` WHERE (  (`cat_id` =11  OR id IN(15,16))  ) LIMIT 1   [ RunTime:0.064822s ]
SQL: SELECT COUNT(*) AS tp_count FROM `php34_goods` WHERE (  (`shop_price` BETWEEN 440 AND 439 ) ) AND (  (`cat_id` =11  OR id IN(15,16))  ) AND ( `is_on_sale` = 1 ) AND ( `is_delete` = 0 ) LIMIT 1   [ RunTime:0.000310s ]
SQL: SELECT COUNT(*) AS tp_count FROM `php34_goods` WHERE (  (`shop_price` BETWEEN 440 AND 439 ) ) AND (  (`cat_id` =11  OR id IN(15,16))  ) AND ( `is_on_sale` = 1 ) AND ( `is_delete` = 0 ) LIMIT 1   [ RunTime:0.000161s ]
SQL: SELECT COUNT(*) AS tp_count FROM `php34_goods` WHERE (  (`shop_price` BETWEEN 440 AND 439 ) ) AND (  (`cat_id` =11  OR id IN(15,16))  ) AND ( `is_on_sale` = 1 ) AND ( `is_delete` = 0 ) LIMIT 1   [ RunTime:0.000127s ]
SQL: SELECT COUNT(*) AS tp_count FROM `php34_goods` WHERE (  (`shop_price` BETWEEN 440 AND 439 ) ) AND (  (`cat_id` =11  OR id IN(15,16))  ) AND ( `is_on_sale` = 1 ) AND ( `is_delete` = 0 ) LIMIT 1   [ RunTime:0.000137s ]
SQL: SELECT COUNT(*) AS tp_count FROM `php34_goods` WHERE (  (`shop_price` BETWEEN 440 AND 439 ) ) AND (  (`cat_id` =11  OR id IN(15,16))  ) AND ( `is_on_sale` = 1 ) AND ( `is_delete` = 0 ) LIMIT 1   [ RunTime:0.000152s ]
SQL: SELECT COUNT(*) AS tp_count FROM `php34_goods` WHERE (  (`shop_price` BETWEEN 440 AND 439 ) ) AND (  (`cat_id` =11  OR id IN(15,16))  ) AND ( `is_on_sale` = 1 ) AND ( `is_delete` = 0 ) LIMIT 1   [ RunTime:0.000170s ]
SQL: SELECT COUNT(*) AS tp_count FROM `php34_goods` WHERE (  (`shop_price` BETWEEN 440 AND 450 ) ) AND ( `cat_id` = '11' ) AND ( `is_on_sale` = 1 ) AND ( `is_delete` = 0 ) LIMIT 1   [ RunTime:0.000388s ]
SQL: SELECT * FROM `php34_category` WHERE ( id=11 ) LIMIT 1   [ RunTime:0.000431s ]
SQL: SELECT * FROM `php34_category` WHERE ( id=7 ) LIMIT 1   [ RunTime:0.000305s ]
SQL: SELECT * FROM `php34_category` WHERE ( id=6 ) LIMIT 1   [ RunTime:0.000272s ]
SQL: SELECT `search_attr_id` FROM `php34_category` WHERE ( `id` = 11 ) LIMIT 1   [ RunTime:0.000307s ]
SQL: SHOW COLUMNS FROM `php34_attribute` [ RunTime:0.007054s ]
SQL: SELECT `id`,`attr_name` FROM `php34_attribute` WHERE ( `id` IN ('') )  [ RunTime:0.000235s ]
SQL: SHOW COLUMNS FROM `php34_goods_attr` [ RunTime:0.004827s ]
NOTIC: [2] Invalid argument supplied for foreach() E:\PHP\xuexiziliao\day60xiangmu\shop34\Application\Home\Controller\SearchController.class.php 第 82 行.
NOTIC: [2] unlink(./Application/Runtime/Temp/1409b4bcdf8fb54e9538057d8db08321.php) [<a href='function.unlink'>function.unlink</a>]: No such file or directory E:\PHP\xuexiziliao\day60xiangmu\shop34\ThinkPHP\Library\Think\Cache\Driver\File.class.php 第 157 行.
SQL: SELECT GROUP_CONCAT(DISTINCT goods_id) goods_id FROM `php34_goods_cat` WHERE ( `cat_id` = '11' ) LIMIT 1   [ RunTime:0.000280s ]
SQL: SELECT COUNT(*) AS tp_count FROM php34_goods a WHERE ( a.is_on_sale = 1 ) AND ( a.is_delete = 0 ) AND (  (a.cat_id =11 or a.id in(15,16))  ) LIMIT 1   [ RunTime:0.000430s ]
SQL: SELECT a.id,a.goods_name,`sm_logo`,`shop_price`,IFNULL(SUM(b.goods_number),0) xl,(SELECT count(id) FROM php34_comment c WHERE c.goods_id=a.id) pl FROM php34_goods a LEFT JOIN php34_order_goods b ON (a.id=b.goods_id AND b.order_id IN(SELECT id FROM php34_order WHERE pay_status=1))  WHERE ( a.is_on_sale = 1 ) AND ( a.is_delete = 0 ) AND (  (a.cat_id =11 or a.id in(15,16))  ) GROUP BY a.id ORDER BY xl DESC LIMIT 0,24   [ RunTime:0.004084s ]
INFO: [ view_parse ] --START--
INFO: [ template_filter ] --START--
INFO: Run Behavior\ContentReplaceBehavior [ RunTime:0.000219s ]
INFO: [ template_filter ] --END-- [ RunTime:0.000317s ]
NOTIC: [2] array_fill() [<a href='function.array-fill'>function.array-fill</a>]: Number of elements must be positive E:\PHP\xuexiziliao\day60xiangmu\shop34\Application\Runtime\Cache\Home\dc21e6da2e1dbcec494898213c16ba46.php 第 411 行.
NOTIC: [2] Invalid argument supplied for foreach() E:\PHP\xuexiziliao\day60xiangmu\shop34\Application\Runtime\Cache\Home\dc21e6da2e1dbcec494898213c16ba46.php 第 411 行.
NOTIC: [8] Undefined variable: data E:\PHP\xuexiziliao\day60xiangmu\shop34\Application\Runtime\Cache\Home\dc21e6da2e1dbcec494898213c16ba46.php 第 462 行.
INFO: Run Behavior\ParseTemplateBehavior [ RunTime:0.028662s ]
INFO: [ view_parse ] --END-- [ RunTime:0.028738s ]
INFO: [ view_filter ] --START--
INFO: Run Behavior\WriteHtmlCacheBehavior [ RunTime:0.000810s ]
INFO: [ view_filter ] --END-- [ RunTime:0.000894s ]
INFO: [ app_end ] --START--
INFO: Run Behavior\ShowPageTraceBehavior [ RunTime:0.001071s ]
INFO: [ app_end ] --END-- [ RunTime:0.001207s ]

[ 2016-10-08T17:40:35+08:00 ] 127.0.0.1 /index.php/Home/Index/ajaxGetRecentDisGoods.html
INFO: [ app_init ] --START--
INFO: Run Behavior\BuildLiteBehavior [ RunTime:0.000016s ]
INFO: [ app_init ] --END-- [ RunTime:0.000464s ]
INFO: [ app_begin ] --START--
INFO: Run Behavior\ReadHtmlCacheBehavior [ RunTime:0.000976s ]
INFO: [ app_begin ] --END-- [ RunTime:0.001091s ]
SQL: SHOW COLUMNS FROM `php34_category` [ RunTime:0.008869s ]
SQL: SELECT * FROM `php34_category`  [ RunTime:0.000449s ]
INFO: [ app_end ] --START--
INFO: Run Behavior\ShowPageTraceBehavior [ RunTime:0.000921s ]
INFO: [ app_end ] --END-- [ RunTime:0.001031s ]

[ 2016-10-08T17:40:35+08:00 ] 127.0.0.1 /index.php/Home/Member/ajaxChkLogin.html
INFO: [ app_init ] --START--
INFO: Run Behavior\BuildLiteBehavior [ RunTime:0.000024s ]
INFO: [ app_init ] --END-- [ RunTime:0.000793s ]
INFO: [ app_begin ] --START--
INFO: Run Behavior\ReadHtmlCacheBehavior [ RunTime:0.001108s ]
INFO: [ app_begin ] --END-- [ RunTime:0.001226s ]
SQL: SHOW COLUMNS FROM `php34_category` [ RunTime:0.007902s ]
SQL: SELECT * FROM `php34_category`  [ RunTime:0.000415s ]
INFO: [ app_end ] --START--
INFO: Run Behavior\ShowPageTraceBehavior [ RunTime:0.001681s ]
INFO: [ app_end ] --END-- [ RunTime:0.001798s ]

[ 2016-10-08T17:40:45+08:00 ] 127.0.0.1 /index.php/Home/Search/search/cid/16.html
INFO: [ app_init ] --START--
INFO: Run Behavior\BuildLiteBehavior [ RunTime:0.000018s ]
INFO: [ app_init ] --END-- [ RunTime:0.000674s ]
INFO: [ app_begin ] --START--
INFO: Run Behavior\ReadHtmlCacheBehavior [ RunTime:0.000966s ]
INFO: [ app_begin ] --END-- [ RunTime:0.001059s ]
SQL: SHOW COLUMNS FROM `php34_category` [ RunTime:0.004715s ]
SQL: SELECT * FROM `php34_category`  [ RunTime:0.000214s ]
SQL: SHOW COLUMNS FROM `php34_goods` [ RunTime:0.005230s ]
SQL: SHOW COLUMNS FROM `php34_goods_cat` [ RunTime:0.004371s ]
SQL: SELECT GROUP_CONCAT(DISTINCT goods_id) goods_id FROM `php34_goods_cat` WHERE ( `cat_id` = '16' ) LIMIT 1   [ RunTime:0.000500s ]
SQL: SELECT MIN(shop_price) minprice,MAX(shop_price) maxprice FROM `php34_goods` WHERE (  (`cat_id` =16 )  ) LIMIT 1   [ RunTime:0.000311s ]
SQL: SELECT COUNT(*) AS tp_count FROM `php34_goods` WHERE (  (`shop_price` BETWEEN 0 AND -1 ) ) AND (  (`cat_id` =16 )  ) AND ( `is_on_sale` = 1 ) AND ( `is_delete` = 0 ) LIMIT 1   [ RunTime:0.000933s ]
SQL: SELECT COUNT(*) AS tp_count FROM `php34_goods` WHERE (  (`shop_price` BETWEEN 0 AND -1 ) ) AND (  (`cat_id` =16 )  ) AND ( `is_on_sale` = 1 ) AND ( `is_delete` = 0 ) LIMIT 1   [ RunTime:0.000379s ]
SQL: SELECT COUNT(*) AS tp_count FROM `php34_goods` WHERE (  (`shop_price` BETWEEN 0 AND -1 ) ) AND (  (`cat_id` =16 )  ) AND ( `is_on_sale` = 1 ) AND ( `is_delete` = 0 ) LIMIT 1   [ RunTime:0.000555s ]
SQL: SELECT COUNT(*) AS tp_count FROM `php34_goods` WHERE (  (`shop_price` BETWEEN 0 AND -1 ) ) AND (  (`cat_id` =16 )  ) AND ( `is_on_sale` = 1 ) AND ( `is_delete` = 0 ) LIMIT 1   [ RunTime:0.000108s ]
SQL: SELECT COUNT(*) AS tp_count FROM `php34_goods` WHERE (  (`shop_price` BETWEEN 0 AND -1 ) ) AND (  (`cat_id` =16 )  ) AND ( `is_on_sale` = 1 ) AND ( `is_delete` = 0 ) LIMIT 1   [ RunTime:0.000091s ]
SQL: SELECT COUNT(*) AS tp_count FROM `php34_goods` WHERE (  (`shop_price` BETWEEN 0 AND -1 ) ) AND (  (`cat_id` =16 )  ) AND ( `is_on_sale` = 1 ) AND ( `is_delete` = 0 ) LIMIT 1   [ RunTime:0.000096s ]
SQL: SELECT COUNT(*) AS tp_count FROM `php34_goods` WHERE (  (`shop_price` BETWEEN 0 AND 0 ) ) AND ( `cat_id` = '16' ) AND ( `is_on_sale` = 1 ) AND ( `is_delete` = 0 ) LIMIT 1   [ RunTime:0.000249s ]
SQL: SELECT * FROM `php34_category` WHERE ( id=16 ) LIMIT 1   [ RunTime:0.000351s ]
SQL: SELECT * FROM `php34_category` WHERE ( id=15 ) LIMIT 1   [ RunTime:0.000223s ]
SQL: SELECT * FROM `php34_category` WHERE ( id=14 ) LIMIT 1   [ RunTime:0.000166s ]
SQL: SELECT `search_attr_id` FROM `php34_category` WHERE ( `id` = 16 ) LIMIT 1   [ RunTime:0.000151s ]
SQL: SHOW COLUMNS FROM `php34_attribute` [ RunTime:0.005770s ]
SQL: SELECT `id`,`attr_name` FROM `php34_attribute` WHERE ( `id` IN ('') )  [ RunTime:0.000164s ]
SQL: SHOW COLUMNS FROM `php34_goods_attr` [ RunTime:0.005560s ]
NOTIC: [2] Invalid argument supplied for foreach() E:\PHP\xuexiziliao\day60xiangmu\shop34\Application\Home\Controller\SearchController.class.php 第 82 行.
NOTIC: [2] unlink(./Application/Runtime/Temp/8f823247b4d4d28d57b02bc12c701fb7.php) [<a href='function.unlink'>function.unlink</a>]: No such file or directory E:\PHP\xuexiziliao\day60xiangmu\shop34\ThinkPHP\Library\Think\Cache\Driver\File.class.php 第 157 行.
SQL: SELECT GROUP_CONCAT(DISTINCT goods_id) goods_id FROM `php34_goods_cat` WHERE ( `cat_id` = '16' ) LIMIT 1   [ RunTime:0.000199s ]
SQL: SELECT COUNT(*) AS tp_count FROM php34_goods a WHERE ( a.is_on_sale = 1 ) AND ( a.is_delete = 0 ) AND (  (a.cat_id =16 )  ) LIMIT 1   [ RunTime:0.000252s ]
SQL: SELECT a.id,a.goods_name,`sm_logo`,`shop_price`,IFNULL(SUM(b.goods_number),0) xl,(SELECT count(id) FROM php34_comment c WHERE c.goods_id=a.id) pl FROM php34_goods a LEFT JOIN php34_order_goods b ON (a.id=b.goods_id AND b.order_id IN(SELECT id FROM php34_order WHERE pay_status=1))  WHERE ( a.is_on_sale = 1 ) AND ( a.is_delete = 0 ) AND (  (a.cat_id =16 )  ) GROUP BY a.id ORDER BY xl DESC LIMIT 0,24   [ RunTime:0.000691s ]
INFO: [ view_parse ] --START--
INFO: [ template_filter ] --START--
INFO: Run Behavior\ContentReplaceBehavior [ RunTime:0.000151s ]
INFO: [ template_filter ] --END-- [ RunTime:0.000218s ]
NOTIC: [2] array_fill() [<a href='function.array-fill'>function.array-fill</a>]: Number of elements must be positive E:\PHP\xuexiziliao\day60xiangmu\shop34\Application\Runtime\Cache\Home\dc21e6da2e1dbcec494898213c16ba46.php 第 411 行.
NOTIC: [2] Invalid argument supplied for foreach() E:\PHP\xuexiziliao\day60xiangmu\shop34\Application\Runtime\Cache\Home\dc21e6da2e1dbcec494898213c16ba46.php 第 411 行.
NOTIC: [2] Invalid argument supplied for foreach() E:\PHP\xuexiziliao\day60xiangmu\shop34\Application\Runtime\Cache\Home\dc21e6da2e1dbcec494898213c16ba46.php 第 444 行.
NOTIC: [8] Undefined variable: data E:\PHP\xuexiziliao\day60xiangmu\shop34\Application\Runtime\Cache\Home\dc21e6da2e1dbcec494898213c16ba46.php 第 462 行.
INFO: Run Behavior\ParseTemplateBehavior [ RunTime:0.029966s ]
INFO: [ view_parse ] --END-- [ RunTime:0.030042s ]
INFO: [ view_filter ] --START--
INFO: Run Behavior\WriteHtmlCacheBehavior [ RunTime:0.000587s ]
INFO: [ view_filter ] --END-- [ RunTime:0.000638s ]
INFO: [ app_end ] --START--
INFO: Run Behavior\ShowPageTraceBehavior [ RunTime:0.001151s ]
INFO: [ app_end ] --END-- [ RunTime:0.001339s ]

[ 2016-10-08T17:40:45+08:00 ] 127.0.0.1 /index.php/Home/Index/ajaxGetRecentDisGoods.html
INFO: [ app_init ] --START--
INFO: Run Behavior\BuildLiteBehavior [ RunTime:0.000018s ]
INFO: [ app_init ] --END-- [ RunTime:0.000492s ]
INFO: [ app_begin ] --START--
INFO: Run Behavior\ReadHtmlCacheBehavior [ RunTime:0.001128s ]
INFO: [ app_begin ] --END-- [ RunTime:0.001241s ]
SQL: SHOW COLUMNS FROM `php34_category` [ RunTime:0.009153s ]
SQL: SELECT * FROM `php34_category`  [ RunTime:0.000367s ]
INFO: [ app_end ] --START--
INFO: Run Behavior\ShowPageTraceBehavior [ RunTime:0.002103s ]
INFO: [ app_end ] --END-- [ RunTime:0.002227s ]

[ 2016-10-08T17:40:45+08:00 ] 127.0.0.1 /index.php/Home/Member/ajaxChkLogin.html
INFO: [ app_init ] --START--
INFO: Run Behavior\BuildLiteBehavior [ RunTime:0.000028s ]
INFO: [ app_init ] --END-- [ RunTime:0.000715s ]
INFO: [ app_begin ] --START--
INFO: Run Behavior\ReadHtmlCacheBehavior [ RunTime:0.001100s ]
INFO: [ app_begin ] --END-- [ RunTime:0.001305s ]
SQL: SHOW COLUMNS FROM `php34_category` [ RunTime:0.007035s ]
SQL: SELECT * FROM `php34_category`  [ RunTime:0.000245s ]
INFO: [ app_end ] --START--
INFO: Run Behavior\ShowPageTraceBehavior [ RunTime:0.000696s ]
INFO: [ app_end ] --END-- [ RunTime:0.000773s ]

[ 2016-10-08T17:41:55+08:00 ] 127.0.0.1 /index.php/Home/Search/search/cid/16.html
INFO: [ app_init ] --START--
INFO: Run Behavior\BuildLiteBehavior [ RunTime:0.000015s ]
INFO: [ app_init ] --END-- [ RunTime:0.000628s ]
INFO: [ app_begin ] --START--
INFO: Run Behavior\ReadHtmlCacheBehavior [ RunTime:0.000687s ]
INFO: [ app_begin ] --END-- [ RunTime:0.000748s ]
SQL: SHOW COLUMNS FROM `php34_category` [ RunTime:0.008194s ]
SQL: SELECT * FROM `php34_category`  [ RunTime:0.000312s ]
SQL: SHOW COLUMNS FROM `php34_goods` [ RunTime:0.007417s ]
SQL: SHOW COLUMNS FROM `php34_goods_cat` [ RunTime:0.005097s ]
SQL: SELECT GROUP_CONCAT(DISTINCT goods_id) goods_id FROM `php34_goods_cat` WHERE ( `cat_id` = '16' ) LIMIT 1   [ RunTime:0.000198s ]
SQL: SELECT MIN(shop_price) minprice,MAX(shop_price) maxprice FROM `php34_goods` WHERE (  (`cat_id` =16 )  ) LIMIT 1   [ RunTime:0.000144s ]
SQL: SELECT COUNT(*) AS tp_count FROM `php34_goods` WHERE (  (`shop_price` BETWEEN 0 AND -1 ) ) AND (  (`cat_id` =16 )  ) AND ( `is_on_sale` = 1 ) AND ( `is_delete` = 0 ) LIMIT 1   [ RunTime:0.000148s ]
SQL: SELECT COUNT(*) AS tp_count FROM `php34_goods` WHERE (  (`shop_price` BETWEEN 0 AND -1 ) ) AND (  (`cat_id` =16 )  ) AND ( `is_on_sale` = 1 ) AND ( `is_delete` = 0 ) LIMIT 1   [ RunTime:0.000144s ]
SQL: SELECT COUNT(*) AS tp_count FROM `php34_goods` WHERE (  (`shop_price` BETWEEN 0 AND -1 ) ) AND (  (`cat_id` =16 )  ) AND ( `is_on_sale` = 1 ) AND ( `is_delete` = 0 ) LIMIT 1   [ RunTime:0.000181s ]
SQL: SELECT COUNT(*) AS tp_count FROM `php34_goods` WHERE (  (`shop_price` BETWEEN 0 AND -1 ) ) AND (  (`cat_id` =16 )  ) AND ( `is_on_sale` = 1 ) AND ( `is_delete` = 0 ) LIMIT 1   [ RunTime:0.000144s ]
SQL: SELECT COUNT(*) AS tp_count FROM `php34_goods` WHERE (  (`shop_price` BETWEEN 0 AND -1 ) ) AND (  (`cat_id` =16 )  ) AND ( `is_on_sale` = 1 ) AND ( `is_delete` = 0 ) LIMIT 1   [ RunTime:0.000142s ]
SQL: SELECT COUNT(*) AS tp_count FROM `php34_goods` WHERE (  (`shop_price` BETWEEN 0 AND -1 ) ) AND (  (`cat_id` =16 )  ) AND ( `is_on_sale` = 1 ) AND ( `is_delete` = 0 ) LIMIT 1   [ RunTime:0.000154s ]
SQL: SELECT COUNT(*) AS tp_count FROM `php34_goods` WHERE (  (`shop_price` BETWEEN 0 AND 0 ) ) AND ( `cat_id` = '16' ) AND ( `is_on_sale` = 1 ) AND ( `is_delete` = 0 ) LIMIT 1   [ RunTime:0.000146s ]
SQL: SELECT * FROM `php34_category` WHERE ( id=16 ) LIMIT 1   [ RunTime:0.000262s ]
SQL: SELECT * FROM `php34_category` WHERE ( id=15 ) LIMIT 1   [ RunTime:0.000175s ]
SQL: SELECT * FROM `php34_category` WHERE ( id=14 ) LIMIT 1   [ RunTime:0.000121s ]
SQL: SELECT `search_attr_id` FROM `php34_category` WHERE ( `id` = 16 ) LIMIT 1   [ RunTime:0.000145s ]
SQL: SHOW COLUMNS FROM `php34_attribute` [ RunTime:0.006980s ]
SQL: SELECT `id`,`attr_name` FROM `php34_attribute` WHERE ( `id` IN ('') )  [ RunTime:0.000296s ]
SQL: SHOW COLUMNS FROM `php34_goods_attr` [ RunTime:0.005783s ]
NOTIC: [2] Invalid argument supplied for foreach() E:\PHP\xuexiziliao\day60xiangmu\shop34\Application\Home\Controller\SearchController.class.php 第 82 行.
NOTIC: [2] unlink(./Application/Runtime/Temp/8f823247b4d4d28d57b02bc12c701fb7.php) [<a href='function.unlink'>function.unlink</a>]: No such file or directory E:\PHP\xuexiziliao\day60xiangmu\shop34\ThinkPHP\Library\Think\Cache\Driver\File.class.php 第 157 行.
SQL: SELECT GROUP_CONCAT(DISTINCT goods_id) goods_id FROM `php34_goods_cat` WHERE ( `cat_id` = '16' ) LIMIT 1   [ RunTime:0.000233s ]
SQL: SELECT COUNT(*) AS tp_count FROM php34_goods a WHERE ( a.is_on_sale = 1 ) AND ( a.is_delete = 0 ) AND (  (a.cat_id =16 )  ) LIMIT 1   [ RunTime:0.000175s ]
SQL: SELECT a.id,a.goods_name,`sm_logo`,`shop_price`,IFNULL(SUM(b.goods_number),0) xl,(SELECT count(id) FROM php34_comment c WHERE c.goods_id=a.id) pl FROM php34_goods a LEFT JOIN php34_order_goods b ON (a.id=b.goods_id AND b.order_id IN(SELECT id FROM php34_order WHERE pay_status=1))  WHERE ( a.is_on_sale = 1 ) AND ( a.is_delete = 0 ) AND (  (a.cat_id =16 )  ) GROUP BY a.id ORDER BY xl DESC LIMIT 0,24   [ RunTime:0.000304s ]
INFO: [ view_parse ] --START--
INFO: [ template_filter ] --START--
INFO: Run Behavior\ContentReplaceBehavior [ RunTime:0.000138s ]
INFO: [ template_filter ] --END-- [ RunTime:0.000201s ]
NOTIC: [2] array_fill() [<a href='function.array-fill'>function.array-fill</a>]: Number of elements must be positive E:\PHP\xuexiziliao\day60xiangmu\shop34\Application\Runtime\Cache\Home\dc21e6da2e1dbcec494898213c16ba46.php 第 411 行.
NOTIC: [2] Invalid argument supplied for foreach() E:\PHP\xuexiziliao\day60xiangmu\shop34\Application\Runtime\Cache\Home\dc21e6da2e1dbcec494898213c16ba46.php 第 411 行.
NOTIC: [2] Invalid argument supplied for foreach() E:\PHP\xuexiziliao\day60xiangmu\shop34\Application\Runtime\Cache\Home\dc21e6da2e1dbcec494898213c16ba46.php 第 444 行.
NOTIC: [8] Undefined variable: data E:\PHP\xuexiziliao\day60xiangmu\shop34\Application\Runtime\Cache\Home\dc21e6da2e1dbcec494898213c16ba46.php 第 462 行.
INFO: Run Behavior\ParseTemplateBehavior [ RunTime:0.029069s ]
INFO: [ view_parse ] --END-- [ RunTime:0.029143s ]
INFO: [ view_filter ] --START--
INFO: Run Behavior\WriteHtmlCacheBehavior [ RunTime:0.000508s ]
INFO: [ view_filter ] --END-- [ RunTime:0.000555s ]
INFO: [ app_end ] --START--
INFO: Run Behavior\ShowPageTraceBehavior [ RunTime:0.000985s ]
INFO: [ app_end ] --END-- [ RunTime:0.001085s ]

[ 2016-10-08T17:41:55+08:00 ] 127.0.0.1 /index.php/Home/Index/ajaxGetRecentDisGoods.html
INFO: [ app_init ] --START--
INFO: Run Behavior\BuildLiteBehavior [ RunTime:0.000026s ]
INFO: [ app_init ] --END-- [ RunTime:0.000858s ]
INFO: [ app_begin ] --START--
INFO: Run Behavior\ReadHtmlCacheBehavior [ RunTime:0.000984s ]
INFO: [ app_begin ] --END-- [ RunTime:0.001102s ]
SQL: SHOW COLUMNS FROM `php34_category` [ RunTime:0.007825s ]
SQL: SELECT * FROM `php34_category`  [ RunTime:0.000285s ]
INFO: [ app_end ] --START--
INFO: Run Behavior\ShowPageTraceBehavior [ RunTime:0.001028s ]
INFO: [ app_end ] --END-- [ RunTime:0.001149s ]

[ 2016-10-08T17:41:55+08:00 ] 127.0.0.1 /index.php/Home/Member/ajaxChkLogin.html
INFO: [ app_init ] --START--
INFO: Run Behavior\BuildLiteBehavior [ RunTime:0.000025s ]
INFO: [ app_init ] --END-- [ RunTime:0.000783s ]
INFO: [ app_begin ] --START--
INFO: Run Behavior\ReadHtmlCacheBehavior [ RunTime:0.001119s ]
INFO: [ app_begin ] --END-- [ RunTime:0.001243s ]
SQL: SHOW COLUMNS FROM `php34_category` [ RunTime:0.006329s ]
SQL: SELECT * FROM `php34_category`  [ RunTime:0.000227s ]
INFO: [ app_end ] --START--
INFO: Run Behavior\ShowPageTraceBehavior [ RunTime:0.000778s ]
INFO: [ app_end ] --END-- [ RunTime:0.000849s ]

[ 2016-10-08T17:43:32+08:00 ] 127.0.0.1 /index.php/Home/Search/search/cid/16.html
INFO: [ app_init ] --START--
INFO: Run Behavior\BuildLiteBehavior [ RunTime:0.000018s ]
INFO: [ app_init ] --END-- [ RunTime:0.000500s ]
INFO: [ app_begin ] --START--
INFO: Run Behavior\ReadHtmlCacheBehavior [ RunTime:0.000610s ]
INFO: [ app_begin ] --END-- [ RunTime:0.000672s ]
SQL: SHOW COLUMNS FROM `php34_category` [ RunTime:0.006101s ]
SQL: SELECT * FROM `php34_category`  [ RunTime:0.001269s ]
SQL: SHOW COLUMNS FROM `php34_goods` [ RunTime:0.006579s ]
SQL: SHOW COLUMNS FROM `php34_goods_cat` [ RunTime:0.005420s ]
SQL: SELECT GROUP_CONCAT(DISTINCT goods_id) goods_id FROM `php34_goods_cat` WHERE ( `cat_id` = '16' ) LIMIT 1   [ RunTime:0.000171s ]
SQL: SELECT MIN(shop_price) minprice,MAX(shop_price) maxprice FROM `php34_goods` WHERE (  (`cat_id` =16 )  ) LIMIT 1   [ RunTime:0.000099s ]
SQL: SELECT COUNT(*) AS tp_count FROM `php34_goods` WHERE (  (`shop_price` BETWEEN 0 AND -1 ) ) AND (  (`cat_id` =16 )  ) AND ( `is_on_sale` = 1 ) AND ( `is_delete` = 0 ) LIMIT 1   [ RunTime:0.000113s ]
SQL: SELECT COUNT(*) AS tp_count FROM `php34_goods` WHERE (  (`shop_price` BETWEEN 0 AND -1 ) ) AND (  (`cat_id` =16 )  ) AND ( `is_on_sale` = 1 ) AND ( `is_delete` = 0 ) LIMIT 1   [ RunTime:0.000098s ]
SQL: SELECT COUNT(*) AS tp_count FROM `php34_goods` WHERE (  (`shop_price` BETWEEN 0 AND -1 ) ) AND (  (`cat_id` =16 )  ) AND ( `is_on_sale` = 1 ) AND ( `is_delete` = 0 ) LIMIT 1   [ RunTime:0.000097s ]
SQL: SELECT COUNT(*) AS tp_count FROM `php34_goods` WHERE (  (`shop_price` BETWEEN 0 AND -1 ) ) AND (  (`cat_id` =16 )  ) AND ( `is_on_sale` = 1 ) AND ( `is_delete` = 0 ) LIMIT 1   [ RunTime:0.000170s ]
SQL: SELECT COUNT(*) AS tp_count FROM `php34_goods` WHERE (  (`shop_price` BETWEEN 0 AND -1 ) ) AND (  (`cat_id` =16 )  ) AND ( `is_on_sale` = 1 ) AND ( `is_delete` = 0 ) LIMIT 1   [ RunTime:0.000160s ]
SQL: SELECT COUNT(*) AS tp_count FROM `php34_goods` WHERE (  (`shop_price` BETWEEN 0 AND -1 ) ) AND (  (`cat_id` =16 )  ) AND ( `is_on_sale` = 1 ) AND ( `is_delete` = 0 ) LIMIT 1   [ RunTime:0.000668s ]
SQL: SELECT COUNT(*) AS tp_count FROM `php34_goods` WHERE (  (`shop_price` BETWEEN 0 AND 0 ) ) AND ( `cat_id` = '16' ) AND ( `is_on_sale` = 1 ) AND ( `is_delete` = 0 ) LIMIT 1   [ RunTime:0.000960s ]
SQL: SELECT * FROM `php34_category` WHERE ( id=16 ) LIMIT 1   [ RunTime:0.000231s ]
SQL: SELECT * FROM `php34_category` WHERE ( id=15 ) LIMIT 1   [ RunTime:0.000128s ]
SQL: SELECT * FROM `php34_category` WHERE ( id=14 ) LIMIT 1   [ RunTime:0.000107s ]
SQL: SELECT `search_attr_id` FROM `php34_category` WHERE ( `id` = 16 ) LIMIT 1   [ RunTime:0.000094s ]
SQL: SHOW COLUMNS FROM `php34_attribute` [ RunTime:0.005850s ]
SQL: SELECT `id`,`attr_name` FROM `php34_attribute` WHERE ( `id` IN ('') )  [ RunTime:0.000172s ]
SQL: SHOW COLUMNS FROM `php34_goods_attr` [ RunTime:0.004709s ]
NOTIC: [2] Invalid argument supplied for foreach() E:\PHP\xuexiziliao\day60xiangmu\shop34\Application\Home\Controller\SearchController.class.php 第 82 行.
NOTIC: [2] unlink(./Application/Runtime/Temp/8f823247b4d4d28d57b02bc12c701fb7.php) [<a href='function.unlink'>function.unlink</a>]: No such file or directory E:\PHP\xuexiziliao\day60xiangmu\shop34\ThinkPHP\Library\Think\Cache\Driver\File.class.php 第 157 行.
SQL: SELECT GROUP_CONCAT(DISTINCT goods_id) goods_id FROM `php34_goods_cat` WHERE ( `cat_id` = '16' ) LIMIT 1   [ RunTime:0.000760s ]
SQL: SELECT COUNT(*) AS tp_count FROM php34_goods a WHERE ( a.is_on_sale = 1 ) AND ( a.is_delete = 0 ) AND (  (a.cat_id =16 )  ) LIMIT 1   [ RunTime:0.000222s ]
SQL: SELECT a.id,a.goods_name,`sm_logo`,`shop_price`,IFNULL(SUM(b.goods_number),0) xl,(SELECT count(id) FROM php34_comment c WHERE c.goods_id=a.id) pl FROM php34_goods a LEFT JOIN php34_order_goods b ON (a.id=b.goods_id AND b.order_id IN(SELECT id FROM php34_order WHERE pay_status=1))  WHERE ( a.is_on_sale = 1 ) AND ( a.is_delete = 0 ) AND (  (a.cat_id =16 )  ) GROUP BY a.id ORDER BY xl DESC LIMIT 0,24   [ RunTime:0.000276s ]
INFO: [ view_parse ] --START--
INFO: [ template_filter ] --START--
INFO: Run Behavior\ContentReplaceBehavior [ RunTime:0.000147s ]
INFO: [ template_filter ] --END-- [ RunTime:0.000252s ]
NOTIC: [2] array_fill() [<a href='function.array-fill'>function.array-fill</a>]: Number of elements must be positive E:\PHP\xuexiziliao\day60xiangmu\shop34\Application\Runtime\Cache\Home\dc21e6da2e1dbcec494898213c16ba46.php 第 411 行.
NOTIC: [2] Invalid argument supplied for foreach() E:\PHP\xuexiziliao\day60xiangmu\shop34\Application\Runtime\Cache\Home\dc21e6da2e1dbcec494898213c16ba46.php 第 411 行.
NOTIC: [2] Invalid argument supplied for foreach() E:\PHP\xuexiziliao\day60xiangmu\shop34\Application\Runtime\Cache\Home\dc21e6da2e1dbcec494898213c16ba46.php 第 444 行.
NOTIC: [8] Undefined variable: data E:\PHP\xuexiziliao\day60xiangmu\shop34\Application\Runtime\Cache\Home\dc21e6da2e1dbcec494898213c16ba46.php 第 462 行.
INFO: Run Behavior\ParseTemplateBehavior [ RunTime:0.037588s ]
INFO: [ view_parse ] --END-- [ RunTime:0.037678s ]
INFO: [ view_filter ] --START--
INFO: Run Behavior\WriteHtmlCacheBehavior [ RunTime:0.000512s ]
INFO: [ view_filter ] --END-- [ RunTime:0.000562s ]
INFO: [ app_end ] --START--
INFO: Run Behavior\ShowPageTraceBehavior [ RunTime:0.001065s ]
INFO: [ app_end ] --END-- [ RunTime:0.001166s ]

[ 2016-10-08T17:43:32+08:00 ] 127.0.0.1 /index.php/Home/Index/ajaxGetRecentDisGoods.html
INFO: [ app_init ] --START--
INFO: Run Behavior\BuildLiteBehavior [ RunTime:0.000015s ]
INFO: [ app_init ] --END-- [ RunTime:0.000487s ]
INFO: [ app_begin ] --START--
INFO: Run Behavior\ReadHtmlCacheBehavior [ RunTime:0.000760s ]
INFO: [ app_begin ] --END-- [ RunTime:0.000836s ]
SQL: SHOW COLUMNS FROM `php34_category` [ RunTime:0.011340s ]
SQL: SELECT * FROM `php34_category`  [ RunTime:0.000503s ]
INFO: [ app_end ] --START--
INFO: Run Behavior\ShowPageTraceBehavior [ RunTime:0.001361s ]
INFO: [ app_end ] --END-- [ RunTime:0.001494s ]

[ 2016-10-08T17:43:33+08:00 ] 127.0.0.1 /index.php/Home/Member/ajaxChkLogin.html
INFO: [ app_init ] --START--
INFO: Run Behavior\BuildLiteBehavior [ RunTime:0.000027s ]
INFO: [ app_init ] --END-- [ RunTime:0.000788s ]
INFO: [ app_begin ] --START--
INFO: Run Behavior\ReadHtmlCacheBehavior [ RunTime:0.002022s ]
INFO: [ app_begin ] --END-- [ RunTime:0.002190s ]
SQL: SHOW COLUMNS FROM `php34_category` [ RunTime:0.011614s ]
SQL: SELECT * FROM `php34_category`  [ RunTime:0.000507s ]
INFO: [ app_end ] --START--
INFO: Run Behavior\ShowPageTraceBehavior [ RunTime:0.000914s ]
INFO: [ app_end ] --END-- [ RunTime:0.001009s ]

[ 2016-10-08T17:47:13+08:00 ] 127.0.0.1 /index.php/Home/Search/search/cid/16.html
INFO: [ app_init ] --START--
INFO: Run Behavior\BuildLiteBehavior [ RunTime:0.000021s ]
INFO: [ app_init ] --END-- [ RunTime:0.001559s ]
INFO: [ app_begin ] --START--
INFO: Run Behavior\ReadHtmlCacheBehavior [ RunTime:0.000612s ]
INFO: [ app_begin ] --END-- [ RunTime:0.000686s ]
SQL: SHOW COLUMNS FROM `php34_category` [ RunTime:0.009519s ]
SQL: SELECT * FROM `php34_category`  [ RunTime:0.000243s ]
SQL: SHOW COLUMNS FROM `php34_goods` [ RunTime:0.004848s ]
SQL: SHOW COLUMNS FROM `php34_goods_cat` [ RunTime:0.004648s ]
SQL: SELECT GROUP_CONCAT(DISTINCT goods_id) goods_id FROM `php34_goods_cat` WHERE ( `cat_id` = '16' ) LIMIT 1   [ RunTime:0.000221s ]
SQL: SELECT MIN(shop_price) minprice,MAX(shop_price) maxprice FROM `php34_goods` WHERE (  (`cat_id` =16 )  ) LIMIT 1   [ RunTime:0.000136s ]
SQL: SELECT COUNT(*) AS tp_count FROM `php34_goods` WHERE (  (`shop_price` BETWEEN 0 AND -1 ) ) AND (  (`cat_id` =16 )  ) AND ( `is_on_sale` = 1 ) AND ( `is_delete` = 0 ) LIMIT 1   [ RunTime:0.000145s ]
SQL: SELECT COUNT(*) AS tp_count FROM `php34_goods` WHERE (  (`shop_price` BETWEEN 0 AND -1 ) ) AND (  (`cat_id` =16 )  ) AND ( `is_on_sale` = 1 ) AND ( `is_delete` = 0 ) LIMIT 1   [ RunTime:0.000134s ]
SQL: SELECT COUNT(*) AS tp_count FROM `php34_goods` WHERE (  (`shop_price` BETWEEN 0 AND -1 ) ) AND (  (`cat_id` =16 )  ) AND ( `is_on_sale` = 1 ) AND ( `is_delete` = 0 ) LIMIT 1   [ RunTime:0.000138s ]
SQL: SELECT COUNT(*) AS tp_count FROM `php34_goods` WHERE (  (`shop_price` BETWEEN 0 AND -1 ) ) AND (  (`cat_id` =16 )  ) AND ( `is_on_sale` = 1 ) AND ( `is_delete` = 0 ) LIMIT 1   [ RunTime:0.000130s ]
SQL: SELECT COUNT(*) AS tp_count FROM `php34_goods` WHERE (  (`shop_price` BETWEEN 0 AND -1 ) ) AND (  (`cat_id` =16 )  ) AND ( `is_on_sale` = 1 ) AND ( `is_delete` = 0 ) LIMIT 1   [ RunTime:0.000130s ]
SQL: SELECT COUNT(*) AS tp_count FROM `php34_goods` WHERE (  (`shop_price` BETWEEN 0 AND -1 ) ) AND (  (`cat_id` =16 )  ) AND ( `is_on_sale` = 1 ) AND ( `is_delete` = 0 ) LIMIT 1   [ RunTime:0.000136s ]
SQL: SELECT COUNT(*) AS tp_count FROM `php34_goods` WHERE (  (`shop_price` BETWEEN 0 AND 0 ) ) AND ( `cat_id` = '16' ) AND ( `is_on_sale` = 1 ) AND ( `is_delete` = 0 ) LIMIT 1   [ RunTime:0.000220s ]
SQL: SELECT * FROM `php34_category` WHERE ( id=16 ) LIMIT 1   [ RunTime:0.000301s ]
SQL: SELECT * FROM `php34_category` WHERE ( id=15 ) LIMIT 1   [ RunTime:0.000281s ]
SQL: SELECT * FROM `php34_category` WHERE ( id=14 ) LIMIT 1   [ RunTime:0.000205s ]
SQL: SELECT `search_attr_id` FROM `php34_category` WHERE ( `id` = 16 ) LIMIT 1   [ RunTime:0.000117s ]
SQL: SHOW COLUMNS FROM `php34_attribute` [ RunTime:0.005643s ]
SQL: SELECT `id`,`attr_name` FROM `php34_attribute` WHERE ( `id` IN ('') )  [ RunTime:0.000431s ]
SQL: SHOW COLUMNS FROM `php34_goods_attr` [ RunTime:0.006477s ]
NOTIC: [2] Invalid argument supplied for foreach() E:\PHP\xuexiziliao\day60xiangmu\shop34\Application\Home\Controller\SearchController.class.php 第 82 行.
NOTIC: [2] unlink(./Application/Runtime/Temp/8f823247b4d4d28d57b02bc12c701fb7.php) [<a href='function.unlink'>function.unlink</a>]: No such file or directory E:\PHP\xuexiziliao\day60xiangmu\shop34\ThinkPHP\Library\Think\Cache\Driver\File.class.php 第 157 行.
SQL: SELECT GROUP_CONCAT(DISTINCT goods_id) goods_id FROM `php34_goods_cat` WHERE ( `cat_id` = '16' ) LIMIT 1   [ RunTime:0.000270s ]
SQL: SELECT COUNT(*) AS tp_count FROM php34_goods a WHERE ( a.is_on_sale = 1 ) AND ( a.is_delete = 0 ) AND (  (a.cat_id =16 )  ) LIMIT 1   [ RunTime:0.000166s ]
SQL: SELECT a.id,a.goods_name,`sm_logo`,`shop_price`,IFNULL(SUM(b.goods_number),0) xl,(SELECT count(id) FROM php34_comment c WHERE c.goods_id=a.id) pl FROM php34_goods a LEFT JOIN php34_order_goods b ON (a.id=b.goods_id AND b.order_id IN(SELECT id FROM php34_order WHERE pay_status=1))  WHERE ( a.is_on_sale = 1 ) AND ( a.is_delete = 0 ) AND (  (a.cat_id =16 )  ) GROUP BY a.id ORDER BY xl DESC LIMIT 0,24   [ RunTime:0.000308s ]
INFO: [ view_parse ] --START--
INFO: [ template_filter ] --START--
INFO: Run Behavior\ContentReplaceBehavior [ RunTime:0.000139s ]
INFO: [ template_filter ] --END-- [ RunTime:0.000201s ]
NOTIC: [2] array_fill() [<a href='function.array-fill'>function.array-fill</a>]: Number of elements must be positive E:\PHP\xuexiziliao\day60xiangmu\shop34\Application\Runtime\Cache\Home\dc21e6da2e1dbcec494898213c16ba46.php 第 411 行.
NOTIC: [2] Invalid argument supplied for foreach() E:\PHP\xuexiziliao\day60xiangmu\shop34\Application\Runtime\Cache\Home\dc21e6da2e1dbcec494898213c16ba46.php 第 411 行.
NOTIC: [2] Invalid argument supplied for foreach() E:\PHP\xuexiziliao\day60xiangmu\shop34\Application\Runtime\Cache\Home\dc21e6da2e1dbcec494898213c16ba46.php 第 444 行.
NOTIC: [8] Undefined variable: data E:\PHP\xuexiziliao\day60xiangmu\shop34\Application\Runtime\Cache\Home\dc21e6da2e1dbcec494898213c16ba46.php 第 462 行.
INFO: Run Behavior\ParseTemplateBehavior [ RunTime:0.029442s ]
INFO: [ view_parse ] --END-- [ RunTime:0.029527s ]
INFO: [ view_filter ] --START--
INFO: Run Behavior\WriteHtmlCacheBehavior [ RunTime:0.000520s ]
INFO: [ view_filter ] --END-- [ RunTime:0.000572s ]
INFO: [ app_end ] --START--
INFO: Run Behavior\ShowPageTraceBehavior [ RunTime:0.002253s ]
INFO: [ app_end ] --END-- [ RunTime:0.002365s ]

[ 2016-10-08T17:47:13+08:00 ] 127.0.0.1 /index.php/Home/Index/ajaxGetRecentDisGoods.html
INFO: [ app_init ] --START--
INFO: Run Behavior\BuildLiteBehavior [ RunTime:0.000017s ]
INFO: [ app_init ] --END-- [ RunTime:0.000548s ]
INFO: [ app_begin ] --START--
INFO: Run Behavior\ReadHtmlCacheBehavior [ RunTime:0.001927s ]
INFO: [ app_begin ] --END-- [ RunTime:0.002078s ]
SQL: SHOW COLUMNS FROM `php34_category` [ RunTime:0.007124s ]
SQL: SELECT * FROM `php34_category`  [ RunTime:0.000273s ]
INFO: [ app_end ] --START--
INFO: Run Behavior\ShowPageTraceBehavior [ RunTime:0.000900s ]
INFO: [ app_end ] --END-- [ RunTime:0.000970s ]

[ 2016-10-08T17:47:13+08:00 ] 127.0.0.1 /index.php/Home/Member/ajaxChkLogin.html
INFO: [ app_init ] --START--
INFO: Run Behavior\BuildLiteBehavior [ RunTime:0.000016s ]
INFO: [ app_init ] --END-- [ RunTime:0.000420s ]
INFO: [ app_begin ] --START--
INFO: Run Behavior\ReadHtmlCacheBehavior [ RunTime:0.001747s ]
INFO: [ app_begin ] --END-- [ RunTime:0.001848s ]
SQL: SHOW COLUMNS FROM `php34_category` [ RunTime:0.010261s ]
SQL: SELECT * FROM `php34_category`  [ RunTime:0.000420s ]
INFO: [ app_end ] --START--
INFO: Run Behavior\ShowPageTraceBehavior [ RunTime:0.001499s ]
INFO: [ app_end ] --END-- [ RunTime:0.001608s ]

[ 2016-10-08T17:48:09+08:00 ] 127.0.0.1 /index.php/Home/Search/search/cid/3.html
INFO: [ app_init ] --START--
INFO: Run Behavior\BuildLiteBehavior [ RunTime:0.000064s ]
INFO: [ app_init ] --END-- [ RunTime:0.001055s ]
INFO: [ app_begin ] --START--
INFO: Run Behavior\ReadHtmlCacheBehavior [ RunTime:0.000844s ]
INFO: [ app_begin ] --END-- [ RunTime:0.000933s ]
SQL: SHOW COLUMNS FROM `php34_category` [ RunTime:0.007059s ]
SQL: SELECT * FROM `php34_category`  [ RunTime:0.000254s ]
SQL: SHOW COLUMNS FROM `php34_goods` [ RunTime:0.008513s ]
SQL: SHOW COLUMNS FROM `php34_goods_cat` [ RunTime:0.004633s ]
SQL: SELECT GROUP_CONCAT(DISTINCT goods_id) goods_id FROM `php34_goods_cat` WHERE ( `cat_id` = '3' ) LIMIT 1   [ RunTime:0.000307s ]
SQL: SELECT MIN(shop_price) minprice,MAX(shop_price) maxprice FROM `php34_goods` WHERE (  (`cat_id` =3  OR id IN(8))  ) LIMIT 1   [ RunTime:0.000210s ]
SQL: SELECT COUNT(*) AS tp_count FROM `php34_goods` WHERE (  (`shop_price` BETWEEN 0 AND -1 ) ) AND (  (`cat_id` =3  OR id IN(8))  ) AND ( `is_on_sale` = 1 ) AND ( `is_delete` = 0 ) LIMIT 1   [ RunTime:0.000198s ]
SQL: SELECT COUNT(*) AS tp_count FROM `php34_goods` WHERE (  (`shop_price` BETWEEN 0 AND -1 ) ) AND (  (`cat_id` =3  OR id IN(8))  ) AND ( `is_on_sale` = 1 ) AND ( `is_delete` = 0 ) LIMIT 1   [ RunTime:0.000269s ]
SQL: SELECT COUNT(*) AS tp_count FROM `php34_goods` WHERE (  (`shop_price` BETWEEN 0 AND -1 ) ) AND (  (`cat_id` =3  OR id IN(8))  ) AND ( `is_on_sale` = 1 ) AND ( `is_delete` = 0 ) LIMIT 1   [ RunTime:0.000225s ]
SQL: SELECT COUNT(*) AS tp_count FROM `php34_goods` WHERE (  (`shop_price` BETWEEN 0 AND -1 ) ) AND (  (`cat_id` =3  OR id IN(8))  ) AND ( `is_on_sale` = 1 ) AND ( `is_delete` = 0 ) LIMIT 1   [ RunTime:0.000176s ]
SQL: SELECT COUNT(*) AS tp_count FROM `php34_goods` WHERE (  (`shop_price` BETWEEN 0 AND -1 ) ) AND (  (`cat_id` =3  OR id IN(8))  ) AND ( `is_on_sale` = 1 ) AND ( `is_delete` = 0 ) LIMIT 1   [ RunTime:0.000163s ]
SQL: SELECT COUNT(*) AS tp_count FROM `php34_goods` WHERE (  (`shop_price` BETWEEN 0 AND -1 ) ) AND (  (`cat_id` =3  OR id IN(8))  ) AND ( `is_on_sale` = 1 ) AND ( `is_delete` = 0 ) LIMIT 1   [ RunTime:0.000168s ]
SQL: SELECT COUNT(*) AS tp_count FROM `php34_goods` WHERE (  (`shop_price` BETWEEN 0 AND 0 ) ) AND ( `cat_id` = '3' ) AND ( `is_on_sale` = 1 ) AND ( `is_delete` = 0 ) LIMIT 1   [ RunTime:0.000157s ]
SQL: SELECT * FROM `php34_category` WHERE ( id=3 ) LIMIT 1   [ RunTime:0.001072s ]
SQL: SELECT `search_attr_id` FROM `php34_category` WHERE ( `id` = 3 ) LIMIT 1   [ RunTime:0.000869s ]
SQL: SHOW COLUMNS FROM `php34_attribute` [ RunTime:0.008483s ]
SQL: SELECT `id`,`attr_name` FROM `php34_attribute` WHERE ( `id` IN ('') )  [ RunTime:0.000388s ]
SQL: SHOW COLUMNS FROM `php34_goods_attr` [ RunTime:0.008361s ]
NOTIC: [2] Invalid argument supplied for foreach() E:\PHP\xuexiziliao\day60xiangmu\shop34\Application\Home\Controller\SearchController.class.php 第 82 行.
NOTIC: [2] unlink(./Application/Runtime/Temp/d79567ed7a745f112ccfa4a6b87480a6.php) [<a href='function.unlink'>function.unlink</a>]: No such file or directory E:\PHP\xuexiziliao\day60xiangmu\shop34\ThinkPHP\Library\Think\Cache\Driver\File.class.php 第 157 行.
SQL: SELECT GROUP_CONCAT(DISTINCT goods_id) goods_id FROM `php34_goods_cat` WHERE ( `cat_id` = '3' ) LIMIT 1   [ RunTime:0.000310s ]
SQL: SELECT COUNT(*) AS tp_count FROM php34_goods a WHERE ( a.is_on_sale = 1 ) AND ( a.is_delete = 0 ) AND (  (a.cat_id =3 or a.id in(8))  ) LIMIT 1   [ RunTime:0.000483s ]
SQL: SELECT a.id,a.goods_name,`sm_logo`,`shop_price`,IFNULL(SUM(b.goods_number),0) xl,(SELECT count(id) FROM php34_comment c WHERE c.goods_id=a.id) pl FROM php34_goods a LEFT JOIN php34_order_goods b ON (a.id=b.goods_id AND b.order_id IN(SELECT id FROM php34_order WHERE pay_status=1))  WHERE ( a.is_on_sale = 1 ) AND ( a.is_delete = 0 ) AND (  (a.cat_id =3 or a.id in(8))  ) GROUP BY a.id ORDER BY xl DESC LIMIT 0,24   [ RunTime:0.000848s ]
INFO: [ view_parse ] --START--
INFO: [ template_filter ] --START--
INFO: Run Behavior\ContentReplaceBehavior [ RunTime:0.000151s ]
INFO: [ template_filter ] --END-- [ RunTime:0.000219s ]
NOTIC: [2] array_fill() [<a href='function.array-fill'>function.array-fill</a>]: Number of elements must be positive E:\PHP\xuexiziliao\day60xiangmu\shop34\Application\Runtime\Cache\Home\dc21e6da2e1dbcec494898213c16ba46.php 第 411 行.
NOTIC: [2] Invalid argument supplied for foreach() E:\PHP\xuexiziliao\day60xiangmu\shop34\Application\Runtime\Cache\Home\dc21e6da2e1dbcec494898213c16ba46.php 第 411 行.
NOTIC: [2] Invalid argument supplied for foreach() E:\PHP\xuexiziliao\day60xiangmu\shop34\Application\Runtime\Cache\Home\dc21e6da2e1dbcec494898213c16ba46.php 第 444 行.
NOTIC: [8] Undefined variable: data E:\PHP\xuexiziliao\day60xiangmu\shop34\Application\Runtime\Cache\Home\dc21e6da2e1dbcec494898213c16ba46.php 第 462 行.
INFO: Run Behavior\ParseTemplateBehavior [ RunTime:0.030590s ]
INFO: [ view_parse ] --END-- [ RunTime:0.030670s ]
INFO: [ view_filter ] --START--
INFO: Run Behavior\WriteHtmlCacheBehavior [ RunTime:0.000512s ]
INFO: [ view_filter ] --END-- [ RunTime:0.000582s ]
INFO: [ app_end ] --START--
INFO: Run Behavior\ShowPageTraceBehavior [ RunTime:0.001219s ]
INFO: [ app_end ] --END-- [ RunTime:0.001340s ]

[ 2016-10-08T17:48:10+08:00 ] 127.0.0.1 /index.php/Home/Index/ajaxGetRecentDisGoods.html
INFO: [ app_init ] --START--
INFO: Run Behavior\BuildLiteBehavior [ RunTime:0.000051s ]
INFO: [ app_init ] --END-- [ RunTime:0.001768s ]
INFO: [ app_begin ] --START--
INFO: Run Behavior\ReadHtmlCacheBehavior [ RunTime:0.000863s ]
INFO: [ app_begin ] --END-- [ RunTime:0.000979s ]
SQL: SHOW COLUMNS FROM `php34_category` [ RunTime:0.008911s ]
SQL: SELECT * FROM `php34_category`  [ RunTime:0.000248s ]
INFO: [ app_end ] --START--
INFO: Run Behavior\ShowPageTraceBehavior [ RunTime:0.001158s ]
INFO: [ app_end ] --END-- [ RunTime:0.001264s ]

[ 2016-10-08T17:48:10+08:00 ] 127.0.0.1 /index.php/Home/Member/ajaxChkLogin.html
INFO: [ app_init ] --START--
INFO: Run Behavior\BuildLiteBehavior [ RunTime:0.000018s ]
INFO: [ app_init ] --END-- [ RunTime:0.000460s ]
INFO: [ app_begin ] --START--
INFO: Run Behavior\ReadHtmlCacheBehavior [ RunTime:0.001114s ]
INFO: [ app_begin ] --END-- [ RunTime:0.001221s ]
SQL: SHOW COLUMNS FROM `php34_category` [ RunTime:0.006218s ]
SQL: SELECT * FROM `php34_category`  [ RunTime:0.000211s ]
INFO: [ app_end ] --START--
INFO: Run Behavior\ShowPageTraceBehavior [ RunTime:0.000823s ]
INFO: [ app_end ] --END-- [ RunTime:0.000880s ]

