[ 2017-09-13T00:02:00+08:00 ] 220.112.14.111 /index.php/home/App/ishot
INFO: [ app_init ] --START--
INFO: Run Behavior\BuildLiteBehavior [ RunTime:0.000024s ]
INFO: [ app_init ] --END-- [ RunTime:0.000463s ]
INFO: [ app_begin ] --START--
INFO: Run Behavior\ReadHtmlCacheBehavior [ RunTime:0.000740s ]
INFO: [ app_begin ] --END-- [ RunTime:0.000858s ]
NOTIC: [8192] mysql_connect(): The mysql extension is deprecated and will be removed in the future: use mysqli or PDO instead C:\phpstudy\WWW\shop34\ThinkPHP\Library\Think\Db\Driver\Mysql.class.php 第 52 行.
SQL: SHOW COLUMNS FROM `php34_category` [ RunTime:0.015838s ]
SQL: SELECT * FROM `php34_category`  [ RunTime:0.000234s ]
SQL: SHOW COLUMNS FROM `php34_movie` [ RunTime:0.008329s ]
SQL: SELECT * FROM `php34_movie` WHERE ( `status` = 1 ) AND ( `is_delete` = 0 ) AND ( `is_hot` = 1 ) ORDER BY listorder asc  [ RunTime:0.000482s ]

[ 2017-09-13T00:07:33+08:00 ] 220.112.14.111 /index.php/home/App/ishot
INFO: [ app_init ] --START--
INFO: Run Behavior\BuildLiteBehavior [ RunTime:0.000037s ]
INFO: [ app_init ] --END-- [ RunTime:0.000524s ]
INFO: [ app_begin ] --START--
INFO: Run Behavior\ReadHtmlCacheBehavior [ RunTime:0.000617s ]
INFO: [ app_begin ] --END-- [ RunTime:0.000717s ]
NOTIC: [8192] mysql_connect(): The mysql extension is deprecated and will be removed in the future: use mysqli or PDO instead C:\phpstudy\WWW\shop34\ThinkPHP\Library\Think\Db\Driver\Mysql.class.php 第 52 行.
SQL: SHOW COLUMNS FROM `php34_category` [ RunTime:0.016720s ]
SQL: SELECT * FROM `php34_category`  [ RunTime:0.000258s ]
SQL: SHOW COLUMNS FROM `php34_movie` [ RunTime:0.008761s ]
SQL: SELECT * FROM `php34_movie` WHERE ( `status` = 1 ) AND ( `is_delete` = 0 ) AND ( `is_hot` = 1 ) ORDER BY listorder asc  [ RunTime:0.000490s ]

[ 2017-09-13T00:08:12+08:00 ] 220.112.14.111 /index.php/home/App/ishot
INFO: [ app_init ] --START--
INFO: Run Behavior\BuildLiteBehavior [ RunTime:0.000022s ]
INFO: [ app_init ] --END-- [ RunTime:0.000373s ]
INFO: [ app_begin ] --START--
INFO: Run Behavior\ReadHtmlCacheBehavior [ RunTime:0.000416s ]
INFO: [ app_begin ] --END-- [ RunTime:0.000491s ]
NOTIC: [8192] mysql_connect(): The mysql extension is deprecated and will be removed in the future: use mysqli or PDO instead C:\phpstudy\WWW\shop34\ThinkPHP\Library\Think\Db\Driver\Mysql.class.php 第 52 行.
SQL: SHOW COLUMNS FROM `php34_category` [ RunTime:0.012659s ]
SQL: SELECT * FROM `php34_category`  [ RunTime:0.000256s ]
SQL: SHOW COLUMNS FROM `php34_movie` [ RunTime:0.008573s ]
SQL: SELECT * FROM `php34_movie` WHERE ( `status` = 1 ) AND ( `is_delete` = 0 ) AND ( `is_hot` = 1 ) ORDER BY listorder asc  [ RunTime:0.000476s ]

[ 2017-09-13T00:08:44+08:00 ] 14.25.251.156 /index.php/Home/App/index
INFO: [ app_init ] --START--
INFO: Run Behavior\BuildLiteBehavior [ RunTime:0.000021s ]
INFO: [ app_init ] --END-- [ RunTime:0.000358s ]
INFO: [ app_begin ] --START--
INFO: Run Behavior\ReadHtmlCacheBehavior [ RunTime:0.000415s ]
INFO: [ app_begin ] --END-- [ RunTime:0.000491s ]
NOTIC: [8192] mysql_connect(): The mysql extension is deprecated and will be removed in the future: use mysqli or PDO instead C:\phpstudy\WWW\shop34\ThinkPHP\Library\Think\Db\Driver\Mysql.class.php 第 52 行.
SQL: SHOW COLUMNS FROM `php34_category` [ RunTime:0.015497s ]
SQL: SELECT * FROM `php34_category`  [ RunTime:0.000239s ]
SQL: SHOW COLUMNS FROM `php34_movie` [ RunTime:0.009037s ]
SQL: SELECT * FROM `php34_movie` WHERE ( `status` = 1 ) AND ( `is_delete` = 0 ) AND ( `is_hot` = 1 ) ORDER BY listorder asc  [ RunTime:0.000464s ]
NOTIC: [8] Undefined variable: limit C:\phpstudy\WWW\shop34\Application\Admin\Model\MovieModel.class.php 第 216 行.
SQL: SELECT * FROM `php34_movie` WHERE ( `status` = 1 ) AND ( `is_delete` = 0 ) AND ( `is_new` = 1 ) ORDER BY listorder asc  [ RunTime:0.000356s ]
SQL: SELECT * FROM `php34_movie` WHERE ( `status` = 1 ) AND ( `is_delete` = 0 ) AND ( `is_best` = 1 ) ORDER BY listorder asc  [ RunTime:0.000358s ]

[ 2017-09-13T00:08:46+08:00 ] 14.25.251.156 /index.php/home/App/ishot
INFO: [ app_init ] --START--
INFO: Run Behavior\BuildLiteBehavior [ RunTime:0.000040s ]
INFO: [ app_init ] --END-- [ RunTime:0.000763s ]
INFO: [ app_begin ] --START--
INFO: Run Behavior\ReadHtmlCacheBehavior [ RunTime:0.000910s ]
INFO: [ app_begin ] --END-- [ RunTime:0.001078s ]
NOTIC: [8192] mysql_connect(): The mysql extension is deprecated and will be removed in the future: use mysqli or PDO instead C:\phpstudy\WWW\shop34\ThinkPHP\Library\Think\Db\Driver\Mysql.class.php 第 52 行.
SQL: SHOW COLUMNS FROM `php34_category` [ RunTime:0.014429s ]
SQL: SELECT * FROM `php34_category`  [ RunTime:0.000244s ]
SQL: SHOW COLUMNS FROM `php34_movie` [ RunTime:0.008515s ]
SQL: SELECT * FROM `php34_movie` WHERE ( `status` = 1 ) AND ( `is_delete` = 0 ) AND ( `is_hot` = 1 ) ORDER BY listorder asc  [ RunTime:0.000473s ]

[ 2017-09-13T00:10:39+08:00 ] 14.25.251.156 /index.php/home/App/ishot
INFO: [ app_init ] --START--
INFO: Run Behavior\BuildLiteBehavior [ RunTime:0.000023s ]
INFO: [ app_init ] --END-- [ RunTime:0.000366s ]
INFO: [ app_begin ] --START--
INFO: Run Behavior\ReadHtmlCacheBehavior [ RunTime:0.000420s ]
INFO: [ app_begin ] --END-- [ RunTime:0.000497s ]
NOTIC: [8192] mysql_connect(): The mysql extension is deprecated and will be removed in the future: use mysqli or PDO instead C:\phpstudy\WWW\shop34\ThinkPHP\Library\Think\Db\Driver\Mysql.class.php 第 52 行.
SQL: SHOW COLUMNS FROM `php34_category` [ RunTime:0.016872s ]
SQL: SELECT * FROM `php34_category`  [ RunTime:0.000316s ]
SQL: SHOW COLUMNS FROM `php34_movie` [ RunTime:0.012055s ]
SQL: SELECT * FROM `php34_movie` WHERE ( `status` = 1 ) AND ( `is_delete` = 0 ) AND ( `is_hot` = 1 ) ORDER BY listorder asc  [ RunTime:0.000555s ]

[ 2017-09-13T00:11:08+08:00 ] 14.25.251.156 /index.php/home/App/ishot
INFO: [ app_init ] --START--
INFO: Run Behavior\BuildLiteBehavior [ RunTime:0.000036s ]
INFO: [ app_init ] --END-- [ RunTime:0.001032s ]
INFO: [ app_begin ] --START--
INFO: Run Behavior\ReadHtmlCacheBehavior [ RunTime:0.000844s ]
INFO: [ app_begin ] --END-- [ RunTime:0.000961s ]
NOTIC: [8192] mysql_connect(): The mysql extension is deprecated and will be removed in the future: use mysqli or PDO instead C:\phpstudy\WWW\shop34\ThinkPHP\Library\Think\Db\Driver\Mysql.class.php 第 52 行.
SQL: SHOW COLUMNS FROM `php34_category` [ RunTime:0.013487s ]
SQL: SELECT * FROM `php34_category`  [ RunTime:0.000372s ]
SQL: SHOW COLUMNS FROM `php34_movie` [ RunTime:0.010593s ]
SQL: SELECT * FROM `php34_movie` WHERE ( `status` = 1 ) AND ( `is_delete` = 0 ) AND ( `is_hot` = 1 ) ORDER BY listorder asc  [ RunTime:0.000564s ]

[ 2017-09-13T00:51:36+08:00 ] 14.25.251.156 /index.php/Home/App/index
INFO: [ app_init ] --START--
INFO: Run Behavior\BuildLiteBehavior [ RunTime:0.000022s ]
INFO: [ app_init ] --END-- [ RunTime:0.000408s ]
INFO: [ app_begin ] --START--
INFO: Run Behavior\ReadHtmlCacheBehavior [ RunTime:0.000687s ]
INFO: [ app_begin ] --END-- [ RunTime:0.000767s ]
NOTIC: [8192] mysql_connect(): The mysql extension is deprecated and will be removed in the future: use mysqli or PDO instead C:\phpstudy\WWW\shop34\ThinkPHP\Library\Think\Db\Driver\Mysql.class.php 第 52 行.
SQL: SHOW COLUMNS FROM `php34_category` [ RunTime:0.015523s ]
SQL: SELECT * FROM `php34_category`  [ RunTime:0.000253s ]
SQL: SHOW COLUMNS FROM `php34_movie` [ RunTime:0.014693s ]
SQL: SELECT * FROM `php34_movie` WHERE ( `status` = 1 ) AND ( `is_delete` = 0 ) AND ( `is_hot` = 1 ) ORDER BY listorder asc  [ RunTime:0.000832s ]
NOTIC: [8] Undefined variable: limit C:\phpstudy\WWW\shop34\Application\Admin\Model\MovieModel.class.php 第 216 行.
SQL: SELECT * FROM `php34_movie` WHERE ( `status` = 1 ) AND ( `is_delete` = 0 ) AND ( `is_new` = 1 ) ORDER BY listorder asc  [ RunTime:0.000585s ]
SQL: SELECT * FROM `php34_movie` WHERE ( `status` = 1 ) AND ( `is_delete` = 0 ) AND ( `is_best` = 1 ) ORDER BY listorder asc  [ RunTime:0.000563s ]

[ 2017-09-13T00:51:47+08:00 ] 14.25.251.156 /index.php/Home/App/index
INFO: [ app_init ] --START--
INFO: Run Behavior\BuildLiteBehavior [ RunTime:0.000023s ]
INFO: [ app_init ] --END-- [ RunTime:0.000404s ]
INFO: [ app_begin ] --START--
INFO: Run Behavior\ReadHtmlCacheBehavior [ RunTime:0.000642s ]
INFO: [ app_begin ] --END-- [ RunTime:0.000718s ]
NOTIC: [8192] mysql_connect(): The mysql extension is deprecated and will be removed in the future: use mysqli or PDO instead C:\phpstudy\WWW\shop34\ThinkPHP\Library\Think\Db\Driver\Mysql.class.php 第 52 行.
SQL: SHOW COLUMNS FROM `php34_category` [ RunTime:0.012745s ]
SQL: SELECT * FROM `php34_category`  [ RunTime:0.000250s ]
SQL: SHOW COLUMNS FROM `php34_movie` [ RunTime:0.011143s ]
SQL: SELECT * FROM `php34_movie` WHERE ( `status` = 1 ) AND ( `is_delete` = 0 ) AND ( `is_hot` = 1 ) ORDER BY listorder asc  [ RunTime:0.000523s ]
NOTIC: [8] Undefined variable: limit C:\phpstudy\WWW\shop34\Application\Admin\Model\MovieModel.class.php 第 216 行.
SQL: SELECT * FROM `php34_movie` WHERE ( `status` = 1 ) AND ( `is_delete` = 0 ) AND ( `is_new` = 1 ) ORDER BY listorder asc  [ RunTime:0.000375s ]
SQL: SELECT * FROM `php34_movie` WHERE ( `status` = 1 ) AND ( `is_delete` = 0 ) AND ( `is_best` = 1 ) ORDER BY listorder asc  [ RunTime:0.000386s ]

[ 2017-09-13T00:51:48+08:00 ] 14.25.251.156 //index.php/home/App/ishot
INFO: [ app_init ] --START--
INFO: Run Behavior\BuildLiteBehavior [ RunTime:0.000032s ]
INFO: [ app_init ] --END-- [ RunTime:0.000505s ]
INFO: [ app_begin ] --START--
INFO: Run Behavior\ReadHtmlCacheBehavior [ RunTime:0.000627s ]
INFO: [ app_begin ] --END-- [ RunTime:0.000719s ]
NOTIC: [8192] mysql_connect(): The mysql extension is deprecated and will be removed in the future: use mysqli or PDO instead C:\phpstudy\WWW\shop34\ThinkPHP\Library\Think\Db\Driver\Mysql.class.php 第 52 行.
SQL: SHOW COLUMNS FROM `php34_category` [ RunTime:0.012662s ]
SQL: SELECT * FROM `php34_category`  [ RunTime:0.000269s ]
SQL: SHOW COLUMNS FROM `php34_movie` [ RunTime:0.009657s ]
SQL: SELECT * FROM `php34_movie` WHERE ( `status` = 1 ) AND ( `is_delete` = 0 ) AND ( `is_hot` = 1 ) ORDER BY listorder asc  [ RunTime:0.000470s ]

[ 2017-09-13T01:57:54+08:00 ] 113.91.142.86 /index.php/home/App/registers
INFO: [ app_init ] --START--
INFO: Run Behavior\BuildLiteBehavior [ RunTime:0.000024s ]
INFO: [ app_init ] --END-- [ RunTime:0.000428s ]
INFO: [ app_begin ] --START--
INFO: Run Behavior\ReadHtmlCacheBehavior [ RunTime:0.000634s ]
INFO: [ app_begin ] --END-- [ RunTime:0.000714s ]
NOTIC: [8192] mysql_connect(): The mysql extension is deprecated and will be removed in the future: use mysqli or PDO instead C:\phpstudy\WWW\shop34\ThinkPHP\Library\Think\Db\Driver\Mysql.class.php 第 52 行.
SQL: SHOW COLUMNS FROM `php34_category` [ RunTime:0.014022s ]
SQL: SELECT * FROM `php34_category`  [ RunTime:0.000292s ]
INFO: [ app_end ] --START--
INFO: Run Behavior\ShowPageTraceBehavior [ RunTime:0.000662s ]
INFO: [ app_end ] --END-- [ RunTime:0.000740s ]

[ 2017-09-13T02:00:30+08:00 ] 113.91.142.86 /index.php/home/App/registers
INFO: [ app_init ] --START--
INFO: Run Behavior\BuildLiteBehavior [ RunTime:0.000022s ]
INFO: [ app_init ] --END-- [ RunTime:0.000415s ]
INFO: [ app_begin ] --START--
INFO: Run Behavior\ReadHtmlCacheBehavior [ RunTime:0.000532s ]
INFO: [ app_begin ] --END-- [ RunTime:0.000623s ]
NOTIC: [8192] mysql_connect(): The mysql extension is deprecated and will be removed in the future: use mysqli or PDO instead C:\phpstudy\WWW\shop34\ThinkPHP\Library\Think\Db\Driver\Mysql.class.php 第 52 行.
SQL: SHOW COLUMNS FROM `php34_category` [ RunTime:0.013283s ]
SQL: SELECT * FROM `php34_category`  [ RunTime:0.000275s ]
NOTIC: [8] Undefined variable: smsid C:\phpstudy\WWW\shop34\Application\Home\Controller\AppController.class.php 第 47 行.
NOTIC: [8] Undefined variable: regid C:\phpstudy\WWW\shop34\Application\Home\Controller\AppController.class.php 第 47 行.

[ 2017-09-13T02:03:06+08:00 ] 113.91.142.86 /index.php/home/App/registers
INFO: [ app_init ] --START--
INFO: Run Behavior\BuildLiteBehavior [ RunTime:0.000022s ]
INFO: [ app_init ] --END-- [ RunTime:0.000403s ]
INFO: [ app_begin ] --START--
INFO: Run Behavior\ReadHtmlCacheBehavior [ RunTime:0.000537s ]
INFO: [ app_begin ] --END-- [ RunTime:0.000613s ]
NOTIC: [8192] mysql_connect(): The mysql extension is deprecated and will be removed in the future: use mysqli or PDO instead C:\phpstudy\WWW\shop34\ThinkPHP\Library\Think\Db\Driver\Mysql.class.php 第 52 行.
SQL: SHOW COLUMNS FROM `php34_category` [ RunTime:0.020598s ]
SQL: SELECT * FROM `php34_category`  [ RunTime:0.000451s ]

[ 2017-09-13T02:24:49+08:00 ] 113.91.142.86 /index.php/home/App/registers
INFO: [ app_init ] --START--
INFO: Run Behavior\BuildLiteBehavior [ RunTime:0.000023s ]
INFO: [ app_init ] --END-- [ RunTime:0.000413s ]
INFO: [ app_begin ] --START--
INFO: Run Behavior\ReadHtmlCacheBehavior [ RunTime:0.000551s ]
INFO: [ app_begin ] --END-- [ RunTime:0.000632s ]
NOTIC: [8192] mysql_connect(): The mysql extension is deprecated and will be removed in the future: use mysqli or PDO instead C:\phpstudy\WWW\shop34\ThinkPHP\Library\Think\Db\Driver\Mysql.class.php 第 52 行.
SQL: SHOW COLUMNS FROM `php34_category` [ RunTime:0.013841s ]
SQL: SELECT * FROM `php34_category`  [ RunTime:0.000294s ]
NOTIC: [2] Missing argument 2 for Lib\api\bmob\BmobApi::bmobcheck(), called in C:\phpstudy\WWW\shop34\Application\Home\Controller\AppController.class.php on line 47 and defined C:\phpstudy\WWW\shop34\Application\Lib\api\bmob\BmobApi.class.php 第 6 行.
NOTIC: [2] Missing argument 3 for Lib\api\bmob\BmobApi::bmobcheck(), called in C:\phpstudy\WWW\shop34\Application\Home\Controller\AppController.class.php on line 47 and defined C:\phpstudy\WWW\shop34\Application\Lib\api\bmob\BmobApi.class.php 第 6 行.

[ 2017-09-13T02:33:06+08:00 ] 163.125.208.188 /index.php/home/App/registers
INFO: [ app_init ] --START--
INFO: Run Behavior\BuildLiteBehavior [ RunTime:0.000025s ]
INFO: [ app_init ] --END-- [ RunTime:0.000420s ]
INFO: [ app_begin ] --START--
INFO: Run Behavior\ReadHtmlCacheBehavior [ RunTime:0.000543s ]
INFO: [ app_begin ] --END-- [ RunTime:0.000624s ]
NOTIC: [8192] mysql_connect(): The mysql extension is deprecated and will be removed in the future: use mysqli or PDO instead C:\phpstudy\WWW\shop34\ThinkPHP\Library\Think\Db\Driver\Mysql.class.php 第 52 行.
SQL: SHOW COLUMNS FROM `php34_category` [ RunTime:0.017359s ]
SQL: SELECT * FROM `php34_category`  [ RunTime:0.000270s ]
NOTIC: [2] Missing argument 2 for Lib\api\bmob\BmobApi::bmobcheck(), called in C:\phpstudy\WWW\shop34\Application\Home\Controller\AppController.class.php on line 47 and defined C:\phpstudy\WWW\shop34\Application\Lib\api\bmob\BmobApi.class.php 第 6 行.
NOTIC: [2] Missing argument 3 for Lib\api\bmob\BmobApi::bmobcheck(), called in C:\phpstudy\WWW\shop34\Application\Home\Controller\AppController.class.php on line 47 and defined C:\phpstudy\WWW\shop34\Application\Lib\api\bmob\BmobApi.class.php 第 6 行.

[ 2017-09-13T02:35:02+08:00 ] 113.91.142.86 /index.php/home/App/registers
INFO: [ app_init ] --START--
INFO: Run Behavior\BuildLiteBehavior [ RunTime:0.000023s ]
INFO: [ app_init ] --END-- [ RunTime:0.000388s ]
INFO: [ app_begin ] --START--
INFO: Run Behavior\ReadHtmlCacheBehavior [ RunTime:0.000434s ]
INFO: [ app_begin ] --END-- [ RunTime:0.000509s ]
NOTIC: [8192] mysql_connect(): The mysql extension is deprecated and will be removed in the future: use mysqli or PDO instead C:\phpstudy\WWW\shop34\ThinkPHP\Library\Think\Db\Driver\Mysql.class.php 第 52 行.
SQL: SHOW COLUMNS FROM `php34_category` [ RunTime:0.013329s ]
SQL: SELECT * FROM `php34_category`  [ RunTime:0.000354s ]
NOTIC: [2] Missing argument 2 for Lib\api\bmob\BmobApi::bmobcheck(), called in C:\phpstudy\WWW\shop34\Application\Home\Controller\AppController.class.php on line 47 and defined C:\phpstudy\WWW\shop34\Application\Lib\api\bmob\BmobApi.class.php 第 6 行.
NOTIC: [2] Missing argument 3 for Lib\api\bmob\BmobApi::bmobcheck(), called in C:\phpstudy\WWW\shop34\Application\Home\Controller\AppController.class.php on line 47 and defined C:\phpstudy\WWW\shop34\Application\Lib\api\bmob\BmobApi.class.php 第 6 行.

[ 2017-09-13T02:38:03+08:00 ] 163.125.208.183 /index.php/home/App/registers
INFO: [ app_init ] --START--
INFO: Run Behavior\BuildLiteBehavior [ RunTime:0.000023s ]
INFO: [ app_init ] --END-- [ RunTime:0.000440s ]
INFO: [ app_begin ] --START--
INFO: Run Behavior\ReadHtmlCacheBehavior [ RunTime:0.000521s ]
INFO: [ app_begin ] --END-- [ RunTime:0.000599s ]
NOTIC: [8192] mysql_connect(): The mysql extension is deprecated and will be removed in the future: use mysqli or PDO instead C:\phpstudy\WWW\shop34\ThinkPHP\Library\Think\Db\Driver\Mysql.class.php 第 52 行.
SQL: SHOW COLUMNS FROM `php34_category` [ RunTime:0.013271s ]
SQL: SELECT * FROM `php34_category`  [ RunTime:0.000281s ]
NOTIC: [2] Missing argument 2 for Lib\api\bmob\BmobApi::bmobcheck(), called in C:\phpstudy\WWW\shop34\Application\Home\Controller\AppController.class.php on line 47 and defined C:\phpstudy\WWW\shop34\Application\Lib\api\bmob\BmobApi.class.php 第 6 行.
NOTIC: [2] Missing argument 3 for Lib\api\bmob\BmobApi::bmobcheck(), called in C:\phpstudy\WWW\shop34\Application\Home\Controller\AppController.class.php on line 47 and defined C:\phpstudy\WWW\shop34\Application\Lib\api\bmob\BmobApi.class.php 第 6 行.

[ 2017-09-13T02:40:32+08:00 ] 113.91.142.86 /index.php/home/App/registers
INFO: [ app_init ] --START--
INFO: Run Behavior\BuildLiteBehavior [ RunTime:0.000023s ]
INFO: [ app_init ] --END-- [ RunTime:0.000405s ]
INFO: [ app_begin ] --START--
INFO: Run Behavior\ReadHtmlCacheBehavior [ RunTime:0.000525s ]
INFO: [ app_begin ] --END-- [ RunTime:0.000601s ]
NOTIC: [8192] mysql_connect(): The mysql extension is deprecated and will be removed in the future: use mysqli or PDO instead C:\phpstudy\WWW\shop34\ThinkPHP\Library\Think\Db\Driver\Mysql.class.php 第 52 行.
SQL: SHOW COLUMNS FROM `php34_category` [ RunTime:0.013113s ]
SQL: SELECT * FROM `php34_category`  [ RunTime:0.000244s ]
NOTIC: [2] Missing argument 2 for Lib\api\bmob\BmobApi::bmobcheck(), called in C:\phpstudy\WWW\shop34\Application\Home\Controller\AppController.class.php on line 47 and defined C:\phpstudy\WWW\shop34\Application\Lib\api\bmob\BmobApi.class.php 第 6 行.
NOTIC: [2] Missing argument 3 for Lib\api\bmob\BmobApi::bmobcheck(), called in C:\phpstudy\WWW\shop34\Application\Home\Controller\AppController.class.php on line 47 and defined C:\phpstudy\WWW\shop34\Application\Lib\api\bmob\BmobApi.class.php 第 6 行.

[ 2017-09-13T02:45:42+08:00 ] 163.125.208.183 /index.php/home/App/registers
INFO: [ app_init ] --START--
INFO: Run Behavior\BuildLiteBehavior [ RunTime:0.000021s ]
INFO: [ app_init ] --END-- [ RunTime:0.000408s ]
INFO: [ app_begin ] --START--
INFO: Run Behavior\ReadHtmlCacheBehavior [ RunTime:0.000522s ]
INFO: [ app_begin ] --END-- [ RunTime:0.000608s ]
NOTIC: [8192] mysql_connect(): The mysql extension is deprecated and will be removed in the future: use mysqli or PDO instead C:\phpstudy\WWW\shop34\ThinkPHP\Library\Think\Db\Driver\Mysql.class.php 第 52 行.
SQL: SHOW COLUMNS FROM `php34_category` [ RunTime:0.012837s ]
SQL: SELECT * FROM `php34_category`  [ RunTime:0.000277s ]
NOTIC: [2] Missing argument 2 for Lib\api\bmob\BmobApi::bmobcheck(), called in C:\phpstudy\WWW\shop34\Application\Home\Controller\AppController.class.php on line 47 and defined C:\phpstudy\WWW\shop34\Application\Lib\api\bmob\BmobApi.class.php 第 6 行.
NOTIC: [2] Missing argument 3 for Lib\api\bmob\BmobApi::bmobcheck(), called in C:\phpstudy\WWW\shop34\Application\Home\Controller\AppController.class.php on line 47 and defined C:\phpstudy\WWW\shop34\Application\Lib\api\bmob\BmobApi.class.php 第 6 行.

[ 2017-09-13T02:46:38+08:00 ] 163.125.208.188 /index.php/home/App/registers
INFO: [ app_init ] --START--
INFO: Run Behavior\BuildLiteBehavior [ RunTime:0.000023s ]
INFO: [ app_init ] --END-- [ RunTime:0.000383s ]
INFO: [ app_begin ] --START--
INFO: Run Behavior\ReadHtmlCacheBehavior [ RunTime:0.000434s ]
INFO: [ app_begin ] --END-- [ RunTime:0.000510s ]
NOTIC: [8192] mysql_connect(): The mysql extension is deprecated and will be removed in the future: use mysqli or PDO instead C:\phpstudy\WWW\shop34\ThinkPHP\Library\Think\Db\Driver\Mysql.class.php 第 52 行.
SQL: SHOW COLUMNS FROM `php34_category` [ RunTime:0.016458s ]
SQL: SELECT * FROM `php34_category`  [ RunTime:0.000283s ]
NOTIC: [2] Missing argument 2 for Lib\api\bmob\BmobApi::bmobcheck(), called in C:\phpstudy\WWW\shop34\Application\Home\Controller\AppController.class.php on line 47 and defined C:\phpstudy\WWW\shop34\Application\Lib\api\bmob\BmobApi.class.php 第 6 行.
NOTIC: [2] Missing argument 3 for Lib\api\bmob\BmobApi::bmobcheck(), called in C:\phpstudy\WWW\shop34\Application\Home\Controller\AppController.class.php on line 47 and defined C:\phpstudy\WWW\shop34\Application\Lib\api\bmob\BmobApi.class.php 第 6 行.

[ 2017-09-13T02:47:20+08:00 ] 163.125.208.188 /index.php/home/App/registers
INFO: [ app_init ] --START--
INFO: Run Behavior\BuildLiteBehavior [ RunTime:0.000022s ]
INFO: [ app_init ] --END-- [ RunTime:0.000360s ]
INFO: [ app_begin ] --START--
INFO: Run Behavior\ReadHtmlCacheBehavior [ RunTime:0.000411s ]
INFO: [ app_begin ] --END-- [ RunTime:0.000486s ]
NOTIC: [8192] mysql_connect(): The mysql extension is deprecated and will be removed in the future: use mysqli or PDO instead C:\phpstudy\WWW\shop34\ThinkPHP\Library\Think\Db\Driver\Mysql.class.php 第 52 行.
SQL: SHOW COLUMNS FROM `php34_category` [ RunTime:0.018311s ]
SQL: SELECT * FROM `php34_category`  [ RunTime:0.000239s ]
NOTIC: [2] Missing argument 2 for Lib\api\bmob\BmobApi::bmobcheck(), called in C:\phpstudy\WWW\shop34\Application\Home\Controller\AppController.class.php on line 47 and defined C:\phpstudy\WWW\shop34\Application\Lib\api\bmob\BmobApi.class.php 第 6 行.
NOTIC: [2] Missing argument 3 for Lib\api\bmob\BmobApi::bmobcheck(), called in C:\phpstudy\WWW\shop34\Application\Home\Controller\AppController.class.php on line 47 and defined C:\phpstudy\WWW\shop34\Application\Lib\api\bmob\BmobApi.class.php 第 6 行.
SQL: SHOW COLUMNS FROM `php34_member` [ RunTime:0.010217s ]
SQL: INSERT INTO `php34_member` (`username`,`password`,`addtime`) VALUES ('7868686','662c4c765df0b785da671a7f6634a0ac',1505242040) [ RunTime:0.000334s ]

[ 2017-09-13T02:54:01+08:00 ] 113.91.142.86 /index.php/home/App/registers
INFO: [ app_init ] --START--
INFO: Run Behavior\BuildLiteBehavior [ RunTime:0.000023s ]
INFO: [ app_init ] --END-- [ RunTime:0.000447s ]
INFO: [ app_begin ] --START--
INFO: Run Behavior\ReadHtmlCacheBehavior [ RunTime:0.000708s ]
INFO: [ app_begin ] --END-- [ RunTime:0.000785s ]
NOTIC: [8192] mysql_connect(): The mysql extension is deprecated and will be removed in the future: use mysqli or PDO instead C:\phpstudy\WWW\shop34\ThinkPHP\Library\Think\Db\Driver\Mysql.class.php 第 52 行.
SQL: SHOW COLUMNS FROM `php34_category` [ RunTime:0.012945s ]
SQL: SELECT * FROM `php34_category`  [ RunTime:0.000236s ]

[ 2017-09-13T07:42:19+08:00 ] 14.25.251.156 /index.php/Home/App/index
INFO: [ app_init ] --START--
INFO: Run Behavior\BuildLiteBehavior [ RunTime:0.000023s ]
INFO: [ app_init ] --END-- [ RunTime:0.000408s ]
INFO: [ app_begin ] --START--
INFO: Run Behavior\ReadHtmlCacheBehavior [ RunTime:0.000596s ]
INFO: [ app_begin ] --END-- [ RunTime:0.000673s ]
NOTIC: [8192] mysql_connect(): The mysql extension is deprecated and will be removed in the future: use mysqli or PDO instead C:\phpstudy\WWW\shop34\ThinkPHP\Library\Think\Db\Driver\Mysql.class.php 第 52 行.
SQL: SHOW COLUMNS FROM `php34_category` [ RunTime:0.027988s ]
SQL: SELECT * FROM `php34_category`  [ RunTime:0.000336s ]
SQL: SHOW COLUMNS FROM `php34_movie` [ RunTime:0.012844s ]
SQL: SELECT * FROM `php34_movie` WHERE ( `status` = 1 ) AND ( `is_delete` = 0 ) AND ( `is_hot` = 1 ) ORDER BY listorder asc  [ RunTime:0.000516s ]
NOTIC: [8] Undefined variable: limit C:\phpstudy\WWW\shop34\Application\Admin\Model\MovieModel.class.php 第 216 行.
SQL: SELECT * FROM `php34_movie` WHERE ( `status` = 1 ) AND ( `is_delete` = 0 ) AND ( `is_new` = 1 ) ORDER BY listorder asc  [ RunTime:0.000408s ]
SQL: SELECT * FROM `php34_movie` WHERE ( `status` = 1 ) AND ( `is_delete` = 0 ) AND ( `is_best` = 1 ) ORDER BY listorder asc  [ RunTime:0.000422s ]

[ 2017-09-13T07:43:31+08:00 ] 14.25.251.156 //index.php/home/App/ishot
INFO: [ app_init ] --START--
INFO: Run Behavior\BuildLiteBehavior [ RunTime:0.000023s ]
INFO: [ app_init ] --END-- [ RunTime:0.000361s ]
INFO: [ app_begin ] --START--
INFO: Run Behavior\ReadHtmlCacheBehavior [ RunTime:0.000573s ]
INFO: [ app_begin ] --END-- [ RunTime:0.000647s ]
NOTIC: [8192] mysql_connect(): The mysql extension is deprecated and will be removed in the future: use mysqli or PDO instead C:\phpstudy\WWW\shop34\ThinkPHP\Library\Think\Db\Driver\Mysql.class.php 第 52 行.
SQL: SHOW COLUMNS FROM `php34_category` [ RunTime:0.017151s ]
SQL: SELECT * FROM `php34_category`  [ RunTime:0.000284s ]
SQL: SHOW COLUMNS FROM `php34_movie` [ RunTime:0.009925s ]
SQL: SELECT * FROM `php34_movie` WHERE ( `status` = 1 ) AND ( `is_delete` = 0 ) AND ( `is_hot` = 1 ) ORDER BY listorder asc  [ RunTime:0.000515s ]

[ 2017-09-13T07:59:10+08:00 ] 106.11.225.177 /
INFO: [ app_init ] --START--
INFO: Run Behavior\BuildLiteBehavior [ RunTime:0.000034s ]
INFO: [ app_init ] --END-- [ RunTime:0.000587s ]
INFO: [ app_begin ] --START--
INFO: Run Behavior\ReadHtmlCacheBehavior [ RunTime:0.000609s ]
INFO: [ app_begin ] --END-- [ RunTime:0.000685s ]
NOTIC: [8192] mysql_connect(): The mysql extension is deprecated and will be removed in the future: use mysqli or PDO instead C:\phpstudy\WWW\shop34\ThinkPHP\Library\Think\Db\Driver\Mysql.class.php 第 52 行.
SQL: SHOW COLUMNS FROM `php34_category` [ RunTime:0.017415s ]
SQL: SELECT * FROM `php34_category`  [ RunTime:0.000274s ]
SQL: SHOW COLUMNS FROM `php34_goods` [ RunTime:0.032724s ]
SQL: SELECT `id`,`goods_name`,`promote_price`,`sm_logo` FROM `php34_goods` WHERE ( `is_on_sale` = 1 ) AND ( `is_delete` = 0 ) AND ( `is_promote` = 1 ) AND ( `promote_start_time` <= 1505260750 ) AND ( `promote_end_time` >= 1505260750 ) ORDER BY sort_num asc LIMIT 5   [ RunTime:0.000394s ]
SQL: SELECT `id`,`goods_name`,`shop_price`,`sm_logo` FROM `php34_goods` WHERE ( `is_on_sale` = 1 ) AND ( `is_delete` = 0 ) AND ( `is_hot` = 1 ) ORDER BY sort_num asc LIMIT 5   [ RunTime:0.000391s ]
SQL: SELECT `id`,`goods_name`,`shop_price`,`sm_logo` FROM `php34_goods` WHERE ( `is_on_sale` = 1 ) AND ( `is_delete` = 0 ) AND ( `is_best` = 1 ) ORDER BY sort_num asc LIMIT 5   [ RunTime:0.000351s ]
SQL: SELECT `id`,`goods_name`,`shop_price`,`sm_logo` FROM `php34_goods` WHERE ( `is_on_sale` = 1 ) AND ( `is_delete` = 0 ) AND ( `is_new` = 1 ) ORDER BY sort_num asc LIMIT 5   [ RunTime:0.000318s ]
INFO: [ view_parse ] --START--
INFO: [ template_filter ] --START--
INFO: Run Behavior\ContentReplaceBehavior [ RunTime:0.000208s ]
INFO: [ template_filter ] --END-- [ RunTime:0.000281s ]
NOTIC: [2] Invalid argument supplied for foreach() C:\phpstudy\WWW\shop34\Application\Runtime\Cache\Home\2a94b8bda04ff446dcedd42276fc99ee.php 第 341 行.
INFO: Run Behavior\ParseTemplateBehavior [ RunTime:0.065722s ]
INFO: [ view_parse ] --END-- [ RunTime:0.065809s ]
INFO: [ view_filter ] --START--
INFO: Run Behavior\WriteHtmlCacheBehavior [ RunTime:0.000480s ]
INFO: [ view_filter ] --END-- [ RunTime:0.000540s ]
INFO: [ app_end ] --START--
INFO: Run Behavior\ShowPageTraceBehavior [ RunTime:0.000637s ]
INFO: [ app_end ] --END-- [ RunTime:0.000731s ]

[ 2017-09-13T08:01:19+08:00 ] 14.25.251.156 /index.php/Home/App/index
INFO: [ app_init ] --START--
INFO: Run Behavior\BuildLiteBehavior [ RunTime:0.000024s ]
INFO: [ app_init ] --END-- [ RunTime:0.000413s ]
INFO: [ app_begin ] --START--
INFO: Run Behavior\ReadHtmlCacheBehavior [ RunTime:0.000584s ]
INFO: [ app_begin ] --END-- [ RunTime:0.000660s ]
NOTIC: [8192] mysql_connect(): The mysql extension is deprecated and will be removed in the future: use mysqli or PDO instead C:\phpstudy\WWW\shop34\ThinkPHP\Library\Think\Db\Driver\Mysql.class.php 第 52 行.
SQL: SHOW COLUMNS FROM `php34_category` [ RunTime:0.018746s ]
SQL: SELECT * FROM `php34_category`  [ RunTime:0.000263s ]
SQL: SHOW COLUMNS FROM `php34_movie` [ RunTime:0.011469s ]
SQL: SELECT * FROM `php34_movie` WHERE ( `status` = 1 ) AND ( `is_delete` = 0 ) AND ( `is_hot` = 1 ) ORDER BY listorder asc  [ RunTime:0.000503s ]
NOTIC: [8] Undefined variable: limit C:\phpstudy\WWW\shop34\Application\Admin\Model\MovieModel.class.php 第 216 行.
SQL: SELECT * FROM `php34_movie` WHERE ( `status` = 1 ) AND ( `is_delete` = 0 ) AND ( `is_new` = 1 ) ORDER BY listorder asc  [ RunTime:0.000368s ]
SQL: SELECT * FROM `php34_movie` WHERE ( `status` = 1 ) AND ( `is_delete` = 0 ) AND ( `is_best` = 1 ) ORDER BY listorder asc  [ RunTime:0.000357s ]

[ 2017-09-13T08:20:43+08:00 ] 14.25.251.156 /index.php/Home/App/index
INFO: [ app_init ] --START--
INFO: Run Behavior\BuildLiteBehavior [ RunTime:0.000022s ]
INFO: [ app_init ] --END-- [ RunTime:0.000416s ]
INFO: [ app_begin ] --START--
INFO: Run Behavior\ReadHtmlCacheBehavior [ RunTime:0.000591s ]
INFO: [ app_begin ] --END-- [ RunTime:0.000669s ]
NOTIC: [8192] mysql_connect(): The mysql extension is deprecated and will be removed in the future: use mysqli or PDO instead C:\phpstudy\WWW\shop34\ThinkPHP\Library\Think\Db\Driver\Mysql.class.php 第 52 行.
SQL: SHOW COLUMNS FROM `php34_category` [ RunTime:0.019451s ]
SQL: SELECT * FROM `php34_category`  [ RunTime:0.000256s ]
SQL: SHOW COLUMNS FROM `php34_movie` [ RunTime:0.008869s ]
SQL: SELECT * FROM `php34_movie` WHERE ( `status` = 1 ) AND ( `is_delete` = 0 ) AND ( `is_hot` = 1 ) ORDER BY listorder asc  [ RunTime:0.000478s ]
NOTIC: [8] Undefined variable: limit C:\phpstudy\WWW\shop34\Application\Admin\Model\MovieModel.class.php 第 216 行.
SQL: SELECT * FROM `php34_movie` WHERE ( `status` = 1 ) AND ( `is_delete` = 0 ) AND ( `is_new` = 1 ) ORDER BY listorder asc  [ RunTime:0.000373s ]
SQL: SELECT * FROM `php34_movie` WHERE ( `status` = 1 ) AND ( `is_delete` = 0 ) AND ( `is_best` = 1 ) ORDER BY listorder asc  [ RunTime:0.000362s ]

[ 2017-09-13T08:26:28+08:00 ] 14.25.251.156 /index.php/Home/App/index
INFO: [ app_init ] --START--
INFO: Run Behavior\BuildLiteBehavior [ RunTime:0.000023s ]
INFO: [ app_init ] --END-- [ RunTime:0.000410s ]
INFO: [ app_begin ] --START--
INFO: Run Behavior\ReadHtmlCacheBehavior [ RunTime:0.000613s ]
INFO: [ app_begin ] --END-- [ RunTime:0.000691s ]
NOTIC: [8192] mysql_connect(): The mysql extension is deprecated and will be removed in the future: use mysqli or PDO instead C:\phpstudy\WWW\shop34\ThinkPHP\Library\Think\Db\Driver\Mysql.class.php 第 52 行.
SQL: SHOW COLUMNS FROM `php34_category` [ RunTime:0.016088s ]
SQL: SELECT * FROM `php34_category`  [ RunTime:0.000280s ]
SQL: SHOW COLUMNS FROM `php34_movie` [ RunTime:0.010933s ]
SQL: SELECT * FROM `php34_movie` WHERE ( `status` = 1 ) AND ( `is_delete` = 0 ) AND ( `is_hot` = 1 ) ORDER BY listorder asc  [ RunTime:0.000532s ]
NOTIC: [8] Undefined variable: limit C:\phpstudy\WWW\shop34\Application\Admin\Model\MovieModel.class.php 第 216 行.
SQL: SELECT * FROM `php34_movie` WHERE ( `status` = 1 ) AND ( `is_delete` = 0 ) AND ( `is_new` = 1 ) ORDER BY listorder asc  [ RunTime:0.000369s ]
SQL: SELECT * FROM `php34_movie` WHERE ( `status` = 1 ) AND ( `is_delete` = 0 ) AND ( `is_best` = 1 ) ORDER BY listorder asc  [ RunTime:0.000354s ]

[ 2017-09-13T08:47:53+08:00 ] 14.25.251.156 //index.php/home/App/ishot
INFO: [ app_init ] --START--
INFO: Run Behavior\BuildLiteBehavior [ RunTime:0.000023s ]
INFO: [ app_init ] --END-- [ RunTime:0.000413s ]
INFO: [ app_begin ] --START--
INFO: Run Behavior\ReadHtmlCacheBehavior [ RunTime:0.000609s ]
INFO: [ app_begin ] --END-- [ RunTime:0.000694s ]
NOTIC: [8192] mysql_connect(): The mysql extension is deprecated and will be removed in the future: use mysqli or PDO instead C:\phpstudy\WWW\shop34\ThinkPHP\Library\Think\Db\Driver\Mysql.class.php 第 52 行.
SQL: SHOW COLUMNS FROM `php34_category` [ RunTime:0.016863s ]
SQL: SELECT * FROM `php34_category`  [ RunTime:0.000312s ]
SQL: SHOW COLUMNS FROM `php34_movie` [ RunTime:0.010179s ]
SQL: SELECT * FROM `php34_movie` WHERE ( `status` = 1 ) AND ( `is_delete` = 0 ) AND ( `is_hot` = 1 ) ORDER BY listorder asc  [ RunTime:0.000531s ]

[ 2017-09-13T09:43:39+08:00 ] 14.25.251.156 /index.php/Home/App/index
INFO: [ app_init ] --START--
INFO: Run Behavior\BuildLiteBehavior [ RunTime:0.000024s ]
INFO: [ app_init ] --END-- [ RunTime:0.000709s ]
INFO: [ app_begin ] --START--
INFO: Run Behavior\ReadHtmlCacheBehavior [ RunTime:0.000645s ]
INFO: [ app_begin ] --END-- [ RunTime:0.000726s ]
NOTIC: [8192] mysql_connect(): The mysql extension is deprecated and will be removed in the future: use mysqli or PDO instead C:\phpstudy\WWW\shop34\ThinkPHP\Library\Think\Db\Driver\Mysql.class.php 第 52 行.
SQL: SHOW COLUMNS FROM `php34_category` [ RunTime:0.013850s ]
SQL: SELECT * FROM `php34_category`  [ RunTime:0.000279s ]
SQL: SHOW COLUMNS FROM `php34_movie` [ RunTime:0.012179s ]
SQL: SELECT * FROM `php34_movie` WHERE ( `status` = 1 ) AND ( `is_delete` = 0 ) AND ( `is_hot` = 1 ) ORDER BY listorder asc  [ RunTime:0.000538s ]
NOTIC: [8] Undefined variable: limit C:\phpstudy\WWW\shop34\Application\Admin\Model\MovieModel.class.php 第 216 行.
SQL: SELECT * FROM `php34_movie` WHERE ( `status` = 1 ) AND ( `is_delete` = 0 ) AND ( `is_new` = 1 ) ORDER BY listorder asc  [ RunTime:0.000363s ]
SQL: SELECT * FROM `php34_movie` WHERE ( `status` = 1 ) AND ( `is_delete` = 0 ) AND ( `is_best` = 1 ) ORDER BY listorder asc  [ RunTime:0.000363s ]

[ 2017-09-13T09:46:55+08:00 ] 14.25.251.156 /index.php/Home/App/index
INFO: [ app_init ] --START--
INFO: Run Behavior\BuildLiteBehavior [ RunTime:0.000023s ]
INFO: [ app_init ] --END-- [ RunTime:0.000412s ]
INFO: [ app_begin ] --START--
INFO: Run Behavior\ReadHtmlCacheBehavior [ RunTime:0.000614s ]
INFO: [ app_begin ] --END-- [ RunTime:0.000693s ]
NOTIC: [8192] mysql_connect(): The mysql extension is deprecated and will be removed in the future: use mysqli or PDO instead C:\phpstudy\WWW\shop34\ThinkPHP\Library\Think\Db\Driver\Mysql.class.php 第 52 行.
SQL: SHOW COLUMNS FROM `php34_category` [ RunTime:0.015411s ]
SQL: SELECT * FROM `php34_category`  [ RunTime:0.000245s ]
SQL: SHOW COLUMNS FROM `php34_movie` [ RunTime:0.011220s ]
SQL: SELECT * FROM `php34_movie` WHERE ( `status` = 1 ) AND ( `is_delete` = 0 ) AND ( `is_hot` = 1 ) ORDER BY listorder asc  [ RunTime:0.000504s ]
NOTIC: [8] Undefined variable: limit C:\phpstudy\WWW\shop34\Application\Admin\Model\MovieModel.class.php 第 216 行.
SQL: SELECT * FROM `php34_movie` WHERE ( `status` = 1 ) AND ( `is_delete` = 0 ) AND ( `is_new` = 1 ) ORDER BY listorder asc  [ RunTime:0.000366s ]
SQL: SELECT * FROM `php34_movie` WHERE ( `status` = 1 ) AND ( `is_delete` = 0 ) AND ( `is_best` = 1 ) ORDER BY listorder asc  [ RunTime:0.000363s ]

[ 2017-09-13T09:47:10+08:00 ] 14.25.251.156 //index.php/home/App/ishot
INFO: [ app_init ] --START--
INFO: Run Behavior\BuildLiteBehavior [ RunTime:0.000032s ]
INFO: [ app_init ] --END-- [ RunTime:0.000537s ]
INFO: [ app_begin ] --START--
INFO: Run Behavior\ReadHtmlCacheBehavior [ RunTime:0.000834s ]
INFO: [ app_begin ] --END-- [ RunTime:0.000938s ]
NOTIC: [8192] mysql_connect(): The mysql extension is deprecated and will be removed in the future: use mysqli or PDO instead C:\phpstudy\WWW\shop34\ThinkPHP\Library\Think\Db\Driver\Mysql.class.php 第 52 行.
SQL: SHOW COLUMNS FROM `php34_category` [ RunTime:0.013180s ]
SQL: SELECT * FROM `php34_category`  [ RunTime:0.000261s ]
SQL: SHOW COLUMNS FROM `php34_movie` [ RunTime:0.008737s ]
SQL: SELECT * FROM `php34_movie` WHERE ( `status` = 1 ) AND ( `is_delete` = 0 ) AND ( `is_hot` = 1 ) ORDER BY listorder asc  [ RunTime:0.000491s ]

[ 2017-09-13T09:48:25+08:00 ] 14.25.251.156 /index.php/Home/App/index
INFO: [ app_init ] --START--
INFO: Run Behavior\BuildLiteBehavior [ RunTime:0.000023s ]
INFO: [ app_init ] --END-- [ RunTime:0.000364s ]
INFO: [ app_begin ] --START--
INFO: Run Behavior\ReadHtmlCacheBehavior [ RunTime:0.000591s ]
INFO: [ app_begin ] --END-- [ RunTime:0.000669s ]
NOTIC: [8192] mysql_connect(): The mysql extension is deprecated and will be removed in the future: use mysqli or PDO instead C:\phpstudy\WWW\shop34\ThinkPHP\Library\Think\Db\Driver\Mysql.class.php 第 52 行.
SQL: SHOW COLUMNS FROM `php34_category` [ RunTime:0.015325s ]
SQL: SELECT * FROM `php34_category`  [ RunTime:0.000259s ]
SQL: SHOW COLUMNS FROM `php34_movie` [ RunTime:0.011507s ]
SQL: SELECT * FROM `php34_movie` WHERE ( `status` = 1 ) AND ( `is_delete` = 0 ) AND ( `is_hot` = 1 ) ORDER BY listorder asc  [ RunTime:0.000842s ]
NOTIC: [8] Undefined variable: limit C:\phpstudy\WWW\shop34\Application\Admin\Model\MovieModel.class.php 第 216 行.
SQL: SELECT * FROM `php34_movie` WHERE ( `status` = 1 ) AND ( `is_delete` = 0 ) AND ( `is_new` = 1 ) ORDER BY listorder asc  [ RunTime:0.000548s ]
SQL: SELECT * FROM `php34_movie` WHERE ( `status` = 1 ) AND ( `is_delete` = 0 ) AND ( `is_best` = 1 ) ORDER BY listorder asc  [ RunTime:0.000570s ]

[ 2017-09-13T09:51:45+08:00 ] 14.25.251.156 //index.php/home/App/ishot
INFO: [ app_init ] --START--
INFO: Run Behavior\BuildLiteBehavior [ RunTime:0.000024s ]
INFO: [ app_init ] --END-- [ RunTime:0.000414s ]
INFO: [ app_begin ] --START--
INFO: Run Behavior\ReadHtmlCacheBehavior [ RunTime:0.000625s ]
INFO: [ app_begin ] --END-- [ RunTime:0.000701s ]
NOTIC: [8192] mysql_connect(): The mysql extension is deprecated and will be removed in the future: use mysqli or PDO instead C:\phpstudy\WWW\shop34\ThinkPHP\Library\Think\Db\Driver\Mysql.class.php 第 52 行.
SQL: SHOW COLUMNS FROM `php34_category` [ RunTime:0.013863s ]
SQL: SELECT * FROM `php34_category`  [ RunTime:0.000284s ]
SQL: SHOW COLUMNS FROM `php34_movie` [ RunTime:0.009526s ]
SQL: SELECT * FROM `php34_movie` WHERE ( `status` = 1 ) AND ( `is_delete` = 0 ) AND ( `is_hot` = 1 ) ORDER BY listorder asc  [ RunTime:0.000513s ]

[ 2017-09-13T10:24:07+08:00 ] 14.25.251.156 /index.php/Home/App/index
INFO: [ app_init ] --START--
INFO: Run Behavior\BuildLiteBehavior [ RunTime:0.000023s ]
INFO: [ app_init ] --END-- [ RunTime:0.000427s ]
INFO: [ app_begin ] --START--
INFO: Run Behavior\ReadHtmlCacheBehavior [ RunTime:0.000605s ]
INFO: [ app_begin ] --END-- [ RunTime:0.000685s ]
NOTIC: [8192] mysql_connect(): The mysql extension is deprecated and will be removed in the future: use mysqli or PDO instead C:\phpstudy\WWW\shop34\ThinkPHP\Library\Think\Db\Driver\Mysql.class.php 第 52 行.
SQL: SHOW COLUMNS FROM `php34_category` [ RunTime:0.014788s ]
SQL: SELECT * FROM `php34_category`  [ RunTime:0.000294s ]
SQL: SHOW COLUMNS FROM `php34_movie` [ RunTime:0.020588s ]
SQL: SELECT * FROM `php34_movie` WHERE ( `status` = 1 ) AND ( `is_delete` = 0 ) AND ( `is_hot` = 1 ) ORDER BY listorder asc  [ RunTime:0.000982s ]
NOTIC: [8] Undefined variable: limit C:\phpstudy\WWW\shop34\Application\Admin\Model\MovieModel.class.php 第 216 行.
SQL: SELECT * FROM `php34_movie` WHERE ( `status` = 1 ) AND ( `is_delete` = 0 ) AND ( `is_new` = 1 ) ORDER BY listorder asc  [ RunTime:0.000670s ]
SQL: SELECT * FROM `php34_movie` WHERE ( `status` = 1 ) AND ( `is_delete` = 0 ) AND ( `is_best` = 1 ) ORDER BY listorder asc  [ RunTime:0.000631s ]

[ 2017-09-13T10:24:09+08:00 ] 14.25.251.156 //index.php/home/App/ishot
INFO: [ app_init ] --START--
INFO: Run Behavior\BuildLiteBehavior [ RunTime:0.000023s ]
INFO: [ app_init ] --END-- [ RunTime:0.000368s ]
INFO: [ app_begin ] --START--
INFO: Run Behavior\ReadHtmlCacheBehavior [ RunTime:0.000578s ]
INFO: [ app_begin ] --END-- [ RunTime:0.000651s ]
NOTIC: [8192] mysql_connect(): The mysql extension is deprecated and will be removed in the future: use mysqli or PDO instead C:\phpstudy\WWW\shop34\ThinkPHP\Library\Think\Db\Driver\Mysql.class.php 第 52 行.
SQL: SHOW COLUMNS FROM `php34_category` [ RunTime:0.013254s ]
SQL: SELECT * FROM `php34_category`  [ RunTime:0.000282s ]
SQL: SHOW COLUMNS FROM `php34_movie` [ RunTime:0.009569s ]
SQL: SELECT * FROM `php34_movie` WHERE ( `status` = 1 ) AND ( `is_delete` = 0 ) AND ( `is_hot` = 1 ) ORDER BY listorder asc  [ RunTime:0.000499s ]

[ 2017-09-13T11:56:22+08:00 ] 183.40.3.184 /index.php/Home/App/index
INFO: [ app_init ] --START--
INFO: Run Behavior\BuildLiteBehavior [ RunTime:0.000023s ]
INFO: [ app_init ] --END-- [ RunTime:0.000406s ]
INFO: [ app_begin ] --START--
INFO: Run Behavior\ReadHtmlCacheBehavior [ RunTime:0.000594s ]
INFO: [ app_begin ] --END-- [ RunTime:0.000673s ]
NOTIC: [8192] mysql_connect(): The mysql extension is deprecated and will be removed in the future: use mysqli or PDO instead C:\phpstudy\WWW\shop34\ThinkPHP\Library\Think\Db\Driver\Mysql.class.php 第 52 行.
SQL: SHOW COLUMNS FROM `php34_category` [ RunTime:0.017191s ]
SQL: SELECT * FROM `php34_category`  [ RunTime:0.000312s ]
SQL: SHOW COLUMNS FROM `php34_movie` [ RunTime:0.012288s ]
SQL: SELECT * FROM `php34_movie` WHERE ( `status` = 1 ) AND ( `is_delete` = 0 ) AND ( `is_hot` = 1 ) ORDER BY listorder asc  [ RunTime:0.000540s ]
NOTIC: [8] Undefined variable: limit C:\phpstudy\WWW\shop34\Application\Admin\Model\MovieModel.class.php 第 216 行.
SQL: SELECT * FROM `php34_movie` WHERE ( `status` = 1 ) AND ( `is_delete` = 0 ) AND ( `is_new` = 1 ) ORDER BY listorder asc  [ RunTime:0.000382s ]
SQL: SELECT * FROM `php34_movie` WHERE ( `status` = 1 ) AND ( `is_delete` = 0 ) AND ( `is_best` = 1 ) ORDER BY listorder asc  [ RunTime:0.000390s ]

[ 2017-09-13T11:56:27+08:00 ] 183.40.3.184 //index.php/home/App/ishot
INFO: [ app_init ] --START--
INFO: Run Behavior\BuildLiteBehavior [ RunTime:0.000021s ]
INFO: [ app_init ] --END-- [ RunTime:0.000506s ]
INFO: [ app_begin ] --START--
INFO: Run Behavior\ReadHtmlCacheBehavior [ RunTime:0.000531s ]
INFO: [ app_begin ] --END-- [ RunTime:0.000606s ]
NOTIC: [8192] mysql_connect(): The mysql extension is deprecated and will be removed in the future: use mysqli or PDO instead C:\phpstudy\WWW\shop34\ThinkPHP\Library\Think\Db\Driver\Mysql.class.php 第 52 行.
SQL: SHOW COLUMNS FROM `php34_category` [ RunTime:0.023183s ]
SQL: SELECT * FROM `php34_category`  [ RunTime:0.000512s ]
SQL: SHOW COLUMNS FROM `php34_movie` [ RunTime:0.019274s ]
SQL: SELECT * FROM `php34_movie` WHERE ( `status` = 1 ) AND ( `is_delete` = 0 ) AND ( `is_hot` = 1 ) ORDER BY listorder asc  [ RunTime:0.000977s ]

[ 2017-09-13T12:00:54+08:00 ] 183.40.3.184 /index.php/Home/App/index
INFO: [ app_init ] --START--
INFO: Run Behavior\BuildLiteBehavior [ RunTime:0.000031s ]
INFO: [ app_init ] --END-- [ RunTime:0.000420s ]
INFO: [ app_begin ] --START--
INFO: Run Behavior\ReadHtmlCacheBehavior [ RunTime:0.000606s ]
INFO: [ app_begin ] --END-- [ RunTime:0.000691s ]
NOTIC: [8192] mysql_connect(): The mysql extension is deprecated and will be removed in the future: use mysqli or PDO instead C:\phpstudy\WWW\shop34\ThinkPHP\Library\Think\Db\Driver\Mysql.class.php 第 52 行.
SQL: SHOW COLUMNS FROM `php34_category` [ RunTime:0.013704s ]
SQL: SELECT * FROM `php34_category`  [ RunTime:0.000445s ]
SQL: SHOW COLUMNS FROM `php34_movie` [ RunTime:0.009865s ]
SQL: SELECT * FROM `php34_movie` WHERE ( `status` = 1 ) AND ( `is_delete` = 0 ) AND ( `is_hot` = 1 ) ORDER BY listorder asc  [ RunTime:0.000514s ]
NOTIC: [8] Undefined variable: limit C:\phpstudy\WWW\shop34\Application\Admin\Model\MovieModel.class.php 第 216 行.
SQL: SELECT * FROM `php34_movie` WHERE ( `status` = 1 ) AND ( `is_delete` = 0 ) AND ( `is_new` = 1 ) ORDER BY listorder asc  [ RunTime:0.000356s ]
SQL: SELECT * FROM `php34_movie` WHERE ( `status` = 1 ) AND ( `is_delete` = 0 ) AND ( `is_best` = 1 ) ORDER BY listorder asc  [ RunTime:0.000359s ]

[ 2017-09-13T12:00:54+08:00 ] 183.40.3.184 //index.php/home/App/ishot
INFO: [ app_init ] --START--
INFO: Run Behavior\BuildLiteBehavior [ RunTime:0.000024s ]
INFO: [ app_init ] --END-- [ RunTime:0.000427s ]
INFO: [ app_begin ] --START--
INFO: Run Behavior\ReadHtmlCacheBehavior [ RunTime:0.000711s ]
INFO: [ app_begin ] --END-- [ RunTime:0.000791s ]
NOTIC: [8192] mysql_connect(): The mysql extension is deprecated and will be removed in the future: use mysqli or PDO instead C:\phpstudy\WWW\shop34\ThinkPHP\Library\Think\Db\Driver\Mysql.class.php 第 52 行.
SQL: SHOW COLUMNS FROM `php34_category` [ RunTime:0.006617s ]
SQL: SELECT * FROM `php34_category`  [ RunTime:0.000236s ]
SQL: SHOW COLUMNS FROM `php34_movie` [ RunTime:0.006436s ]
SQL: SELECT * FROM `php34_movie` WHERE ( `status` = 1 ) AND ( `is_delete` = 0 ) AND ( `is_hot` = 1 ) ORDER BY listorder asc  [ RunTime:0.000522s ]

[ 2017-09-13T12:07:13+08:00 ] 183.40.3.184 /index.php/Home/App/index
INFO: [ app_init ] --START--
INFO: Run Behavior\BuildLiteBehavior [ RunTime:0.000024s ]
INFO: [ app_init ] --END-- [ RunTime:0.000466s ]
INFO: [ app_begin ] --START--
INFO: Run Behavior\ReadHtmlCacheBehavior [ RunTime:0.000768s ]
INFO: [ app_begin ] --END-- [ RunTime:0.000856s ]
NOTIC: [8192] mysql_connect(): The mysql extension is deprecated and will be removed in the future: use mysqli or PDO instead C:\phpstudy\WWW\shop34\ThinkPHP\Library\Think\Db\Driver\Mysql.class.php 第 52 行.
SQL: SHOW COLUMNS FROM `php34_category` [ RunTime:0.014334s ]
SQL: SELECT * FROM `php34_category`  [ RunTime:0.000281s ]
SQL: SHOW COLUMNS FROM `php34_movie` [ RunTime:0.009443s ]
SQL: SELECT * FROM `php34_movie` WHERE ( `status` = 1 ) AND ( `is_delete` = 0 ) AND ( `is_hot` = 1 ) ORDER BY listorder asc  [ RunTime:0.000497s ]
NOTIC: [8] Undefined variable: limit C:\phpstudy\WWW\shop34\Application\Admin\Model\MovieModel.class.php 第 216 行.
SQL: SELECT * FROM `php34_movie` WHERE ( `status` = 1 ) AND ( `is_delete` = 0 ) AND ( `is_new` = 1 ) ORDER BY listorder asc  [ RunTime:0.000376s ]
SQL: SELECT * FROM `php34_movie` WHERE ( `status` = 1 ) AND ( `is_delete` = 0 ) AND ( `is_best` = 1 ) ORDER BY listorder asc  [ RunTime:0.000362s ]

[ 2017-09-13T12:08:02+08:00 ] 183.40.3.184 /index.php/Home/App/index
INFO: [ app_init ] --START--
INFO: Run Behavior\BuildLiteBehavior [ RunTime:0.000024s ]
INFO: [ app_init ] --END-- [ RunTime:0.000430s ]
INFO: [ app_begin ] --START--
INFO: Run Behavior\ReadHtmlCacheBehavior [ RunTime:0.000701s ]
INFO: [ app_begin ] --END-- [ RunTime:0.000779s ]
NOTIC: [8192] mysql_connect(): The mysql extension is deprecated and will be removed in the future: use mysqli or PDO instead C:\phpstudy\WWW\shop34\ThinkPHP\Library\Think\Db\Driver\Mysql.class.php 第 52 行.
SQL: SHOW COLUMNS FROM `php34_category` [ RunTime:0.013192s ]
SQL: SELECT * FROM `php34_category`  [ RunTime:0.000282s ]
SQL: SHOW COLUMNS FROM `php34_movie` [ RunTime:0.010890s ]
SQL: SELECT * FROM `php34_movie` WHERE ( `status` = 1 ) AND ( `is_delete` = 0 ) AND ( `is_hot` = 1 ) ORDER BY listorder asc  [ RunTime:0.000489s ]
NOTIC: [8] Undefined variable: limit C:\phpstudy\WWW\shop34\Application\Admin\Model\MovieModel.class.php 第 216 行.
SQL: SELECT * FROM `php34_movie` WHERE ( `status` = 1 ) AND ( `is_delete` = 0 ) AND ( `is_new` = 1 ) ORDER BY listorder asc  [ RunTime:0.000363s ]
SQL: SELECT * FROM `php34_movie` WHERE ( `status` = 1 ) AND ( `is_delete` = 0 ) AND ( `is_best` = 1 ) ORDER BY listorder asc  [ RunTime:0.000353s ]

[ 2017-09-13T12:08:05+08:00 ] 183.40.3.184 //index.php/home/App/ishot
INFO: [ app_init ] --START--
INFO: Run Behavior\BuildLiteBehavior [ RunTime:0.000023s ]
INFO: [ app_init ] --END-- [ RunTime:0.000404s ]
INFO: [ app_begin ] --START--
INFO: Run Behavior\ReadHtmlCacheBehavior [ RunTime:0.000686s ]
INFO: [ app_begin ] --END-- [ RunTime:0.000760s ]
NOTIC: [8192] mysql_connect(): The mysql extension is deprecated and will be removed in the future: use mysqli or PDO instead C:\phpstudy\WWW\shop34\ThinkPHP\Library\Think\Db\Driver\Mysql.class.php 第 52 行.
SQL: SHOW COLUMNS FROM `php34_category` [ RunTime:0.016699s ]
SQL: SELECT * FROM `php34_category`  [ RunTime:0.000298s ]
SQL: SHOW COLUMNS FROM `php34_movie` [ RunTime:0.010027s ]
SQL: SELECT * FROM `php34_movie` WHERE ( `status` = 1 ) AND ( `is_delete` = 0 ) AND ( `is_hot` = 1 ) ORDER BY listorder asc  [ RunTime:0.000575s ]

[ 2017-09-13T12:12:05+08:00 ] 183.40.3.184 /index.php/Home/App/index
INFO: [ app_init ] --START--
INFO: Run Behavior\BuildLiteBehavior [ RunTime:0.000021s ]
INFO: [ app_init ] --END-- [ RunTime:0.000414s ]
INFO: [ app_begin ] --START--
INFO: Run Behavior\ReadHtmlCacheBehavior [ RunTime:0.000680s ]
INFO: [ app_begin ] --END-- [ RunTime:0.000756s ]
NOTIC: [8192] mysql_connect(): The mysql extension is deprecated and will be removed in the future: use mysqli or PDO instead C:\phpstudy\WWW\shop34\ThinkPHP\Library\Think\Db\Driver\Mysql.class.php 第 52 行.
SQL: SHOW COLUMNS FROM `php34_category` [ RunTime:0.016267s ]
SQL: SELECT * FROM `php34_category`  [ RunTime:0.000266s ]
SQL: SHOW COLUMNS FROM `php34_movie` [ RunTime:0.010056s ]
SQL: SELECT * FROM `php34_movie` WHERE ( `status` = 1 ) AND ( `is_delete` = 0 ) AND ( `is_hot` = 1 ) ORDER BY listorder asc  [ RunTime:0.000623s ]
NOTIC: [8] Undefined variable: limit C:\phpstudy\WWW\shop34\Application\Admin\Model\MovieModel.class.php 第 216 行.
SQL: SELECT * FROM `php34_movie` WHERE ( `status` = 1 ) AND ( `is_delete` = 0 ) AND ( `is_new` = 1 ) ORDER BY listorder asc  [ RunTime:0.000392s ]
SQL: SELECT * FROM `php34_movie` WHERE ( `status` = 1 ) AND ( `is_delete` = 0 ) AND ( `is_best` = 1 ) ORDER BY listorder asc  [ RunTime:0.000356s ]

[ 2017-09-13T12:12:07+08:00 ] 183.40.3.184 //index.php/home/App/ishot
INFO: [ app_init ] --START--
INFO: Run Behavior\BuildLiteBehavior [ RunTime:0.000023s ]
INFO: [ app_init ] --END-- [ RunTime:0.000451s ]
INFO: [ app_begin ] --START--
INFO: Run Behavior\ReadHtmlCacheBehavior [ RunTime:0.000743s ]
INFO: [ app_begin ] --END-- [ RunTime:0.000819s ]
NOTIC: [8192] mysql_connect(): The mysql extension is deprecated and will be removed in the future: use mysqli or PDO instead C:\phpstudy\WWW\shop34\ThinkPHP\Library\Think\Db\Driver\Mysql.class.php 第 52 行.
SQL: SHOW COLUMNS FROM `php34_category` [ RunTime:0.013103s ]
SQL: SELECT * FROM `php34_category`  [ RunTime:0.000265s ]
SQL: SHOW COLUMNS FROM `php34_movie` [ RunTime:0.009070s ]
SQL: SELECT * FROM `php34_movie` WHERE ( `status` = 1 ) AND ( `is_delete` = 0 ) AND ( `is_hot` = 1 ) ORDER BY listorder asc  [ RunTime:0.000495s ]

[ 2017-09-13T12:14:10+08:00 ] 183.40.3.184 /index.php/Home/App/index
INFO: [ app_init ] --START--
INFO: Run Behavior\BuildLiteBehavior [ RunTime:0.000024s ]
INFO: [ app_init ] --END-- [ RunTime:0.000432s ]
INFO: [ app_begin ] --START--
INFO: Run Behavior\ReadHtmlCacheBehavior [ RunTime:0.000704s ]
INFO: [ app_begin ] --END-- [ RunTime:0.000784s ]
NOTIC: [8192] mysql_connect(): The mysql extension is deprecated and will be removed in the future: use mysqli or PDO instead C:\phpstudy\WWW\shop34\ThinkPHP\Library\Think\Db\Driver\Mysql.class.php 第 52 行.
SQL: SHOW COLUMNS FROM `php34_category` [ RunTime:0.017440s ]
SQL: SELECT * FROM `php34_category`  [ RunTime:0.000293s ]
SQL: SHOW COLUMNS FROM `php34_movie` [ RunTime:0.012939s ]
SQL: SELECT * FROM `php34_movie` WHERE ( `status` = 1 ) AND ( `is_delete` = 0 ) AND ( `is_hot` = 1 ) ORDER BY listorder asc  [ RunTime:0.000735s ]
NOTIC: [8] Undefined variable: limit C:\phpstudy\WWW\shop34\Application\Admin\Model\MovieModel.class.php 第 216 行.
SQL: SELECT * FROM `php34_movie` WHERE ( `status` = 1 ) AND ( `is_delete` = 0 ) AND ( `is_new` = 1 ) ORDER BY listorder asc  [ RunTime:0.000460s ]
SQL: SELECT * FROM `php34_movie` WHERE ( `status` = 1 ) AND ( `is_delete` = 0 ) AND ( `is_best` = 1 ) ORDER BY listorder asc  [ RunTime:0.000389s ]

[ 2017-09-13T12:14:13+08:00 ] 183.40.3.184 //index.php/home/App/ishot
INFO: [ app_init ] --START--
INFO: Run Behavior\BuildLiteBehavior [ RunTime:0.000024s ]
INFO: [ app_init ] --END-- [ RunTime:0.000413s ]
INFO: [ app_begin ] --START--
INFO: Run Behavior\ReadHtmlCacheBehavior [ RunTime:0.000693s ]
INFO: [ app_begin ] --END-- [ RunTime:0.000770s ]
NOTIC: [8192] mysql_connect(): The mysql extension is deprecated and will be removed in the future: use mysqli or PDO instead C:\phpstudy\WWW\shop34\ThinkPHP\Library\Think\Db\Driver\Mysql.class.php 第 52 行.
SQL: SHOW COLUMNS FROM `php34_category` [ RunTime:0.019722s ]
SQL: SELECT * FROM `php34_category`  [ RunTime:0.000421s ]
SQL: SHOW COLUMNS FROM `php34_movie` [ RunTime:0.015328s ]
SQL: SELECT * FROM `php34_movie` WHERE ( `status` = 1 ) AND ( `is_delete` = 0 ) AND ( `is_hot` = 1 ) ORDER BY listorder asc  [ RunTime:0.000667s ]

[ 2017-09-13T12:19:00+08:00 ] 183.40.3.184 /index.php/Home/App/index
INFO: [ app_init ] --START--
INFO: Run Behavior\BuildLiteBehavior [ RunTime:0.000024s ]
INFO: [ app_init ] --END-- [ RunTime:0.000448s ]
INFO: [ app_begin ] --START--
INFO: Run Behavior\ReadHtmlCacheBehavior [ RunTime:0.000584s ]
INFO: [ app_begin ] --END-- [ RunTime:0.000689s ]
NOTIC: [8192] mysql_connect(): The mysql extension is deprecated and will be removed in the future: use mysqli or PDO instead C:\phpstudy\WWW\shop34\ThinkPHP\Library\Think\Db\Driver\Mysql.class.php 第 52 行.
SQL: SHOW COLUMNS FROM `php34_category` [ RunTime:0.018106s ]
SQL: SELECT * FROM `php34_category`  [ RunTime:0.000252s ]
SQL: SHOW COLUMNS FROM `php34_movie` [ RunTime:0.009403s ]
SQL: SELECT * FROM `php34_movie` WHERE ( `status` = 1 ) AND ( `is_delete` = 0 ) AND ( `is_hot` = 1 ) ORDER BY listorder asc  [ RunTime:0.000623s ]
NOTIC: [8] Undefined variable: limit C:\phpstudy\WWW\shop34\Application\Admin\Model\MovieModel.class.php 第 216 行.
SQL: SELECT * FROM `php34_movie` WHERE ( `status` = 1 ) AND ( `is_delete` = 0 ) AND ( `is_new` = 1 ) ORDER BY listorder asc  [ RunTime:0.000419s ]
SQL: SELECT * FROM `php34_movie` WHERE ( `status` = 1 ) AND ( `is_delete` = 0 ) AND ( `is_best` = 1 ) ORDER BY listorder asc  [ RunTime:0.000377s ]

[ 2017-09-13T12:19:03+08:00 ] 183.40.3.184 //index.php/home/App/ishot
INFO: [ app_init ] --START--
INFO: Run Behavior\BuildLiteBehavior [ RunTime:0.000024s ]
INFO: [ app_init ] --END-- [ RunTime:0.000431s ]
INFO: [ app_begin ] --START--
INFO: Run Behavior\ReadHtmlCacheBehavior [ RunTime:0.000647s ]
INFO: [ app_begin ] --END-- [ RunTime:0.000729s ]
NOTIC: [8192] mysql_connect(): The mysql extension is deprecated and will be removed in the future: use mysqli or PDO instead C:\phpstudy\WWW\shop34\ThinkPHP\Library\Think\Db\Driver\Mysql.class.php 第 52 行.
SQL: SHOW COLUMNS FROM `php34_category` [ RunTime:0.012669s ]
SQL: SELECT * FROM `php34_category`  [ RunTime:0.000269s ]
SQL: SHOW COLUMNS FROM `php34_movie` [ RunTime:0.009468s ]
SQL: SELECT * FROM `php34_movie` WHERE ( `status` = 1 ) AND ( `is_delete` = 0 ) AND ( `is_hot` = 1 ) ORDER BY listorder asc  [ RunTime:0.000520s ]

[ 2017-09-13T13:48:56+08:00 ] 27.38.250.33 /index.php/Home/App/index
INFO: [ app_init ] --START--
INFO: Run Behavior\BuildLiteBehavior [ RunTime:0.000032s ]
INFO: [ app_init ] --END-- [ RunTime:0.000505s ]
INFO: [ app_begin ] --START--
INFO: Run Behavior\ReadHtmlCacheBehavior [ RunTime:0.000892s ]
INFO: [ app_begin ] --END-- [ RunTime:0.001026s ]
NOTIC: [8192] mysql_connect(): The mysql extension is deprecated and will be removed in the future: use mysqli or PDO instead C:\phpstudy\WWW\shop34\ThinkPHP\Library\Think\Db\Driver\Mysql.class.php 第 52 行.
SQL: SHOW COLUMNS FROM `php34_category` [ RunTime:0.013347s ]
SQL: SELECT * FROM `php34_category`  [ RunTime:0.000253s ]
SQL: SHOW COLUMNS FROM `php34_movie` [ RunTime:0.011558s ]
SQL: SELECT * FROM `php34_movie` WHERE ( `status` = 1 ) AND ( `is_delete` = 0 ) AND ( `is_hot` = 1 ) ORDER BY listorder asc  [ RunTime:0.000488s ]
NOTIC: [8] Undefined variable: limit C:\phpstudy\WWW\shop34\Application\Admin\Model\MovieModel.class.php 第 216 行.
SQL: SELECT * FROM `php34_movie` WHERE ( `status` = 1 ) AND ( `is_delete` = 0 ) AND ( `is_new` = 1 ) ORDER BY listorder asc  [ RunTime:0.000365s ]
SQL: SELECT * FROM `php34_movie` WHERE ( `status` = 1 ) AND ( `is_delete` = 0 ) AND ( `is_best` = 1 ) ORDER BY listorder asc  [ RunTime:0.000553s ]

[ 2017-09-13T14:32:38+08:00 ] 27.38.250.33 /index.php/Home/App/index
INFO: [ app_init ] --START--
INFO: Run Behavior\BuildLiteBehavior [ RunTime:0.000023s ]
INFO: [ app_init ] --END-- [ RunTime:0.000437s ]
INFO: [ app_begin ] --START--
INFO: Run Behavior\ReadHtmlCacheBehavior [ RunTime:0.000852s ]
INFO: [ app_begin ] --END-- [ RunTime:0.000933s ]
NOTIC: [8192] mysql_connect(): The mysql extension is deprecated and will be removed in the future: use mysqli or PDO instead C:\phpstudy\WWW\shop34\ThinkPHP\Library\Think\Db\Driver\Mysql.class.php 第 52 行.
SQL: SHOW COLUMNS FROM `php34_category` [ RunTime:0.019777s ]
SQL: SELECT * FROM `php34_category`  [ RunTime:0.000312s ]
SQL: SHOW COLUMNS FROM `php34_movie` [ RunTime:0.018920s ]
SQL: SELECT * FROM `php34_movie` WHERE ( `status` = 1 ) AND ( `is_delete` = 0 ) AND ( `is_hot` = 1 ) ORDER BY listorder asc  [ RunTime:0.000594s ]
NOTIC: [8] Undefined variable: limit C:\phpstudy\WWW\shop34\Application\Admin\Model\MovieModel.class.php 第 216 行.
SQL: SELECT * FROM `php34_movie` WHERE ( `status` = 1 ) AND ( `is_delete` = 0 ) AND ( `is_new` = 1 ) ORDER BY listorder asc  [ RunTime:0.000415s ]
SQL: SELECT * FROM `php34_movie` WHERE ( `status` = 1 ) AND ( `is_delete` = 0 ) AND ( `is_best` = 1 ) ORDER BY listorder asc  [ RunTime:0.000437s ]

[ 2017-09-13T14:33:19+08:00 ] 27.38.250.33 //index.php/home/App/ishot
INFO: [ app_init ] --START--
INFO: Run Behavior\BuildLiteBehavior [ RunTime:0.000022s ]
INFO: [ app_init ] --END-- [ RunTime:0.000398s ]
INFO: [ app_begin ] --START--
INFO: Run Behavior\ReadHtmlCacheBehavior [ RunTime:0.000670s ]
INFO: [ app_begin ] --END-- [ RunTime:0.000745s ]
NOTIC: [8192] mysql_connect(): The mysql extension is deprecated and will be removed in the future: use mysqli or PDO instead C:\phpstudy\WWW\shop34\ThinkPHP\Library\Think\Db\Driver\Mysql.class.php 第 52 行.
SQL: SHOW COLUMNS FROM `php34_category` [ RunTime:0.012892s ]
SQL: SELECT * FROM `php34_category`  [ RunTime:0.000265s ]
SQL: SHOW COLUMNS FROM `php34_movie` [ RunTime:0.009823s ]
SQL: SELECT * FROM `php34_movie` WHERE ( `status` = 1 ) AND ( `is_delete` = 0 ) AND ( `is_hot` = 1 ) ORDER BY listorder asc  [ RunTime:0.000496s ]

[ 2017-09-13T15:07:45+08:00 ] 27.38.250.33 /index.php/Home/App/index
INFO: [ app_init ] --START--
INFO: Run Behavior\BuildLiteBehavior [ RunTime:0.000022s ]
INFO: [ app_init ] --END-- [ RunTime:0.000416s ]
INFO: [ app_begin ] --START--
INFO: Run Behavior\ReadHtmlCacheBehavior [ RunTime:0.000537s ]
INFO: [ app_begin ] --END-- [ RunTime:0.000614s ]
NOTIC: [8192] mysql_connect(): The mysql extension is deprecated and will be removed in the future: use mysqli or PDO instead C:\phpstudy\WWW\shop34\ThinkPHP\Library\Think\Db\Driver\Mysql.class.php 第 52 行.
SQL: SHOW COLUMNS FROM `php34_category` [ RunTime:0.014179s ]
SQL: SELECT * FROM `php34_category`  [ RunTime:0.000264s ]
SQL: SHOW COLUMNS FROM `php34_movie` [ RunTime:0.019084s ]
SQL: SELECT * FROM `php34_movie` WHERE ( `status` = 1 ) AND ( `is_delete` = 0 ) AND ( `is_hot` = 1 ) ORDER BY listorder asc  [ RunTime:0.000667s ]
NOTIC: [8] Undefined variable: limit C:\phpstudy\WWW\shop34\Application\Admin\Model\MovieModel.class.php 第 216 行.
SQL: SELECT * FROM `php34_movie` WHERE ( `status` = 1 ) AND ( `is_delete` = 0 ) AND ( `is_new` = 1 ) ORDER BY listorder asc  [ RunTime:0.000525s ]
SQL: SELECT * FROM `php34_movie` WHERE ( `status` = 1 ) AND ( `is_delete` = 0 ) AND ( `is_best` = 1 ) ORDER BY listorder asc  [ RunTime:0.000468s ]

[ 2017-09-13T18:36:57+08:00 ] 27.38.250.33 /index.php/Home/App/index
INFO: [ app_init ] --START--
INFO: Run Behavior\BuildLiteBehavior [ RunTime:0.000024s ]
INFO: [ app_init ] --END-- [ RunTime:0.000414s ]
INFO: [ app_begin ] --START--
INFO: Run Behavior\ReadHtmlCacheBehavior [ RunTime:0.000537s ]
INFO: [ app_begin ] --END-- [ RunTime:0.000614s ]
NOTIC: [8192] mysql_connect(): The mysql extension is deprecated and will be removed in the future: use mysqli or PDO instead C:\phpstudy\WWW\shop34\ThinkPHP\Library\Think\Db\Driver\Mysql.class.php 第 52 行.
SQL: SHOW COLUMNS FROM `php34_category` [ RunTime:0.019680s ]
SQL: SELECT * FROM `php34_category`  [ RunTime:0.001858s ]
SQL: SHOW COLUMNS FROM `php34_movie` [ RunTime:0.028723s ]
SQL: SELECT * FROM `php34_movie` WHERE ( `status` = 1 ) AND ( `is_delete` = 0 ) AND ( `is_hot` = 1 ) ORDER BY listorder asc  [ RunTime:0.001056s ]
NOTIC: [8] Undefined variable: limit C:\phpstudy\WWW\shop34\Application\Admin\Model\MovieModel.class.php 第 216 行.
SQL: SELECT * FROM `php34_movie` WHERE ( `status` = 1 ) AND ( `is_delete` = 0 ) AND ( `is_new` = 1 ) ORDER BY listorder asc  [ RunTime:0.000673s ]
SQL: SELECT * FROM `php34_movie` WHERE ( `status` = 1 ) AND ( `is_delete` = 0 ) AND ( `is_best` = 1 ) ORDER BY listorder asc  [ RunTime:0.000744s ]

[ 2017-09-13T18:42:56+08:00 ] 27.38.250.33 //index.php/home/App/ishot
INFO: [ app_init ] --START--
INFO: Run Behavior\BuildLiteBehavior [ RunTime:0.000023s ]
INFO: [ app_init ] --END-- [ RunTime:0.000454s ]
INFO: [ app_begin ] --START--
INFO: Run Behavior\ReadHtmlCacheBehavior [ RunTime:0.000540s ]
INFO: [ app_begin ] --END-- [ RunTime:0.000632s ]
NOTIC: [8192] mysql_connect(): The mysql extension is deprecated and will be removed in the future: use mysqli or PDO instead C:\phpstudy\WWW\shop34\ThinkPHP\Library\Think\Db\Driver\Mysql.class.php 第 52 行.
SQL: SHOW COLUMNS FROM `php34_category` [ RunTime:0.016670s ]
SQL: SELECT * FROM `php34_category`  [ RunTime:0.000348s ]
SQL: SHOW COLUMNS FROM `php34_movie` [ RunTime:0.014651s ]
SQL: SELECT * FROM `php34_movie` WHERE ( `status` = 1 ) AND ( `is_delete` = 0 ) AND ( `is_hot` = 1 ) ORDER BY listorder asc  [ RunTime:0.000591s ]

[ 2017-09-13T19:58:25+08:00 ] 27.38.250.33 /index.php/Home/App/index
INFO: [ app_init ] --START--
INFO: Run Behavior\BuildLiteBehavior [ RunTime:0.000024s ]
INFO: [ app_init ] --END-- [ RunTime:0.000431s ]
INFO: [ app_begin ] --START--
INFO: Run Behavior\ReadHtmlCacheBehavior [ RunTime:0.000745s ]
INFO: [ app_begin ] --END-- [ RunTime:0.000843s ]
NOTIC: [8192] mysql_connect(): The mysql extension is deprecated and will be removed in the future: use mysqli or PDO instead C:\phpstudy\WWW\shop34\ThinkPHP\Library\Think\Db\Driver\Mysql.class.php 第 52 行.
SQL: SHOW COLUMNS FROM `php34_category` [ RunTime:0.024419s ]
SQL: SELECT * FROM `php34_category`  [ RunTime:0.000274s ]
SQL: SHOW COLUMNS FROM `php34_movie` [ RunTime:0.009784s ]
SQL: SELECT * FROM `php34_movie` WHERE ( `status` = 1 ) AND ( `is_delete` = 0 ) AND ( `is_hot` = 1 ) ORDER BY listorder asc  [ RunTime:0.000506s ]
NOTIC: [8] Undefined variable: limit C:\phpstudy\WWW\shop34\Application\Admin\Model\MovieModel.class.php 第 216 行.
SQL: SELECT * FROM `php34_movie` WHERE ( `status` = 1 ) AND ( `is_delete` = 0 ) AND ( `is_new` = 1 ) ORDER BY listorder asc  [ RunTime:0.000365s ]
SQL: SELECT * FROM `php34_movie` WHERE ( `status` = 1 ) AND ( `is_delete` = 0 ) AND ( `is_best` = 1 ) ORDER BY listorder asc  [ RunTime:0.000350s ]

[ 2017-09-13T19:59:57+08:00 ] 27.38.250.33 /index.php/Home/App/index
INFO: [ app_init ] --START--
INFO: Run Behavior\BuildLiteBehavior [ RunTime:0.000022s ]
INFO: [ app_init ] --END-- [ RunTime:0.000404s ]
INFO: [ app_begin ] --START--
INFO: Run Behavior\ReadHtmlCacheBehavior [ RunTime:0.000564s ]
INFO: [ app_begin ] --END-- [ RunTime:0.000641s ]
NOTIC: [8192] mysql_connect(): The mysql extension is deprecated and will be removed in the future: use mysqli or PDO instead C:\phpstudy\WWW\shop34\ThinkPHP\Library\Think\Db\Driver\Mysql.class.php 第 52 行.
SQL: SHOW COLUMNS FROM `php34_category` [ RunTime:0.020142s ]
SQL: SELECT * FROM `php34_category`  [ RunTime:0.000249s ]
SQL: SHOW COLUMNS FROM `php34_movie` [ RunTime:0.009224s ]
SQL: SELECT * FROM `php34_movie` WHERE ( `status` = 1 ) AND ( `is_delete` = 0 ) AND ( `is_hot` = 1 ) ORDER BY listorder asc  [ RunTime:0.000491s ]
NOTIC: [8] Undefined variable: limit C:\phpstudy\WWW\shop34\Application\Admin\Model\MovieModel.class.php 第 216 行.
SQL: SELECT * FROM `php34_movie` WHERE ( `status` = 1 ) AND ( `is_delete` = 0 ) AND ( `is_new` = 1 ) ORDER BY listorder asc  [ RunTime:0.000356s ]
SQL: SELECT * FROM `php34_movie` WHERE ( `status` = 1 ) AND ( `is_delete` = 0 ) AND ( `is_best` = 1 ) ORDER BY listorder asc  [ RunTime:0.000362s ]

[ 2017-09-13T20:04:14+08:00 ] 27.38.250.33 /index.php/Home/App/index
INFO: [ app_init ] --START--
INFO: Run Behavior\BuildLiteBehavior [ RunTime:0.000023s ]
INFO: [ app_init ] --END-- [ RunTime:0.000407s ]
INFO: [ app_begin ] --START--
INFO: Run Behavior\ReadHtmlCacheBehavior [ RunTime:0.000725s ]
INFO: [ app_begin ] --END-- [ RunTime:0.000812s ]
NOTIC: [8192] mysql_connect(): The mysql extension is deprecated and will be removed in the future: use mysqli or PDO instead C:\phpstudy\WWW\shop34\ThinkPHP\Library\Think\Db\Driver\Mysql.class.php 第 52 行.
SQL: SHOW COLUMNS FROM `php34_category` [ RunTime:0.016657s ]
SQL: SELECT * FROM `php34_category`  [ RunTime:0.000276s ]
SQL: SHOW COLUMNS FROM `php34_movie` [ RunTime:0.010159s ]
SQL: SELECT * FROM `php34_movie` WHERE ( `status` = 1 ) AND ( `is_delete` = 0 ) AND ( `is_hot` = 1 ) ORDER BY listorder asc  [ RunTime:0.000589s ]
NOTIC: [8] Undefined variable: limit C:\phpstudy\WWW\shop34\Application\Admin\Model\MovieModel.class.php 第 216 行.
SQL: SELECT * FROM `php34_movie` WHERE ( `status` = 1 ) AND ( `is_delete` = 0 ) AND ( `is_new` = 1 ) ORDER BY listorder asc  [ RunTime:0.000524s ]
SQL: SELECT * FROM `php34_movie` WHERE ( `status` = 1 ) AND ( `is_delete` = 0 ) AND ( `is_best` = 1 ) ORDER BY listorder asc  [ RunTime:0.000530s ]

[ 2017-09-13T21:13:57+08:00 ] 14.30.184.176 /index.php/Home/App/index
INFO: [ app_init ] --START--
INFO: Run Behavior\BuildLiteBehavior [ RunTime:0.000035s ]
INFO: [ app_init ] --END-- [ RunTime:0.000431s ]
INFO: [ app_begin ] --START--
INFO: Run Behavior\ReadHtmlCacheBehavior [ RunTime:0.000623s ]
INFO: [ app_begin ] --END-- [ RunTime:0.000703s ]
NOTIC: [8192] mysql_connect(): The mysql extension is deprecated and will be removed in the future: use mysqli or PDO instead C:\phpstudy\WWW\shop34\ThinkPHP\Library\Think\Db\Driver\Mysql.class.php 第 52 行.
SQL: SHOW COLUMNS FROM `php34_category` [ RunTime:0.016497s ]
SQL: SELECT * FROM `php34_category`  [ RunTime:0.000273s ]
SQL: SHOW COLUMNS FROM `php34_movie` [ RunTime:0.009571s ]
SQL: SELECT * FROM `php34_movie` WHERE ( `status` = 1 ) AND ( `is_delete` = 0 ) AND ( `is_hot` = 1 ) ORDER BY listorder asc  [ RunTime:0.000572s ]
NOTIC: [8] Undefined variable: limit C:\phpstudy\WWW\shop34\Application\Admin\Model\MovieModel.class.php 第 216 行.
SQL: SELECT * FROM `php34_movie` WHERE ( `status` = 1 ) AND ( `is_delete` = 0 ) AND ( `is_new` = 1 ) ORDER BY listorder asc  [ RunTime:0.000359s ]
SQL: SELECT * FROM `php34_movie` WHERE ( `status` = 1 ) AND ( `is_delete` = 0 ) AND ( `is_best` = 1 ) ORDER BY listorder asc  [ RunTime:0.000362s ]

[ 2017-09-13T21:14:01+08:00 ] 14.30.184.176 /index.php/Home/App/index
INFO: [ app_init ] --START--
INFO: Run Behavior\BuildLiteBehavior [ RunTime:0.000023s ]
INFO: [ app_init ] --END-- [ RunTime:0.000439s ]
INFO: [ app_begin ] --START--
INFO: Run Behavior\ReadHtmlCacheBehavior [ RunTime:0.000570s ]
INFO: [ app_begin ] --END-- [ RunTime:0.000650s ]
NOTIC: [8192] mysql_connect(): The mysql extension is deprecated and will be removed in the future: use mysqli or PDO instead C:\phpstudy\WWW\shop34\ThinkPHP\Library\Think\Db\Driver\Mysql.class.php 第 52 行.
SQL: SHOW COLUMNS FROM `php34_category` [ RunTime:0.012312s ]
SQL: SELECT * FROM `php34_category`  [ RunTime:0.000305s ]
SQL: SHOW COLUMNS FROM `php34_movie` [ RunTime:0.008253s ]
SQL: SELECT * FROM `php34_movie` WHERE ( `status` = 1 ) AND ( `is_delete` = 0 ) AND ( `is_hot` = 1 ) ORDER BY listorder asc  [ RunTime:0.000469s ]
NOTIC: [8] Undefined variable: limit C:\phpstudy\WWW\shop34\Application\Admin\Model\MovieModel.class.php 第 216 行.
SQL: SELECT * FROM `php34_movie` WHERE ( `status` = 1 ) AND ( `is_delete` = 0 ) AND ( `is_new` = 1 ) ORDER BY listorder asc  [ RunTime:0.000356s ]
SQL: SELECT * FROM `php34_movie` WHERE ( `status` = 1 ) AND ( `is_delete` = 0 ) AND ( `is_best` = 1 ) ORDER BY listorder asc  [ RunTime:0.000352s ]

[ 2017-09-13T21:14:04+08:00 ] 14.30.184.176 /index.php/Home/App/index
INFO: [ app_init ] --START--
INFO: Run Behavior\BuildLiteBehavior [ RunTime:0.000042s ]
INFO: [ app_init ] --END-- [ RunTime:0.000749s ]
INFO: [ app_begin ] --START--
INFO: Run Behavior\ReadHtmlCacheBehavior [ RunTime:0.001055s ]
INFO: [ app_begin ] --END-- [ RunTime:0.001204s ]
NOTIC: [8192] mysql_connect(): The mysql extension is deprecated and will be removed in the future: use mysqli or PDO instead C:\phpstudy\WWW\shop34\ThinkPHP\Library\Think\Db\Driver\Mysql.class.php 第 52 行.
SQL: SHOW COLUMNS FROM `php34_category` [ RunTime:0.012451s ]
SQL: SELECT * FROM `php34_category`  [ RunTime:0.000243s ]
SQL: SHOW COLUMNS FROM `php34_movie` [ RunTime:0.008757s ]
SQL: SELECT * FROM `php34_movie` WHERE ( `status` = 1 ) AND ( `is_delete` = 0 ) AND ( `is_hot` = 1 ) ORDER BY listorder asc  [ RunTime:0.000530s ]
NOTIC: [8] Undefined variable: limit C:\phpstudy\WWW\shop34\Application\Admin\Model\MovieModel.class.php 第 216 行.
SQL: SELECT * FROM `php34_movie` WHERE ( `status` = 1 ) AND ( `is_delete` = 0 ) AND ( `is_new` = 1 ) ORDER BY listorder asc  [ RunTime:0.000358s ]
SQL: SELECT * FROM `php34_movie` WHERE ( `status` = 1 ) AND ( `is_delete` = 0 ) AND ( `is_best` = 1 ) ORDER BY listorder asc  [ RunTime:0.000360s ]

[ 2017-09-13T21:14:07+08:00 ] 14.30.184.176 /index.php/Home/App/index
INFO: [ app_init ] --START--
INFO: Run Behavior\BuildLiteBehavior [ RunTime:0.000022s ]
INFO: [ app_init ] --END-- [ RunTime:0.000405s ]
INFO: [ app_begin ] --START--
INFO: Run Behavior\ReadHtmlCacheBehavior [ RunTime:0.000565s ]
INFO: [ app_begin ] --END-- [ RunTime:0.000642s ]
NOTIC: [8192] mysql_connect(): The mysql extension is deprecated and will be removed in the future: use mysqli or PDO instead C:\phpstudy\WWW\shop34\ThinkPHP\Library\Think\Db\Driver\Mysql.class.php 第 52 行.
SQL: SHOW COLUMNS FROM `php34_category` [ RunTime:0.014742s ]
SQL: SELECT * FROM `php34_category`  [ RunTime:0.000321s ]
SQL: SHOW COLUMNS FROM `php34_movie` [ RunTime:0.010010s ]
SQL: SELECT * FROM `php34_movie` WHERE ( `status` = 1 ) AND ( `is_delete` = 0 ) AND ( `is_hot` = 1 ) ORDER BY listorder asc  [ RunTime:0.000590s ]
NOTIC: [8] Undefined variable: limit C:\phpstudy\WWW\shop34\Application\Admin\Model\MovieModel.class.php 第 216 行.
SQL: SELECT * FROM `php34_movie` WHERE ( `status` = 1 ) AND ( `is_delete` = 0 ) AND ( `is_new` = 1 ) ORDER BY listorder asc  [ RunTime:0.000714s ]
SQL: SELECT * FROM `php34_movie` WHERE ( `status` = 1 ) AND ( `is_delete` = 0 ) AND ( `is_best` = 1 ) ORDER BY listorder asc  [ RunTime:0.000452s ]

[ 2017-09-13T22:27:36+08:00 ] 14.30.184.176 /index.php/Home/App/index
INFO: [ app_init ] --START--
INFO: Run Behavior\BuildLiteBehavior [ RunTime:0.000022s ]
INFO: [ app_init ] --END-- [ RunTime:0.000415s ]
INFO: [ app_begin ] --START--
INFO: Run Behavior\ReadHtmlCacheBehavior [ RunTime:0.000667s ]
INFO: [ app_begin ] --END-- [ RunTime:0.000745s ]
NOTIC: [8192] mysql_connect(): The mysql extension is deprecated and will be removed in the future: use mysqli or PDO instead C:\phpstudy\WWW\shop34\ThinkPHP\Library\Think\Db\Driver\Mysql.class.php 第 52 行.
SQL: SHOW COLUMNS FROM `php34_category` [ RunTime:0.016521s ]
SQL: SELECT * FROM `php34_category`  [ RunTime:0.000254s ]
SQL: SHOW COLUMNS FROM `php34_movie` [ RunTime:0.009272s ]
SQL: SELECT * FROM `php34_movie` WHERE ( `status` = 1 ) AND ( `is_delete` = 0 ) AND ( `is_hot` = 1 ) ORDER BY listorder asc  [ RunTime:0.000474s ]
NOTIC: [8] Undefined variable: limit C:\phpstudy\WWW\shop34\Application\Admin\Model\MovieModel.class.php 第 216 行.
SQL: SELECT * FROM `php34_movie` WHERE ( `status` = 1 ) AND ( `is_delete` = 0 ) AND ( `is_new` = 1 ) ORDER BY listorder asc  [ RunTime:0.000457s ]
SQL: SELECT * FROM `php34_movie` WHERE ( `status` = 1 ) AND ( `is_delete` = 0 ) AND ( `is_best` = 1 ) ORDER BY listorder asc  [ RunTime:0.000362s ]

[ 2017-09-13T22:27:40+08:00 ] 14.30.184.176 /index.php/Home/App/index
INFO: [ app_init ] --START--
INFO: Run Behavior\BuildLiteBehavior [ RunTime:0.000030s ]
INFO: [ app_init ] --END-- [ RunTime:0.000555s ]
INFO: [ app_begin ] --START--
INFO: Run Behavior\ReadHtmlCacheBehavior [ RunTime:0.000789s ]
INFO: [ app_begin ] --END-- [ RunTime:0.000894s ]
NOTIC: [8192] mysql_connect(): The mysql extension is deprecated and will be removed in the future: use mysqli or PDO instead C:\phpstudy\WWW\shop34\ThinkPHP\Library\Think\Db\Driver\Mysql.class.php 第 52 行.
SQL: SHOW COLUMNS FROM `php34_category` [ RunTime:0.016924s ]
SQL: SELECT * FROM `php34_category`  [ RunTime:0.000329s ]
SQL: SHOW COLUMNS FROM `php34_movie` [ RunTime:0.013297s ]
SQL: SELECT * FROM `php34_movie` WHERE ( `status` = 1 ) AND ( `is_delete` = 0 ) AND ( `is_hot` = 1 ) ORDER BY listorder asc  [ RunTime:0.000657s ]
NOTIC: [8] Undefined variable: limit C:\phpstudy\WWW\shop34\Application\Admin\Model\MovieModel.class.php 第 216 行.
SQL: SELECT * FROM `php34_movie` WHERE ( `status` = 1 ) AND ( `is_delete` = 0 ) AND ( `is_new` = 1 ) ORDER BY listorder asc  [ RunTime:0.000491s ]
SQL: SELECT * FROM `php34_movie` WHERE ( `status` = 1 ) AND ( `is_delete` = 0 ) AND ( `is_best` = 1 ) ORDER BY listorder asc  [ RunTime:0.000487s ]

