[ 2017-03-27T23:05:19+08:00 ] 127.0.0.1 /
INFO: [ app_init ] --START--
INFO: Run Behavior\BuildLiteBehavior [ RunTime:0.000000s ]
INFO: [ app_init ] --END-- [ RunTime:0.000000s ]
INFO: [ app_begin ] --START--
INFO: Run Behavior\ReadHtmlCacheBehavior [ RunTime:0.001000s ]
INFO: [ app_begin ] --END-- [ RunTime:0.001000s ]
NOTIC: [8192] mysql_connect(): The mysql extension is deprecated and will be removed in the future: use mysqli or PDO instead E:\PHP\apache24\htdocs\shop34\ThinkPHP\Library\Think\Db\Driver\Mysql.class.php 第 52 行.
SQL: SHOW COLUMNS FROM `php34_category` [ RunTime:0.028001s ]
SQL: SELECT * FROM `php34_category`  [ RunTime:0.000000s ]
SQL: SHOW COLUMNS FROM `php34_goods` [ RunTime:0.087005s ]
SQL: SELECT `id`,`goods_name`,`promote_price`,`sm_logo` FROM `php34_goods` WHERE ( `is_on_sale` = 1 ) AND ( `is_delete` = 0 ) AND ( `is_promote` = 1 ) AND ( `promote_start_time` <= 1490627119 ) AND ( `promote_end_time` >= 1490627119 ) ORDER BY sort_num asc LIMIT 5   [ RunTime:0.086004s ]
SQL: SELECT `id`,`goods_name`,`shop_price`,`sm_logo` FROM `php34_goods` WHERE ( `is_on_sale` = 1 ) AND ( `is_delete` = 0 ) AND ( `is_hot` = 1 ) ORDER BY sort_num asc LIMIT 5   [ RunTime:0.022002s ]
SQL: SELECT `id`,`goods_name`,`shop_price`,`sm_logo` FROM `php34_goods` WHERE ( `is_on_sale` = 1 ) AND ( `is_delete` = 0 ) AND ( `is_best` = 1 ) ORDER BY sort_num asc LIMIT 5   [ RunTime:0.001000s ]
SQL: SELECT `id`,`goods_name`,`shop_price`,`sm_logo` FROM `php34_goods` WHERE ( `is_on_sale` = 1 ) AND ( `is_delete` = 0 ) AND ( `is_new` = 1 ) ORDER BY sort_num asc LIMIT 5   [ RunTime:0.001000s ]
INFO: [ view_parse ] --START--
INFO: [ template_filter ] --START--
INFO: Run Behavior\ContentReplaceBehavior [ RunTime:0.001000s ]
INFO: [ template_filter ] --END-- [ RunTime:0.001000s ]
NOTIC: [2] Invalid argument supplied for foreach() E:\PHP\apache24\htdocs\shop34\Application\Runtime\Cache\Home\2a94b8bda04ff446dcedd42276fc99ee.php 第 341 行.
INFO: Run Behavior\ParseTemplateBehavior [ RunTime:0.095005s ]
INFO: [ view_parse ] --END-- [ RunTime:0.095005s ]
INFO: [ view_filter ] --START--
INFO: Run Behavior\WriteHtmlCacheBehavior [ RunTime:0.001001s ]
INFO: [ view_filter ] --END-- [ RunTime:0.001001s ]
INFO: [ app_end ] --START--
INFO: Run Behavior\ShowPageTraceBehavior [ RunTime:0.001000s ]
INFO: [ app_end ] --END-- [ RunTime:0.001000s ]

[ 2017-03-27T23:05:20+08:00 ] 127.0.0.1 /index.php/Home/Index/ajaxGetRecentDisGoods.html
INFO: [ app_init ] --START--
INFO: Run Behavior\BuildLiteBehavior [ RunTime:0.000000s ]
INFO: [ app_init ] --END-- [ RunTime:0.001000s ]
INFO: [ app_begin ] --START--
INFO: Run Behavior\ReadHtmlCacheBehavior [ RunTime:0.001000s ]
INFO: [ app_begin ] --END-- [ RunTime:0.001000s ]
NOTIC: [8192] mysql_connect(): The mysql extension is deprecated and will be removed in the future: use mysqli or PDO instead E:\PHP\apache24\htdocs\shop34\ThinkPHP\Library\Think\Db\Driver\Mysql.class.php 第 52 行.
SQL: SHOW COLUMNS FROM `php34_category` [ RunTime:0.004001s ]
SQL: SELECT * FROM `php34_category`  [ RunTime:0.000000s ]
INFO: [ app_end ] --START--
INFO: Run Behavior\ShowPageTraceBehavior [ RunTime:0.001000s ]
INFO: [ app_end ] --END-- [ RunTime:0.001000s ]

[ 2017-03-27T23:05:20+08:00 ] 127.0.0.1 /index.php/Home/Member/ajaxChkLogin.html
INFO: [ app_init ] --START--
INFO: Run Behavior\BuildLiteBehavior [ RunTime:0.000000s ]
INFO: [ app_init ] --END-- [ RunTime:0.000000s ]
INFO: [ app_begin ] --START--
INFO: Run Behavior\ReadHtmlCacheBehavior [ RunTime:0.001000s ]
INFO: [ app_begin ] --END-- [ RunTime:0.001000s ]
NOTIC: [8192] mysql_connect(): The mysql extension is deprecated and will be removed in the future: use mysqli or PDO instead E:\PHP\apache24\htdocs\shop34\ThinkPHP\Library\Think\Db\Driver\Mysql.class.php 第 52 行.
SQL: SHOW COLUMNS FROM `php34_category` [ RunTime:0.004001s ]
SQL: SELECT * FROM `php34_category`  [ RunTime:0.000000s ]
INFO: [ app_end ] --START--
INFO: Run Behavior\ShowPageTraceBehavior [ RunTime:0.001000s ]
INFO: [ app_end ] --END-- [ RunTime:0.001000s ]

[ 2017-03-27T23:06:15+08:00 ] 127.0.0.1 /
INFO: [ app_init ] --START--
INFO: Run Behavior\BuildLiteBehavior [ RunTime:0.000000s ]
INFO: [ app_init ] --END-- [ RunTime:0.000000s ]
INFO: [ app_begin ] --START--
INFO: Run Behavior\ReadHtmlCacheBehavior [ RunTime:0.001000s ]
INFO: [ app_begin ] --END-- [ RunTime:0.001000s ]
NOTIC: [8192] mysql_connect(): The mysql extension is deprecated and will be removed in the future: use mysqli or PDO instead E:\PHP\apache24\htdocs\shop34\ThinkPHP\Library\Think\Db\Driver\Mysql.class.php 第 52 行.
SQL: SHOW COLUMNS FROM `php34_category` [ RunTime:0.004000s ]
SQL: SELECT * FROM `php34_category`  [ RunTime:0.002000s ]
SQL: SHOW COLUMNS FROM `php34_goods` [ RunTime:0.005000s ]
SQL: SELECT `id`,`goods_name`,`promote_price`,`sm_logo` FROM `php34_goods` WHERE ( `is_on_sale` = 1 ) AND ( `is_delete` = 0 ) AND ( `is_promote` = 1 ) AND ( `promote_start_time` <= 1490627175 ) AND ( `promote_end_time` >= 1490627175 ) ORDER BY sort_num asc LIMIT 5   [ RunTime:0.001000s ]
SQL: SELECT `id`,`goods_name`,`shop_price`,`sm_logo` FROM `php34_goods` WHERE ( `is_on_sale` = 1 ) AND ( `is_delete` = 0 ) AND ( `is_hot` = 1 ) ORDER BY sort_num asc LIMIT 5   [ RunTime:0.000000s ]
SQL: SELECT `id`,`goods_name`,`shop_price`,`sm_logo` FROM `php34_goods` WHERE ( `is_on_sale` = 1 ) AND ( `is_delete` = 0 ) AND ( `is_best` = 1 ) ORDER BY sort_num asc LIMIT 5   [ RunTime:0.001000s ]
SQL: SELECT `id`,`goods_name`,`shop_price`,`sm_logo` FROM `php34_goods` WHERE ( `is_on_sale` = 1 ) AND ( `is_delete` = 0 ) AND ( `is_new` = 1 ) ORDER BY sort_num asc LIMIT 5   [ RunTime:0.000000s ]
INFO: [ view_parse ] --START--
INFO: [ template_filter ] --START--
INFO: Run Behavior\ContentReplaceBehavior [ RunTime:0.001000s ]
INFO: [ template_filter ] --END-- [ RunTime:0.001000s ]
NOTIC: [2] Invalid argument supplied for foreach() E:\PHP\apache24\htdocs\shop34\Application\Runtime\Cache\Home\2a94b8bda04ff446dcedd42276fc99ee.php 第 341 行.
INFO: Run Behavior\ParseTemplateBehavior [ RunTime:0.022001s ]
INFO: [ view_parse ] --END-- [ RunTime:0.022001s ]
INFO: [ view_filter ] --START--
INFO: Run Behavior\WriteHtmlCacheBehavior [ RunTime:0.001000s ]
INFO: [ view_filter ] --END-- [ RunTime:0.001000s ]
INFO: [ app_end ] --START--
INFO: Run Behavior\ShowPageTraceBehavior [ RunTime:0.001000s ]
INFO: [ app_end ] --END-- [ RunTime:0.001000s ]

[ 2017-03-27T23:06:15+08:00 ] 127.0.0.1 /index.php/Home/Index/ajaxGetRecentDisGoods.html
INFO: [ app_init ] --START--
INFO: Run Behavior\BuildLiteBehavior [ RunTime:0.000000s ]
INFO: [ app_init ] --END-- [ RunTime:0.001000s ]
INFO: [ app_begin ] --START--
INFO: Run Behavior\ReadHtmlCacheBehavior [ RunTime:0.001000s ]
INFO: [ app_begin ] --END-- [ RunTime:0.001000s ]
NOTIC: [8192] mysql_connect(): The mysql extension is deprecated and will be removed in the future: use mysqli or PDO instead E:\PHP\apache24\htdocs\shop34\ThinkPHP\Library\Think\Db\Driver\Mysql.class.php 第 52 行.
SQL: SHOW COLUMNS FROM `php34_category` [ RunTime:0.007000s ]
SQL: SELECT * FROM `php34_category`  [ RunTime:0.001000s ]
INFO: [ app_end ] --START--
INFO: Run Behavior\ShowPageTraceBehavior [ RunTime:0.002001s ]
INFO: [ app_end ] --END-- [ RunTime:0.002001s ]

[ 2017-03-27T23:06:15+08:00 ] 127.0.0.1 /index.php/Home/Member/ajaxChkLogin.html
INFO: [ app_init ] --START--
INFO: Run Behavior\BuildLiteBehavior [ RunTime:0.000000s ]
INFO: [ app_init ] --END-- [ RunTime:0.001000s ]
INFO: [ app_begin ] --START--
INFO: Run Behavior\ReadHtmlCacheBehavior [ RunTime:0.001000s ]
INFO: [ app_begin ] --END-- [ RunTime:0.002000s ]
NOTIC: [8192] mysql_connect(): The mysql extension is deprecated and will be removed in the future: use mysqli or PDO instead E:\PHP\apache24\htdocs\shop34\ThinkPHP\Library\Think\Db\Driver\Mysql.class.php 第 52 行.
SQL: SHOW COLUMNS FROM `php34_category` [ RunTime:0.005000s ]
SQL: SELECT * FROM `php34_category`  [ RunTime:0.000000s ]
INFO: [ app_end ] --START--
INFO: Run Behavior\ShowPageTraceBehavior [ RunTime:0.001000s ]
INFO: [ app_end ] --END-- [ RunTime:0.001000s ]

[ 2017-03-27T23:06:20+08:00 ] 127.0.0.1 /index.php/Home/Search/search/cid/6.html
INFO: [ app_init ] --START--
INFO: Run Behavior\BuildLiteBehavior [ RunTime:0.000000s ]
INFO: [ app_init ] --END-- [ RunTime:0.000000s ]
INFO: [ app_begin ] --START--
INFO: Run Behavior\ReadHtmlCacheBehavior [ RunTime:0.001000s ]
INFO: [ app_begin ] --END-- [ RunTime:0.001000s ]
NOTIC: [8192] mysql_connect(): The mysql extension is deprecated and will be removed in the future: use mysqli or PDO instead E:\PHP\apache24\htdocs\shop34\ThinkPHP\Library\Think\Db\Driver\Mysql.class.php 第 52 行.
SQL: SHOW COLUMNS FROM `php34_category` [ RunTime:0.004000s ]
SQL: SELECT * FROM `php34_category`  [ RunTime:0.001000s ]
SQL: SHOW COLUMNS FROM `php34_goods` [ RunTime:0.004001s ]
SQL: SHOW COLUMNS FROM `php34_goods_cat` [ RunTime:0.066003s ]
SQL: SELECT GROUP_CONCAT(DISTINCT goods_id) goods_id FROM `php34_goods_cat` WHERE ( `cat_id` = '6' ) LIMIT 1   [ RunTime:0.039003s ]
SQL: SELECT MIN(shop_price) minprice,MAX(shop_price) maxprice FROM `php34_goods` WHERE (  (`cat_id` =6  OR id IN(2))  ) LIMIT 1   [ RunTime:0.022001s ]
SQL: SELECT COUNT(*) AS tp_count FROM `php34_goods` WHERE (  (`shop_price` BETWEEN 60 AND 1319 ) ) AND (  (`cat_id` =6  OR id IN(2))  ) AND ( `is_on_sale` = 1 ) AND ( `is_delete` = 0 ) LIMIT 1   [ RunTime:0.001000s ]
SQL: SELECT COUNT(*) AS tp_count FROM `php34_goods` WHERE (  (`shop_price` BETWEEN 1320 AND 2579 ) ) AND (  (`cat_id` =6  OR id IN(2))  ) AND ( `is_on_sale` = 1 ) AND ( `is_delete` = 0 ) LIMIT 1   [ RunTime:0.001000s ]
SQL: SELECT COUNT(*) AS tp_count FROM `php34_goods` WHERE (  (`shop_price` BETWEEN 2580 AND 3839 ) ) AND (  (`cat_id` =6  OR id IN(2))  ) AND ( `is_on_sale` = 1 ) AND ( `is_delete` = 0 ) LIMIT 1   [ RunTime:0.001000s ]
SQL: SELECT COUNT(*) AS tp_count FROM `php34_goods` WHERE (  (`shop_price` BETWEEN 3840 AND 5099 ) ) AND (  (`cat_id` =6  OR id IN(2))  ) AND ( `is_on_sale` = 1 ) AND ( `is_delete` = 0 ) LIMIT 1   [ RunTime:0.001000s ]
SQL: SELECT COUNT(*) AS tp_count FROM `php34_goods` WHERE (  (`shop_price` BETWEEN 5100 AND 6359 ) ) AND (  (`cat_id` =6  OR id IN(2))  ) AND ( `is_on_sale` = 1 ) AND ( `is_delete` = 0 ) LIMIT 1   [ RunTime:0.001000s ]
SQL: SELECT COUNT(*) AS tp_count FROM `php34_goods` WHERE (  (`shop_price` BETWEEN 6360 AND 7619 ) ) AND (  (`cat_id` =6  OR id IN(2))  ) AND ( `is_on_sale` = 1 ) AND ( `is_delete` = 0 ) LIMIT 1   [ RunTime:0.001000s ]
SQL: SELECT COUNT(*) AS tp_count FROM `php34_goods` WHERE (  (`shop_price` BETWEEN 7620 AND 8890 ) ) AND ( `cat_id` = '6' ) AND ( `is_on_sale` = 1 ) AND ( `is_delete` = 0 ) LIMIT 1   [ RunTime:0.001000s ]
SQL: SELECT * FROM `php34_category` WHERE ( id=6 ) LIMIT 1   [ RunTime:0.001000s ]
SQL: SELECT `search_attr_id` FROM `php34_category` WHERE ( `id` = 6 ) LIMIT 1   [ RunTime:0.000000s ]
SQL: SHOW COLUMNS FROM `php34_attribute` [ RunTime:0.048002s ]
SQL: SELECT `id`,`attr_name` FROM `php34_attribute` WHERE ( `id` IN ('') )  [ RunTime:0.000000s ]
SQL: SHOW COLUMNS FROM `php34_goods_attr` [ RunTime:0.028002s ]
NOTIC: [2] Invalid argument supplied for foreach() E:\PHP\apache24\htdocs\shop34\Application\Home\Controller\SearchController.class.php 第 82 行.
NOTIC: [2] unlink(./Application/Runtime/Temp/702f6d8f948d338e56e15a1333ab749d.php): No such file or directory E:\PHP\apache24\htdocs\shop34\ThinkPHP\Library\Think\Cache\Driver\File.class.php 第 157 行.
SQL: SELECT GROUP_CONCAT(DISTINCT goods_id) goods_id FROM `php34_goods_cat` WHERE ( `cat_id` = '6' ) LIMIT 1   [ RunTime:0.000000s ]
SQL: SELECT COUNT(*) AS tp_count FROM php34_goods a WHERE ( a.is_on_sale = 1 ) AND ( a.is_delete = 0 ) AND (  (a.cat_id =6 or a.id in(2))  ) LIMIT 1   [ RunTime:0.000000s ]
SQL: SELECT a.id,a.goods_name,`sm_logo`,`shop_price`,IFNULL(SUM(b.goods_number),0) xl,(SELECT count(id) FROM php34_comment c WHERE c.goods_id=a.id) pl FROM php34_goods a LEFT JOIN php34_order_goods b ON (a.id=b.goods_id AND b.order_id IN(SELECT id FROM php34_order WHERE pay_status=1))  WHERE ( a.is_on_sale = 1 ) AND ( a.is_delete = 0 ) AND (  (a.cat_id =6 or a.id in(2))  ) GROUP BY a.id ORDER BY xl DESC LIMIT 0,24   [ RunTime:0.119007s ]
INFO: [ view_parse ] --START--
INFO: [ template_filter ] --START--
INFO: Run Behavior\ContentReplaceBehavior [ RunTime:0.001000s ]
INFO: [ template_filter ] --END-- [ RunTime:0.001000s ]
NOTIC: [2] array_fill(): Number of elements must be positive E:\PHP\apache24\htdocs\shop34\Application\Runtime\Cache\Home\dc21e6da2e1dbcec494898213c16ba46.php 第 411 行.
NOTIC: [2] Invalid argument supplied for foreach() E:\PHP\apache24\htdocs\shop34\Application\Runtime\Cache\Home\dc21e6da2e1dbcec494898213c16ba46.php 第 411 行.
NOTIC: [2] Invalid argument supplied for foreach() E:\PHP\apache24\htdocs\shop34\Application\Runtime\Cache\Home\dc21e6da2e1dbcec494898213c16ba46.php 第 444 行.
NOTIC: [8] Undefined variable: data E:\PHP\apache24\htdocs\shop34\Application\Runtime\Cache\Home\dc21e6da2e1dbcec494898213c16ba46.php 第 462 行.
INFO: Run Behavior\ParseTemplateBehavior [ RunTime:0.070004s ]
INFO: [ view_parse ] --END-- [ RunTime:0.070004s ]
INFO: [ view_filter ] --START--
INFO: Run Behavior\WriteHtmlCacheBehavior [ RunTime:0.001000s ]
INFO: [ view_filter ] --END-- [ RunTime:0.001000s ]
INFO: [ app_end ] --START--
INFO: Run Behavior\ShowPageTraceBehavior [ RunTime:0.001000s ]
INFO: [ app_end ] --END-- [ RunTime:0.001000s ]

[ 2017-03-27T23:06:20+08:00 ] 127.0.0.1 /index.php/Home/Index/ajaxGetRecentDisGoods.html
INFO: [ app_init ] --START--
INFO: Run Behavior\BuildLiteBehavior [ RunTime:0.000000s ]
INFO: [ app_init ] --END-- [ RunTime:0.002000s ]
INFO: [ app_begin ] --START--
INFO: Run Behavior\ReadHtmlCacheBehavior [ RunTime:0.000000s ]
INFO: [ app_begin ] --END-- [ RunTime:0.002000s ]
NOTIC: [8192] mysql_connect(): The mysql extension is deprecated and will be removed in the future: use mysqli or PDO instead E:\PHP\apache24\htdocs\shop34\ThinkPHP\Library\Think\Db\Driver\Mysql.class.php 第 52 行.
SQL: SHOW COLUMNS FROM `php34_category` [ RunTime:0.004000s ]
SQL: SELECT * FROM `php34_category`  [ RunTime:0.002000s ]
INFO: [ app_end ] --START--
INFO: Run Behavior\ShowPageTraceBehavior [ RunTime:0.008000s ]
INFO: [ app_end ] --END-- [ RunTime:0.008000s ]

[ 2017-03-27T23:06:20+08:00 ] 127.0.0.1 /index.php/Home/Member/ajaxChkLogin.html
INFO: [ app_init ] --START--
INFO: Run Behavior\BuildLiteBehavior [ RunTime:0.000000s ]
INFO: [ app_init ] --END-- [ RunTime:0.001000s ]
INFO: [ app_begin ] --START--
INFO: Run Behavior\ReadHtmlCacheBehavior [ RunTime:0.000000s ]
INFO: [ app_begin ] --END-- [ RunTime:0.001000s ]
NOTIC: [8192] mysql_connect(): The mysql extension is deprecated and will be removed in the future: use mysqli or PDO instead E:\PHP\apache24\htdocs\shop34\ThinkPHP\Library\Think\Db\Driver\Mysql.class.php 第 52 行.
SQL: SHOW COLUMNS FROM `php34_category` [ RunTime:0.006001s ]
SQL: SELECT * FROM `php34_category`  [ RunTime:0.003000s ]
INFO: [ app_end ] --START--
INFO: Run Behavior\ShowPageTraceBehavior [ RunTime:0.001000s ]
INFO: [ app_end ] --END-- [ RunTime:0.001000s ]

[ 2017-03-27T23:25:05+08:00 ] 127.0.0.1 /index.php/Home/Search/search/cid/index.html
INFO: [ app_init ] --START--
INFO: Run Behavior\BuildLiteBehavior [ RunTime:0.000000s ]
INFO: [ app_init ] --END-- [ RunTime:0.000000s ]
INFO: [ app_begin ] --START--
INFO: Run Behavior\ReadHtmlCacheBehavior [ RunTime:0.001000s ]
INFO: [ app_begin ] --END-- [ RunTime:0.001000s ]
NOTIC: [8192] mysql_connect(): The mysql extension is deprecated and will be removed in the future: use mysqli or PDO instead E:\PHP\apache24\htdocs\shop34\ThinkPHP\Library\Think\Db\Driver\Mysql.class.php 第 52 行.
SQL: SHOW COLUMNS FROM `php34_category` [ RunTime:0.003000s ]
SQL: SELECT * FROM `php34_category`  [ RunTime:0.000000s ]
SQL: SHOW COLUMNS FROM `php34_goods` [ RunTime:0.004001s ]
SQL: SHOW COLUMNS FROM `php34_goods_cat` [ RunTime:0.005000s ]
SQL: SELECT GROUP_CONCAT(DISTINCT goods_id) goods_id FROM `php34_goods_cat` WHERE ( `cat_id` = 'index' ) LIMIT 1   [ RunTime:0.000000s ]
SQL: SELECT MIN(shop_price) minprice,MAX(shop_price) maxprice FROM `php34_goods` WHERE (  (`cat_id` =index )  ) LIMIT 1   [ RunTime:0.001000s ]
ERR: 1064:You have an error in your SQL syntax; check the manual that corresponds to your MySQL server version for the right syntax to use near 'index )  ) LIMIT 1' at line 1
 [ SQL语句 ] : SELECT MIN(shop_price) minprice,MAX(shop_price) maxprice FROM `php34_goods` WHERE (  (`cat_id` =index )  ) LIMIT 1  
SQL: SELECT COUNT(*) AS tp_count FROM `php34_goods` WHERE (  (`shop_price` BETWEEN 0 AND -1 ) ) AND (  (`cat_id` =index )  ) AND ( `is_on_sale` = 1 ) AND ( `is_delete` = 0 ) LIMIT 1   [ RunTime:0.000000s ]
ERR: 1064:You have an error in your SQL syntax; check the manual that corresponds to your MySQL server version for the right syntax to use near 'index )  ) AND ( `is_on_sale` = 1 ) AND ( `is_delete` = 0 ) LIMIT 1' at line 1
 [ SQL语句 ] : SELECT COUNT(*) AS tp_count FROM `php34_goods` WHERE (  (`shop_price` BETWEEN 0 AND -1 ) ) AND (  (`cat_id` =index )  ) AND ( `is_on_sale` = 1 ) AND ( `is_delete` = 0 ) LIMIT 1  
SQL: SELECT COUNT(*) AS tp_count FROM `php34_goods` WHERE (  (`shop_price` BETWEEN 0 AND -1 ) ) AND (  (`cat_id` =index )  ) AND ( `is_on_sale` = 1 ) AND ( `is_delete` = 0 ) LIMIT 1   [ RunTime:0.000000s ]
ERR: 1064:You have an error in your SQL syntax; check the manual that corresponds to your MySQL server version for the right syntax to use near 'index )  ) AND ( `is_on_sale` = 1 ) AND ( `is_delete` = 0 ) LIMIT 1' at line 1
 [ SQL语句 ] : SELECT COUNT(*) AS tp_count FROM `php34_goods` WHERE (  (`shop_price` BETWEEN 0 AND -1 ) ) AND (  (`cat_id` =index )  ) AND ( `is_on_sale` = 1 ) AND ( `is_delete` = 0 ) LIMIT 1  
SQL: SELECT COUNT(*) AS tp_count FROM `php34_goods` WHERE (  (`shop_price` BETWEEN 0 AND -1 ) ) AND (  (`cat_id` =index )  ) AND ( `is_on_sale` = 1 ) AND ( `is_delete` = 0 ) LIMIT 1   [ RunTime:0.000000s ]
ERR: 1064:You have an error in your SQL syntax; check the manual that corresponds to your MySQL server version for the right syntax to use near 'index )  ) AND ( `is_on_sale` = 1 ) AND ( `is_delete` = 0 ) LIMIT 1' at line 1
 [ SQL语句 ] : SELECT COUNT(*) AS tp_count FROM `php34_goods` WHERE (  (`shop_price` BETWEEN 0 AND -1 ) ) AND (  (`cat_id` =index )  ) AND ( `is_on_sale` = 1 ) AND ( `is_delete` = 0 ) LIMIT 1  
SQL: SELECT COUNT(*) AS tp_count FROM `php34_goods` WHERE (  (`shop_price` BETWEEN 0 AND -1 ) ) AND (  (`cat_id` =index )  ) AND ( `is_on_sale` = 1 ) AND ( `is_delete` = 0 ) LIMIT 1   [ RunTime:0.000000s ]
ERR: 1064:You have an error in your SQL syntax; check the manual that corresponds to your MySQL server version for the right syntax to use near 'index )  ) AND ( `is_on_sale` = 1 ) AND ( `is_delete` = 0 ) LIMIT 1' at line 1
 [ SQL语句 ] : SELECT COUNT(*) AS tp_count FROM `php34_goods` WHERE (  (`shop_price` BETWEEN 0 AND -1 ) ) AND (  (`cat_id` =index )  ) AND ( `is_on_sale` = 1 ) AND ( `is_delete` = 0 ) LIMIT 1  
SQL: SELECT COUNT(*) AS tp_count FROM `php34_goods` WHERE (  (`shop_price` BETWEEN 0 AND -1 ) ) AND (  (`cat_id` =index )  ) AND ( `is_on_sale` = 1 ) AND ( `is_delete` = 0 ) LIMIT 1   [ RunTime:0.000000s ]
ERR: 1064:You have an error in your SQL syntax; check the manual that corresponds to your MySQL server version for the right syntax to use near 'index )  ) AND ( `is_on_sale` = 1 ) AND ( `is_delete` = 0 ) LIMIT 1' at line 1
 [ SQL语句 ] : SELECT COUNT(*) AS tp_count FROM `php34_goods` WHERE (  (`shop_price` BETWEEN 0 AND -1 ) ) AND (  (`cat_id` =index )  ) AND ( `is_on_sale` = 1 ) AND ( `is_delete` = 0 ) LIMIT 1  
SQL: SELECT COUNT(*) AS tp_count FROM `php34_goods` WHERE (  (`shop_price` BETWEEN 0 AND -1 ) ) AND (  (`cat_id` =index )  ) AND ( `is_on_sale` = 1 ) AND ( `is_delete` = 0 ) LIMIT 1   [ RunTime:0.000000s ]
ERR: 1064:You have an error in your SQL syntax; check the manual that corresponds to your MySQL server version for the right syntax to use near 'index )  ) AND ( `is_on_sale` = 1 ) AND ( `is_delete` = 0 ) LIMIT 1' at line 1
 [ SQL语句 ] : SELECT COUNT(*) AS tp_count FROM `php34_goods` WHERE (  (`shop_price` BETWEEN 0 AND -1 ) ) AND (  (`cat_id` =index )  ) AND ( `is_on_sale` = 1 ) AND ( `is_delete` = 0 ) LIMIT 1  
SQL: SELECT COUNT(*) AS tp_count FROM `php34_goods` WHERE (  (`shop_price` BETWEEN 0 AND 0 ) ) AND ( `cat_id` = 'index' ) AND ( `is_on_sale` = 1 ) AND ( `is_delete` = 0 ) LIMIT 1   [ RunTime:0.048003s ]
SQL: SELECT * FROM `php34_category` WHERE ( id=index ) LIMIT 1   [ RunTime:0.000000s ]
ERR: 1064:You have an error in your SQL syntax; check the manual that corresponds to your MySQL server version for the right syntax to use near 'index ) LIMIT 1' at line 1
 [ SQL语句 ] : SELECT * FROM `php34_category` WHERE ( id=index ) LIMIT 1  
SQL: SELECT `search_attr_id` FROM `php34_category` WHERE ( `id` = 0 ) LIMIT 1   [ RunTime:0.001000s ]
SQL: SHOW COLUMNS FROM `php34_attribute` [ RunTime:0.004001s ]
NOTIC: [2] implode(): Invalid arguments passed E:\PHP\apache24\htdocs\shop34\ThinkPHP\Library\Think\Db.class.php 第 502 行.
SQL: SELECT `id`,`attr_name` FROM `php34_attribute` WHERE ( `id` IN () )  [ RunTime:0.001000s ]
ERR: 1064:You have an error in your SQL syntax; check the manual that corresponds to your MySQL server version for the right syntax to use near ') )' at line 1
 [ SQL语句 ] : SELECT `id`,`attr_name` FROM `php34_attribute` WHERE ( `id` IN () ) 
SQL: SHOW COLUMNS FROM `php34_goods_attr` [ RunTime:0.004000s ]
NOTIC: [2] Invalid argument supplied for foreach() E:\PHP\apache24\htdocs\shop34\Application\Home\Controller\SearchController.class.php 第 82 行.
SQL: SELECT GROUP_CONCAT(DISTINCT goods_id) goods_id FROM `php34_goods_cat` WHERE ( `cat_id` = 'index' ) LIMIT 1   [ RunTime:0.000000s ]
SQL: SELECT COUNT(*) AS tp_count FROM php34_goods a WHERE ( a.is_on_sale = 1 ) AND ( a.is_delete = 0 ) AND (  (a.cat_id =index )  ) LIMIT 1   [ RunTime:0.000000s ]
ERR: 1064:You have an error in your SQL syntax; check the manual that corresponds to your MySQL server version for the right syntax to use near 'index )  ) LIMIT 1' at line 1
 [ SQL语句 ] : SELECT COUNT(*) AS tp_count FROM php34_goods a WHERE ( a.is_on_sale = 1 ) AND ( a.is_delete = 0 ) AND (  (a.cat_id =index )  ) LIMIT 1  
SQL: SELECT a.id,a.goods_name,`sm_logo`,`shop_price`,IFNULL(SUM(b.goods_number),0) xl,(SELECT count(id) FROM php34_comment c WHERE c.goods_id=a.id) pl FROM php34_goods a LEFT JOIN php34_order_goods b ON (a.id=b.goods_id AND b.order_id IN(SELECT id FROM php34_order WHERE pay_status=1))  WHERE ( a.is_on_sale = 1 ) AND ( a.is_delete = 0 ) AND (  (a.cat_id =index )  ) GROUP BY a.id ORDER BY xl DESC LIMIT 0,24   [ RunTime:0.000000s ]
ERR: 1064:You have an error in your SQL syntax; check the manual that corresponds to your MySQL server version for the right syntax to use near 'index )  ) GROUP BY a.id ORDER BY xl DESC LIMIT 0,24' at line 1
 [ SQL语句 ] : SELECT a.id,a.goods_name,`sm_logo`,`shop_price`,IFNULL(SUM(b.goods_number),0) xl,(SELECT count(id) FROM php34_comment c WHERE c.goods_id=a.id) pl FROM php34_goods a LEFT JOIN php34_order_goods b ON (a.id=b.goods_id AND b.order_id IN(SELECT id FROM php34_order WHERE pay_status=1))  WHERE ( a.is_on_sale = 1 ) AND ( a.is_delete = 0 ) AND (  (a.cat_id =index )  ) GROUP BY a.id ORDER BY xl DESC LIMIT 0,24  
INFO: [ view_parse ] --START--
INFO: [ template_filter ] --START--
INFO: Run Behavior\ContentReplaceBehavior [ RunTime:0.000000s ]
INFO: [ template_filter ] --END-- [ RunTime:0.000000s ]
NOTIC: [2] Invalid argument supplied for foreach() E:\PHP\apache24\htdocs\shop34\Application\Runtime\Cache\Home\dc21e6da2e1dbcec494898213c16ba46.php 第 411 行.
NOTIC: [2] Invalid argument supplied for foreach() E:\PHP\apache24\htdocs\shop34\Application\Runtime\Cache\Home\dc21e6da2e1dbcec494898213c16ba46.php 第 444 行.
NOTIC: [8] Undefined variable: data E:\PHP\apache24\htdocs\shop34\Application\Runtime\Cache\Home\dc21e6da2e1dbcec494898213c16ba46.php 第 462 行.
INFO: Run Behavior\ParseTemplateBehavior [ RunTime:0.024002s ]
INFO: [ view_parse ] --END-- [ RunTime:0.024002s ]
INFO: [ view_filter ] --START--
INFO: Run Behavior\WriteHtmlCacheBehavior [ RunTime:0.001000s ]
INFO: [ view_filter ] --END-- [ RunTime:0.001000s ]
INFO: [ app_end ] --START--
INFO: Run Behavior\ShowPageTraceBehavior [ RunTime:0.002000s ]
INFO: [ app_end ] --END-- [ RunTime:0.002000s ]

[ 2017-03-27T23:25:05+08:00 ] 127.0.0.1 /index.php/Home/Member/ajaxChkLogin.html
INFO: [ app_init ] --START--
INFO: Run Behavior\BuildLiteBehavior [ RunTime:0.000000s ]
INFO: [ app_init ] --END-- [ RunTime:0.001000s ]
INFO: [ app_begin ] --START--
INFO: Run Behavior\ReadHtmlCacheBehavior [ RunTime:0.001000s ]
INFO: [ app_begin ] --END-- [ RunTime:0.001000s ]
NOTIC: [8192] mysql_connect(): The mysql extension is deprecated and will be removed in the future: use mysqli or PDO instead E:\PHP\apache24\htdocs\shop34\ThinkPHP\Library\Think\Db\Driver\Mysql.class.php 第 52 行.
SQL: SHOW COLUMNS FROM `php34_category` [ RunTime:0.004000s ]
SQL: SELECT * FROM `php34_category`  [ RunTime:0.000000s ]
INFO: [ app_end ] --START--
INFO: Run Behavior\ShowPageTraceBehavior [ RunTime:0.001000s ]
INFO: [ app_end ] --END-- [ RunTime:0.001000s ]

[ 2017-03-27T23:25:05+08:00 ] 127.0.0.1 /index.php/Home/Index/ajaxGetRecentDisGoods.html
INFO: [ app_init ] --START--
INFO: Run Behavior\BuildLiteBehavior [ RunTime:0.000000s ]
INFO: [ app_init ] --END-- [ RunTime:0.001000s ]
INFO: [ app_begin ] --START--
INFO: Run Behavior\ReadHtmlCacheBehavior [ RunTime:0.001000s ]
INFO: [ app_begin ] --END-- [ RunTime:0.001000s ]
NOTIC: [8192] mysql_connect(): The mysql extension is deprecated and will be removed in the future: use mysqli or PDO instead E:\PHP\apache24\htdocs\shop34\ThinkPHP\Library\Think\Db\Driver\Mysql.class.php 第 52 行.
SQL: SHOW COLUMNS FROM `php34_category` [ RunTime:0.006000s ]
SQL: SELECT * FROM `php34_category`  [ RunTime:0.000000s ]
INFO: [ app_end ] --START--
INFO: Run Behavior\ShowPageTraceBehavior [ RunTime:0.001000s ]
INFO: [ app_end ] --END-- [ RunTime:0.001000s ]

[ 2017-03-27T23:25:09+08:00 ] 127.0.0.1 /
INFO: [ app_init ] --START--
INFO: Run Behavior\BuildLiteBehavior [ RunTime:0.000000s ]
INFO: [ app_init ] --END-- [ RunTime:0.001001s ]
INFO: [ app_begin ] --START--
INFO: Run Behavior\ReadHtmlCacheBehavior [ RunTime:0.001000s ]
INFO: [ app_begin ] --END-- [ RunTime:0.001000s ]
NOTIC: [8192] mysql_connect(): The mysql extension is deprecated and will be removed in the future: use mysqli or PDO instead E:\PHP\apache24\htdocs\shop34\ThinkPHP\Library\Think\Db\Driver\Mysql.class.php 第 52 行.
SQL: SHOW COLUMNS FROM `php34_category` [ RunTime:0.005000s ]
SQL: SELECT * FROM `php34_category`  [ RunTime:0.000000s ]
SQL: SHOW COLUMNS FROM `php34_goods` [ RunTime:0.004001s ]
SQL: SELECT `id`,`goods_name`,`promote_price`,`sm_logo` FROM `php34_goods` WHERE ( `is_on_sale` = 1 ) AND ( `is_delete` = 0 ) AND ( `is_promote` = 1 ) AND ( `promote_start_time` <= 1490628309 ) AND ( `promote_end_time` >= 1490628309 ) ORDER BY sort_num asc LIMIT 5   [ RunTime:0.000000s ]
SQL: SELECT `id`,`goods_name`,`shop_price`,`sm_logo` FROM `php34_goods` WHERE ( `is_on_sale` = 1 ) AND ( `is_delete` = 0 ) AND ( `is_hot` = 1 ) ORDER BY sort_num asc LIMIT 5   [ RunTime:0.001000s ]
SQL: SELECT `id`,`goods_name`,`shop_price`,`sm_logo` FROM `php34_goods` WHERE ( `is_on_sale` = 1 ) AND ( `is_delete` = 0 ) AND ( `is_best` = 1 ) ORDER BY sort_num asc LIMIT 5   [ RunTime:0.000000s ]
SQL: SELECT `id`,`goods_name`,`shop_price`,`sm_logo` FROM `php34_goods` WHERE ( `is_on_sale` = 1 ) AND ( `is_delete` = 0 ) AND ( `is_new` = 1 ) ORDER BY sort_num asc LIMIT 5   [ RunTime:0.000000s ]
INFO: [ view_parse ] --START--
INFO: [ template_filter ] --START--
INFO: Run Behavior\ContentReplaceBehavior [ RunTime:0.000000s ]
INFO: [ template_filter ] --END-- [ RunTime:0.000000s ]
NOTIC: [2] Invalid argument supplied for foreach() E:\PHP\apache24\htdocs\shop34\Application\Runtime\Cache\Home\2a94b8bda04ff446dcedd42276fc99ee.php 第 341 行.
INFO: Run Behavior\ParseTemplateBehavior [ RunTime:0.022001s ]
INFO: [ view_parse ] --END-- [ RunTime:0.022001s ]
INFO: [ view_filter ] --START--
INFO: Run Behavior\WriteHtmlCacheBehavior [ RunTime:0.001000s ]
INFO: [ view_filter ] --END-- [ RunTime:0.001000s ]
INFO: [ app_end ] --START--
INFO: Run Behavior\ShowPageTraceBehavior [ RunTime:0.001000s ]
INFO: [ app_end ] --END-- [ RunTime:0.001000s ]

[ 2017-03-27T23:25:09+08:00 ] 127.0.0.1 /index.php/Home/Index/ajaxGetRecentDisGoods.html
INFO: [ app_init ] --START--
INFO: Run Behavior\BuildLiteBehavior [ RunTime:0.000000s ]
INFO: [ app_init ] --END-- [ RunTime:0.003000s ]
INFO: [ app_begin ] --START--
INFO: Run Behavior\ReadHtmlCacheBehavior [ RunTime:0.003001s ]
INFO: [ app_begin ] --END-- [ RunTime:0.003001s ]
NOTIC: [8192] mysql_connect(): The mysql extension is deprecated and will be removed in the future: use mysqli or PDO instead E:\PHP\apache24\htdocs\shop34\ThinkPHP\Library\Think\Db\Driver\Mysql.class.php 第 52 行.
SQL: SHOW COLUMNS FROM `php34_category` [ RunTime:0.009000s ]
SQL: SELECT * FROM `php34_category`  [ RunTime:0.001000s ]
INFO: [ app_end ] --START--
INFO: Run Behavior\ShowPageTraceBehavior [ RunTime:0.001001s ]
INFO: [ app_end ] --END-- [ RunTime:0.001001s ]

[ 2017-03-27T23:25:09+08:00 ] 127.0.0.1 /index.php/Home/Member/ajaxChkLogin.html
INFO: [ app_init ] --START--
INFO: Run Behavior\BuildLiteBehavior [ RunTime:0.000000s ]
INFO: [ app_init ] --END-- [ RunTime:0.001000s ]
INFO: [ app_begin ] --START--
INFO: Run Behavior\ReadHtmlCacheBehavior [ RunTime:0.001000s ]
INFO: [ app_begin ] --END-- [ RunTime:0.001000s ]
NOTIC: [8192] mysql_connect(): The mysql extension is deprecated and will be removed in the future: use mysqli or PDO instead E:\PHP\apache24\htdocs\shop34\ThinkPHP\Library\Think\Db\Driver\Mysql.class.php 第 52 行.
SQL: SHOW COLUMNS FROM `php34_category` [ RunTime:0.005000s ]
SQL: SELECT * FROM `php34_category`  [ RunTime:0.000000s ]
INFO: [ app_end ] --START--
INFO: Run Behavior\ShowPageTraceBehavior [ RunTime:0.001000s ]
INFO: [ app_end ] --END-- [ RunTime:0.001000s ]

[ 2017-03-27T23:25:35+08:00 ] 127.0.0.1 /index.php/Home/Search/search/cid/3.html
INFO: [ app_init ] --START--
INFO: Run Behavior\BuildLiteBehavior [ RunTime:0.000000s ]
INFO: [ app_init ] --END-- [ RunTime:0.001000s ]
INFO: [ app_begin ] --START--
INFO: Run Behavior\ReadHtmlCacheBehavior [ RunTime:0.002000s ]
INFO: [ app_begin ] --END-- [ RunTime:0.002000s ]
NOTIC: [8192] mysql_connect(): The mysql extension is deprecated and will be removed in the future: use mysqli or PDO instead E:\PHP\apache24\htdocs\shop34\ThinkPHP\Library\Think\Db\Driver\Mysql.class.php 第 52 行.
SQL: SHOW COLUMNS FROM `php34_category` [ RunTime:0.005001s ]
SQL: SELECT * FROM `php34_category`  [ RunTime:0.000000s ]
SQL: SHOW COLUMNS FROM `php34_goods` [ RunTime:0.005001s ]
SQL: SHOW COLUMNS FROM `php34_goods_cat` [ RunTime:0.003000s ]
SQL: SELECT GROUP_CONCAT(DISTINCT goods_id) goods_id FROM `php34_goods_cat` WHERE ( `cat_id` = '3' ) LIMIT 1   [ RunTime:0.001000s ]
SQL: SELECT MIN(shop_price) minprice,MAX(shop_price) maxprice FROM `php34_goods` WHERE (  (`cat_id` =3  OR id IN(8))  ) LIMIT 1   [ RunTime:0.001000s ]
SQL: SELECT COUNT(*) AS tp_count FROM `php34_goods` WHERE (  (`shop_price` BETWEEN 0 AND -1 ) ) AND (  (`cat_id` =3  OR id IN(8))  ) AND ( `is_on_sale` = 1 ) AND ( `is_delete` = 0 ) LIMIT 1   [ RunTime:0.027002s ]
SQL: SELECT COUNT(*) AS tp_count FROM `php34_goods` WHERE (  (`shop_price` BETWEEN 0 AND -1 ) ) AND (  (`cat_id` =3  OR id IN(8))  ) AND ( `is_on_sale` = 1 ) AND ( `is_delete` = 0 ) LIMIT 1   [ RunTime:0.000000s ]
SQL: SELECT COUNT(*) AS tp_count FROM `php34_goods` WHERE (  (`shop_price` BETWEEN 0 AND -1 ) ) AND (  (`cat_id` =3  OR id IN(8))  ) AND ( `is_on_sale` = 1 ) AND ( `is_delete` = 0 ) LIMIT 1   [ RunTime:0.000000s ]
SQL: SELECT COUNT(*) AS tp_count FROM `php34_goods` WHERE (  (`shop_price` BETWEEN 0 AND -1 ) ) AND (  (`cat_id` =3  OR id IN(8))  ) AND ( `is_on_sale` = 1 ) AND ( `is_delete` = 0 ) LIMIT 1   [ RunTime:0.000000s ]
SQL: SELECT COUNT(*) AS tp_count FROM `php34_goods` WHERE (  (`shop_price` BETWEEN 0 AND -1 ) ) AND (  (`cat_id` =3  OR id IN(8))  ) AND ( `is_on_sale` = 1 ) AND ( `is_delete` = 0 ) LIMIT 1   [ RunTime:0.000000s ]
SQL: SELECT COUNT(*) AS tp_count FROM `php34_goods` WHERE (  (`shop_price` BETWEEN 0 AND -1 ) ) AND (  (`cat_id` =3  OR id IN(8))  ) AND ( `is_on_sale` = 1 ) AND ( `is_delete` = 0 ) LIMIT 1   [ RunTime:0.000000s ]
SQL: SELECT COUNT(*) AS tp_count FROM `php34_goods` WHERE (  (`shop_price` BETWEEN 0 AND 0 ) ) AND ( `cat_id` = '3' ) AND ( `is_on_sale` = 1 ) AND ( `is_delete` = 0 ) LIMIT 1   [ RunTime:0.001000s ]
SQL: SELECT * FROM `php34_category` WHERE ( id=3 ) LIMIT 1   [ RunTime:0.000000s ]
SQL: SELECT `search_attr_id` FROM `php34_category` WHERE ( `id` = 3 ) LIMIT 1   [ RunTime:0.001000s ]
SQL: SHOW COLUMNS FROM `php34_attribute` [ RunTime:0.003000s ]
SQL: SELECT `id`,`attr_name` FROM `php34_attribute` WHERE ( `id` IN ('') )  [ RunTime:0.001000s ]
SQL: SHOW COLUMNS FROM `php34_goods_attr` [ RunTime:0.003000s ]
NOTIC: [2] Invalid argument supplied for foreach() E:\PHP\apache24\htdocs\shop34\Application\Home\Controller\SearchController.class.php 第 82 行.
NOTIC: [2] unlink(./Application/Runtime/Temp/d79567ed7a745f112ccfa4a6b87480a6.php): No such file or directory E:\PHP\apache24\htdocs\shop34\ThinkPHP\Library\Think\Cache\Driver\File.class.php 第 157 行.
SQL: SELECT GROUP_CONCAT(DISTINCT goods_id) goods_id FROM `php34_goods_cat` WHERE ( `cat_id` = '3' ) LIMIT 1   [ RunTime:0.000000s ]
SQL: SELECT COUNT(*) AS tp_count FROM php34_goods a WHERE ( a.is_on_sale = 1 ) AND ( a.is_delete = 0 ) AND (  (a.cat_id =3 or a.id in(8))  ) LIMIT 1   [ RunTime:0.001000s ]
SQL: SELECT a.id,a.goods_name,`sm_logo`,`shop_price`,IFNULL(SUM(b.goods_number),0) xl,(SELECT count(id) FROM php34_comment c WHERE c.goods_id=a.id) pl FROM php34_goods a LEFT JOIN php34_order_goods b ON (a.id=b.goods_id AND b.order_id IN(SELECT id FROM php34_order WHERE pay_status=1))  WHERE ( a.is_on_sale = 1 ) AND ( a.is_delete = 0 ) AND (  (a.cat_id =3 or a.id in(8))  ) GROUP BY a.id ORDER BY xl DESC LIMIT 0,24   [ RunTime:0.002001s ]
INFO: [ view_parse ] --START--
INFO: [ template_filter ] --START--
INFO: Run Behavior\ContentReplaceBehavior [ RunTime:0.001000s ]
INFO: [ template_filter ] --END-- [ RunTime:0.001000s ]
NOTIC: [2] array_fill(): Number of elements must be positive E:\PHP\apache24\htdocs\shop34\Application\Runtime\Cache\Home\dc21e6da2e1dbcec494898213c16ba46.php 第 411 行.
NOTIC: [2] Invalid argument supplied for foreach() E:\PHP\apache24\htdocs\shop34\Application\Runtime\Cache\Home\dc21e6da2e1dbcec494898213c16ba46.php 第 411 行.
NOTIC: [2] Invalid argument supplied for foreach() E:\PHP\apache24\htdocs\shop34\Application\Runtime\Cache\Home\dc21e6da2e1dbcec494898213c16ba46.php 第 444 行.
NOTIC: [8] Undefined variable: data E:\PHP\apache24\htdocs\shop34\Application\Runtime\Cache\Home\dc21e6da2e1dbcec494898213c16ba46.php 第 462 行.
INFO: Run Behavior\ParseTemplateBehavior [ RunTime:0.025001s ]
INFO: [ view_parse ] --END-- [ RunTime:0.025001s ]
INFO: [ view_filter ] --START--
INFO: Run Behavior\WriteHtmlCacheBehavior [ RunTime:0.001000s ]
INFO: [ view_filter ] --END-- [ RunTime:0.001000s ]
INFO: [ app_end ] --START--
INFO: Run Behavior\ShowPageTraceBehavior [ RunTime:0.001000s ]
INFO: [ app_end ] --END-- [ RunTime:0.002000s ]

[ 2017-03-27T23:25:36+08:00 ] 127.0.0.1 /index.php/Home/Index/ajaxGetRecentDisGoods.html
INFO: [ app_init ] --START--
INFO: Run Behavior\BuildLiteBehavior [ RunTime:0.000000s ]
INFO: [ app_init ] --END-- [ RunTime:0.001000s ]
INFO: [ app_begin ] --START--
INFO: Run Behavior\ReadHtmlCacheBehavior [ RunTime:0.004001s ]
INFO: [ app_begin ] --END-- [ RunTime:0.005001s ]
NOTIC: [8192] mysql_connect(): The mysql extension is deprecated and will be removed in the future: use mysqli or PDO instead E:\PHP\apache24\htdocs\shop34\ThinkPHP\Library\Think\Db\Driver\Mysql.class.php 第 52 行.
SQL: SHOW COLUMNS FROM `php34_category` [ RunTime:0.005001s ]
SQL: SELECT * FROM `php34_category`  [ RunTime:0.002000s ]
INFO: [ app_end ] --START--
INFO: Run Behavior\ShowPageTraceBehavior [ RunTime:0.001000s ]
INFO: [ app_end ] --END-- [ RunTime:0.002000s ]

[ 2017-03-27T23:25:36+08:00 ] 127.0.0.1 /index.php/Home/Member/ajaxChkLogin.html
INFO: [ app_init ] --START--
INFO: Run Behavior\BuildLiteBehavior [ RunTime:0.000000s ]
INFO: [ app_init ] --END-- [ RunTime:0.001000s ]
INFO: [ app_begin ] --START--
INFO: Run Behavior\ReadHtmlCacheBehavior [ RunTime:0.000000s ]
INFO: [ app_begin ] --END-- [ RunTime:0.000000s ]
NOTIC: [8192] mysql_connect(): The mysql extension is deprecated and will be removed in the future: use mysqli or PDO instead E:\PHP\apache24\htdocs\shop34\ThinkPHP\Library\Think\Db\Driver\Mysql.class.php 第 52 行.
SQL: SHOW COLUMNS FROM `php34_category` [ RunTime:0.005001s ]
SQL: SELECT * FROM `php34_category`  [ RunTime:0.001000s ]
INFO: [ app_end ] --START--
INFO: Run Behavior\ShowPageTraceBehavior [ RunTime:0.001000s ]
INFO: [ app_end ] --END-- [ RunTime:0.001000s ]

[ 2017-03-27T23:25:52+08:00 ] 127.0.0.1 /index.php/Home/Index/ajaxGetRecentDisGoods.html
INFO: [ app_init ] --START--
INFO: Run Behavior\BuildLiteBehavior [ RunTime:0.000000s ]
INFO: [ app_init ] --END-- [ RunTime:0.000000s ]
INFO: [ app_begin ] --START--
INFO: Run Behavior\ReadHtmlCacheBehavior [ RunTime:0.001000s ]
INFO: [ app_begin ] --END-- [ RunTime:0.001000s ]
NOTIC: [8192] mysql_connect(): The mysql extension is deprecated and will be removed in the future: use mysqli or PDO instead E:\PHP\apache24\htdocs\shop34\ThinkPHP\Library\Think\Db\Driver\Mysql.class.php 第 52 行.
SQL: SHOW COLUMNS FROM `php34_category` [ RunTime:0.005000s ]
SQL: SELECT * FROM `php34_category`  [ RunTime:0.000000s ]
INFO: [ app_end ] --START--
INFO: Run Behavior\ShowPageTraceBehavior [ RunTime:0.001000s ]
INFO: [ app_end ] --END-- [ RunTime:0.001000s ]

[ 2017-03-27T23:25:52+08:00 ] 127.0.0.1 /index.php/Home/Member/ajaxChkLogin.html
INFO: [ app_init ] --START--
INFO: Run Behavior\BuildLiteBehavior [ RunTime:0.000000s ]
INFO: [ app_init ] --END-- [ RunTime:0.001000s ]
INFO: [ app_begin ] --START--
INFO: Run Behavior\ReadHtmlCacheBehavior [ RunTime:0.001000s ]
INFO: [ app_begin ] --END-- [ RunTime:0.001000s ]
NOTIC: [8192] mysql_connect(): The mysql extension is deprecated and will be removed in the future: use mysqli or PDO instead E:\PHP\apache24\htdocs\shop34\ThinkPHP\Library\Think\Db\Driver\Mysql.class.php 第 52 行.
SQL: SHOW COLUMNS FROM `php34_category` [ RunTime:0.008001s ]
SQL: SELECT * FROM `php34_category`  [ RunTime:0.001000s ]
INFO: [ app_end ] --START--
INFO: Run Behavior\ShowPageTraceBehavior [ RunTime:0.001000s ]
INFO: [ app_end ] --END-- [ RunTime:0.001000s ]

