[ 2017-09-09T14:07:50+08:00 ] 127.0.0.1 /index.php/Admin/Index/index.html
INFO: [ app_init ] --START--
INFO: Run Behavior\BuildLiteBehavior [ RunTime:0.000020s ]
INFO: [ app_init ] --END-- [ RunTime:0.000700s ]
INFO: [ app_begin ] --START--
INFO: Run Behavior\ReadHtmlCacheBehavior [ RunTime:0.001076s ]
INFO: [ app_begin ] --END-- [ RunTime:0.001165s ]
INFO: [ view_parse ] --START--
INFO: [ template_filter ] --START--
INFO: Run Behavior\ContentReplaceBehavior [ RunTime:0.000041s ]
INFO: [ template_filter ] --END-- [ RunTime:0.000111s ]
INFO: Run Behavior\ParseTemplateBehavior [ RunTime:0.007613s ]
INFO: [ view_parse ] --END-- [ RunTime:0.007695s ]
INFO: [ view_filter ] --START--
INFO: Run Behavior\WriteHtmlCacheBehavior [ RunTime:0.000488s ]
INFO: [ view_filter ] --END-- [ RunTime:0.000535s ]
INFO: [ app_end ] --START--
INFO: Run Behavior\ShowPageTraceBehavior [ RunTime:0.000784s ]
INFO: [ app_end ] --END-- [ RunTime:0.000835s ]

[ 2017-09-09T14:07:50+08:00 ] 127.0.0.1 /index.php/Admin/Index/top.html
INFO: [ app_init ] --START--
INFO: Run Behavior\BuildLiteBehavior [ RunTime:0.000025s ]
INFO: [ app_init ] --END-- [ RunTime:0.000802s ]
INFO: [ app_begin ] --START--
INFO: Run Behavior\ReadHtmlCacheBehavior [ RunTime:0.000939s ]
INFO: [ app_begin ] --END-- [ RunTime:0.001055s ]
INFO: [ view_parse ] --START--
INFO: [ template_filter ] --START--
INFO: Run Behavior\ContentReplaceBehavior [ RunTime:0.000082s ]
INFO: [ template_filter ] --END-- [ RunTime:0.000183s ]
INFO: Run Behavior\ParseTemplateBehavior [ RunTime:0.011080s ]
INFO: [ view_parse ] --END-- [ RunTime:0.011199s ]
INFO: [ view_filter ] --START--
INFO: Run Behavior\WriteHtmlCacheBehavior [ RunTime:0.000519s ]
INFO: [ view_filter ] --END-- [ RunTime:0.000595s ]
INFO: [ app_end ] --START--
INFO: Run Behavior\ShowPageTraceBehavior [ RunTime:0.000624s ]
INFO: [ app_end ] --END-- [ RunTime:0.000690s ]

[ 2017-09-09T14:07:50+08:00 ] 127.0.0.1 /index.php/Admin/Index/menu.html
INFO: [ app_init ] --START--
INFO: Run Behavior\BuildLiteBehavior [ RunTime:0.000030s ]
INFO: [ app_init ] --END-- [ RunTime:0.003026s ]
INFO: [ app_begin ] --START--
INFO: Run Behavior\ReadHtmlCacheBehavior [ RunTime:0.001273s ]
INFO: [ app_begin ] --END-- [ RunTime:0.001397s ]
SQL: SELECT * FROM php34_privilege [ RunTime:0.079491s ]
INFO: [ view_parse ] --START--
INFO: [ template_filter ] --START--
INFO: Run Behavior\ContentReplaceBehavior [ RunTime:0.000076s ]
INFO: [ template_filter ] --END-- [ RunTime:0.000145s ]
INFO: Run Behavior\ParseTemplateBehavior [ RunTime:0.009952s ]
INFO: [ view_parse ] --END-- [ RunTime:0.010039s ]
INFO: [ view_filter ] --START--
INFO: Run Behavior\WriteHtmlCacheBehavior [ RunTime:0.001030s ]
INFO: [ view_filter ] --END-- [ RunTime:0.001156s ]
INFO: [ app_end ] --START--
INFO: Run Behavior\ShowPageTraceBehavior [ RunTime:0.001084s ]
INFO: [ app_end ] --END-- [ RunTime:0.001207s ]

[ 2017-09-09T14:07:50+08:00 ] 127.0.0.1 /index.php/Admin/Index/main.html
INFO: [ app_init ] --START--
INFO: Run Behavior\BuildLiteBehavior [ RunTime:0.000025s ]
INFO: [ app_init ] --END-- [ RunTime:0.000902s ]
INFO: [ app_begin ] --START--
INFO: Run Behavior\ReadHtmlCacheBehavior [ RunTime:0.001416s ]
INFO: [ app_begin ] --END-- [ RunTime:0.001532s ]
INFO: [ view_parse ] --START--
NOTIC: [2] file_get_contents(./Application/Admin/View/Index/footer.html) [<a href='function.file-get-contents'>function.file-get-contents</a>]: failed to open stream: No such file or directory E:\PHP\apache\htdocs\shop34\ThinkPHP\Library\Think\Template.class.php 第 696 行.
INFO: [ template_filter ] --START--
INFO: Run Behavior\ContentReplaceBehavior [ RunTime:0.000141s ]
INFO: [ template_filter ] --END-- [ RunTime:0.000245s ]
INFO: Run Behavior\ParseTemplateBehavior [ RunTime:0.011222s ]
INFO: [ view_parse ] --END-- [ RunTime:0.011341s ]
INFO: [ view_filter ] --START--
INFO: Run Behavior\WriteHtmlCacheBehavior [ RunTime:0.000497s ]
INFO: [ view_filter ] --END-- [ RunTime:0.000547s ]
INFO: [ app_end ] --START--
INFO: Run Behavior\ShowPageTraceBehavior [ RunTime:0.000836s ]
INFO: [ app_end ] --END-- [ RunTime:0.000889s ]

[ 2017-09-09T14:07:53+08:00 ] 127.0.0.1 /index.php/Admin/Movie/lst.html
INFO: [ app_init ] --START--
INFO: Run Behavior\BuildLiteBehavior [ RunTime:0.000016s ]
INFO: [ app_init ] --END-- [ RunTime:0.000537s ]
INFO: [ app_begin ] --START--
INFO: Run Behavior\ReadHtmlCacheBehavior [ RunTime:0.000804s ]
INFO: [ app_begin ] --END-- [ RunTime:0.000872s ]
SQL: SELECT COUNT(*) has FROM php34_privilege WHERE module_name="Admin" AND controller_name="Movie" AND action_name="lst" [ RunTime:0.000605s ]
SQL: SHOW COLUMNS FROM `php34_movie` [ RunTime:0.007964s ]
SQL: SELECT COUNT(*) AS tp_count FROM php34_movie a WHERE ( `is_delete` = 0 ) LIMIT 1   [ RunTime:0.000586s ]
SQL: SELECT * FROM `php34_movie` WHERE ( `is_delete` = 0 ) ORDER BY id desc LIMIT 0,2   [ RunTime:0.000630s ]
INFO: [ view_parse ] --START--
INFO: [ template_filter ] --START--
INFO: Run Behavior\ContentReplaceBehavior [ RunTime:0.000073s ]
INFO: [ template_filter ] --END-- [ RunTime:0.000154s ]
INFO: Run Behavior\ParseTemplateBehavior [ RunTime:0.011005s ]
INFO: [ view_parse ] --END-- [ RunTime:0.011088s ]
INFO: [ view_filter ] --START--
INFO: Run Behavior\WriteHtmlCacheBehavior [ RunTime:0.000467s ]
INFO: [ view_filter ] --END-- [ RunTime:0.000527s ]
INFO: [ app_end ] --START--
INFO: Run Behavior\ShowPageTraceBehavior [ RunTime:0.000700s ]
INFO: [ app_end ] --END-- [ RunTime:0.000754s ]

[ 2017-09-09T18:15:03+08:00 ] 127.0.0.1 /index.php/Admin/Movie/add.html
INFO: [ app_init ] --START--
INFO: Run Behavior\BuildLiteBehavior [ RunTime:0.000020s ]
INFO: [ app_init ] --END-- [ RunTime:0.000727s ]
INFO: [ app_begin ] --START--
INFO: Run Behavior\ReadHtmlCacheBehavior [ RunTime:0.000830s ]
INFO: [ app_begin ] --END-- [ RunTime:0.000905s ]
SQL: SELECT COUNT(*) has FROM php34_privilege WHERE module_name="Admin" AND controller_name="Movie" AND action_name="add" [ RunTime:0.001905s ]
SQL: SHOW COLUMNS FROM `php34_type` [ RunTime:0.017312s ]
SQL: SELECT * FROM `php34_type`  [ RunTime:0.000552s ]
SQL: SHOW COLUMNS FROM `php34_category` [ RunTime:0.026476s ]
SQL: SELECT * FROM `php34_category`  [ RunTime:0.000726s ]
SQL: SHOW COLUMNS FROM `php34_brand` [ RunTime:0.010001s ]
SQL: SELECT * FROM `php34_brand`  [ RunTime:0.000534s ]
SQL: SHOW COLUMNS FROM `php34_member_level` [ RunTime:0.022068s ]
SQL: SELECT * FROM `php34_member_level`  [ RunTime:0.000586s ]
INFO: [ view_parse ] --START--
INFO: [ template_filter ] --START--
INFO: Run Behavior\ContentReplaceBehavior [ RunTime:0.000099s ]
INFO: [ template_filter ] --END-- [ RunTime:0.000174s ]
INFO: Run Behavior\ParseTemplateBehavior [ RunTime:0.029196s ]
INFO: [ view_parse ] --END-- [ RunTime:0.029273s ]
INFO: [ view_filter ] --START--
INFO: Run Behavior\WriteHtmlCacheBehavior [ RunTime:0.000598s ]
INFO: [ view_filter ] --END-- [ RunTime:0.000653s ]
INFO: [ app_end ] --START--
INFO: Run Behavior\ShowPageTraceBehavior [ RunTime:0.001437s ]
INFO: [ app_end ] --END-- [ RunTime:0.001524s ]

[ 2017-09-09T18:21:19+08:00 ] 127.0.0.1 /index.php/Admin/Movie/add.html
INFO: [ app_init ] --START--
INFO: Run Behavior\BuildLiteBehavior [ RunTime:0.000017s ]
INFO: [ app_init ] --END-- [ RunTime:0.000556s ]
INFO: [ app_begin ] --START--
INFO: Run Behavior\ReadHtmlCacheBehavior [ RunTime:0.000708s ]
INFO: [ app_begin ] --END-- [ RunTime:0.000777s ]
SQL: SELECT COUNT(*) has FROM php34_privilege WHERE module_name="Admin" AND controller_name="Movie" AND action_name="add" [ RunTime:0.000241s ]
SQL: SHOW COLUMNS FROM `php34_movie` [ RunTime:0.007554s ]
NOTIC: [2] in_array() expects parameter 2 to be array, string given E:\PHP\apache\htdocs\shop34\ThinkPHP\Library\Think\Upload.class.php 第 351 行.

[ 2017-09-09T18:23:41+08:00 ] 127.0.0.1 /index.php/Admin/Movie/lst.html
INFO: [ app_init ] --START--
INFO: Run Behavior\BuildLiteBehavior [ RunTime:0.000016s ]
INFO: [ app_init ] --END-- [ RunTime:0.000649s ]
INFO: [ app_begin ] --START--
INFO: Run Behavior\ReadHtmlCacheBehavior [ RunTime:0.000972s ]
INFO: [ app_begin ] --END-- [ RunTime:0.001064s ]
SQL: SELECT COUNT(*) has FROM php34_privilege WHERE module_name="Admin" AND controller_name="Movie" AND action_name="lst" [ RunTime:0.000356s ]
SQL: SHOW COLUMNS FROM `php34_movie` [ RunTime:0.007209s ]
SQL: SELECT COUNT(*) AS tp_count FROM php34_movie a WHERE ( `is_delete` = 0 ) LIMIT 1   [ RunTime:0.000403s ]
SQL: SELECT * FROM `php34_movie` WHERE ( `is_delete` = 0 ) ORDER BY id desc LIMIT 0,2   [ RunTime:0.000589s ]
INFO: [ view_parse ] --START--
INFO: [ template_filter ] --START--
INFO: Run Behavior\ContentReplaceBehavior [ RunTime:0.000071s ]
INFO: [ template_filter ] --END-- [ RunTime:0.000144s ]
INFO: Run Behavior\ParseTemplateBehavior [ RunTime:0.011633s ]
INFO: [ view_parse ] --END-- [ RunTime:0.011708s ]
INFO: [ view_filter ] --START--
INFO: Run Behavior\WriteHtmlCacheBehavior [ RunTime:0.000870s ]
INFO: [ view_filter ] --END-- [ RunTime:0.000927s ]
INFO: [ app_end ] --START--
INFO: Run Behavior\ShowPageTraceBehavior [ RunTime:0.001007s ]
INFO: [ app_end ] --END-- [ RunTime:0.001072s ]

[ 2017-09-09T18:23:43+08:00 ] 127.0.0.1 /index.php/Admin/Movie/add.html
INFO: [ app_init ] --START--
INFO: Run Behavior\BuildLiteBehavior [ RunTime:0.000016s ]
INFO: [ app_init ] --END-- [ RunTime:0.000636s ]
INFO: [ app_begin ] --START--
INFO: Run Behavior\ReadHtmlCacheBehavior [ RunTime:0.000807s ]
INFO: [ app_begin ] --END-- [ RunTime:0.000872s ]
SQL: SELECT COUNT(*) has FROM php34_privilege WHERE module_name="Admin" AND controller_name="Movie" AND action_name="add" [ RunTime:0.000309s ]
SQL: SHOW COLUMNS FROM `php34_type` [ RunTime:0.009950s ]
SQL: SELECT * FROM `php34_type`  [ RunTime:0.000564s ]
SQL: SHOW COLUMNS FROM `php34_category` [ RunTime:0.010000s ]
SQL: SELECT * FROM `php34_category`  [ RunTime:0.000503s ]
SQL: SHOW COLUMNS FROM `php34_brand` [ RunTime:0.008863s ]
SQL: SELECT * FROM `php34_brand`  [ RunTime:0.000433s ]
SQL: SHOW COLUMNS FROM `php34_member_level` [ RunTime:0.008939s ]
SQL: SELECT * FROM `php34_member_level`  [ RunTime:0.000667s ]
INFO: [ view_parse ] --START--
INFO: [ template_filter ] --START--
INFO: Run Behavior\ContentReplaceBehavior [ RunTime:0.000097s ]
INFO: [ template_filter ] --END-- [ RunTime:0.000168s ]
INFO: Run Behavior\ParseTemplateBehavior [ RunTime:0.010424s ]
INFO: [ view_parse ] --END-- [ RunTime:0.010552s ]
INFO: [ view_filter ] --START--
INFO: Run Behavior\WriteHtmlCacheBehavior [ RunTime:0.000774s ]
INFO: [ view_filter ] --END-- [ RunTime:0.000876s ]
INFO: [ app_end ] --START--
INFO: Run Behavior\ShowPageTraceBehavior [ RunTime:0.001676s ]
INFO: [ app_end ] --END-- [ RunTime:0.001785s ]

[ 2017-09-09T18:24:00+08:00 ] 127.0.0.1 /index.php/Admin/Movie/add.html
INFO: [ app_init ] --START--
INFO: Run Behavior\BuildLiteBehavior [ RunTime:0.000016s ]
INFO: [ app_init ] --END-- [ RunTime:0.000692s ]
INFO: [ app_begin ] --START--
INFO: Run Behavior\ReadHtmlCacheBehavior [ RunTime:0.003822s ]
INFO: [ app_begin ] --END-- [ RunTime:0.004505s ]
SQL: SELECT COUNT(*) has FROM php34_privilege WHERE module_name="Admin" AND controller_name="Movie" AND action_name="add" [ RunTime:0.000362s ]
SQL: SHOW COLUMNS FROM `php34_movie` [ RunTime:0.007637s ]

[ 2017-09-09T18:24:49+08:00 ] 127.0.0.1 /index.php/Admin/Movie/add.html
INFO: [ app_init ] --START--
INFO: Run Behavior\BuildLiteBehavior [ RunTime:0.000016s ]
INFO: [ app_init ] --END-- [ RunTime:0.000569s ]
INFO: [ app_begin ] --START--
INFO: Run Behavior\ReadHtmlCacheBehavior [ RunTime:0.000723s ]
INFO: [ app_begin ] --END-- [ RunTime:0.000819s ]
SQL: SELECT COUNT(*) has FROM php34_privilege WHERE module_name="Admin" AND controller_name="Movie" AND action_name="add" [ RunTime:0.000376s ]
SQL: SHOW COLUMNS FROM `php34_movie` [ RunTime:0.007947s ]
NOTIC: [2] call_user_func() expects parameter 1 to be a valid callback, no array or string given E:\PHP\apache\htdocs\shop34\ThinkPHP\Library\Think\Upload.class.php 第 167 行.

[ 2017-09-09T18:27:30+08:00 ] 127.0.0.1 /index.php/Admin/Movie/lst.html
INFO: [ app_init ] --START--
INFO: Run Behavior\BuildLiteBehavior [ RunTime:0.000017s ]
INFO: [ app_init ] --END-- [ RunTime:0.000711s ]
INFO: [ app_begin ] --START--
INFO: Run Behavior\ReadHtmlCacheBehavior [ RunTime:0.000984s ]
INFO: [ app_begin ] --END-- [ RunTime:0.001046s ]
SQL: SELECT COUNT(*) has FROM php34_privilege WHERE module_name="Admin" AND controller_name="Movie" AND action_name="lst" [ RunTime:0.000338s ]
SQL: SHOW COLUMNS FROM `php34_movie` [ RunTime:0.007876s ]
SQL: SELECT COUNT(*) AS tp_count FROM php34_movie a WHERE ( `is_delete` = 0 ) LIMIT 1   [ RunTime:0.000616s ]
SQL: SELECT * FROM `php34_movie` WHERE ( `is_delete` = 0 ) ORDER BY id desc LIMIT 0,2   [ RunTime:0.000699s ]
INFO: [ view_parse ] --START--
INFO: [ template_filter ] --START--
INFO: Run Behavior\ContentReplaceBehavior [ RunTime:0.000089s ]
INFO: [ template_filter ] --END-- [ RunTime:0.000167s ]
INFO: Run Behavior\ParseTemplateBehavior [ RunTime:0.010880s ]
INFO: [ view_parse ] --END-- [ RunTime:0.010961s ]
INFO: [ view_filter ] --START--
INFO: Run Behavior\WriteHtmlCacheBehavior [ RunTime:0.000850s ]
INFO: [ view_filter ] --END-- [ RunTime:0.000915s ]
INFO: [ app_end ] --START--
INFO: Run Behavior\ShowPageTraceBehavior [ RunTime:0.001015s ]
INFO: [ app_end ] --END-- [ RunTime:0.001069s ]

[ 2017-09-09T18:27:31+08:00 ] 127.0.0.1 /index.php/Admin/Movie/add.html
INFO: [ app_init ] --START--
INFO: Run Behavior\BuildLiteBehavior [ RunTime:0.000015s ]
INFO: [ app_init ] --END-- [ RunTime:0.000633s ]
INFO: [ app_begin ] --START--
INFO: Run Behavior\ReadHtmlCacheBehavior [ RunTime:0.000960s ]
INFO: [ app_begin ] --END-- [ RunTime:0.001023s ]
SQL: SELECT COUNT(*) has FROM php34_privilege WHERE module_name="Admin" AND controller_name="Movie" AND action_name="add" [ RunTime:0.000349s ]
SQL: SHOW COLUMNS FROM `php34_type` [ RunTime:0.006534s ]
SQL: SELECT * FROM `php34_type`  [ RunTime:0.000451s ]
SQL: SHOW COLUMNS FROM `php34_category` [ RunTime:0.007694s ]
SQL: SELECT * FROM `php34_category`  [ RunTime:0.000443s ]
SQL: SHOW COLUMNS FROM `php34_brand` [ RunTime:0.006961s ]
SQL: SELECT * FROM `php34_brand`  [ RunTime:0.000410s ]
SQL: SHOW COLUMNS FROM `php34_member_level` [ RunTime:0.006697s ]
SQL: SELECT * FROM `php34_member_level`  [ RunTime:0.000452s ]
INFO: [ view_parse ] --START--
INFO: [ template_filter ] --START--
INFO: Run Behavior\ContentReplaceBehavior [ RunTime:0.000213s ]
INFO: [ template_filter ] --END-- [ RunTime:0.000318s ]
INFO: Run Behavior\ParseTemplateBehavior [ RunTime:0.010738s ]
INFO: [ view_parse ] --END-- [ RunTime:0.010822s ]
INFO: [ view_filter ] --START--
INFO: Run Behavior\WriteHtmlCacheBehavior [ RunTime:0.000771s ]
INFO: [ view_filter ] --END-- [ RunTime:0.000844s ]
INFO: [ app_end ] --START--
INFO: Run Behavior\ShowPageTraceBehavior [ RunTime:0.001561s ]
INFO: [ app_end ] --END-- [ RunTime:0.001670s ]

[ 2017-09-09T18:27:51+08:00 ] 127.0.0.1 /index.php/Admin/Movie/add.html
INFO: [ app_init ] --START--
INFO: Run Behavior\BuildLiteBehavior [ RunTime:0.000019s ]
INFO: [ app_init ] --END-- [ RunTime:0.000576s ]
INFO: [ app_begin ] --START--
INFO: Run Behavior\ReadHtmlCacheBehavior [ RunTime:0.000936s ]
INFO: [ app_begin ] --END-- [ RunTime:0.001013s ]
SQL: SELECT COUNT(*) has FROM php34_privilege WHERE module_name="Admin" AND controller_name="Movie" AND action_name="add" [ RunTime:0.000294s ]
SQL: SHOW COLUMNS FROM `php34_movie` [ RunTime:0.008545s ]
NOTIC: [2] call_user_func() expects parameter 1 to be a valid callback, no array or string given E:\PHP\apache\htdocs\shop34\ThinkPHP\Library\Think\Upload.class.php 第 167 行.

[ 2017-09-09T18:29:24+08:00 ] 127.0.0.1 /index.php/Admin/Movie/add.html
INFO: [ app_init ] --START--
INFO: Run Behavior\BuildLiteBehavior [ RunTime:0.000015s ]
INFO: [ app_init ] --END-- [ RunTime:0.000540s ]
INFO: [ app_begin ] --START--
INFO: Run Behavior\ReadHtmlCacheBehavior [ RunTime:0.001006s ]
INFO: [ app_begin ] --END-- [ RunTime:0.001103s ]
SQL: SELECT COUNT(*) has FROM php34_privilege WHERE module_name="Admin" AND controller_name="Movie" AND action_name="add" [ RunTime:0.000213s ]
SQL: SHOW COLUMNS FROM `php34_movie` [ RunTime:0.008516s ]
NOTIC: [2] finfo_file() [<a href='function.finfo-file'>function.finfo-file</a>]: Empty filename or path E:\PHP\apache\htdocs\shop34\ThinkPHP\Library\Think\Upload.class.php 第 149 行.
NOTIC: [2] call_user_func() expects parameter 1 to be a valid callback, no array or string given E:\PHP\apache\htdocs\shop34\ThinkPHP\Library\Think\Upload.class.php 第 167 行.

[ 2017-09-09T18:29:27+08:00 ] 127.0.0.1 /index.php/Admin/Movie/add.html
INFO: [ app_init ] --START--
INFO: Run Behavior\BuildLiteBehavior [ RunTime:0.000018s ]
INFO: [ app_init ] --END-- [ RunTime:0.000662s ]
INFO: [ app_begin ] --START--
INFO: Run Behavior\ReadHtmlCacheBehavior [ RunTime:0.000972s ]
INFO: [ app_begin ] --END-- [ RunTime:0.001042s ]
SQL: SELECT COUNT(*) has FROM php34_privilege WHERE module_name="Admin" AND controller_name="Movie" AND action_name="add" [ RunTime:0.000307s ]
SQL: SHOW COLUMNS FROM `php34_movie` [ RunTime:0.009757s ]
NOTIC: [2] finfo_file() [<a href='function.finfo-file'>function.finfo-file</a>]: Empty filename or path E:\PHP\apache\htdocs\shop34\ThinkPHP\Library\Think\Upload.class.php 第 149 行.
NOTIC: [2] call_user_func() expects parameter 1 to be a valid callback, no array or string given E:\PHP\apache\htdocs\shop34\ThinkPHP\Library\Think\Upload.class.php 第 167 行.

[ 2017-09-09T18:29:30+08:00 ] 127.0.0.1 /index.php/Admin/Movie/add.html
INFO: [ app_init ] --START--
INFO: Run Behavior\BuildLiteBehavior [ RunTime:0.000025s ]
INFO: [ app_init ] --END-- [ RunTime:0.000938s ]
INFO: [ app_begin ] --START--
INFO: Run Behavior\ReadHtmlCacheBehavior [ RunTime:0.001258s ]
INFO: [ app_begin ] --END-- [ RunTime:0.001365s ]
SQL: SELECT COUNT(*) has FROM php34_privilege WHERE module_name="Admin" AND controller_name="Movie" AND action_name="add" [ RunTime:0.000267s ]
SQL: SHOW COLUMNS FROM `php34_movie` [ RunTime:0.008929s ]
NOTIC: [2] finfo_file() [<a href='function.finfo-file'>function.finfo-file</a>]: Empty filename or path E:\PHP\apache\htdocs\shop34\ThinkPHP\Library\Think\Upload.class.php 第 149 行.
NOTIC: [2] call_user_func() expects parameter 1 to be a valid callback, no array or string given E:\PHP\apache\htdocs\shop34\ThinkPHP\Library\Think\Upload.class.php 第 167 行.

[ 2017-09-09T18:30:13+08:00 ] 127.0.0.1 /index.php/Admin/Movie/add.html
INFO: [ app_init ] --START--
INFO: Run Behavior\BuildLiteBehavior [ RunTime:0.000018s ]
INFO: [ app_init ] --END-- [ RunTime:0.000516s ]
INFO: [ app_begin ] --START--
INFO: Run Behavior\ReadHtmlCacheBehavior [ RunTime:0.000919s ]
INFO: [ app_begin ] --END-- [ RunTime:0.000992s ]
SQL: SELECT COUNT(*) has FROM php34_privilege WHERE module_name="Admin" AND controller_name="Movie" AND action_name="add" [ RunTime:0.000214s ]
SQL: SHOW COLUMNS FROM `php34_movie` [ RunTime:0.007720s ]

[ 2017-09-09T18:30:52+08:00 ] 127.0.0.1 /index.php/Admin/Movie/add.html
INFO: [ app_init ] --START--
INFO: Run Behavior\BuildLiteBehavior [ RunTime:0.000014s ]
INFO: [ app_init ] --END-- [ RunTime:0.000486s ]
INFO: [ app_begin ] --START--
INFO: Run Behavior\ReadHtmlCacheBehavior [ RunTime:0.000857s ]
INFO: [ app_begin ] --END-- [ RunTime:0.000923s ]
SQL: SELECT COUNT(*) has FROM php34_privilege WHERE module_name="Admin" AND controller_name="Movie" AND action_name="add" [ RunTime:0.000283s ]
SQL: SHOW COLUMNS FROM `php34_movie` [ RunTime:0.007032s ]
NOTIC: [2] finfo_file() [<a href='function.finfo-file'>function.finfo-file</a>]: Empty filename or path E:\PHP\apache\htdocs\shop34\ThinkPHP\Library\Think\Upload.class.php 第 149 行.
NOTIC: [2] call_user_func() expects parameter 1 to be a valid callback, no array or string given E:\PHP\apache\htdocs\shop34\ThinkPHP\Library\Think\Upload.class.php 第 167 行.

[ 2017-09-09T18:34:06+08:00 ] 127.0.0.1 /index.php/Admin/Movie/add.html
INFO: [ app_init ] --START--
INFO: Run Behavior\BuildLiteBehavior [ RunTime:0.000029s ]
INFO: [ app_init ] --END-- [ RunTime:0.000966s ]
INFO: [ app_begin ] --START--
INFO: Run Behavior\ReadHtmlCacheBehavior [ RunTime:0.001424s ]
INFO: [ app_begin ] --END-- [ RunTime:0.001541s ]
SQL: SELECT COUNT(*) has FROM php34_privilege WHERE module_name="Admin" AND controller_name="Movie" AND action_name="add" [ RunTime:0.000461s ]
SQL: SHOW COLUMNS FROM `php34_movie` [ RunTime:0.007154s ]

[ 2017-09-09T18:35:34+08:00 ] 127.0.0.1 /index.php/Admin/Movie/add.html
INFO: [ app_init ] --START--
INFO: Run Behavior\BuildLiteBehavior [ RunTime:0.000018s ]
INFO: [ app_init ] --END-- [ RunTime:0.000638s ]
INFO: [ app_begin ] --START--
INFO: Run Behavior\ReadHtmlCacheBehavior [ RunTime:0.000910s ]
INFO: [ app_begin ] --END-- [ RunTime:0.000995s ]
SQL: SELECT COUNT(*) has FROM php34_privilege WHERE module_name="Admin" AND controller_name="Movie" AND action_name="add" [ RunTime:0.000315s ]
SQL: SHOW COLUMNS FROM `php34_movie` [ RunTime:0.007080s ]
NOTIC: [2] finfo_file() [<a href='function.finfo-file'>function.finfo-file</a>]: Empty filename or path E:\PHP\apache\htdocs\shop34\ThinkPHP\Library\Think\Upload.class.php 第 149 行.
NOTIC: [2] call_user_func() expects parameter 1 to be a valid callback, no array or string given E:\PHP\apache\htdocs\shop34\ThinkPHP\Library\Think\Upload.class.php 第 167 行.

[ 2017-09-09T18:38:30+08:00 ] 127.0.0.1 /index.php/Admin/Movie/add.html
INFO: [ app_init ] --START--
INFO: Run Behavior\BuildLiteBehavior [ RunTime:0.000020s ]
INFO: [ app_init ] --END-- [ RunTime:0.000584s ]
INFO: [ app_begin ] --START--
INFO: Run Behavior\ReadHtmlCacheBehavior [ RunTime:0.000810s ]
INFO: [ app_begin ] --END-- [ RunTime:0.000882s ]
SQL: SELECT COUNT(*) has FROM php34_privilege WHERE module_name="Admin" AND controller_name="Movie" AND action_name="add" [ RunTime:0.000232s ]
SQL: SHOW COLUMNS FROM `php34_movie` [ RunTime:0.007270s ]
NOTIC: [2] call_user_func() expects parameter 1 to be a valid callback, no array or string given E:\PHP\apache\htdocs\shop34\ThinkPHP\Library\Think\Upload.class.php 第 167 行.

[ 2017-09-09T18:38:34+08:00 ] 127.0.0.1 /index.php/Admin/Movie/add.html
INFO: [ app_init ] --START--
INFO: Run Behavior\BuildLiteBehavior [ RunTime:0.000017s ]
INFO: [ app_init ] --END-- [ RunTime:0.000520s ]
INFO: [ app_begin ] --START--
INFO: Run Behavior\ReadHtmlCacheBehavior [ RunTime:0.001030s ]
INFO: [ app_begin ] --END-- [ RunTime:0.001127s ]
SQL: SELECT COUNT(*) has FROM php34_privilege WHERE module_name="Admin" AND controller_name="Movie" AND action_name="add" [ RunTime:0.000312s ]
SQL: SHOW COLUMNS FROM `php34_movie` [ RunTime:0.007964s ]
NOTIC: [2] call_user_func() expects parameter 1 to be a valid callback, no array or string given E:\PHP\apache\htdocs\shop34\ThinkPHP\Library\Think\Upload.class.php 第 167 行.

[ 2017-09-09T18:38:37+08:00 ] 127.0.0.1 /index.php/Admin/Movie/add.html
INFO: [ app_init ] --START--
INFO: Run Behavior\BuildLiteBehavior [ RunTime:0.000014s ]
INFO: [ app_init ] --END-- [ RunTime:0.000527s ]
INFO: [ app_begin ] --START--
INFO: Run Behavior\ReadHtmlCacheBehavior [ RunTime:0.000893s ]
INFO: [ app_begin ] --END-- [ RunTime:0.001004s ]
SQL: SELECT COUNT(*) has FROM php34_privilege WHERE module_name="Admin" AND controller_name="Movie" AND action_name="add" [ RunTime:0.000308s ]
SQL: SHOW COLUMNS FROM `php34_movie` [ RunTime:0.008499s ]
NOTIC: [2] call_user_func() expects parameter 1 to be a valid callback, no array or string given E:\PHP\apache\htdocs\shop34\ThinkPHP\Library\Think\Upload.class.php 第 167 行.

[ 2017-09-09T18:38:45+08:00 ] 127.0.0.1 /index.php/Admin/Movie/add.html
INFO: [ app_init ] --START--
INFO: Run Behavior\BuildLiteBehavior [ RunTime:0.000016s ]
INFO: [ app_init ] --END-- [ RunTime:0.000508s ]
INFO: [ app_begin ] --START--
INFO: Run Behavior\ReadHtmlCacheBehavior [ RunTime:0.000762s ]
INFO: [ app_begin ] --END-- [ RunTime:0.000841s ]
SQL: SELECT COUNT(*) has FROM php34_privilege WHERE module_name="Admin" AND controller_name="Movie" AND action_name="add" [ RunTime:0.000201s ]
SQL: SHOW COLUMNS FROM `php34_movie` [ RunTime:0.007624s ]
NOTIC: [8] Undefined variable: movName2 E:\PHP\apache\htdocs\shop34\Application\Common\Common\function.php 第 133 行.
NOTIC: [2] call_user_func() expects parameter 1 to be a valid callback, no array or string given E:\PHP\apache\htdocs\shop34\ThinkPHP\Library\Think\Upload.class.php 第 167 行.

[ 2017-09-09T18:39:27+08:00 ] 127.0.0.1 /index.php/Admin/Movie/add.html
INFO: [ app_init ] --START--
INFO: Run Behavior\BuildLiteBehavior [ RunTime:0.000016s ]
INFO: [ app_init ] --END-- [ RunTime:0.000501s ]
INFO: [ app_begin ] --START--
INFO: Run Behavior\ReadHtmlCacheBehavior [ RunTime:0.000873s ]
INFO: [ app_begin ] --END-- [ RunTime:0.000970s ]
SQL: SELECT COUNT(*) has FROM php34_privilege WHERE module_name="Admin" AND controller_name="Movie" AND action_name="add" [ RunTime:0.000225s ]
SQL: SHOW COLUMNS FROM `php34_movie` [ RunTime:0.008287s ]
NOTIC: [2] finfo_file() [<a href='function.finfo-file'>function.finfo-file</a>]: Empty filename or path E:\PHP\apache\htdocs\shop34\ThinkPHP\Library\Think\Upload.class.php 第 149 行.
NOTIC: [2] call_user_func() expects parameter 1 to be a valid callback, no array or string given E:\PHP\apache\htdocs\shop34\ThinkPHP\Library\Think\Upload.class.php 第 167 行.

[ 2017-09-09T18:39:41+08:00 ] 127.0.0.1 /index.php/Admin/Movie/lst.html
INFO: [ app_init ] --START--
INFO: Run Behavior\BuildLiteBehavior [ RunTime:0.000023s ]
INFO: [ app_init ] --END-- [ RunTime:0.000732s ]
INFO: [ app_begin ] --START--
INFO: Run Behavior\ReadHtmlCacheBehavior [ RunTime:0.000989s ]
INFO: [ app_begin ] --END-- [ RunTime:0.001072s ]
SQL: SELECT COUNT(*) has FROM php34_privilege WHERE module_name="Admin" AND controller_name="Movie" AND action_name="lst" [ RunTime:0.000339s ]
SQL: SHOW COLUMNS FROM `php34_movie` [ RunTime:0.008258s ]
SQL: SELECT COUNT(*) AS tp_count FROM php34_movie a WHERE ( `is_delete` = 0 ) LIMIT 1   [ RunTime:0.000386s ]
SQL: SELECT * FROM `php34_movie` WHERE ( `is_delete` = 0 ) ORDER BY id desc LIMIT 0,2   [ RunTime:0.000548s ]
INFO: [ view_parse ] --START--
INFO: [ template_filter ] --START--
INFO: Run Behavior\ContentReplaceBehavior [ RunTime:0.000101s ]
INFO: [ template_filter ] --END-- [ RunTime:0.000205s ]
INFO: Run Behavior\ParseTemplateBehavior [ RunTime:0.012080s ]
INFO: [ view_parse ] --END-- [ RunTime:0.012155s ]
INFO: [ view_filter ] --START--
INFO: Run Behavior\WriteHtmlCacheBehavior [ RunTime:0.001002s ]
INFO: [ view_filter ] --END-- [ RunTime:0.001082s ]
INFO: [ app_end ] --START--
INFO: Run Behavior\ShowPageTraceBehavior [ RunTime:0.001051s ]
INFO: [ app_end ] --END-- [ RunTime:0.001126s ]

[ 2017-09-09T18:39:42+08:00 ] 127.0.0.1 /index.php/Admin/Movie/add.html
INFO: [ app_init ] --START--
INFO: Run Behavior\BuildLiteBehavior [ RunTime:0.000015s ]
INFO: [ app_init ] --END-- [ RunTime:0.000590s ]
INFO: [ app_begin ] --START--
INFO: Run Behavior\ReadHtmlCacheBehavior [ RunTime:0.000960s ]
INFO: [ app_begin ] --END-- [ RunTime:0.001032s ]
SQL: SELECT COUNT(*) has FROM php34_privilege WHERE module_name="Admin" AND controller_name="Movie" AND action_name="add" [ RunTime:0.000397s ]
SQL: SHOW COLUMNS FROM `php34_type` [ RunTime:0.006500s ]
SQL: SELECT * FROM `php34_type`  [ RunTime:0.000444s ]
SQL: SHOW COLUMNS FROM `php34_category` [ RunTime:0.007942s ]
SQL: SELECT * FROM `php34_category`  [ RunTime:0.000498s ]
SQL: SHOW COLUMNS FROM `php34_brand` [ RunTime:0.006835s ]
SQL: SELECT * FROM `php34_brand`  [ RunTime:0.000854s ]
SQL: SHOW COLUMNS FROM `php34_member_level` [ RunTime:0.008389s ]
SQL: SELECT * FROM `php34_member_level`  [ RunTime:0.000490s ]
INFO: [ view_parse ] --START--
INFO: [ template_filter ] --START--
INFO: Run Behavior\ContentReplaceBehavior [ RunTime:0.000150s ]
INFO: [ template_filter ] --END-- [ RunTime:0.000221s ]
INFO: Run Behavior\ParseTemplateBehavior [ RunTime:0.011201s ]
INFO: [ view_parse ] --END-- [ RunTime:0.011288s ]
INFO: [ view_filter ] --START--
INFO: Run Behavior\WriteHtmlCacheBehavior [ RunTime:0.000551s ]
INFO: [ view_filter ] --END-- [ RunTime:0.000601s ]
INFO: [ app_end ] --START--
INFO: Run Behavior\ShowPageTraceBehavior [ RunTime:0.001349s ]
INFO: [ app_end ] --END-- [ RunTime:0.001444s ]

[ 2017-09-09T18:39:45+08:00 ] 127.0.0.1 /index.php/Admin/Movie/add.html
INFO: [ app_init ] --START--
INFO: Run Behavior\BuildLiteBehavior [ RunTime:0.000016s ]
INFO: [ app_init ] --END-- [ RunTime:0.000629s ]
INFO: [ app_begin ] --START--
INFO: Run Behavior\ReadHtmlCacheBehavior [ RunTime:0.000851s ]
INFO: [ app_begin ] --END-- [ RunTime:0.000924s ]
SQL: SELECT COUNT(*) has FROM php34_privilege WHERE module_name="Admin" AND controller_name="Movie" AND action_name="add" [ RunTime:0.000293s ]
SQL: SHOW COLUMNS FROM `php34_movie` [ RunTime:0.007648s ]
INFO: [ view_parse ] --START--
INFO: [ template_filter ] --START--
INFO: Run Behavior\ContentReplaceBehavior [ RunTime:0.000108s ]
INFO: [ template_filter ] --END-- [ RunTime:0.000272s ]
INFO: Run Behavior\ParseTemplateBehavior [ RunTime:0.082632s ]
INFO: [ view_parse ] --END-- [ RunTime:0.082782s ]
INFO: [ view_filter ] --START--
INFO: Run Behavior\WriteHtmlCacheBehavior [ RunTime:0.001551s ]
INFO: [ view_filter ] --END-- [ RunTime:0.001700s ]

[ 2017-09-09T18:39:48+08:00 ] 127.0.0.1 /index.php/Admin/Movie/add.html
INFO: [ app_init ] --START--
INFO: Run Behavior\BuildLiteBehavior [ RunTime:0.000017s ]
INFO: [ app_init ] --END-- [ RunTime:0.000666s ]
INFO: [ app_begin ] --START--
INFO: Run Behavior\ReadHtmlCacheBehavior [ RunTime:0.000880s ]
INFO: [ app_begin ] --END-- [ RunTime:0.000948s ]
SQL: SELECT COUNT(*) has FROM php34_privilege WHERE module_name="Admin" AND controller_name="Movie" AND action_name="add" [ RunTime:0.000416s ]
SQL: SHOW COLUMNS FROM `php34_type` [ RunTime:0.006578s ]
SQL: SELECT * FROM `php34_type`  [ RunTime:0.000401s ]
SQL: SHOW COLUMNS FROM `php34_category` [ RunTime:0.006635s ]
SQL: SELECT * FROM `php34_category`  [ RunTime:0.000402s ]
SQL: SHOW COLUMNS FROM `php34_brand` [ RunTime:0.006792s ]
SQL: SELECT * FROM `php34_brand`  [ RunTime:0.000422s ]
SQL: SHOW COLUMNS FROM `php34_member_level` [ RunTime:0.007886s ]
SQL: SELECT * FROM `php34_member_level`  [ RunTime:0.000471s ]
INFO: [ view_parse ] --START--
INFO: [ template_filter ] --START--
INFO: Run Behavior\ContentReplaceBehavior [ RunTime:0.000106s ]
INFO: [ template_filter ] --END-- [ RunTime:0.000181s ]
INFO: Run Behavior\ParseTemplateBehavior [ RunTime:0.010114s ]
INFO: [ view_parse ] --END-- [ RunTime:0.010193s ]
INFO: [ view_filter ] --START--
INFO: Run Behavior\WriteHtmlCacheBehavior [ RunTime:0.000700s ]
INFO: [ view_filter ] --END-- [ RunTime:0.000759s ]
INFO: [ app_end ] --START--
INFO: Run Behavior\ShowPageTraceBehavior [ RunTime:0.001231s ]
INFO: [ app_end ] --END-- [ RunTime:0.001327s ]

[ 2017-09-09T18:40:00+08:00 ] 127.0.0.1 /index.php/Admin/Movie/add.html
INFO: [ app_init ] --START--
INFO: Run Behavior\BuildLiteBehavior [ RunTime:0.000017s ]
INFO: [ app_init ] --END-- [ RunTime:0.000620s ]
INFO: [ app_begin ] --START--
INFO: Run Behavior\ReadHtmlCacheBehavior [ RunTime:0.000991s ]
INFO: [ app_begin ] --END-- [ RunTime:0.001071s ]
SQL: SELECT COUNT(*) has FROM php34_privilege WHERE module_name="Admin" AND controller_name="Movie" AND action_name="add" [ RunTime:0.000405s ]
SQL: SHOW COLUMNS FROM `php34_movie` [ RunTime:0.008837s ]
INFO: [ view_parse ] --START--
INFO: [ template_filter ] --START--
INFO: Run Behavior\ContentReplaceBehavior [ RunTime:0.000042s ]
INFO: [ template_filter ] --END-- [ RunTime:0.000107s ]
INFO: Run Behavior\ParseTemplateBehavior [ RunTime:0.007881s ]
INFO: [ view_parse ] --END-- [ RunTime:0.007966s ]
INFO: [ view_filter ] --START--
INFO: Run Behavior\WriteHtmlCacheBehavior [ RunTime:0.000756s ]
INFO: [ view_filter ] --END-- [ RunTime:0.000815s ]

[ 2017-09-09T18:40:03+08:00 ] 127.0.0.1 /index.php/Admin/Movie/add.html
INFO: [ app_init ] --START--
INFO: Run Behavior\BuildLiteBehavior [ RunTime:0.000015s ]
INFO: [ app_init ] --END-- [ RunTime:0.000583s ]
INFO: [ app_begin ] --START--
INFO: Run Behavior\ReadHtmlCacheBehavior [ RunTime:0.000996s ]
INFO: [ app_begin ] --END-- [ RunTime:0.001093s ]
SQL: SELECT COUNT(*) has FROM php34_privilege WHERE module_name="Admin" AND controller_name="Movie" AND action_name="add" [ RunTime:0.000360s ]
SQL: SHOW COLUMNS FROM `php34_type` [ RunTime:0.007141s ]
SQL: SELECT * FROM `php34_type`  [ RunTime:0.000414s ]
SQL: SHOW COLUMNS FROM `php34_category` [ RunTime:0.007033s ]
SQL: SELECT * FROM `php34_category`  [ RunTime:0.000432s ]
SQL: SHOW COLUMNS FROM `php34_brand` [ RunTime:0.007184s ]
SQL: SELECT * FROM `php34_brand`  [ RunTime:0.000411s ]
SQL: SHOW COLUMNS FROM `php34_member_level` [ RunTime:0.006893s ]
SQL: SELECT * FROM `php34_member_level`  [ RunTime:0.000430s ]
INFO: [ view_parse ] --START--
INFO: [ template_filter ] --START--
INFO: Run Behavior\ContentReplaceBehavior [ RunTime:0.000095s ]
INFO: [ template_filter ] --END-- [ RunTime:0.000158s ]
INFO: Run Behavior\ParseTemplateBehavior [ RunTime:0.010425s ]
INFO: [ view_parse ] --END-- [ RunTime:0.010542s ]
INFO: [ view_filter ] --START--
INFO: Run Behavior\WriteHtmlCacheBehavior [ RunTime:0.000792s ]
INFO: [ view_filter ] --END-- [ RunTime:0.000846s ]
INFO: [ app_end ] --START--
INFO: Run Behavior\ShowPageTraceBehavior [ RunTime:0.001534s ]
INFO: [ app_end ] --END-- [ RunTime:0.001644s ]

[ 2017-09-09T18:41:25+08:00 ] 127.0.0.1 /index.php/Admin/Movie/add.html
INFO: [ app_init ] --START--
INFO: Run Behavior\BuildLiteBehavior [ RunTime:0.000019s ]
INFO: [ app_init ] --END-- [ RunTime:0.000497s ]
INFO: [ app_begin ] --START--
INFO: Run Behavior\ReadHtmlCacheBehavior [ RunTime:0.000851s ]
INFO: [ app_begin ] --END-- [ RunTime:0.000943s ]
SQL: SELECT COUNT(*) has FROM php34_privilege WHERE module_name="Admin" AND controller_name="Movie" AND action_name="add" [ RunTime:0.000369s ]
SQL: SHOW COLUMNS FROM `php34_movie` [ RunTime:0.009653s ]
NOTIC: [2] call_user_func() expects parameter 1 to be a valid callback, no array or string given E:\PHP\apache\htdocs\shop34\ThinkPHP\Library\Think\Upload.class.php 第 167 行.
NOTIC: [8] Undefined index: savepath E:\PHP\apache\htdocs\shop34\Application\Common\Common\function.php 第 145 行.
NOTIC: [8] Undefined index: savename E:\PHP\apache\htdocs\shop34\Application\Common\Common\function.php 第 145 行.
NOTIC: [2] call_user_func() expects parameter 1 to be a valid callback, no array or string given E:\PHP\apache\htdocs\shop34\ThinkPHP\Library\Think\Upload.class.php 第 167 行.
SQL: INSERT INTO `php34_movie` (`movie_name`,`category_id`,`dianzan`,`views`,`is_hot`,`is_new`,`is_best`,`status`,`seo_keyword`,`seo_description`,`listorder`,`description`,`create_time`,`update_time`,`mic`,`pic`) VALUES ('的飞洒',23,33,33,0,0,0,1,'的萨菲','daffodil',100,'<p>的萨菲撒范德萨</p>',1504953684,1504953684,'','Admin/2017-09-09/59b3c555229ea.jpg') [ RunTime:0.053570s ]
INFO: [ view_parse ] --START--
INFO: [ template_filter ] --START--
INFO: Run Behavior\ContentReplaceBehavior [ RunTime:0.000097s ]
INFO: [ template_filter ] --END-- [ RunTime:0.000251s ]
INFO: Run Behavior\ParseTemplateBehavior [ RunTime:0.022972s ]
INFO: [ view_parse ] --END-- [ RunTime:0.023154s ]
INFO: [ view_filter ] --START--
INFO: Run Behavior\WriteHtmlCacheBehavior [ RunTime:0.001117s ]
INFO: [ view_filter ] --END-- [ RunTime:0.001226s ]

[ 2017-09-09T18:41:26+08:00 ] 127.0.0.1 /index.php/Admin/Movie/lst.html
INFO: [ app_init ] --START--
INFO: Run Behavior\BuildLiteBehavior [ RunTime:0.000014s ]
INFO: [ app_init ] --END-- [ RunTime:0.000581s ]
INFO: [ app_begin ] --START--
INFO: Run Behavior\ReadHtmlCacheBehavior [ RunTime:0.000834s ]
INFO: [ app_begin ] --END-- [ RunTime:0.000896s ]
SQL: SELECT COUNT(*) has FROM php34_privilege WHERE module_name="Admin" AND controller_name="Movie" AND action_name="lst" [ RunTime:0.000344s ]
SQL: SHOW COLUMNS FROM `php34_movie` [ RunTime:0.008260s ]
SQL: SELECT COUNT(*) AS tp_count FROM php34_movie a WHERE ( `is_delete` = 0 ) LIMIT 1   [ RunTime:0.000612s ]
SQL: SELECT * FROM `php34_movie` WHERE ( `is_delete` = 0 ) ORDER BY id desc LIMIT 0,2   [ RunTime:0.000676s ]
INFO: [ view_parse ] --START--
INFO: [ template_filter ] --START--
INFO: Run Behavior\ContentReplaceBehavior [ RunTime:0.000088s ]
INFO: [ template_filter ] --END-- [ RunTime:0.000173s ]
INFO: Run Behavior\ParseTemplateBehavior [ RunTime:0.010392s ]
INFO: [ view_parse ] --END-- [ RunTime:0.010467s ]
INFO: [ view_filter ] --START--
INFO: Run Behavior\WriteHtmlCacheBehavior [ RunTime:0.000656s ]
INFO: [ view_filter ] --END-- [ RunTime:0.000749s ]
INFO: [ app_end ] --START--
INFO: Run Behavior\ShowPageTraceBehavior [ RunTime:0.000950s ]
INFO: [ app_end ] --END-- [ RunTime:0.001011s ]

[ 2017-09-09T22:17:55+08:00 ] 127.0.0.1 /index.php/Admin/Movie/lst.html
INFO: [ app_init ] --START--
INFO: Run Behavior\BuildLiteBehavior [ RunTime:0.000037s ]
INFO: [ app_init ] --END-- [ RunTime:0.001059s ]
INFO: [ app_begin ] --START--
INFO: Run Behavior\ReadHtmlCacheBehavior [ RunTime:0.002289s ]
INFO: [ app_begin ] --END-- [ RunTime:0.002555s ]
SQL: SELECT COUNT(*) has FROM php34_privilege WHERE module_name="Admin" AND controller_name="Movie" AND action_name="lst" [ RunTime:0.000328s ]
SQL: SHOW COLUMNS FROM `php34_movie` [ RunTime:0.008897s ]
SQL: SELECT COUNT(*) AS tp_count FROM php34_movie a WHERE ( `is_delete` = 0 ) LIMIT 1   [ RunTime:0.000705s ]
SQL: SELECT * FROM `php34_movie` WHERE ( `is_delete` = 0 ) ORDER BY id desc LIMIT 0,2   [ RunTime:0.000596s ]
INFO: [ view_parse ] --START--
INFO: [ template_filter ] --START--
INFO: Run Behavior\ContentReplaceBehavior [ RunTime:0.000071s ]
INFO: [ template_filter ] --END-- [ RunTime:0.000154s ]
INFO: Run Behavior\ParseTemplateBehavior [ RunTime:0.012018s ]
INFO: [ view_parse ] --END-- [ RunTime:0.012110s ]
INFO: [ view_filter ] --START--
INFO: Run Behavior\WriteHtmlCacheBehavior [ RunTime:0.000854s ]
INFO: [ view_filter ] --END-- [ RunTime:0.000919s ]
INFO: [ app_end ] --START--
INFO: Run Behavior\ShowPageTraceBehavior [ RunTime:0.001092s ]
INFO: [ app_end ] --END-- [ RunTime:0.001168s ]

[ 2017-09-09T22:17:57+08:00 ] 127.0.0.1 /index.php/Admin/Movie/add.html
INFO: [ app_init ] --START--
INFO: Run Behavior\BuildLiteBehavior [ RunTime:0.000026s ]
INFO: [ app_init ] --END-- [ RunTime:0.001153s ]
INFO: [ app_begin ] --START--
INFO: Run Behavior\ReadHtmlCacheBehavior [ RunTime:0.001710s ]
INFO: [ app_begin ] --END-- [ RunTime:0.001839s ]
SQL: SELECT COUNT(*) has FROM php34_privilege WHERE module_name="Admin" AND controller_name="Movie" AND action_name="add" [ RunTime:0.000421s ]
SQL: SHOW COLUMNS FROM `php34_type` [ RunTime:0.011673s ]
SQL: SELECT * FROM `php34_type`  [ RunTime:0.000499s ]
SQL: SHOW COLUMNS FROM `php34_category` [ RunTime:0.010897s ]
SQL: SELECT * FROM `php34_category`  [ RunTime:0.002787s ]
SQL: SHOW COLUMNS FROM `php34_brand` [ RunTime:0.014311s ]
SQL: SELECT * FROM `php34_brand`  [ RunTime:0.000811s ]
SQL: SHOW COLUMNS FROM `php34_member_level` [ RunTime:0.012321s ]
SQL: SELECT * FROM `php34_member_level`  [ RunTime:0.000825s ]
INFO: [ view_parse ] --START--
INFO: [ template_filter ] --START--
INFO: Run Behavior\ContentReplaceBehavior [ RunTime:0.000142s ]
INFO: [ template_filter ] --END-- [ RunTime:0.000246s ]
INFO: Run Behavior\ParseTemplateBehavior [ RunTime:0.016950s ]
INFO: [ view_parse ] --END-- [ RunTime:0.017087s ]
INFO: [ view_filter ] --START--
INFO: Run Behavior\WriteHtmlCacheBehavior [ RunTime:0.001492s ]
INFO: [ view_filter ] --END-- [ RunTime:0.001605s ]
INFO: [ app_end ] --START--
INFO: Run Behavior\ShowPageTraceBehavior [ RunTime:0.003297s ]
INFO: [ app_end ] --END-- [ RunTime:0.003429s ]

[ 2017-09-09T22:18:05+08:00 ] 127.0.0.1 /index.php/Admin/Movie/add.html
INFO: [ app_init ] --START--
INFO: Run Behavior\BuildLiteBehavior [ RunTime:0.000015s ]
INFO: [ app_init ] --END-- [ RunTime:0.000677s ]
INFO: [ app_begin ] --START--
INFO: Run Behavior\ReadHtmlCacheBehavior [ RunTime:0.001009s ]
INFO: [ app_begin ] --END-- [ RunTime:0.001079s ]
SQL: SELECT COUNT(*) has FROM php34_privilege WHERE module_name="Admin" AND controller_name="Movie" AND action_name="add" [ RunTime:0.000329s ]
SQL: SHOW COLUMNS FROM `php34_movie` [ RunTime:0.007847s ]
INFO: [ view_parse ] --START--
INFO: [ template_filter ] --START--
INFO: Run Behavior\ContentReplaceBehavior [ RunTime:0.000062s ]
INFO: [ template_filter ] --END-- [ RunTime:0.000161s ]
INFO: Run Behavior\ParseTemplateBehavior [ RunTime:0.010297s ]
INFO: [ view_parse ] --END-- [ RunTime:0.010465s ]
INFO: [ view_filter ] --START--
INFO: Run Behavior\WriteHtmlCacheBehavior [ RunTime:0.000772s ]
INFO: [ view_filter ] --END-- [ RunTime:0.000824s ]

[ 2017-09-09T22:18:05+08:00 ] 127.0.0.1 /index.php/Admin/Movie/add.html
INFO: [ app_init ] --START--
INFO: Run Behavior\BuildLiteBehavior [ RunTime:0.000023s ]
INFO: [ app_init ] --END-- [ RunTime:0.001031s ]
INFO: [ app_begin ] --START--
INFO: Run Behavior\ReadHtmlCacheBehavior [ RunTime:0.000825s ]
INFO: [ app_begin ] --END-- [ RunTime:0.000899s ]
SQL: SELECT COUNT(*) has FROM php34_privilege WHERE module_name="Admin" AND controller_name="Movie" AND action_name="add" [ RunTime:0.000271s ]
SQL: SHOW COLUMNS FROM `php34_movie` [ RunTime:0.008687s ]
INFO: [ view_parse ] --START--
INFO: [ template_filter ] --START--
INFO: Run Behavior\ContentReplaceBehavior [ RunTime:0.000039s ]
INFO: [ template_filter ] --END-- [ RunTime:0.000100s ]
INFO: Run Behavior\ParseTemplateBehavior [ RunTime:0.007712s ]
INFO: [ view_parse ] --END-- [ RunTime:0.007793s ]
INFO: [ view_filter ] --START--
INFO: Run Behavior\WriteHtmlCacheBehavior [ RunTime:0.000550s ]
INFO: [ view_filter ] --END-- [ RunTime:0.000601s ]

[ 2017-09-09T22:18:05+08:00 ] 127.0.0.1 /index.php/Admin/Movie/add.html
INFO: [ app_init ] --START--
INFO: Run Behavior\BuildLiteBehavior [ RunTime:0.000031s ]
INFO: [ app_init ] --END-- [ RunTime:0.001340s ]
INFO: [ app_begin ] --START--
INFO: Run Behavior\ReadHtmlCacheBehavior [ RunTime:0.001516s ]
INFO: [ app_begin ] --END-- [ RunTime:0.001645s ]
SQL: SELECT COUNT(*) has FROM php34_privilege WHERE module_name="Admin" AND controller_name="Movie" AND action_name="add" [ RunTime:0.000278s ]
SQL: SHOW COLUMNS FROM `php34_movie` [ RunTime:0.008203s ]
INFO: [ view_parse ] --START--
INFO: [ template_filter ] --START--
INFO: Run Behavior\ContentReplaceBehavior [ RunTime:0.000040s ]
INFO: [ template_filter ] --END-- [ RunTime:0.000103s ]
INFO: Run Behavior\ParseTemplateBehavior [ RunTime:0.011877s ]
INFO: [ view_parse ] --END-- [ RunTime:0.011957s ]
INFO: [ view_filter ] --START--
INFO: Run Behavior\WriteHtmlCacheBehavior [ RunTime:0.000731s ]
INFO: [ view_filter ] --END-- [ RunTime:0.000783s ]

[ 2017-09-09T22:18:08+08:00 ] 127.0.0.1 /index.php/Admin/Movie/add.html
INFO: [ app_init ] --START--
INFO: Run Behavior\BuildLiteBehavior [ RunTime:0.000025s ]
INFO: [ app_init ] --END-- [ RunTime:0.000890s ]
INFO: [ app_begin ] --START--
INFO: Run Behavior\ReadHtmlCacheBehavior [ RunTime:0.001960s ]
INFO: [ app_begin ] --END-- [ RunTime:0.002126s ]
SQL: SELECT COUNT(*) has FROM php34_privilege WHERE module_name="Admin" AND controller_name="Movie" AND action_name="add" [ RunTime:0.000522s ]
SQL: SHOW COLUMNS FROM `php34_type` [ RunTime:0.014256s ]
SQL: SELECT * FROM `php34_type`  [ RunTime:0.000594s ]
SQL: SHOW COLUMNS FROM `php34_category` [ RunTime:0.015569s ]
SQL: SELECT * FROM `php34_category`  [ RunTime:0.000679s ]
SQL: SHOW COLUMNS FROM `php34_brand` [ RunTime:0.014538s ]
SQL: SELECT * FROM `php34_brand`  [ RunTime:0.000661s ]
SQL: SHOW COLUMNS FROM `php34_member_level` [ RunTime:0.014508s ]
SQL: SELECT * FROM `php34_member_level`  [ RunTime:0.000629s ]
INFO: [ view_parse ] --START--
INFO: [ template_filter ] --START--
INFO: Run Behavior\ContentReplaceBehavior [ RunTime:0.000158s ]
INFO: [ template_filter ] --END-- [ RunTime:0.000283s ]
INFO: Run Behavior\ParseTemplateBehavior [ RunTime:0.019183s ]
INFO: [ view_parse ] --END-- [ RunTime:0.019310s ]
INFO: [ view_filter ] --START--
INFO: Run Behavior\WriteHtmlCacheBehavior [ RunTime:0.001385s ]
INFO: [ view_filter ] --END-- [ RunTime:0.001512s ]
INFO: [ app_end ] --START--
INFO: Run Behavior\ShowPageTraceBehavior [ RunTime:0.003165s ]
INFO: [ app_end ] --END-- [ RunTime:0.003354s ]

[ 2017-09-09T22:18:31+08:00 ] 127.0.0.1 /index.php/Admin/Movie/add.html
INFO: [ app_init ] --START--
INFO: Run Behavior\BuildLiteBehavior [ RunTime:0.000017s ]
INFO: [ app_init ] --END-- [ RunTime:0.000611s ]
INFO: [ app_begin ] --START--
INFO: Run Behavior\ReadHtmlCacheBehavior [ RunTime:0.001122s ]
INFO: [ app_begin ] --END-- [ RunTime:0.001216s ]
SQL: SELECT COUNT(*) has FROM php34_privilege WHERE module_name="Admin" AND controller_name="Movie" AND action_name="add" [ RunTime:0.000318s ]
SQL: SHOW COLUMNS FROM `php34_movie` [ RunTime:0.008485s ]
INFO: [ view_parse ] --START--
INFO: [ template_filter ] --START--
INFO: Run Behavior\ContentReplaceBehavior [ RunTime:0.000082s ]
INFO: [ template_filter ] --END-- [ RunTime:0.000155s ]
INFO: Run Behavior\ParseTemplateBehavior [ RunTime:0.008647s ]
INFO: [ view_parse ] --END-- [ RunTime:0.008757s ]
INFO: [ view_filter ] --START--
INFO: Run Behavior\WriteHtmlCacheBehavior [ RunTime:0.000796s ]
INFO: [ view_filter ] --END-- [ RunTime:0.001418s ]

[ 2017-09-09T22:18:34+08:00 ] 127.0.0.1 /index.php/Admin/Movie/add.html
INFO: [ app_init ] --START--
INFO: Run Behavior\BuildLiteBehavior [ RunTime:0.000019s ]
INFO: [ app_init ] --END-- [ RunTime:0.001101s ]
INFO: [ app_begin ] --START--
INFO: Run Behavior\ReadHtmlCacheBehavior [ RunTime:0.001079s ]
INFO: [ app_begin ] --END-- [ RunTime:0.001180s ]
SQL: SELECT COUNT(*) has FROM php34_privilege WHERE module_name="Admin" AND controller_name="Movie" AND action_name="add" [ RunTime:0.000334s ]
SQL: SHOW COLUMNS FROM `php34_type` [ RunTime:0.008345s ]
SQL: SELECT * FROM `php34_type`  [ RunTime:0.000578s ]
SQL: SHOW COLUMNS FROM `php34_category` [ RunTime:0.009889s ]
SQL: SELECT * FROM `php34_category`  [ RunTime:0.000415s ]
SQL: SHOW COLUMNS FROM `php34_brand` [ RunTime:0.011777s ]
SQL: SELECT * FROM `php34_brand`  [ RunTime:0.001015s ]
SQL: SHOW COLUMNS FROM `php34_member_level` [ RunTime:0.013189s ]
SQL: SELECT * FROM `php34_member_level`  [ RunTime:0.000515s ]
INFO: [ view_parse ] --START--
INFO: [ template_filter ] --START--
INFO: Run Behavior\ContentReplaceBehavior [ RunTime:0.000091s ]
INFO: [ template_filter ] --END-- [ RunTime:0.000160s ]
INFO: Run Behavior\ParseTemplateBehavior [ RunTime:0.010990s ]
INFO: [ view_parse ] --END-- [ RunTime:0.011146s ]
INFO: [ view_filter ] --START--
INFO: Run Behavior\WriteHtmlCacheBehavior [ RunTime:0.000891s ]
INFO: [ view_filter ] --END-- [ RunTime:0.000988s ]
INFO: [ app_end ] --START--
INFO: Run Behavior\ShowPageTraceBehavior [ RunTime:0.001633s ]
INFO: [ app_end ] --END-- [ RunTime:0.001728s ]

[ 2017-09-09T22:18:40+08:00 ] 127.0.0.1 /index.php/Admin/Movie/add.html
INFO: [ app_init ] --START--
INFO: Run Behavior\BuildLiteBehavior [ RunTime:0.000019s ]
INFO: [ app_init ] --END-- [ RunTime:0.000778s ]
INFO: [ app_begin ] --START--
INFO: Run Behavior\ReadHtmlCacheBehavior [ RunTime:0.001213s ]
INFO: [ app_begin ] --END-- [ RunTime:0.001335s ]
SQL: SELECT COUNT(*) has FROM php34_privilege WHERE module_name="Admin" AND controller_name="Movie" AND action_name="add" [ RunTime:0.000379s ]
SQL: SHOW COLUMNS FROM `php34_movie` [ RunTime:0.009742s ]
NOTIC: [2] finfo_file() [<a href='function.finfo-file'>function.finfo-file</a>]: Empty filename or path E:\PHP\apache\htdocs\shop34\ThinkPHP\Library\Think\Upload.class.php 第 149 行.
NOTIC: [2] call_user_func() expects parameter 1 to be a valid callback, no array or string given E:\PHP\apache\htdocs\shop34\ThinkPHP\Library\Think\Upload.class.php 第 167 行.
NOTIC: [8] Undefined index: savepath E:\PHP\apache\htdocs\shop34\Application\Common\Common\function.php 第 146 行.
NOTIC: [8] Undefined index: savename E:\PHP\apache\htdocs\shop34\Application\Common\Common\function.php 第 146 行.
SQL: INSERT INTO `php34_movie` (`movie_name`,`category_id`,`dianzan`,`views`,`is_hot`,`is_new`,`is_best`,`status`,`seo_keyword`,`seo_description`,`listorder`,`description`,`create_time`,`update_time`,`mic`) VALUES ('ssfsaf',23,22,222,0,0,0,1,'','',100,'',1504966720,1504966720,'') [ RunTime:0.041789s ]
INFO: [ view_parse ] --START--
INFO: [ template_filter ] --START--
INFO: Run Behavior\ContentReplaceBehavior [ RunTime:0.000082s ]
INFO: [ template_filter ] --END-- [ RunTime:0.000211s ]
INFO: Run Behavior\ParseTemplateBehavior [ RunTime:0.018106s ]
INFO: [ view_parse ] --END-- [ RunTime:0.018267s ]
INFO: [ view_filter ] --START--
INFO: Run Behavior\WriteHtmlCacheBehavior [ RunTime:0.001188s ]
INFO: [ view_filter ] --END-- [ RunTime:0.001297s ]

[ 2017-09-09T22:18:41+08:00 ] 127.0.0.1 /index.php/Admin/Movie/lst.html
INFO: [ app_init ] --START--
INFO: Run Behavior\BuildLiteBehavior [ RunTime:0.000014s ]
INFO: [ app_init ] --END-- [ RunTime:0.000614s ]
INFO: [ app_begin ] --START--
INFO: Run Behavior\ReadHtmlCacheBehavior [ RunTime:0.002054s ]
INFO: [ app_begin ] --END-- [ RunTime:0.002362s ]
SQL: SELECT COUNT(*) has FROM php34_privilege WHERE module_name="Admin" AND controller_name="Movie" AND action_name="lst" [ RunTime:0.000384s ]
SQL: SHOW COLUMNS FROM `php34_movie` [ RunTime:0.008641s ]
SQL: SELECT COUNT(*) AS tp_count FROM php34_movie a WHERE ( `is_delete` = 0 ) LIMIT 1   [ RunTime:0.000585s ]
SQL: SELECT * FROM `php34_movie` WHERE ( `is_delete` = 0 ) ORDER BY id desc LIMIT 0,2   [ RunTime:0.000913s ]
INFO: [ view_parse ] --START--
INFO: [ template_filter ] --START--
INFO: Run Behavior\ContentReplaceBehavior [ RunTime:0.000071s ]
INFO: [ template_filter ] --END-- [ RunTime:0.000143s ]
INFO: Run Behavior\ParseTemplateBehavior [ RunTime:0.013090s ]
INFO: [ view_parse ] --END-- [ RunTime:0.013166s ]
INFO: [ view_filter ] --START--
INFO: Run Behavior\WriteHtmlCacheBehavior [ RunTime:0.000711s ]
INFO: [ view_filter ] --END-- [ RunTime:0.000767s ]
INFO: [ app_end ] --START--
INFO: Run Behavior\ShowPageTraceBehavior [ RunTime:0.001000s ]
INFO: [ app_end ] --END-- [ RunTime:0.001059s ]

[ 2017-09-09T22:20:23+08:00 ] 127.0.0.1 /index.php/Admin/Movie/lst.html
INFO: [ app_init ] --START--
INFO: Run Behavior\BuildLiteBehavior [ RunTime:0.000017s ]
INFO: [ app_init ] --END-- [ RunTime:0.001087s ]
INFO: [ app_begin ] --START--
INFO: Run Behavior\ReadHtmlCacheBehavior [ RunTime:0.001719s ]
INFO: [ app_begin ] --END-- [ RunTime:0.001790s ]
SQL: SELECT COUNT(*) has FROM php34_privilege WHERE module_name="Admin" AND controller_name="Movie" AND action_name="lst" [ RunTime:0.000437s ]
SQL: SHOW COLUMNS FROM `php34_movie` [ RunTime:0.012042s ]
SQL: SELECT COUNT(*) AS tp_count FROM php34_movie a WHERE ( `is_delete` = 0 ) LIMIT 1   [ RunTime:0.000787s ]
SQL: SELECT * FROM `php34_movie` WHERE ( `is_delete` = 0 ) ORDER BY id desc LIMIT 0,2   [ RunTime:0.000575s ]
INFO: [ view_parse ] --START--
INFO: [ template_filter ] --START--
INFO: Run Behavior\ContentReplaceBehavior [ RunTime:0.000078s ]
INFO: [ template_filter ] --END-- [ RunTime:0.000160s ]
INFO: Run Behavior\ParseTemplateBehavior [ RunTime:0.012700s ]
INFO: [ view_parse ] --END-- [ RunTime:0.012790s ]
INFO: [ view_filter ] --START--
INFO: Run Behavior\WriteHtmlCacheBehavior [ RunTime:0.000927s ]
INFO: [ view_filter ] --END-- [ RunTime:0.000997s ]
INFO: [ app_end ] --START--
INFO: Run Behavior\ShowPageTraceBehavior [ RunTime:0.001048s ]
INFO: [ app_end ] --END-- [ RunTime:0.001127s ]

[ 2017-09-09T22:20:24+08:00 ] 127.0.0.1 /index.php/Admin/Movie/add.html
INFO: [ app_init ] --START--
INFO: Run Behavior\BuildLiteBehavior [ RunTime:0.000016s ]
INFO: [ app_init ] --END-- [ RunTime:0.000606s ]
INFO: [ app_begin ] --START--
INFO: Run Behavior\ReadHtmlCacheBehavior [ RunTime:0.001351s ]
INFO: [ app_begin ] --END-- [ RunTime:0.001451s ]
SQL: SELECT COUNT(*) has FROM php34_privilege WHERE module_name="Admin" AND controller_name="Movie" AND action_name="add" [ RunTime:0.000337s ]
SQL: SHOW COLUMNS FROM `php34_type` [ RunTime:0.007909s ]
SQL: SELECT * FROM `php34_type`  [ RunTime:0.000527s ]
SQL: SHOW COLUMNS FROM `php34_category` [ RunTime:0.010237s ]
SQL: SELECT * FROM `php34_category`  [ RunTime:0.000615s ]
SQL: SHOW COLUMNS FROM `php34_brand` [ RunTime:0.007760s ]
SQL: SELECT * FROM `php34_brand`  [ RunTime:0.000584s ]
SQL: SHOW COLUMNS FROM `php34_member_level` [ RunTime:0.008085s ]
SQL: SELECT * FROM `php34_member_level`  [ RunTime:0.000389s ]
INFO: [ view_parse ] --START--
INFO: [ template_filter ] --START--
INFO: Run Behavior\ContentReplaceBehavior [ RunTime:0.000109s ]
INFO: [ template_filter ] --END-- [ RunTime:0.000182s ]
INFO: Run Behavior\ParseTemplateBehavior [ RunTime:0.013478s ]
INFO: [ view_parse ] --END-- [ RunTime:0.013567s ]
INFO: [ view_filter ] --START--
INFO: Run Behavior\WriteHtmlCacheBehavior [ RunTime:0.000771s ]
INFO: [ view_filter ] --END-- [ RunTime:0.000832s ]
INFO: [ app_end ] --START--
INFO: Run Behavior\ShowPageTraceBehavior [ RunTime:0.001772s ]
INFO: [ app_end ] --END-- [ RunTime:0.001888s ]

[ 2017-09-09T22:20:33+08:00 ] 127.0.0.1 /index.php/Admin/Movie/add.html
INFO: [ app_init ] --START--
INFO: Run Behavior\BuildLiteBehavior [ RunTime:0.000016s ]
INFO: [ app_init ] --END-- [ RunTime:0.000749s ]
INFO: [ app_begin ] --START--
INFO: Run Behavior\ReadHtmlCacheBehavior [ RunTime:0.001119s ]
INFO: [ app_begin ] --END-- [ RunTime:0.001185s ]
SQL: SELECT COUNT(*) has FROM php34_privilege WHERE module_name="Admin" AND controller_name="Movie" AND action_name="add" [ RunTime:0.000344s ]
SQL: SHOW COLUMNS FROM `php34_movie` [ RunTime:0.010227s ]
NOTIC: [2] finfo_file() [<a href='function.finfo-file'>function.finfo-file</a>]: Empty filename or path E:\PHP\apache\htdocs\shop34\ThinkPHP\Library\Think\Upload.class.php 第 149 行.
NOTIC: [2] call_user_func() expects parameter 1 to be a valid callback, no array or string given E:\PHP\apache\htdocs\shop34\ThinkPHP\Library\Think\Upload.class.php 第 167 行.
NOTIC: [8] Undefined index: savepath E:\PHP\apache\htdocs\shop34\Application\Common\Common\function.php 第 146 行.
NOTIC: [8] Undefined index: savename E:\PHP\apache\htdocs\shop34\Application\Common\Common\function.php 第 146 行.

[ 2017-09-09T22:21:03+08:00 ] 127.0.0.1 /index.php/Admin/Movie/add.html
INFO: [ app_init ] --START--
INFO: Run Behavior\BuildLiteBehavior [ RunTime:0.000016s ]
INFO: [ app_init ] --END-- [ RunTime:0.000680s ]
INFO: [ app_begin ] --START--
INFO: Run Behavior\ReadHtmlCacheBehavior [ RunTime:0.001540s ]
INFO: [ app_begin ] --END-- [ RunTime:0.001642s ]
SQL: SELECT COUNT(*) has FROM php34_privilege WHERE module_name="Admin" AND controller_name="Movie" AND action_name="add" [ RunTime:0.000386s ]
SQL: SHOW COLUMNS FROM `php34_movie` [ RunTime:0.009622s ]
NOTIC: [2] finfo_file() [<a href='function.finfo-file'>function.finfo-file</a>]: Empty filename or path E:\PHP\apache\htdocs\shop34\ThinkPHP\Library\Think\Upload.class.php 第 149 行.
NOTIC: [2] call_user_func() expects parameter 1 to be a valid callback, no array or string given E:\PHP\apache\htdocs\shop34\ThinkPHP\Library\Think\Upload.class.php 第 167 行.
NOTIC: [8] Undefined index: savepath E:\PHP\apache\htdocs\shop34\Application\Common\Common\function.php 第 146 行.
NOTIC: [8] Undefined index: savename E:\PHP\apache\htdocs\shop34\Application\Common\Common\function.php 第 146 行.

[ 2017-09-09T22:22:40+08:00 ] 127.0.0.1 /index.php/Admin/Movie/add.html
INFO: [ app_init ] --START--
INFO: Run Behavior\BuildLiteBehavior [ RunTime:0.000022s ]
INFO: [ app_init ] --END-- [ RunTime:0.000628s ]
INFO: [ app_begin ] --START--
INFO: Run Behavior\ReadHtmlCacheBehavior [ RunTime:0.001161s ]
INFO: [ app_begin ] --END-- [ RunTime:0.001241s ]
SQL: SELECT COUNT(*) has FROM php34_privilege WHERE module_name="Admin" AND controller_name="Movie" AND action_name="add" [ RunTime:0.000327s ]
SQL: SHOW COLUMNS FROM `php34_movie` [ RunTime:0.009587s ]
NOTIC: [2] finfo_file() [<a href='function.finfo-file'>function.finfo-file</a>]: Empty filename or path E:\PHP\apache\htdocs\shop34\ThinkPHP\Library\Think\Upload.class.php 第 149 行.
NOTIC: [2] call_user_func() expects parameter 1 to be a valid callback, no array or string given E:\PHP\apache\htdocs\shop34\ThinkPHP\Library\Think\Upload.class.php 第 167 行.

[ 2017-09-09T22:23:55+08:00 ] 127.0.0.1 /index.php/Admin/Movie/lst.html
INFO: [ app_init ] --START--
INFO: Run Behavior\BuildLiteBehavior [ RunTime:0.000026s ]
INFO: [ app_init ] --END-- [ RunTime:0.001057s ]
INFO: [ app_begin ] --START--
INFO: Run Behavior\ReadHtmlCacheBehavior [ RunTime:0.001653s ]
INFO: [ app_begin ] --END-- [ RunTime:0.001749s ]
SQL: SELECT COUNT(*) has FROM php34_privilege WHERE module_name="Admin" AND controller_name="Movie" AND action_name="lst" [ RunTime:0.000276s ]
SQL: SHOW COLUMNS FROM `php34_movie` [ RunTime:0.007752s ]
SQL: SELECT COUNT(*) AS tp_count FROM php34_movie a WHERE ( `is_delete` = 0 ) LIMIT 1   [ RunTime:0.000576s ]
SQL: SELECT * FROM `php34_movie` WHERE ( `is_delete` = 0 ) ORDER BY id desc LIMIT 0,2   [ RunTime:0.000660s ]
INFO: [ view_parse ] --START--
INFO: [ template_filter ] --START--
INFO: Run Behavior\ContentReplaceBehavior [ RunTime:0.000090s ]
INFO: [ template_filter ] --END-- [ RunTime:0.000180s ]
INFO: Run Behavior\ParseTemplateBehavior [ RunTime:0.012124s ]
INFO: [ view_parse ] --END-- [ RunTime:0.012214s ]
INFO: [ view_filter ] --START--
INFO: Run Behavior\WriteHtmlCacheBehavior [ RunTime:0.000875s ]
INFO: [ view_filter ] --END-- [ RunTime:0.000941s ]
INFO: [ app_end ] --START--
INFO: Run Behavior\ShowPageTraceBehavior [ RunTime:0.001038s ]
INFO: [ app_end ] --END-- [ RunTime:0.001216s ]

[ 2017-09-09T22:23:57+08:00 ] 127.0.0.1 /index.php/Admin/Movie/add.html
INFO: [ app_init ] --START--
INFO: Run Behavior\BuildLiteBehavior [ RunTime:0.000025s ]
INFO: [ app_init ] --END-- [ RunTime:0.000925s ]
INFO: [ app_begin ] --START--
INFO: Run Behavior\ReadHtmlCacheBehavior [ RunTime:0.001692s ]
INFO: [ app_begin ] --END-- [ RunTime:0.001848s ]
SQL: SELECT COUNT(*) has FROM php34_privilege WHERE module_name="Admin" AND controller_name="Movie" AND action_name="add" [ RunTime:0.000442s ]
SQL: SHOW COLUMNS FROM `php34_type` [ RunTime:0.010466s ]
SQL: SELECT * FROM `php34_type`  [ RunTime:0.000524s ]
SQL: SHOW COLUMNS FROM `php34_category` [ RunTime:0.011982s ]
SQL: SELECT * FROM `php34_category`  [ RunTime:0.000623s ]
SQL: SHOW COLUMNS FROM `php34_brand` [ RunTime:0.011671s ]
SQL: SELECT * FROM `php34_brand`  [ RunTime:0.000592s ]
SQL: SHOW COLUMNS FROM `php34_member_level` [ RunTime:0.011932s ]
SQL: SELECT * FROM `php34_member_level`  [ RunTime:0.000718s ]
INFO: [ view_parse ] --START--
INFO: [ template_filter ] --START--
INFO: Run Behavior\ContentReplaceBehavior [ RunTime:0.000162s ]
INFO: [ template_filter ] --END-- [ RunTime:0.000310s ]
INFO: Run Behavior\ParseTemplateBehavior [ RunTime:0.017626s ]
INFO: [ view_parse ] --END-- [ RunTime:0.017761s ]
INFO: [ view_filter ] --START--
INFO: Run Behavior\WriteHtmlCacheBehavior [ RunTime:0.001591s ]
INFO: [ view_filter ] --END-- [ RunTime:0.001721s ]
INFO: [ app_end ] --START--
INFO: Run Behavior\ShowPageTraceBehavior [ RunTime:0.003352s ]
INFO: [ app_end ] --END-- [ RunTime:0.003496s ]

[ 2017-09-09T22:24:20+08:00 ] 127.0.0.1 /index.php/Admin/Movie/add.html
INFO: [ app_init ] --START--
INFO: Run Behavior\BuildLiteBehavior [ RunTime:0.000017s ]
INFO: [ app_init ] --END-- [ RunTime:0.000678s ]
INFO: [ app_begin ] --START--
INFO: Run Behavior\ReadHtmlCacheBehavior [ RunTime:0.001239s ]
INFO: [ app_begin ] --END-- [ RunTime:0.001351s ]
SQL: SELECT COUNT(*) has FROM php34_privilege WHERE module_name="Admin" AND controller_name="Movie" AND action_name="add" [ RunTime:0.000319s ]
SQL: SHOW COLUMNS FROM `php34_movie` [ RunTime:0.016220s ]
NOTIC: [2] call_user_func() expects parameter 1 to be a valid callback, no array or string given E:\PHP\apache\htdocs\shop34\ThinkPHP\Library\Think\Upload.class.php 第 167 行.
NOTIC: [2] call_user_func() expects parameter 1 to be a valid callback, no array or string given E:\PHP\apache\htdocs\shop34\ThinkPHP\Library\Think\Upload.class.php 第 167 行.
SQL: INSERT INTO `php34_movie` (`movie_name`,`category_id`,`dianzan`,`views`,`is_hot`,`is_new`,`is_best`,`status`,`seo_keyword`,`seo_description`,`listorder`,`description`,`create_time`,`update_time`,`mic`,`pic`) VALUES ('ssfsaf',23,0,0,0,0,0,1,'','',100,'',1504967060,1504967060,'Admin/2017-09-09/59b3f99420f2f.mp4','Admin/2017-09-09/59b3f9942749d.jpg') [ RunTime:0.070738s ]
INFO: [ view_parse ] --START--
INFO: [ template_filter ] --START--
INFO: Run Behavior\ContentReplaceBehavior [ RunTime:0.000171s ]
INFO: [ template_filter ] --END-- [ RunTime:0.000447s ]
INFO: Run Behavior\ParseTemplateBehavior [ RunTime:0.037040s ]
INFO: [ view_parse ] --END-- [ RunTime:0.037236s ]
INFO: [ view_filter ] --START--
INFO: Run Behavior\WriteHtmlCacheBehavior [ RunTime:0.001986s ]
INFO: [ view_filter ] --END-- [ RunTime:0.002145s ]

[ 2017-09-09T22:24:21+08:00 ] 127.0.0.1 /index.php/Admin/Movie/lst.html
INFO: [ app_init ] --START--
INFO: Run Behavior\BuildLiteBehavior [ RunTime:0.000017s ]
INFO: [ app_init ] --END-- [ RunTime:0.000685s ]
INFO: [ app_begin ] --START--
INFO: Run Behavior\ReadHtmlCacheBehavior [ RunTime:0.001033s ]
INFO: [ app_begin ] --END-- [ RunTime:0.001103s ]
SQL: SELECT COUNT(*) has FROM php34_privilege WHERE module_name="Admin" AND controller_name="Movie" AND action_name="lst" [ RunTime:0.000352s ]
SQL: SHOW COLUMNS FROM `php34_movie` [ RunTime:0.009375s ]
SQL: SELECT COUNT(*) AS tp_count FROM php34_movie a WHERE ( `is_delete` = 0 ) LIMIT 1   [ RunTime:0.000688s ]
SQL: SELECT * FROM `php34_movie` WHERE ( `is_delete` = 0 ) ORDER BY id desc LIMIT 0,2   [ RunTime:0.000869s ]
INFO: [ view_parse ] --START--
INFO: [ template_filter ] --START--
INFO: Run Behavior\ContentReplaceBehavior [ RunTime:0.000069s ]
INFO: [ template_filter ] --END-- [ RunTime:0.000141s ]
INFO: Run Behavior\ParseTemplateBehavior [ RunTime:0.011509s ]
INFO: [ view_parse ] --END-- [ RunTime:0.011605s ]
INFO: [ view_filter ] --START--
INFO: Run Behavior\WriteHtmlCacheBehavior [ RunTime:0.001471s ]
INFO: [ view_filter ] --END-- [ RunTime:0.001582s ]
INFO: [ app_end ] --START--
INFO: Run Behavior\ShowPageTraceBehavior [ RunTime:0.001928s ]
INFO: [ app_end ] --END-- [ RunTime:0.002025s ]

[ 2017-09-09T23:29:19+08:00 ] 127.0.0.1 /index.php/Admin/Movie/lst.html
INFO: [ app_init ] --START--
INFO: Run Behavior\BuildLiteBehavior [ RunTime:0.000017s ]
INFO: [ app_init ] --END-- [ RunTime:0.000634s ]
INFO: [ app_begin ] --START--
INFO: Run Behavior\ReadHtmlCacheBehavior [ RunTime:0.001394s ]
INFO: [ app_begin ] --END-- [ RunTime:0.001469s ]
SQL: SELECT COUNT(*) has FROM php34_privilege WHERE module_name="Admin" AND controller_name="Movie" AND action_name="lst" [ RunTime:0.000367s ]
SQL: SHOW COLUMNS FROM `php34_movie` [ RunTime:0.008064s ]
SQL: SELECT COUNT(*) AS tp_count FROM php34_movie a WHERE ( `is_delete` = 0 ) LIMIT 1   [ RunTime:0.000442s ]
SQL: SELECT * FROM `php34_movie` WHERE ( `is_delete` = 0 ) ORDER BY id desc LIMIT 0,2   [ RunTime:0.000518s ]
INFO: [ view_parse ] --START--
INFO: [ template_filter ] --START--
INFO: Run Behavior\ContentReplaceBehavior [ RunTime:0.000068s ]
INFO: [ template_filter ] --END-- [ RunTime:0.000134s ]
INFO: Run Behavior\ParseTemplateBehavior [ RunTime:0.011022s ]
INFO: [ view_parse ] --END-- [ RunTime:0.011095s ]
INFO: [ view_filter ] --START--
INFO: Run Behavior\WriteHtmlCacheBehavior [ RunTime:0.000695s ]
INFO: [ view_filter ] --END-- [ RunTime:0.000774s ]
INFO: [ app_end ] --START--
INFO: Run Behavior\ShowPageTraceBehavior [ RunTime:0.000957s ]
INFO: [ app_end ] --END-- [ RunTime:0.001026s ]

[ 2017-09-09T23:29:20+08:00 ] 127.0.0.1 /index.php/Admin/Movie/add.html
INFO: [ app_init ] --START--
INFO: Run Behavior\BuildLiteBehavior [ RunTime:0.000017s ]
INFO: [ app_init ] --END-- [ RunTime:0.000619s ]
INFO: [ app_begin ] --START--
INFO: Run Behavior\ReadHtmlCacheBehavior [ RunTime:0.000862s ]
INFO: [ app_begin ] --END-- [ RunTime:0.000954s ]
SQL: SELECT COUNT(*) has FROM php34_privilege WHERE module_name="Admin" AND controller_name="Movie" AND action_name="add" [ RunTime:0.000365s ]
SQL: SHOW COLUMNS FROM `php34_type` [ RunTime:0.007964s ]
SQL: SELECT * FROM `php34_type`  [ RunTime:0.000459s ]
SQL: SHOW COLUMNS FROM `php34_category` [ RunTime:0.008223s ]
SQL: SELECT * FROM `php34_category`  [ RunTime:0.000521s ]
SQL: SHOW COLUMNS FROM `php34_brand` [ RunTime:0.008120s ]
SQL: SELECT * FROM `php34_brand`  [ RunTime:0.000499s ]
SQL: SHOW COLUMNS FROM `php34_member_level` [ RunTime:0.009073s ]
SQL: SELECT * FROM `php34_member_level`  [ RunTime:0.000464s ]
INFO: [ view_parse ] --START--
INFO: [ template_filter ] --START--
INFO: Run Behavior\ContentReplaceBehavior [ RunTime:0.000090s ]
INFO: [ template_filter ] --END-- [ RunTime:0.000153s ]
INFO: Run Behavior\ParseTemplateBehavior [ RunTime:0.010433s ]
INFO: [ view_parse ] --END-- [ RunTime:0.010509s ]
INFO: [ view_filter ] --START--
INFO: Run Behavior\WriteHtmlCacheBehavior [ RunTime:0.000720s ]
INFO: [ view_filter ] --END-- [ RunTime:0.000775s ]
INFO: [ app_end ] --START--
INFO: Run Behavior\ShowPageTraceBehavior [ RunTime:0.001623s ]
INFO: [ app_end ] --END-- [ RunTime:0.001750s ]

[ 2017-09-09T23:29:51+08:00 ] 127.0.0.1 /index.php/Admin/Movie/add.html
INFO: [ app_init ] --START--
INFO: Run Behavior\BuildLiteBehavior [ RunTime:0.000015s ]
INFO: [ app_init ] --END-- [ RunTime:0.000610s ]
INFO: [ app_begin ] --START--
INFO: Run Behavior\ReadHtmlCacheBehavior [ RunTime:0.000914s ]
INFO: [ app_begin ] --END-- [ RunTime:0.000987s ]
SQL: SELECT COUNT(*) has FROM php34_privilege WHERE module_name="Admin" AND controller_name="Movie" AND action_name="add" [ RunTime:0.000343s ]
SQL: SHOW COLUMNS FROM `php34_movie` [ RunTime:0.007592s ]
INFO: [ view_parse ] --START--
INFO: [ template_filter ] --START--
INFO: Run Behavior\ContentReplaceBehavior [ RunTime:0.000040s ]
INFO: [ template_filter ] --END-- [ RunTime:0.000139s ]
INFO: Run Behavior\ParseTemplateBehavior [ RunTime:0.008478s ]
INFO: [ view_parse ] --END-- [ RunTime:0.008569s ]
INFO: [ view_filter ] --START--
INFO: Run Behavior\WriteHtmlCacheBehavior [ RunTime:0.000628s ]
INFO: [ view_filter ] --END-- [ RunTime:0.000685s ]

[ 2017-09-09T23:29:54+08:00 ] 127.0.0.1 /index.php/Admin/Movie/add.html
INFO: [ app_init ] --START--
INFO: Run Behavior\BuildLiteBehavior [ RunTime:0.000023s ]
INFO: [ app_init ] --END-- [ RunTime:0.001288s ]
INFO: [ app_begin ] --START--
INFO: Run Behavior\ReadHtmlCacheBehavior [ RunTime:0.001026s ]
INFO: [ app_begin ] --END-- [ RunTime:0.001102s ]
SQL: SELECT COUNT(*) has FROM php34_privilege WHERE module_name="Admin" AND controller_name="Movie" AND action_name="add" [ RunTime:0.000306s ]
SQL: SHOW COLUMNS FROM `php34_type` [ RunTime:0.006257s ]
SQL: SELECT * FROM `php34_type`  [ RunTime:0.000372s ]
SQL: SHOW COLUMNS FROM `php34_category` [ RunTime:0.008394s ]
SQL: SELECT * FROM `php34_category`  [ RunTime:0.000540s ]
SQL: SHOW COLUMNS FROM `php34_brand` [ RunTime:0.007255s ]
SQL: SELECT * FROM `php34_brand`  [ RunTime:0.000358s ]
SQL: SHOW COLUMNS FROM `php34_member_level` [ RunTime:0.007374s ]
SQL: SELECT * FROM `php34_member_level`  [ RunTime:0.000371s ]
INFO: [ view_parse ] --START--
INFO: [ template_filter ] --START--
INFO: Run Behavior\ContentReplaceBehavior [ RunTime:0.000090s ]
INFO: [ template_filter ] --END-- [ RunTime:0.000153s ]
INFO: Run Behavior\ParseTemplateBehavior [ RunTime:0.011312s ]
INFO: [ view_parse ] --END-- [ RunTime:0.011385s ]
INFO: [ view_filter ] --START--
INFO: Run Behavior\WriteHtmlCacheBehavior [ RunTime:0.000625s ]
INFO: [ view_filter ] --END-- [ RunTime:0.000685s ]
INFO: [ app_end ] --START--
INFO: Run Behavior\ShowPageTraceBehavior [ RunTime:0.001728s ]
INFO: [ app_end ] --END-- [ RunTime:0.001822s ]

[ 2017-09-09T23:30:00+08:00 ] 127.0.0.1 /index.php/Admin/Movie/add.html
INFO: [ app_init ] --START--
INFO: Run Behavior\BuildLiteBehavior [ RunTime:0.000014s ]
INFO: [ app_init ] --END-- [ RunTime:0.000631s ]
INFO: [ app_begin ] --START--
INFO: Run Behavior\ReadHtmlCacheBehavior [ RunTime:0.000916s ]
INFO: [ app_begin ] --END-- [ RunTime:0.001040s ]
SQL: SELECT COUNT(*) has FROM php34_privilege WHERE module_name="Admin" AND controller_name="Movie" AND action_name="add" [ RunTime:0.000482s ]
SQL: SHOW COLUMNS FROM `php34_movie` [ RunTime:0.008602s ]
NOTIC: [2] finfo_file() [<a href='function.finfo-file'>function.finfo-file</a>]: Empty filename or path E:\PHP\apache\htdocs\shop34\ThinkPHP\Library\Think\Upload.class.php 第 149 行.
NOTIC: [8] Undefined index: movies E:\PHP\apache\htdocs\shop34\Application\Admin\Model\MovieModel.class.php 第 80 行.
INFO: [ view_parse ] --START--
INFO: [ template_filter ] --START--
INFO: Run Behavior\ContentReplaceBehavior [ RunTime:0.000040s ]
INFO: [ template_filter ] --END-- [ RunTime:0.000109s ]
INFO: Run Behavior\ParseTemplateBehavior [ RunTime:0.008003s ]
INFO: [ view_parse ] --END-- [ RunTime:0.008085s ]
INFO: [ view_filter ] --START--
INFO: Run Behavior\WriteHtmlCacheBehavior [ RunTime:0.000636s ]
INFO: [ view_filter ] --END-- [ RunTime:0.000713s ]

[ 2017-09-09T23:30:03+08:00 ] 127.0.0.1 /index.php/Admin/Movie/add.html
INFO: [ app_init ] --START--
INFO: Run Behavior\BuildLiteBehavior [ RunTime:0.000016s ]
INFO: [ app_init ] --END-- [ RunTime:0.000654s ]
INFO: [ app_begin ] --START--
INFO: Run Behavior\ReadHtmlCacheBehavior [ RunTime:0.000896s ]
INFO: [ app_begin ] --END-- [ RunTime:0.000973s ]
SQL: SELECT COUNT(*) has FROM php34_privilege WHERE module_name="Admin" AND controller_name="Movie" AND action_name="add" [ RunTime:0.000411s ]
SQL: SHOW COLUMNS FROM `php34_type` [ RunTime:0.006907s ]
SQL: SELECT * FROM `php34_type`  [ RunTime:0.000417s ]
SQL: SHOW COLUMNS FROM `php34_category` [ RunTime:0.007472s ]
SQL: SELECT * FROM `php34_category`  [ RunTime:0.000413s ]
SQL: SHOW COLUMNS FROM `php34_brand` [ RunTime:0.006617s ]
SQL: SELECT * FROM `php34_brand`  [ RunTime:0.000383s ]
SQL: SHOW COLUMNS FROM `php34_member_level` [ RunTime:0.006877s ]
SQL: SELECT * FROM `php34_member_level`  [ RunTime:0.000357s ]
INFO: [ view_parse ] --START--
INFO: [ template_filter ] --START--
INFO: Run Behavior\ContentReplaceBehavior [ RunTime:0.000116s ]
INFO: [ template_filter ] --END-- [ RunTime:0.000199s ]
INFO: Run Behavior\ParseTemplateBehavior [ RunTime:0.010958s ]
INFO: [ view_parse ] --END-- [ RunTime:0.011054s ]
INFO: [ view_filter ] --START--
INFO: Run Behavior\WriteHtmlCacheBehavior [ RunTime:0.000577s ]
INFO: [ view_filter ] --END-- [ RunTime:0.000633s ]
INFO: [ app_end ] --START--
INFO: Run Behavior\ShowPageTraceBehavior [ RunTime:0.001709s ]
INFO: [ app_end ] --END-- [ RunTime:0.001794s ]

[ 2017-09-09T23:32:37+08:00 ] 127.0.0.1 /index.php/Admin/Movie/add.html
INFO: [ app_init ] --START--
INFO: Run Behavior\BuildLiteBehavior [ RunTime:0.000019s ]
INFO: [ app_init ] --END-- [ RunTime:0.000654s ]
INFO: [ app_begin ] --START--
INFO: Run Behavior\ReadHtmlCacheBehavior [ RunTime:0.000944s ]
INFO: [ app_begin ] --END-- [ RunTime:0.001022s ]
SQL: SELECT COUNT(*) has FROM php34_privilege WHERE module_name="Admin" AND controller_name="Movie" AND action_name="add" [ RunTime:0.000369s ]
SQL: SHOW COLUMNS FROM `php34_movie` [ RunTime:0.007654s ]

[ 2017-09-09T23:39:35+08:00 ] 127.0.0.1 /index.php/Admin/Movie/add.html
INFO: [ app_init ] --START--
INFO: Run Behavior\BuildLiteBehavior [ RunTime:0.000015s ]
INFO: [ app_init ] --END-- [ RunTime:0.000615s ]
INFO: [ app_begin ] --START--
INFO: Run Behavior\ReadHtmlCacheBehavior [ RunTime:0.000933s ]
INFO: [ app_begin ] --END-- [ RunTime:0.000999s ]
SQL: SELECT COUNT(*) has FROM php34_privilege WHERE module_name="Admin" AND controller_name="Movie" AND action_name="add" [ RunTime:0.000293s ]
SQL: SHOW COLUMNS FROM `php34_movie` [ RunTime:0.009100s ]
NOTIC: [2] implode() [<a href='function.implode'>function.implode</a>]: Invalid arguments passed E:\PHP\apache\htdocs\shop34\Application\Admin\Model\MovieModel.class.php 第 77 行.

[ 2017-09-09T23:42:20+08:00 ] 127.0.0.1 /index.php/Admin/Movie/add.html
INFO: [ app_init ] --START--
INFO: Run Behavior\BuildLiteBehavior [ RunTime:0.000019s ]
INFO: [ app_init ] --END-- [ RunTime:0.000723s ]
INFO: [ app_begin ] --START--
INFO: Run Behavior\ReadHtmlCacheBehavior [ RunTime:0.000984s ]
INFO: [ app_begin ] --END-- [ RunTime:0.001055s ]
SQL: SELECT COUNT(*) has FROM php34_privilege WHERE module_name="Admin" AND controller_name="Movie" AND action_name="add" [ RunTime:0.000269s ]
SQL: SHOW COLUMNS FROM `php34_movie` [ RunTime:0.012862s ]

[ 2017-09-09T23:44:46+08:00 ] 127.0.0.1 /index.php/Admin/Movie/lst.html
INFO: [ app_init ] --START--
INFO: Run Behavior\BuildLiteBehavior [ RunTime:0.000015s ]
INFO: [ app_init ] --END-- [ RunTime:0.000657s ]
INFO: [ app_begin ] --START--
INFO: Run Behavior\ReadHtmlCacheBehavior [ RunTime:0.001025s ]
INFO: [ app_begin ] --END-- [ RunTime:0.001102s ]
SQL: SELECT COUNT(*) has FROM php34_privilege WHERE module_name="Admin" AND controller_name="Movie" AND action_name="lst" [ RunTime:0.000396s ]
SQL: SHOW COLUMNS FROM `php34_movie` [ RunTime:0.007301s ]
SQL: SELECT COUNT(*) AS tp_count FROM php34_movie a WHERE ( `is_delete` = 0 ) LIMIT 1   [ RunTime:0.000457s ]
SQL: SELECT * FROM `php34_movie` WHERE ( `is_delete` = 0 ) ORDER BY id desc LIMIT 0,2   [ RunTime:0.000535s ]
INFO: [ view_parse ] --START--
INFO: [ template_filter ] --START--
INFO: Run Behavior\ContentReplaceBehavior [ RunTime:0.000100s ]
INFO: [ template_filter ] --END-- [ RunTime:0.000169s ]
INFO: Run Behavior\ParseTemplateBehavior [ RunTime:0.011137s ]
INFO: [ view_parse ] --END-- [ RunTime:0.011208s ]
INFO: [ view_filter ] --START--
INFO: Run Behavior\WriteHtmlCacheBehavior [ RunTime:0.000675s ]
INFO: [ view_filter ] --END-- [ RunTime:0.000736s ]
INFO: [ app_end ] --START--
INFO: Run Behavior\ShowPageTraceBehavior [ RunTime:0.000875s ]
INFO: [ app_end ] --END-- [ RunTime:0.000940s ]

[ 2017-09-09T23:44:48+08:00 ] 127.0.0.1 /index.php/Admin/Movie/add.html
INFO: [ app_init ] --START--
INFO: Run Behavior\BuildLiteBehavior [ RunTime:0.000019s ]
INFO: [ app_init ] --END-- [ RunTime:0.000632s ]
INFO: [ app_begin ] --START--
INFO: Run Behavior\ReadHtmlCacheBehavior [ RunTime:0.000950s ]
INFO: [ app_begin ] --END-- [ RunTime:0.001017s ]
SQL: SELECT COUNT(*) has FROM php34_privilege WHERE module_name="Admin" AND controller_name="Movie" AND action_name="add" [ RunTime:0.000440s ]
SQL: SHOW COLUMNS FROM `php34_type` [ RunTime:0.009718s ]
SQL: SELECT * FROM `php34_type`  [ RunTime:0.000557s ]
SQL: SHOW COLUMNS FROM `php34_category` [ RunTime:0.008173s ]
SQL: SELECT * FROM `php34_category`  [ RunTime:0.000408s ]
SQL: SHOW COLUMNS FROM `php34_brand` [ RunTime:0.008126s ]
SQL: SELECT * FROM `php34_brand`  [ RunTime:0.000385s ]
SQL: SHOW COLUMNS FROM `php34_member_level` [ RunTime:0.008667s ]
SQL: SELECT * FROM `php34_member_level`  [ RunTime:0.000488s ]
INFO: [ view_parse ] --START--
INFO: [ template_filter ] --START--
INFO: Run Behavior\ContentReplaceBehavior [ RunTime:0.000099s ]
INFO: [ template_filter ] --END-- [ RunTime:0.000171s ]
INFO: Run Behavior\ParseTemplateBehavior [ RunTime:0.010984s ]
INFO: [ view_parse ] --END-- [ RunTime:0.011072s ]
INFO: [ view_filter ] --START--
INFO: Run Behavior\WriteHtmlCacheBehavior [ RunTime:0.000554s ]
INFO: [ view_filter ] --END-- [ RunTime:0.000608s ]
INFO: [ app_end ] --START--
INFO: Run Behavior\ShowPageTraceBehavior [ RunTime:0.002193s ]
INFO: [ app_end ] --END-- [ RunTime:0.002391s ]

[ 2017-09-09T23:45:32+08:00 ] 127.0.0.1 /index.php/Admin/Movie/add.html
INFO: [ app_init ] --START--
INFO: Run Behavior\BuildLiteBehavior [ RunTime:0.000029s ]
INFO: [ app_init ] --END-- [ RunTime:0.000643s ]
INFO: [ app_begin ] --START--
INFO: Run Behavior\ReadHtmlCacheBehavior [ RunTime:0.000864s ]
INFO: [ app_begin ] --END-- [ RunTime:0.000944s ]
SQL: SELECT COUNT(*) has FROM php34_privilege WHERE module_name="Admin" AND controller_name="Movie" AND action_name="add" [ RunTime:0.000268s ]
SQL: SHOW COLUMNS FROM `php34_movie` [ RunTime:0.007503s ]
NOTIC: [2] call_user_func() expects parameter 1 to be a valid callback, no array or string given E:\PHP\apache\htdocs\shop34\ThinkPHP\Library\Think\Upload.class.php 第 167 行.
NOTIC: [2] call_user_func() expects parameter 1 to be a valid callback, no array or string given E:\PHP\apache\htdocs\shop34\ThinkPHP\Library\Think\Upload.class.php 第 167 行.
SQL: INSERT INTO `php34_movie` (`movie_name`,`category_id`,`dianzan`,`views`,`is_hot`,`is_new`,`is_best`,`status`,`seo_keyword`,`seo_description`,`listorder`,`description`,`create_time`,`update_time`,`mic`,`pic`) VALUES ('咩少女',23,0,0,0,0,0,1,'','',100,'',1504971931,1504971931,'Admin/2017-09-09/59b40c9bdcf1f.mp4','Admin/2017-09-09/59b40c9c06e7e.jpg') [ RunTime:0.045121s ]
INFO: [ view_parse ] --START--
INFO: [ template_filter ] --START--
INFO: Run Behavior\ContentReplaceBehavior [ RunTime:0.000141s ]
INFO: [ template_filter ] --END-- [ RunTime:0.000403s ]
INFO: Run Behavior\ParseTemplateBehavior [ RunTime:0.022764s ]
INFO: [ view_parse ] --END-- [ RunTime:0.022962s ]
INFO: [ view_filter ] --START--
INFO: Run Behavior\WriteHtmlCacheBehavior [ RunTime:0.001398s ]
INFO: [ view_filter ] --END-- [ RunTime:0.001525s ]

[ 2017-09-09T23:45:33+08:00 ] 127.0.0.1 /index.php/Admin/Movie/lst.html
INFO: [ app_init ] --START--
INFO: Run Behavior\BuildLiteBehavior [ RunTime:0.000018s ]
INFO: [ app_init ] --END-- [ RunTime:0.000616s ]
INFO: [ app_begin ] --START--
INFO: Run Behavior\ReadHtmlCacheBehavior [ RunTime:0.000779s ]
INFO: [ app_begin ] --END-- [ RunTime:0.000850s ]
SQL: SELECT COUNT(*) has FROM php34_privilege WHERE module_name="Admin" AND controller_name="Movie" AND action_name="lst" [ RunTime:0.000339s ]
SQL: SHOW COLUMNS FROM `php34_movie` [ RunTime:0.007987s ]
SQL: SELECT COUNT(*) AS tp_count FROM php34_movie a WHERE ( `is_delete` = 0 ) LIMIT 1   [ RunTime:0.000559s ]
SQL: SELECT * FROM `php34_movie` WHERE ( `is_delete` = 0 ) ORDER BY id desc LIMIT 0,2   [ RunTime:0.001986s ]
INFO: [ view_parse ] --START--
INFO: [ template_filter ] --START--
INFO: Run Behavior\ContentReplaceBehavior [ RunTime:0.000068s ]
INFO: [ template_filter ] --END-- [ RunTime:0.000135s ]
INFO: Run Behavior\ParseTemplateBehavior [ RunTime:0.010115s ]
INFO: [ view_parse ] --END-- [ RunTime:0.010188s ]
INFO: [ view_filter ] --START--
INFO: Run Behavior\WriteHtmlCacheBehavior [ RunTime:0.000710s ]
INFO: [ view_filter ] --END-- [ RunTime:0.000765s ]
INFO: [ app_end ] --START--
INFO: Run Behavior\ShowPageTraceBehavior [ RunTime:0.000974s ]
INFO: [ app_end ] --END-- [ RunTime:0.001036s ]

[ 2017-09-09T23:45:37+08:00 ] 127.0.0.1 /index.php/Admin/Movie/lst/p/2.html
INFO: [ app_init ] --START--
INFO: Run Behavior\BuildLiteBehavior [ RunTime:0.000018s ]
INFO: [ app_init ] --END-- [ RunTime:0.000727s ]
INFO: [ app_begin ] --START--
INFO: Run Behavior\ReadHtmlCacheBehavior [ RunTime:0.001044s ]
INFO: [ app_begin ] --END-- [ RunTime:0.001130s ]
SQL: SELECT COUNT(*) has FROM php34_privilege WHERE module_name="Admin" AND controller_name="Movie" AND action_name="lst" [ RunTime:0.000347s ]
SQL: SHOW COLUMNS FROM `php34_movie` [ RunTime:0.007299s ]
SQL: SELECT COUNT(*) AS tp_count FROM php34_movie a WHERE ( `is_delete` = 0 ) LIMIT 1   [ RunTime:0.000420s ]
SQL: SELECT * FROM `php34_movie` WHERE ( `is_delete` = 0 ) ORDER BY id desc LIMIT 2,2   [ RunTime:0.000919s ]
INFO: [ view_parse ] --START--
INFO: [ template_filter ] --START--
INFO: Run Behavior\ContentReplaceBehavior [ RunTime:0.000074s ]
INFO: [ template_filter ] --END-- [ RunTime:0.000148s ]
INFO: Run Behavior\ParseTemplateBehavior [ RunTime:0.140633s ]
INFO: [ view_parse ] --END-- [ RunTime:0.140713s ]
INFO: [ view_filter ] --START--
INFO: Run Behavior\WriteHtmlCacheBehavior [ RunTime:0.000692s ]
INFO: [ view_filter ] --END-- [ RunTime:0.000742s ]
INFO: [ app_end ] --START--
INFO: Run Behavior\ShowPageTraceBehavior [ RunTime:0.000789s ]
INFO: [ app_end ] --END-- [ RunTime:0.000839s ]

[ 2017-09-09T23:45:40+08:00 ] 127.0.0.1 /index.php/Admin/Movie/lst/p/1.html
INFO: [ app_init ] --START--
INFO: Run Behavior\BuildLiteBehavior [ RunTime:0.000016s ]
INFO: [ app_init ] --END-- [ RunTime:0.000670s ]
INFO: [ app_begin ] --START--
INFO: Run Behavior\ReadHtmlCacheBehavior [ RunTime:0.000888s ]
INFO: [ app_begin ] --END-- [ RunTime:0.000954s ]
SQL: SELECT COUNT(*) has FROM php34_privilege WHERE module_name="Admin" AND controller_name="Movie" AND action_name="lst" [ RunTime:0.000354s ]
SQL: SHOW COLUMNS FROM `php34_movie` [ RunTime:0.007489s ]
SQL: SELECT COUNT(*) AS tp_count FROM php34_movie a WHERE ( `is_delete` = 0 ) LIMIT 1   [ RunTime:0.000489s ]
SQL: SELECT * FROM `php34_movie` WHERE ( `is_delete` = 0 ) ORDER BY id desc LIMIT 0,2   [ RunTime:0.000565s ]
INFO: [ view_parse ] --START--
INFO: [ template_filter ] --START--
INFO: Run Behavior\ContentReplaceBehavior [ RunTime:0.000068s ]
INFO: [ template_filter ] --END-- [ RunTime:0.000135s ]
INFO: Run Behavior\ParseTemplateBehavior [ RunTime:0.157794s ]
INFO: [ view_parse ] --END-- [ RunTime:0.157874s ]
INFO: [ view_filter ] --START--
INFO: Run Behavior\WriteHtmlCacheBehavior [ RunTime:0.000785s ]
INFO: [ view_filter ] --END-- [ RunTime:0.000848s ]
INFO: [ app_end ] --START--
INFO: Run Behavior\ShowPageTraceBehavior [ RunTime:0.000810s ]
INFO: [ app_end ] --END-- [ RunTime:0.000868s ]

[ 2017-09-09T23:47:46+08:00 ] 127.0.0.1 /index.php/Admin/Movie/lst.html
INFO: [ app_init ] --START--
INFO: Run Behavior\BuildLiteBehavior [ RunTime:0.000015s ]
INFO: [ app_init ] --END-- [ RunTime:0.000588s ]
INFO: [ app_begin ] --START--
INFO: Run Behavior\ReadHtmlCacheBehavior [ RunTime:0.000838s ]
INFO: [ app_begin ] --END-- [ RunTime:0.000901s ]
SQL: SELECT COUNT(*) has FROM php34_privilege WHERE module_name="Admin" AND controller_name="Movie" AND action_name="lst" [ RunTime:0.000347s ]
SQL: SHOW COLUMNS FROM `php34_movie` [ RunTime:0.008060s ]
SQL: SELECT COUNT(*) AS tp_count FROM php34_movie a WHERE ( `is_delete` = 0 ) LIMIT 1   [ RunTime:0.000561s ]
SQL: SELECT * FROM `php34_movie` WHERE ( `is_delete` = 0 ) ORDER BY id desc LIMIT 0,2   [ RunTime:0.000555s ]
INFO: [ view_parse ] --START--
INFO: [ template_filter ] --START--
INFO: Run Behavior\ContentReplaceBehavior [ RunTime:0.000070s ]
INFO: [ template_filter ] --END-- [ RunTime:0.000143s ]
INFO: Run Behavior\ParseTemplateBehavior [ RunTime:0.011085s ]
INFO: [ view_parse ] --END-- [ RunTime:0.011164s ]
INFO: [ view_filter ] --START--
INFO: Run Behavior\WriteHtmlCacheBehavior [ RunTime:0.000922s ]
INFO: [ view_filter ] --END-- [ RunTime:0.000996s ]
INFO: [ app_end ] --START--
INFO: Run Behavior\ShowPageTraceBehavior [ RunTime:0.001307s ]
INFO: [ app_end ] --END-- [ RunTime:0.001385s ]

[ 2017-09-09T23:47:47+08:00 ] 127.0.0.1 /index.php/Admin/Movie/add.html
INFO: [ app_init ] --START--
INFO: Run Behavior\BuildLiteBehavior [ RunTime:0.000023s ]
INFO: [ app_init ] --END-- [ RunTime:0.000898s ]
INFO: [ app_begin ] --START--
INFO: Run Behavior\ReadHtmlCacheBehavior [ RunTime:0.001135s ]
INFO: [ app_begin ] --END-- [ RunTime:0.001219s ]
SQL: SELECT COUNT(*) has FROM php34_privilege WHERE module_name="Admin" AND controller_name="Movie" AND action_name="add" [ RunTime:0.000359s ]
SQL: SHOW COLUMNS FROM `php34_type` [ RunTime:0.006470s ]
SQL: SELECT * FROM `php34_type`  [ RunTime:0.000408s ]
SQL: SHOW COLUMNS FROM `php34_category` [ RunTime:0.007121s ]
SQL: SELECT * FROM `php34_category`  [ RunTime:0.000450s ]
SQL: SHOW COLUMNS FROM `php34_brand` [ RunTime:0.006599s ]
SQL: SELECT * FROM `php34_brand`  [ RunTime:0.000396s ]
SQL: SHOW COLUMNS FROM `php34_member_level` [ RunTime:0.006835s ]
SQL: SELECT * FROM `php34_member_level`  [ RunTime:0.000608s ]
INFO: [ view_parse ] --START--
INFO: [ template_filter ] --START--
INFO: Run Behavior\ContentReplaceBehavior [ RunTime:0.000099s ]
INFO: [ template_filter ] --END-- [ RunTime:0.000174s ]
INFO: Run Behavior\ParseTemplateBehavior [ RunTime:0.014742s ]
INFO: [ view_parse ] --END-- [ RunTime:0.014825s ]
INFO: [ view_filter ] --START--
INFO: Run Behavior\WriteHtmlCacheBehavior [ RunTime:0.000863s ]
INFO: [ view_filter ] --END-- [ RunTime:0.000942s ]
INFO: [ app_end ] --START--
INFO: Run Behavior\ShowPageTraceBehavior [ RunTime:0.001611s ]
INFO: [ app_end ] --END-- [ RunTime:0.001737s ]

[ 2017-09-09T23:48:02+08:00 ] 127.0.0.1 /index.php/Admin/Movie/add.html
INFO: [ app_init ] --START--
INFO: Run Behavior\BuildLiteBehavior [ RunTime:0.000017s ]
INFO: [ app_init ] --END-- [ RunTime:0.000645s ]
INFO: [ app_begin ] --START--
INFO: Run Behavior\ReadHtmlCacheBehavior [ RunTime:0.000772s ]
INFO: [ app_begin ] --END-- [ RunTime:0.000849s ]
SQL: SELECT COUNT(*) has FROM php34_privilege WHERE module_name="Admin" AND controller_name="Movie" AND action_name="add" [ RunTime:0.000306s ]
SQL: SHOW COLUMNS FROM `php34_movie` [ RunTime:0.008555s ]
NOTIC: [2] finfo_file() [<a href='function.finfo-file'>function.finfo-file</a>]: Empty filename or path E:\PHP\apache\htdocs\shop34\ThinkPHP\Library\Think\Upload.class.php 第 149 行.
NOTIC: [2] call_user_func() expects parameter 1 to be a valid callback, no array or string given E:\PHP\apache\htdocs\shop34\ThinkPHP\Library\Think\Upload.class.php 第 167 行.
SQL: INSERT INTO `php34_movie` (`movie_name`,`category_id`,`dianzan`,`views`,`is_hot`,`is_new`,`is_best`,`status`,`seo_keyword`,`seo_description`,`listorder`,`description`,`create_time`,`update_time`,`mic`) VALUES ('ssfsaf',23,0,0,0,0,0,1,'','',100,'',1504972082,1504972082,'Admin/2017-09-09/59b40d3296fd2.mp4') [ RunTime:0.085488s ]

[ 2017-09-09T23:49:49+08:00 ] 127.0.0.1 /index.php/Admin/Movie/lst.html
INFO: [ app_init ] --START--
INFO: Run Behavior\BuildLiteBehavior [ RunTime:0.000028s ]
INFO: [ app_init ] --END-- [ RunTime:0.000968s ]
INFO: [ app_begin ] --START--
INFO: Run Behavior\ReadHtmlCacheBehavior [ RunTime:0.001352s ]
INFO: [ app_begin ] --END-- [ RunTime:0.001465s ]
SQL: SELECT COUNT(*) has FROM php34_privilege WHERE module_name="Admin" AND controller_name="Movie" AND action_name="lst" [ RunTime:0.000342s ]
SQL: SHOW COLUMNS FROM `php34_movie` [ RunTime:0.007758s ]
SQL: SELECT COUNT(*) AS tp_count FROM php34_movie a WHERE ( `is_delete` = 0 ) LIMIT 1   [ RunTime:0.000548s ]
SQL: SELECT * FROM `php34_movie` WHERE ( `is_delete` = 0 ) ORDER BY id desc LIMIT 0,2   [ RunTime:0.000657s ]
INFO: [ view_parse ] --START--
INFO: [ template_filter ] --START--
INFO: Run Behavior\ContentReplaceBehavior [ RunTime:0.000069s ]
INFO: [ template_filter ] --END-- [ RunTime:0.000134s ]
INFO: Run Behavior\ParseTemplateBehavior [ RunTime:0.011274s ]
INFO: [ view_parse ] --END-- [ RunTime:0.011378s ]
INFO: [ view_filter ] --START--
INFO: Run Behavior\WriteHtmlCacheBehavior [ RunTime:0.000893s ]
INFO: [ view_filter ] --END-- [ RunTime:0.000977s ]
INFO: [ app_end ] --START--
INFO: Run Behavior\ShowPageTraceBehavior [ RunTime:0.001273s ]
INFO: [ app_end ] --END-- [ RunTime:0.001367s ]

[ 2017-09-09T23:49:50+08:00 ] 127.0.0.1 /index.php/Admin/Movie/add.html
INFO: [ app_init ] --START--
INFO: Run Behavior\BuildLiteBehavior [ RunTime:0.000014s ]
INFO: [ app_init ] --END-- [ RunTime:0.000570s ]
INFO: [ app_begin ] --START--
INFO: Run Behavior\ReadHtmlCacheBehavior [ RunTime:0.000809s ]
INFO: [ app_begin ] --END-- [ RunTime:0.000879s ]
SQL: SELECT COUNT(*) has FROM php34_privilege WHERE module_name="Admin" AND controller_name="Movie" AND action_name="add" [ RunTime:0.000354s ]
SQL: SHOW COLUMNS FROM `php34_type` [ RunTime:0.006439s ]
SQL: SELECT * FROM `php34_type`  [ RunTime:0.000409s ]
SQL: SHOW COLUMNS FROM `php34_category` [ RunTime:0.007215s ]
SQL: SELECT * FROM `php34_category`  [ RunTime:0.000445s ]
SQL: SHOW COLUMNS FROM `php34_brand` [ RunTime:0.007084s ]
SQL: SELECT * FROM `php34_brand`  [ RunTime:0.000387s ]
SQL: SHOW COLUMNS FROM `php34_member_level` [ RunTime:0.006861s ]
SQL: SELECT * FROM `php34_member_level`  [ RunTime:0.000434s ]
INFO: [ view_parse ] --START--
INFO: [ template_filter ] --START--
INFO: Run Behavior\ContentReplaceBehavior [ RunTime:0.000131s ]
INFO: [ template_filter ] --END-- [ RunTime:0.000247s ]
INFO: Run Behavior\ParseTemplateBehavior [ RunTime:0.012051s ]
INFO: [ view_parse ] --END-- [ RunTime:0.012129s ]
INFO: [ view_filter ] --START--
INFO: Run Behavior\WriteHtmlCacheBehavior [ RunTime:0.000561s ]
INFO: [ view_filter ] --END-- [ RunTime:0.000631s ]
INFO: [ app_end ] --START--
INFO: Run Behavior\ShowPageTraceBehavior [ RunTime:0.001526s ]
INFO: [ app_end ] --END-- [ RunTime:0.001652s ]

[ 2017-09-09T23:50:14+08:00 ] 127.0.0.1 /index.php/Admin/Movie/add.html
INFO: [ app_init ] --START--
INFO: Run Behavior\BuildLiteBehavior [ RunTime:0.000015s ]
INFO: [ app_init ] --END-- [ RunTime:0.000606s ]
INFO: [ app_begin ] --START--
INFO: Run Behavior\ReadHtmlCacheBehavior [ RunTime:0.001203s ]
INFO: [ app_begin ] --END-- [ RunTime:0.001287s ]
SQL: SELECT COUNT(*) has FROM php34_privilege WHERE module_name="Admin" AND controller_name="Movie" AND action_name="add" [ RunTime:0.000245s ]
SQL: SHOW COLUMNS FROM `php34_movie` [ RunTime:0.008418s ]
NOTIC: [2] finfo_file() [<a href='function.finfo-file'>function.finfo-file</a>]: Empty filename or path E:\PHP\apache\htdocs\shop34\ThinkPHP\Library\Think\Upload.class.php 第 149 行.
NOTIC: [2] call_user_func() expects parameter 1 to be a valid callback, no array or string given E:\PHP\apache\htdocs\shop34\ThinkPHP\Library\Think\Upload.class.php 第 167 行.
SQL: INSERT INTO `php34_movie` (`movie_name`,`category_id`,`ext_category_id`,`dianzan`,`views`,`is_hot`,`is_new`,`is_best`,`status`,`seo_keyword`,`seo_description`,`listorder`,`description`,`create_time`,`update_time`,`mic`) VALUES ('测试视频',23,'23,20',0,0,0,0,0,1,'','',100,'',1504972213,1504972213,'Admin/2017-09-09/59b40db5da723.mp4') [ RunTime:0.100957s ]
INFO: [ view_parse ] --START--
INFO: [ template_filter ] --START--
INFO: Run Behavior\ContentReplaceBehavior [ RunTime:0.000100s ]
INFO: [ template_filter ] --END-- [ RunTime:0.000239s ]
INFO: Run Behavior\ParseTemplateBehavior [ RunTime:0.017526s ]
INFO: [ view_parse ] --END-- [ RunTime:0.017683s ]
INFO: [ view_filter ] --START--
INFO: Run Behavior\WriteHtmlCacheBehavior [ RunTime:0.001298s ]
INFO: [ view_filter ] --END-- [ RunTime:0.001386s ]

[ 2017-09-09T23:50:15+08:00 ] 127.0.0.1 /index.php/Admin/Movie/lst.html
INFO: [ app_init ] --START--
INFO: Run Behavior\BuildLiteBehavior [ RunTime:0.000016s ]
INFO: [ app_init ] --END-- [ RunTime:0.000594s ]
INFO: [ app_begin ] --START--
INFO: Run Behavior\ReadHtmlCacheBehavior [ RunTime:0.000831s ]
INFO: [ app_begin ] --END-- [ RunTime:0.000891s ]
SQL: SELECT COUNT(*) has FROM php34_privilege WHERE module_name="Admin" AND controller_name="Movie" AND action_name="lst" [ RunTime:0.000368s ]
SQL: SHOW COLUMNS FROM `php34_movie` [ RunTime:0.007270s ]
SQL: SELECT COUNT(*) AS tp_count FROM php34_movie a WHERE ( `is_delete` = 0 ) LIMIT 1   [ RunTime:0.000552s ]
SQL: SELECT * FROM `php34_movie` WHERE ( `is_delete` = 0 ) ORDER BY id desc LIMIT 0,2   [ RunTime:0.000700s ]
INFO: [ view_parse ] --START--
INFO: [ template_filter ] --START--
INFO: Run Behavior\ContentReplaceBehavior [ RunTime:0.000070s ]
INFO: [ template_filter ] --END-- [ RunTime:0.000138s ]
INFO: Run Behavior\ParseTemplateBehavior [ RunTime:0.009942s ]
INFO: [ view_parse ] --END-- [ RunTime:0.010008s ]
INFO: [ view_filter ] --START--
INFO: Run Behavior\WriteHtmlCacheBehavior [ RunTime:0.000900s ]
INFO: [ view_filter ] --END-- [ RunTime:0.001000s ]
INFO: [ app_end ] --START--
INFO: Run Behavior\ShowPageTraceBehavior [ RunTime:0.001353s ]
INFO: [ app_end ] --END-- [ RunTime:0.001432s ]

[ 2017-09-09T23:54:12+08:00 ] 127.0.0.1 /index.php/Admin/Movie/lst.html
INFO: [ app_init ] --START--
INFO: Run Behavior\BuildLiteBehavior [ RunTime:0.000015s ]
INFO: [ app_init ] --END-- [ RunTime:0.000590s ]
INFO: [ app_begin ] --START--
INFO: Run Behavior\ReadHtmlCacheBehavior [ RunTime:0.001206s ]
INFO: [ app_begin ] --END-- [ RunTime:0.001322s ]
SQL: SELECT COUNT(*) has FROM php34_privilege WHERE module_name="Admin" AND controller_name="Movie" AND action_name="lst" [ RunTime:0.000230s ]
SQL: SHOW COLUMNS FROM `php34_movie` [ RunTime:0.007650s ]
SQL: SELECT COUNT(*) AS tp_count FROM php34_movie a WHERE ( `is_delete` = 0 ) LIMIT 1   [ RunTime:0.000529s ]
SQL: SELECT * FROM `php34_movie` WHERE ( `is_delete` = 0 ) ORDER BY id desc LIMIT 0,2   [ RunTime:0.000893s ]
INFO: [ view_parse ] --START--
INFO: [ template_filter ] --START--
INFO: Run Behavior\ContentReplaceBehavior [ RunTime:0.000071s ]
INFO: [ template_filter ] --END-- [ RunTime:0.000137s ]
INFO: Run Behavior\ParseTemplateBehavior [ RunTime:0.010382s ]
INFO: [ view_parse ] --END-- [ RunTime:0.010463s ]
INFO: [ view_filter ] --START--
INFO: Run Behavior\WriteHtmlCacheBehavior [ RunTime:0.000654s ]
INFO: [ view_filter ] --END-- [ RunTime:0.000712s ]
INFO: [ app_end ] --START--
INFO: Run Behavior\ShowPageTraceBehavior [ RunTime:0.000858s ]
INFO: [ app_end ] --END-- [ RunTime:0.000919s ]

