[ 2017-09-26T09:48:21+08:00 ] 127.0.0.1 /index.php/Home/App/getyy
INFO: [ app_init ] --START--
INFO: Run Behavior\BuildLiteBehavior [ RunTime:0.000017s ]
INFO: [ app_init ] --END-- [ RunTime:0.002083s ]
INFO: [ app_begin ] --START--
INFO: Run Behavior\ReadHtmlCacheBehavior [ RunTime:0.001041s ]
INFO: [ app_begin ] --END-- [ RunTime:0.001102s ]
NOTIC: [8192] mysql_connect(): The mysql extension is deprecated and will be removed in the future: use mysqli or PDO instead D:\phpstudy\WWW\shop34\ThinkPHP\Library\Think\Db\Driver\Mysql.class.php 第 52 行.
SQL: SHOW COLUMNS FROM `php34_category` [ RunTime:0.018282s ]
SQL: SELECT * FROM `php34_category`  [ RunTime:0.000350s ]
SQL: SHOW COLUMNS FROM `php34_movie` [ RunTime:0.011633s ]
SQL: SELECT `id` FROM `php34_category` WHERE ( `cat_name` = '音乐' ) LIMIT 1   [ RunTime:0.004121s ]
SQL: SELECT * FROM `php34_category`  [ RunTime:0.000267s ]
SQL: SHOW COLUMNS FROM `php34_movie` [ RunTime:0.005787s ]
SQL: SELECT * FROM `php34_movie`  [ RunTime:0.004140s ]
SQL: SELECT * FROM `php34_movie` WHERE ( `category_id` IN ('30','26') )  [ RunTime:0.000427s ]
SQL: SHOW COLUMNS FROM `php34_advert` [ RunTime:0.009918s ]
SQL: SELECT * FROM `php34_advert` ORDER BY id DESC LIMIT 1   [ RunTime:0.000250s ]

[ 2017-09-26T09:52:00+08:00 ] 127.0.0.1 /index.php/Home/App/getyy
INFO: [ app_init ] --START--
INFO: Run Behavior\BuildLiteBehavior [ RunTime:0.000031s ]
INFO: [ app_init ] --END-- [ RunTime:0.001784s ]
INFO: [ app_begin ] --START--
INFO: Run Behavior\ReadHtmlCacheBehavior [ RunTime:0.001065s ]
INFO: [ app_begin ] --END-- [ RunTime:0.001163s ]
NOTIC: [8192] mysql_connect(): The mysql extension is deprecated and will be removed in the future: use mysqli or PDO instead D:\phpstudy\WWW\shop34\ThinkPHP\Library\Think\Db\Driver\Mysql.class.php 第 52 行.
SQL: SHOW COLUMNS FROM `php34_category` [ RunTime:0.005443s ]
SQL: SELECT * FROM `php34_category`  [ RunTime:0.000362s ]
SQL: SHOW COLUMNS FROM `php34_movie` [ RunTime:0.005638s ]
SQL: SELECT `id` FROM `php34_category` WHERE ( `cat_name` = '音乐' ) LIMIT 1   [ RunTime:0.000353s ]
SQL: SELECT * FROM `php34_category`  [ RunTime:0.000165s ]
SQL: SHOW COLUMNS FROM `php34_movie` [ RunTime:0.006643s ]
SQL: SELECT * FROM `php34_movie`  [ RunTime:0.000808s ]
SQL: SELECT * FROM `php34_movie` WHERE ( `category_id` IN ('30','26') )  [ RunTime:0.000462s ]
SQL: SHOW COLUMNS FROM `php34_advert` [ RunTime:0.005312s ]
SQL: SELECT * FROM `php34_advert` ORDER BY id DESC LIMIT 1   [ RunTime:0.000304s ]

[ 2017-09-26T10:22:32+08:00 ] 127.0.0.1 /
INFO: [ app_init ] --START--
INFO: Run Behavior\BuildLiteBehavior [ RunTime:0.000014s ]
INFO: [ app_init ] --END-- [ RunTime:0.000459s ]
INFO: [ app_begin ] --START--
INFO: Run Behavior\ReadHtmlCacheBehavior [ RunTime:0.000830s ]
INFO: [ app_begin ] --END-- [ RunTime:0.000885s ]
NOTIC: [8192] mysql_connect(): The mysql extension is deprecated and will be removed in the future: use mysqli or PDO instead D:\phpstudy\WWW\shop34\ThinkPHP\Library\Think\Db\Driver\Mysql.class.php 第 52 行.
SQL: SHOW COLUMNS FROM `php34_category` [ RunTime:0.005603s ]
SQL: SELECT * FROM `php34_category`  [ RunTime:0.000315s ]
SQL: SHOW COLUMNS FROM `php34_goods` [ RunTime:0.005325s ]
SQL: SELECT `id`,`goods_name`,`promote_price`,`sm_logo` FROM `php34_goods` WHERE ( `is_on_sale` = 1 ) AND ( `is_delete` = 0 ) AND ( `is_promote` = 1 ) AND ( `promote_start_time` <= 1506392552 ) AND ( `promote_end_time` >= 1506392552 ) ORDER BY sort_num asc LIMIT 5   [ RunTime:0.004760s ]
SQL: SELECT `id`,`goods_name`,`shop_price`,`sm_logo` FROM `php34_goods` WHERE ( `is_on_sale` = 1 ) AND ( `is_delete` = 0 ) AND ( `is_hot` = 1 ) ORDER BY sort_num asc LIMIT 5   [ RunTime:0.001047s ]
SQL: SELECT `id`,`goods_name`,`shop_price`,`sm_logo` FROM `php34_goods` WHERE ( `is_on_sale` = 1 ) AND ( `is_delete` = 0 ) AND ( `is_best` = 1 ) ORDER BY sort_num asc LIMIT 5   [ RunTime:0.000475s ]
SQL: SELECT `id`,`goods_name`,`shop_price`,`sm_logo` FROM `php34_goods` WHERE ( `is_on_sale` = 1 ) AND ( `is_delete` = 0 ) AND ( `is_new` = 1 ) ORDER BY sort_num asc LIMIT 5   [ RunTime:0.000256s ]
INFO: [ view_parse ] --START--
INFO: [ template_filter ] --START--
INFO: Run Behavior\ContentReplaceBehavior [ RunTime:0.000044s ]
INFO: [ template_filter ] --END-- [ RunTime:0.000126s ]
INFO: Run Behavior\ParseTemplateBehavior [ RunTime:0.010979s ]
INFO: [ view_parse ] --END-- [ RunTime:0.011058s ]
INFO: [ view_filter ] --START--
INFO: Run Behavior\WriteHtmlCacheBehavior [ RunTime:0.001059s ]
INFO: [ view_filter ] --END-- [ RunTime:0.001106s ]
INFO: [ app_end ] --START--
INFO: Run Behavior\ShowPageTraceBehavior [ RunTime:0.001428s ]
INFO: [ app_end ] --END-- [ RunTime:0.001498s ]

[ 2017-09-26T15:54:21+08:00 ] 127.0.0.1 /index.php/Home/App/getyy
INFO: [ app_init ] --START--
INFO: Run Behavior\BuildLiteBehavior [ RunTime:0.000017s ]
INFO: [ app_init ] --END-- [ RunTime:0.000557s ]
INFO: [ app_begin ] --START--
INFO: Run Behavior\ReadHtmlCacheBehavior [ RunTime:0.001111s ]
INFO: [ app_begin ] --END-- [ RunTime:0.001201s ]
NOTIC: [8192] mysql_connect(): The mysql extension is deprecated and will be removed in the future: use mysqli or PDO instead D:\phpstudy\WWW\shop34\ThinkPHP\Library\Think\Db\Driver\Mysql.class.php 第 52 行.
SQL: SHOW COLUMNS FROM `php34_category` [ RunTime:0.005260s ]
SQL: SELECT * FROM `php34_category`  [ RunTime:0.000305s ]
SQL: SHOW COLUMNS FROM `php34_movie` [ RunTime:0.006261s ]
SQL: SELECT `id` FROM `php34_category` WHERE ( `cat_name` = '音乐' ) LIMIT 1   [ RunTime:0.000357s ]
SQL: SELECT * FROM `php34_category`  [ RunTime:0.000181s ]
SQL: SHOW COLUMNS FROM `php34_movie` [ RunTime:0.005727s ]
SQL: SELECT * FROM `php34_movie`  [ RunTime:0.000892s ]
SQL: SELECT * FROM `php34_movie` WHERE ( `category_id` IN ('30','26') )  [ RunTime:0.000632s ]
SQL: SHOW COLUMNS FROM `php34_advert` [ RunTime:0.006228s ]
SQL: SELECT * FROM `php34_advert` ORDER BY id DESC LIMIT 1   [ RunTime:0.000263s ]

[ 2017-09-26T15:54:36+08:00 ] 127.0.0.1 /index.php
INFO: [ app_init ] --START--
INFO: Run Behavior\BuildLiteBehavior [ RunTime:0.000017s ]
INFO: [ app_init ] --END-- [ RunTime:0.000553s ]
INFO: [ app_begin ] --START--
INFO: Run Behavior\ReadHtmlCacheBehavior [ RunTime:0.000924s ]
INFO: [ app_begin ] --END-- [ RunTime:0.000985s ]
NOTIC: [8192] mysql_connect(): The mysql extension is deprecated and will be removed in the future: use mysqli or PDO instead D:\phpstudy\WWW\shop34\ThinkPHP\Library\Think\Db\Driver\Mysql.class.php 第 52 行.
SQL: SHOW COLUMNS FROM `php34_category` [ RunTime:0.005005s ]
SQL: SELECT * FROM `php34_category`  [ RunTime:0.000406s ]
SQL: SHOW COLUMNS FROM `php34_goods` [ RunTime:0.006274s ]
SQL: SELECT `id`,`goods_name`,`promote_price`,`sm_logo` FROM `php34_goods` WHERE ( `is_on_sale` = 1 ) AND ( `is_delete` = 0 ) AND ( `is_promote` = 1 ) AND ( `promote_start_time` <= 1506412476 ) AND ( `promote_end_time` >= 1506412476 ) ORDER BY sort_num asc LIMIT 5   [ RunTime:0.000576s ]
SQL: SELECT `id`,`goods_name`,`shop_price`,`sm_logo` FROM `php34_goods` WHERE ( `is_on_sale` = 1 ) AND ( `is_delete` = 0 ) AND ( `is_hot` = 1 ) ORDER BY sort_num asc LIMIT 5   [ RunTime:0.000325s ]
SQL: SELECT `id`,`goods_name`,`shop_price`,`sm_logo` FROM `php34_goods` WHERE ( `is_on_sale` = 1 ) AND ( `is_delete` = 0 ) AND ( `is_best` = 1 ) ORDER BY sort_num asc LIMIT 5   [ RunTime:0.000290s ]
SQL: SELECT `id`,`goods_name`,`shop_price`,`sm_logo` FROM `php34_goods` WHERE ( `is_on_sale` = 1 ) AND ( `is_delete` = 0 ) AND ( `is_new` = 1 ) ORDER BY sort_num asc LIMIT 5   [ RunTime:0.000219s ]
INFO: [ view_parse ] --START--
INFO: [ template_filter ] --START--
INFO: Run Behavior\ContentReplaceBehavior [ RunTime:0.000039s ]
INFO: [ template_filter ] --END-- [ RunTime:0.000106s ]
INFO: Run Behavior\ParseTemplateBehavior [ RunTime:0.008498s ]
INFO: [ view_parse ] --END-- [ RunTime:0.008560s ]
INFO: [ view_filter ] --START--
INFO: Run Behavior\WriteHtmlCacheBehavior [ RunTime:0.000608s ]
INFO: [ view_filter ] --END-- [ RunTime:0.000651s ]
INFO: [ app_end ] --START--
INFO: Run Behavior\ShowPageTraceBehavior [ RunTime:0.000823s ]
INFO: [ app_end ] --END-- [ RunTime:0.000871s ]

[ 2017-09-26T15:54:43+08:00 ] 127.0.0.1 /index.php/admin
INFO: [ app_init ] --START--
INFO: Run Behavior\BuildLiteBehavior [ RunTime:0.000028s ]
INFO: [ app_init ] --END-- [ RunTime:0.001028s ]
INFO: [ app_begin ] --START--
INFO: Run Behavior\ReadHtmlCacheBehavior [ RunTime:0.000983s ]
INFO: [ app_begin ] --END-- [ RunTime:0.001058s ]

[ 2017-09-26T15:54:43+08:00 ] 127.0.0.1 /index.php/Admin/Login/login.html
INFO: [ app_init ] --START--
INFO: Run Behavior\BuildLiteBehavior [ RunTime:0.000017s ]
INFO: [ app_init ] --END-- [ RunTime:0.000552s ]
INFO: [ app_begin ] --START--
INFO: Run Behavior\ReadHtmlCacheBehavior [ RunTime:0.000782s ]
INFO: [ app_begin ] --END-- [ RunTime:0.000831s ]
INFO: [ view_parse ] --START--
INFO: [ template_filter ] --START--
INFO: Run Behavior\ContentReplaceBehavior [ RunTime:0.000053s ]
INFO: [ template_filter ] --END-- [ RunTime:0.000125s ]
INFO: Run Behavior\ParseTemplateBehavior [ RunTime:0.010712s ]
INFO: [ view_parse ] --END-- [ RunTime:0.010775s ]
INFO: [ view_filter ] --START--
INFO: Run Behavior\WriteHtmlCacheBehavior [ RunTime:0.000894s ]
INFO: [ view_filter ] --END-- [ RunTime:0.000966s ]
INFO: [ app_end ] --START--
INFO: Run Behavior\ShowPageTraceBehavior [ RunTime:0.000776s ]
INFO: [ app_end ] --END-- [ RunTime:0.000824s ]

[ 2017-09-26T15:54:43+08:00 ] 127.0.0.1 /index.php/Admin/Login/chkcode.html
INFO: [ app_init ] --START--
INFO: Run Behavior\BuildLiteBehavior [ RunTime:0.000019s ]
INFO: [ app_init ] --END-- [ RunTime:0.000632s ]
INFO: [ app_begin ] --START--
INFO: Run Behavior\ReadHtmlCacheBehavior [ RunTime:0.001039s ]
INFO: [ app_begin ] --END-- [ RunTime:0.001119s ]
INFO: [ app_end ] --START--
INFO: Run Behavior\ShowPageTraceBehavior [ RunTime:0.001068s ]
INFO: [ app_end ] --END-- [ RunTime:0.001156s ]

[ 2017-09-26T15:54:49+08:00 ] 127.0.0.1 /index.php/Admin/Login/login.html
INFO: [ app_init ] --START--
INFO: Run Behavior\BuildLiteBehavior [ RunTime:0.000017s ]
INFO: [ app_init ] --END-- [ RunTime:0.000527s ]
INFO: [ app_begin ] --START--
INFO: Run Behavior\ReadHtmlCacheBehavior [ RunTime:0.000893s ]
INFO: [ app_begin ] --END-- [ RunTime:0.000948s ]
NOTIC: [8192] mysql_connect(): The mysql extension is deprecated and will be removed in the future: use mysqli or PDO instead D:\phpstudy\WWW\shop34\ThinkPHP\Library\Think\Db\Driver\Mysql.class.php 第 52 行.
SQL: SHOW COLUMNS FROM `php34_admin` [ RunTime:0.006167s ]
SQL: SELECT * FROM `php34_admin` WHERE ( `username` = 'root' ) LIMIT 1   [ RunTime:0.000520s ]

[ 2017-09-26T15:54:49+08:00 ] 127.0.0.1 /index.php/Admin/Index/index.html
INFO: [ app_init ] --START--
INFO: Run Behavior\BuildLiteBehavior [ RunTime:0.000014s ]
INFO: [ app_init ] --END-- [ RunTime:0.000500s ]
INFO: [ app_begin ] --START--
INFO: Run Behavior\ReadHtmlCacheBehavior [ RunTime:0.000928s ]
INFO: [ app_begin ] --END-- [ RunTime:0.001010s ]
INFO: [ view_parse ] --START--
INFO: [ template_filter ] --START--
INFO: Run Behavior\ContentReplaceBehavior [ RunTime:0.000039s ]
INFO: [ template_filter ] --END-- [ RunTime:0.000108s ]
INFO: Run Behavior\ParseTemplateBehavior [ RunTime:0.010220s ]
INFO: [ view_parse ] --END-- [ RunTime:0.010286s ]
INFO: [ view_filter ] --START--
INFO: Run Behavior\WriteHtmlCacheBehavior [ RunTime:0.000597s ]
INFO: [ view_filter ] --END-- [ RunTime:0.000645s ]
INFO: [ app_end ] --START--
INFO: Run Behavior\ShowPageTraceBehavior [ RunTime:0.000781s ]
INFO: [ app_end ] --END-- [ RunTime:0.000828s ]

[ 2017-09-26T15:54:50+08:00 ] 127.0.0.1 /index.php/Admin/Index/menu.html
INFO: [ app_init ] --START--
INFO: Run Behavior\BuildLiteBehavior [ RunTime:0.000017s ]
INFO: [ app_init ] --END-- [ RunTime:0.000545s ]
INFO: [ app_begin ] --START--
INFO: Run Behavior\ReadHtmlCacheBehavior [ RunTime:0.001085s ]
INFO: [ app_begin ] --END-- [ RunTime:0.001156s ]
NOTIC: [8192] mysql_connect(): The mysql extension is deprecated and will be removed in the future: use mysqli or PDO instead D:\phpstudy\WWW\shop34\ThinkPHP\Library\Think\Db\Driver\Mysql.class.php 第 52 行.
SQL: SELECT * FROM php34_privilege [ RunTime:0.002149s ]
INFO: [ view_parse ] --START--
INFO: [ template_filter ] --START--
INFO: Run Behavior\ContentReplaceBehavior [ RunTime:0.000108s ]
INFO: [ template_filter ] --END-- [ RunTime:0.000192s ]
INFO: Run Behavior\ParseTemplateBehavior [ RunTime:0.012140s ]
INFO: [ view_parse ] --END-- [ RunTime:0.012238s ]
INFO: [ view_filter ] --START--
INFO: Run Behavior\WriteHtmlCacheBehavior [ RunTime:0.000717s ]
INFO: [ view_filter ] --END-- [ RunTime:0.000874s ]
INFO: [ app_end ] --START--
INFO: Run Behavior\ShowPageTraceBehavior [ RunTime:0.001197s ]
INFO: [ app_end ] --END-- [ RunTime:0.001281s ]

[ 2017-09-26T15:54:50+08:00 ] 127.0.0.1 /index.php/Admin/Index/main.html
INFO: [ app_init ] --START--
INFO: Run Behavior\BuildLiteBehavior [ RunTime:0.000021s ]
INFO: [ app_init ] --END-- [ RunTime:0.000608s ]
INFO: [ app_begin ] --START--
INFO: Run Behavior\ReadHtmlCacheBehavior [ RunTime:0.001514s ]
INFO: [ app_begin ] --END-- [ RunTime:0.001593s ]
INFO: [ view_parse ] --START--
NOTIC: [2] file_get_contents(./Application/Admin/View/Index/footer.html): failed to open stream: No such file or directory D:\phpstudy\WWW\shop34\ThinkPHP\Library\Think\Template.class.php 第 696 行.
INFO: [ template_filter ] --START--
INFO: Run Behavior\ContentReplaceBehavior [ RunTime:0.000066s ]
INFO: [ template_filter ] --END-- [ RunTime:0.000142s ]
INFO: Run Behavior\ParseTemplateBehavior [ RunTime:0.022866s ]
INFO: [ view_parse ] --END-- [ RunTime:0.022977s ]
INFO: [ view_filter ] --START--
INFO: Run Behavior\WriteHtmlCacheBehavior [ RunTime:0.001834s ]
INFO: [ view_filter ] --END-- [ RunTime:0.001912s ]
INFO: [ app_end ] --START--
INFO: Run Behavior\ShowPageTraceBehavior [ RunTime:0.001167s ]
INFO: [ app_end ] --END-- [ RunTime:0.001238s ]

[ 2017-09-26T15:54:50+08:00 ] 127.0.0.1 /index.php/Admin/Index/top.html
INFO: [ app_init ] --START--
INFO: Run Behavior\BuildLiteBehavior [ RunTime:0.000018s ]
INFO: [ app_init ] --END-- [ RunTime:0.000628s ]
INFO: [ app_begin ] --START--
INFO: Run Behavior\ReadHtmlCacheBehavior [ RunTime:0.001440s ]
INFO: [ app_begin ] --END-- [ RunTime:0.001524s ]
INFO: [ view_parse ] --START--
INFO: [ template_filter ] --START--
INFO: Run Behavior\ContentReplaceBehavior [ RunTime:0.000132s ]
INFO: [ template_filter ] --END-- [ RunTime:0.011884s ]
INFO: Run Behavior\ParseTemplateBehavior [ RunTime:0.025931s ]
INFO: [ view_parse ] --END-- [ RunTime:0.026032s ]
INFO: [ view_filter ] --START--
INFO: Run Behavior\WriteHtmlCacheBehavior [ RunTime:0.002616s ]
INFO: [ view_filter ] --END-- [ RunTime:0.003171s ]
INFO: [ app_end ] --START--
INFO: Run Behavior\ShowPageTraceBehavior [ RunTime:0.002323s ]
INFO: [ app_end ] --END-- [ RunTime:0.002425s ]

[ 2017-09-26T15:55:04+08:00 ] 127.0.0.1 /index.php/Admin/Type/lst.html
INFO: [ app_init ] --START--
INFO: Run Behavior\BuildLiteBehavior [ RunTime:0.000017s ]
INFO: [ app_init ] --END-- [ RunTime:0.000544s ]
INFO: [ app_begin ] --START--
INFO: Run Behavior\ReadHtmlCacheBehavior [ RunTime:0.000804s ]
INFO: [ app_begin ] --END-- [ RunTime:0.000857s ]
NOTIC: [8192] mysql_connect(): The mysql extension is deprecated and will be removed in the future: use mysqli or PDO instead D:\phpstudy\WWW\shop34\ThinkPHP\Library\Think\Db\Driver\Mysql.class.php 第 52 行.
SQL: SELECT COUNT(*) has FROM php34_privilege WHERE module_name="Admin" AND controller_name="Type" AND action_name="lst" [ RunTime:0.000311s ]
SQL: SHOW COLUMNS FROM `php34_type` [ RunTime:0.005357s ]
SQL: SELECT COUNT(*) AS tp_count FROM php34_type a LIMIT 1   [ RunTime:0.000385s ]
SQL: SELECT * FROM php34_type a GROUP BY a.type_id LIMIT 0,20   [ RunTime:0.000605s ]
INFO: [ view_parse ] --START--
INFO: [ template_filter ] --START--
INFO: Run Behavior\ContentReplaceBehavior [ RunTime:0.000066s ]
INFO: [ template_filter ] --END-- [ RunTime:0.000141s ]
INFO: Run Behavior\ParseTemplateBehavior [ RunTime:0.012500s ]
INFO: [ view_parse ] --END-- [ RunTime:0.012571s ]
INFO: [ view_filter ] --START--
INFO: Run Behavior\WriteHtmlCacheBehavior [ RunTime:0.000615s ]
INFO: [ view_filter ] --END-- [ RunTime:0.000666s ]
INFO: [ app_end ] --START--
INFO: Run Behavior\ShowPageTraceBehavior [ RunTime:0.001004s ]
INFO: [ app_end ] --END-- [ RunTime:0.001064s ]

[ 2017-09-26T15:55:10+08:00 ] 127.0.0.1 /index.php/Admin/Movie/lst.html
INFO: [ app_init ] --START--
INFO: Run Behavior\BuildLiteBehavior [ RunTime:0.000019s ]
INFO: [ app_init ] --END-- [ RunTime:0.000546s ]
INFO: [ app_begin ] --START--
INFO: Run Behavior\ReadHtmlCacheBehavior [ RunTime:0.000880s ]
INFO: [ app_begin ] --END-- [ RunTime:0.000944s ]
NOTIC: [8192] mysql_connect(): The mysql extension is deprecated and will be removed in the future: use mysqli or PDO instead D:\phpstudy\WWW\shop34\ThinkPHP\Library\Think\Db\Driver\Mysql.class.php 第 52 行.
SQL: SELECT COUNT(*) has FROM php34_privilege WHERE module_name="Admin" AND controller_name="Movie" AND action_name="lst" [ RunTime:0.000288s ]
SQL: SHOW COLUMNS FROM `php34_movie` [ RunTime:0.005188s ]
SQL: SELECT COUNT(*) AS tp_count FROM php34_movie a WHERE ( `is_delete` = 0 ) LIMIT 1   [ RunTime:0.000469s ]
SQL: SELECT * FROM `php34_movie` WHERE ( `is_delete` = 0 ) ORDER BY id desc LIMIT 0,2   [ RunTime:0.000604s ]
INFO: [ view_parse ] --START--
INFO: [ template_filter ] --START--
INFO: Run Behavior\ContentReplaceBehavior [ RunTime:0.000073s ]
INFO: [ template_filter ] --END-- [ RunTime:0.000139s ]
INFO: Run Behavior\ParseTemplateBehavior [ RunTime:0.012821s ]
INFO: [ view_parse ] --END-- [ RunTime:0.012876s ]
INFO: [ view_filter ] --START--
INFO: Run Behavior\WriteHtmlCacheBehavior [ RunTime:0.000562s ]
INFO: [ view_filter ] --END-- [ RunTime:0.000604s ]
INFO: [ app_end ] --START--
INFO: Run Behavior\ShowPageTraceBehavior [ RunTime:0.000728s ]
INFO: [ app_end ] --END-- [ RunTime:0.000771s ]

[ 2017-09-26T15:58:00+08:00 ] 127.0.0.1 /index.php/Admin/Category/lst.html
INFO: [ app_init ] --START--
INFO: Run Behavior\BuildLiteBehavior [ RunTime:0.000014s ]
INFO: [ app_init ] --END-- [ RunTime:0.000504s ]
INFO: [ app_begin ] --START--
INFO: Run Behavior\ReadHtmlCacheBehavior [ RunTime:0.001107s ]
INFO: [ app_begin ] --END-- [ RunTime:0.001201s ]
NOTIC: [8192] mysql_connect(): The mysql extension is deprecated and will be removed in the future: use mysqli or PDO instead D:\phpstudy\WWW\shop34\ThinkPHP\Library\Think\Db\Driver\Mysql.class.php 第 52 行.
SQL: SELECT COUNT(*) has FROM php34_privilege WHERE module_name="Admin" AND controller_name="Category" AND action_name="lst" [ RunTime:0.000271s ]
SQL: SHOW COLUMNS FROM `php34_category` [ RunTime:0.005119s ]
SQL: SELECT * FROM `php34_category`  [ RunTime:0.000381s ]
INFO: [ view_parse ] --START--
INFO: [ template_filter ] --START--
INFO: Run Behavior\ContentReplaceBehavior [ RunTime:0.000064s ]
INFO: [ template_filter ] --END-- [ RunTime:0.000136s ]
INFO: Run Behavior\ParseTemplateBehavior [ RunTime:0.012133s ]
INFO: [ view_parse ] --END-- [ RunTime:0.012207s ]
INFO: [ view_filter ] --START--
INFO: Run Behavior\WriteHtmlCacheBehavior [ RunTime:0.000576s ]
INFO: [ view_filter ] --END-- [ RunTime:0.000623s ]
INFO: [ app_end ] --START--
INFO: Run Behavior\ShowPageTraceBehavior [ RunTime:0.000803s ]
INFO: [ app_end ] --END-- [ RunTime:0.000851s ]

[ 2017-09-26T15:58:04+08:00 ] 127.0.0.1 /index.php/Admin/Movie/lst.html
INFO: [ app_init ] --START--
INFO: Run Behavior\BuildLiteBehavior [ RunTime:0.000021s ]
INFO: [ app_init ] --END-- [ RunTime:0.000649s ]
INFO: [ app_begin ] --START--
INFO: Run Behavior\ReadHtmlCacheBehavior [ RunTime:0.000975s ]
INFO: [ app_begin ] --END-- [ RunTime:0.001057s ]
NOTIC: [8192] mysql_connect(): The mysql extension is deprecated and will be removed in the future: use mysqli or PDO instead D:\phpstudy\WWW\shop34\ThinkPHP\Library\Think\Db\Driver\Mysql.class.php 第 52 行.
SQL: SELECT COUNT(*) has FROM php34_privilege WHERE module_name="Admin" AND controller_name="Movie" AND action_name="lst" [ RunTime:0.000308s ]
SQL: SHOW COLUMNS FROM `php34_movie` [ RunTime:0.006010s ]
SQL: SELECT COUNT(*) AS tp_count FROM php34_movie a WHERE ( `is_delete` = 0 ) LIMIT 1   [ RunTime:0.000402s ]
SQL: SELECT * FROM `php34_movie` WHERE ( `is_delete` = 0 ) ORDER BY id desc LIMIT 0,2   [ RunTime:0.000471s ]
INFO: [ view_parse ] --START--
INFO: [ template_filter ] --START--
INFO: Run Behavior\ContentReplaceBehavior [ RunTime:0.000074s ]
INFO: [ template_filter ] --END-- [ RunTime:0.000144s ]
INFO: Run Behavior\ParseTemplateBehavior [ RunTime:0.012208s ]
INFO: [ view_parse ] --END-- [ RunTime:0.012301s ]
INFO: [ view_filter ] --START--
INFO: Run Behavior\WriteHtmlCacheBehavior [ RunTime:0.000577s ]
INFO: [ view_filter ] --END-- [ RunTime:0.000621s ]
INFO: [ app_end ] --START--
INFO: Run Behavior\ShowPageTraceBehavior [ RunTime:0.000756s ]
INFO: [ app_end ] --END-- [ RunTime:0.000800s ]

[ 2017-09-26T15:58:06+08:00 ] 127.0.0.1 /index.php/Admin/Movie/lst.html
INFO: [ app_init ] --START--
INFO: Run Behavior\BuildLiteBehavior [ RunTime:0.000020s ]
INFO: [ app_init ] --END-- [ RunTime:0.000545s ]
INFO: [ app_begin ] --START--
INFO: Run Behavior\ReadHtmlCacheBehavior [ RunTime:0.000853s ]
INFO: [ app_begin ] --END-- [ RunTime:0.000921s ]
NOTIC: [8192] mysql_connect(): The mysql extension is deprecated and will be removed in the future: use mysqli or PDO instead D:\phpstudy\WWW\shop34\ThinkPHP\Library\Think\Db\Driver\Mysql.class.php 第 52 行.
SQL: SELECT COUNT(*) has FROM php34_privilege WHERE module_name="Admin" AND controller_name="Movie" AND action_name="lst" [ RunTime:0.000315s ]
SQL: SHOW COLUMNS FROM `php34_movie` [ RunTime:0.005918s ]
SQL: SELECT COUNT(*) AS tp_count FROM php34_movie a WHERE ( `is_delete` = 0 ) LIMIT 1   [ RunTime:0.000349s ]
SQL: SELECT * FROM `php34_movie` WHERE ( `is_delete` = 0 ) ORDER BY id desc LIMIT 0,2   [ RunTime:0.000837s ]
INFO: [ view_parse ] --START--
INFO: [ template_filter ] --START--
INFO: Run Behavior\ContentReplaceBehavior [ RunTime:0.000069s ]
INFO: [ template_filter ] --END-- [ RunTime:0.000132s ]
INFO: Run Behavior\ParseTemplateBehavior [ RunTime:0.011016s ]
INFO: [ view_parse ] --END-- [ RunTime:0.011076s ]
INFO: [ view_filter ] --START--
INFO: Run Behavior\WriteHtmlCacheBehavior [ RunTime:0.000544s ]
INFO: [ view_filter ] --END-- [ RunTime:0.000589s ]
INFO: [ app_end ] --START--
INFO: Run Behavior\ShowPageTraceBehavior [ RunTime:0.001035s ]
INFO: [ app_end ] --END-- [ RunTime:0.001091s ]

