[ 2017-09-10T11:27:59+08:00 ] 127.0.0.1 /index.php/Admin/Movie/add.html
INFO: [ app_init ] --START--
INFO: Run Behavior\BuildLiteBehavior [ RunTime:0.000019s ]
INFO: [ app_init ] --END-- [ RunTime:0.012358s ]
INFO: [ app_begin ] --START--
INFO: Run Behavior\ReadHtmlCacheBehavior [ RunTime:0.001773s ]
INFO: [ app_begin ] --END-- [ RunTime:0.001861s ]

[ 2017-09-10T11:27:59+08:00 ] 127.0.0.1 /index.php/Admin/Login/login.html
INFO: [ app_init ] --START--
INFO: Run Behavior\BuildLiteBehavior [ RunTime:0.000014s ]
INFO: [ app_init ] --END-- [ RunTime:0.000553s ]
INFO: [ app_begin ] --START--
INFO: Run Behavior\ReadHtmlCacheBehavior [ RunTime:0.000664s ]
INFO: [ app_begin ] --END-- [ RunTime:0.000721s ]
INFO: [ view_parse ] --START--
INFO: [ template_filter ] --START--
INFO: Run Behavior\ContentReplaceBehavior [ RunTime:0.000101s ]
INFO: [ template_filter ] --END-- [ RunTime:0.000241s ]
INFO: Run Behavior\ParseTemplateBehavior [ RunTime:0.053459s ]
INFO: [ view_parse ] --END-- [ RunTime:0.053583s ]
INFO: [ view_filter ] --START--
INFO: Run Behavior\WriteHtmlCacheBehavior [ RunTime:0.002276s ]
INFO: [ view_filter ] --END-- [ RunTime:0.002416s ]
INFO: [ app_end ] --START--
INFO: Run Behavior\ShowPageTraceBehavior [ RunTime:0.002451s ]
INFO: [ app_end ] --END-- [ RunTime:0.002592s ]

[ 2017-09-10T11:27:59+08:00 ] 127.0.0.1 /index.php/Admin/Login/chkcode.html
INFO: [ app_init ] --START--
INFO: Run Behavior\BuildLiteBehavior [ RunTime:0.000018s ]
INFO: [ app_init ] --END-- [ RunTime:0.000739s ]
INFO: [ app_begin ] --START--
INFO: Run Behavior\ReadHtmlCacheBehavior [ RunTime:0.000739s ]
INFO: [ app_begin ] --END-- [ RunTime:0.000812s ]
INFO: [ app_end ] --START--
INFO: Run Behavior\ShowPageTraceBehavior [ RunTime:0.000983s ]
INFO: [ app_end ] --END-- [ RunTime:0.001110s ]

[ 2017-09-10T11:28:14+08:00 ] 127.0.0.1 /index.php/Admin/Login/login.html
INFO: [ app_init ] --START--
INFO: Run Behavior\BuildLiteBehavior [ RunTime:0.000015s ]
INFO: [ app_init ] --END-- [ RunTime:0.000616s ]
INFO: [ app_begin ] --START--
INFO: Run Behavior\ReadHtmlCacheBehavior [ RunTime:0.001003s ]
INFO: [ app_begin ] --END-- [ RunTime:0.001071s ]
SQL: SHOW COLUMNS FROM `php34_admin` [ RunTime:0.011408s ]
SQL: SELECT * FROM `php34_admin` WHERE ( `username` = 'root' ) LIMIT 1   [ RunTime:0.001776s ]

[ 2017-09-10T11:28:14+08:00 ] 127.0.0.1 /index.php/Admin/Index/index.html
INFO: [ app_init ] --START--
INFO: Run Behavior\BuildLiteBehavior [ RunTime:0.000015s ]
INFO: [ app_init ] --END-- [ RunTime:0.000677s ]
INFO: [ app_begin ] --START--
INFO: Run Behavior\ReadHtmlCacheBehavior [ RunTime:0.000690s ]
INFO: [ app_begin ] --END-- [ RunTime:0.000749s ]
INFO: [ view_parse ] --START--
INFO: [ template_filter ] --START--
INFO: Run Behavior\ContentReplaceBehavior [ RunTime:0.000055s ]
INFO: [ template_filter ] --END-- [ RunTime:0.000123s ]
INFO: Run Behavior\ParseTemplateBehavior [ RunTime:0.068553s ]
INFO: [ view_parse ] --END-- [ RunTime:0.068648s ]
INFO: [ view_filter ] --START--
INFO: Run Behavior\WriteHtmlCacheBehavior [ RunTime:0.000648s ]
INFO: [ view_filter ] --END-- [ RunTime:0.000700s ]
INFO: [ app_end ] --START--
INFO: Run Behavior\ShowPageTraceBehavior [ RunTime:0.001013s ]
INFO: [ app_end ] --END-- [ RunTime:0.001071s ]

[ 2017-09-10T11:28:14+08:00 ] 127.0.0.1 /index.php/Admin/Index/top.html
INFO: [ app_init ] --START--
INFO: Run Behavior\BuildLiteBehavior [ RunTime:0.000025s ]
INFO: [ app_init ] --END-- [ RunTime:0.000721s ]
INFO: [ app_begin ] --START--
INFO: Run Behavior\ReadHtmlCacheBehavior [ RunTime:0.000919s ]
INFO: [ app_begin ] --END-- [ RunTime:0.001021s ]
INFO: [ view_parse ] --START--
INFO: [ template_filter ] --START--
INFO: Run Behavior\ContentReplaceBehavior [ RunTime:0.000054s ]
INFO: [ template_filter ] --END-- [ RunTime:0.000124s ]
INFO: Run Behavior\ParseTemplateBehavior [ RunTime:0.035897s ]
INFO: [ view_parse ] --END-- [ RunTime:0.035995s ]
INFO: [ view_filter ] --START--
INFO: Run Behavior\WriteHtmlCacheBehavior [ RunTime:0.000828s ]
INFO: [ view_filter ] --END-- [ RunTime:0.000902s ]
INFO: [ app_end ] --START--
INFO: Run Behavior\ShowPageTraceBehavior [ RunTime:0.001218s ]
INFO: [ app_end ] --END-- [ RunTime:0.001358s ]

[ 2017-09-10T11:28:14+08:00 ] 127.0.0.1 /index.php/Admin/Index/main.html
INFO: [ app_init ] --START--
INFO: Run Behavior\BuildLiteBehavior [ RunTime:0.000018s ]
INFO: [ app_init ] --END-- [ RunTime:0.000695s ]
INFO: [ app_begin ] --START--
INFO: Run Behavior\ReadHtmlCacheBehavior [ RunTime:0.000749s ]
INFO: [ app_begin ] --END-- [ RunTime:0.000817s ]
INFO: [ view_parse ] --START--
NOTIC: [2] file_get_contents(./Application/Admin/View/Index/footer.html) [<a href='function.file-get-contents'>function.file-get-contents</a>]: failed to open stream: No such file or directory E:\PHP\apache\htdocs\shop34\ThinkPHP\Library\Think\Template.class.php 第 696 行.
INFO: [ template_filter ] --START--
INFO: Run Behavior\ContentReplaceBehavior [ RunTime:0.000050s ]
INFO: [ template_filter ] --END-- [ RunTime:0.000115s ]
INFO: Run Behavior\ParseTemplateBehavior [ RunTime:0.039828s ]
INFO: [ view_parse ] --END-- [ RunTime:0.040028s ]
INFO: [ view_filter ] --START--
INFO: Run Behavior\WriteHtmlCacheBehavior [ RunTime:0.000549s ]
INFO: [ view_filter ] --END-- [ RunTime:0.000606s ]
INFO: [ app_end ] --START--
INFO: Run Behavior\ShowPageTraceBehavior [ RunTime:0.000812s ]
INFO: [ app_end ] --END-- [ RunTime:0.000877s ]

[ 2017-09-10T11:28:14+08:00 ] 127.0.0.1 /index.php/Admin/Index/menu.html
INFO: [ app_init ] --START--
INFO: Run Behavior\BuildLiteBehavior [ RunTime:0.000019s ]
INFO: [ app_init ] --END-- [ RunTime:0.001045s ]
INFO: [ app_begin ] --START--
INFO: Run Behavior\ReadHtmlCacheBehavior [ RunTime:0.000793s ]
INFO: [ app_begin ] --END-- [ RunTime:0.000900s ]
SQL: SELECT * FROM php34_privilege [ RunTime:0.037723s ]
INFO: [ view_parse ] --START--
INFO: [ template_filter ] --START--
INFO: Run Behavior\ContentReplaceBehavior [ RunTime:0.000080s ]
INFO: [ template_filter ] --END-- [ RunTime:0.000161s ]
INFO: Run Behavior\ParseTemplateBehavior [ RunTime:0.013107s ]
INFO: [ view_parse ] --END-- [ RunTime:0.013191s ]
INFO: [ view_filter ] --START--
INFO: Run Behavior\WriteHtmlCacheBehavior [ RunTime:0.000540s ]
INFO: [ view_filter ] --END-- [ RunTime:0.000608s ]
INFO: [ app_end ] --START--
INFO: Run Behavior\ShowPageTraceBehavior [ RunTime:0.001089s ]
INFO: [ app_end ] --END-- [ RunTime:0.001321s ]

[ 2017-09-10T11:28:56+08:00 ] 127.0.0.1 /index.php/Admin/Movie/lst.html
INFO: [ app_init ] --START--
INFO: Run Behavior\BuildLiteBehavior [ RunTime:0.000029s ]
INFO: [ app_init ] --END-- [ RunTime:0.000476s ]
INFO: [ app_begin ] --START--
INFO: Run Behavior\ReadHtmlCacheBehavior [ RunTime:0.000675s ]
INFO: [ app_begin ] --END-- [ RunTime:0.000741s ]
SQL: SELECT COUNT(*) has FROM php34_privilege WHERE module_name="Admin" AND controller_name="Movie" AND action_name="lst" [ RunTime:0.000610s ]
SQL: SHOW COLUMNS FROM `php34_movie` [ RunTime:0.111592s ]
SQL: SELECT COUNT(*) AS tp_count FROM php34_movie a WHERE ( `is_delete` = 0 ) LIMIT 1   [ RunTime:0.000592s ]
SQL: SELECT * FROM `php34_movie` WHERE ( `is_delete` = 0 ) ORDER BY id desc LIMIT 0,2   [ RunTime:0.000655s ]
INFO: [ view_parse ] --START--
INFO: [ template_filter ] --START--
INFO: Run Behavior\ContentReplaceBehavior [ RunTime:0.000068s ]
INFO: [ template_filter ] --END-- [ RunTime:0.000135s ]
INFO: Run Behavior\ParseTemplateBehavior [ RunTime:0.028089s ]
INFO: [ view_parse ] --END-- [ RunTime:0.028270s ]
INFO: [ view_filter ] --START--
INFO: Run Behavior\WriteHtmlCacheBehavior [ RunTime:0.000555s ]
INFO: [ view_filter ] --END-- [ RunTime:0.000618s ]
INFO: [ app_end ] --START--
INFO: Run Behavior\ShowPageTraceBehavior [ RunTime:0.000678s ]
INFO: [ app_end ] --END-- [ RunTime:0.000748s ]

[ 2017-09-10T14:28:31+08:00 ] 127.0.0.1 /index.php/Admin/Index/index.html
INFO: [ app_init ] --START--
INFO: Run Behavior\BuildLiteBehavior [ RunTime:0.000033s ]
INFO: [ app_init ] --END-- [ RunTime:0.000540s ]
INFO: [ app_begin ] --START--
INFO: Run Behavior\ReadHtmlCacheBehavior [ RunTime:0.000763s ]
INFO: [ app_begin ] --END-- [ RunTime:0.000841s ]
INFO: [ view_parse ] --START--
INFO: [ template_filter ] --START--
INFO: Run Behavior\ContentReplaceBehavior [ RunTime:0.000037s ]
INFO: [ template_filter ] --END-- [ RunTime:0.000099s ]
INFO: Run Behavior\ParseTemplateBehavior [ RunTime:0.006955s ]
INFO: [ view_parse ] --END-- [ RunTime:0.007030s ]
INFO: [ view_filter ] --START--
INFO: Run Behavior\WriteHtmlCacheBehavior [ RunTime:0.000663s ]
INFO: [ view_filter ] --END-- [ RunTime:0.000720s ]
INFO: [ app_end ] --START--
INFO: Run Behavior\ShowPageTraceBehavior [ RunTime:0.000814s ]
INFO: [ app_end ] --END-- [ RunTime:0.000875s ]

[ 2017-09-10T14:28:31+08:00 ] 127.0.0.1 /index.php/Admin/Index/top.html
INFO: [ app_init ] --START--
INFO: Run Behavior\BuildLiteBehavior [ RunTime:0.000024s ]
INFO: [ app_init ] --END-- [ RunTime:0.000779s ]
INFO: [ app_begin ] --START--
INFO: Run Behavior\ReadHtmlCacheBehavior [ RunTime:0.001122s ]
INFO: [ app_begin ] --END-- [ RunTime:0.001239s ]
INFO: [ view_parse ] --START--
INFO: [ template_filter ] --START--
INFO: Run Behavior\ContentReplaceBehavior [ RunTime:0.000098s ]
INFO: [ template_filter ] --END-- [ RunTime:0.000212s ]
INFO: Run Behavior\ParseTemplateBehavior [ RunTime:0.010616s ]
INFO: [ view_parse ] --END-- [ RunTime:0.010785s ]
INFO: [ view_filter ] --START--
INFO: Run Behavior\WriteHtmlCacheBehavior [ RunTime:0.000631s ]
INFO: [ view_filter ] --END-- [ RunTime:0.000727s ]
INFO: [ app_end ] --START--
INFO: Run Behavior\ShowPageTraceBehavior [ RunTime:0.001087s ]
INFO: [ app_end ] --END-- [ RunTime:0.001192s ]

[ 2017-09-10T14:28:31+08:00 ] 127.0.0.1 /index.php/Admin/Index/menu.html
INFO: [ app_init ] --START--
INFO: Run Behavior\BuildLiteBehavior [ RunTime:0.000023s ]
INFO: [ app_init ] --END-- [ RunTime:0.000788s ]
INFO: [ app_begin ] --START--
INFO: Run Behavior\ReadHtmlCacheBehavior [ RunTime:0.001535s ]
INFO: [ app_begin ] --END-- [ RunTime:0.001648s ]
SQL: SELECT * FROM php34_privilege [ RunTime:0.000442s ]
INFO: [ view_parse ] --START--
INFO: [ template_filter ] --START--
INFO: Run Behavior\ContentReplaceBehavior [ RunTime:0.000118s ]
INFO: [ template_filter ] --END-- [ RunTime:0.000219s ]
INFO: Run Behavior\ParseTemplateBehavior [ RunTime:0.010460s ]
INFO: [ view_parse ] --END-- [ RunTime:0.010555s ]
INFO: [ view_filter ] --START--
INFO: Run Behavior\WriteHtmlCacheBehavior [ RunTime:0.000962s ]
INFO: [ view_filter ] --END-- [ RunTime:0.001054s ]
INFO: [ app_end ] --START--
INFO: Run Behavior\ShowPageTraceBehavior [ RunTime:0.001269s ]
INFO: [ app_end ] --END-- [ RunTime:0.001384s ]

[ 2017-09-10T14:28:31+08:00 ] 127.0.0.1 /index.php/Admin/Index/main.html
INFO: [ app_init ] --START--
INFO: Run Behavior\BuildLiteBehavior [ RunTime:0.000025s ]
INFO: [ app_init ] --END-- [ RunTime:0.000843s ]
INFO: [ app_begin ] --START--
INFO: Run Behavior\ReadHtmlCacheBehavior [ RunTime:0.001147s ]
INFO: [ app_begin ] --END-- [ RunTime:0.001255s ]
INFO: [ view_parse ] --START--
NOTIC: [2] file_get_contents(./Application/Admin/View/Index/footer.html) [<a href='function.file-get-contents'>function.file-get-contents</a>]: failed to open stream: No such file or directory E:\PHP\apache\htdocs\shop34\ThinkPHP\Library\Think\Template.class.php 第 696 行.
INFO: [ template_filter ] --START--
INFO: Run Behavior\ContentReplaceBehavior [ RunTime:0.000079s ]
INFO: [ template_filter ] --END-- [ RunTime:0.000190s ]
INFO: Run Behavior\ParseTemplateBehavior [ RunTime:0.014563s ]
INFO: [ view_parse ] --END-- [ RunTime:0.014750s ]
INFO: [ view_filter ] --START--
INFO: Run Behavior\WriteHtmlCacheBehavior [ RunTime:0.002895s ]
INFO: [ view_filter ] --END-- [ RunTime:0.002997s ]
INFO: [ app_end ] --START--
INFO: Run Behavior\ShowPageTraceBehavior [ RunTime:0.001277s ]
INFO: [ app_end ] --END-- [ RunTime:0.001373s ]

[ 2017-09-10T14:39:40+08:00 ] 127.0.0.1 /index.php/Admin/Index/index.html
INFO: [ app_init ] --START--
INFO: Run Behavior\BuildLiteBehavior [ RunTime:0.000015s ]
INFO: [ app_init ] --END-- [ RunTime:0.000637s ]
INFO: [ app_begin ] --START--
INFO: Run Behavior\ReadHtmlCacheBehavior [ RunTime:0.000974s ]
INFO: [ app_begin ] --END-- [ RunTime:0.001074s ]
INFO: [ view_parse ] --START--
INFO: [ template_filter ] --START--
INFO: Run Behavior\ContentReplaceBehavior [ RunTime:0.000043s ]
INFO: [ template_filter ] --END-- [ RunTime:0.000117s ]
INFO: Run Behavior\ParseTemplateBehavior [ RunTime:0.007168s ]
INFO: [ view_parse ] --END-- [ RunTime:0.007240s ]
INFO: [ view_filter ] --START--
INFO: Run Behavior\WriteHtmlCacheBehavior [ RunTime:0.000598s ]
INFO: [ view_filter ] --END-- [ RunTime:0.000651s ]
INFO: [ app_end ] --START--
INFO: Run Behavior\ShowPageTraceBehavior [ RunTime:0.000845s ]
INFO: [ app_end ] --END-- [ RunTime:0.000901s ]

[ 2017-09-10T14:39:40+08:00 ] 127.0.0.1 /index.php/Admin/Index/top.html
INFO: [ app_init ] --START--
INFO: Run Behavior\BuildLiteBehavior [ RunTime:0.000022s ]
INFO: [ app_init ] --END-- [ RunTime:0.000755s ]
INFO: [ app_begin ] --START--
INFO: Run Behavior\ReadHtmlCacheBehavior [ RunTime:0.001025s ]
INFO: [ app_begin ] --END-- [ RunTime:0.001157s ]
INFO: [ view_parse ] --START--
INFO: [ template_filter ] --START--
INFO: Run Behavior\ContentReplaceBehavior [ RunTime:0.000111s ]
INFO: [ template_filter ] --END-- [ RunTime:0.000216s ]
INFO: Run Behavior\ParseTemplateBehavior [ RunTime:0.009671s ]
INFO: [ view_parse ] --END-- [ RunTime:0.009776s ]
INFO: [ view_filter ] --START--
INFO: Run Behavior\WriteHtmlCacheBehavior [ RunTime:0.000504s ]
INFO: [ view_filter ] --END-- [ RunTime:0.000590s ]
INFO: [ app_end ] --START--
INFO: Run Behavior\ShowPageTraceBehavior [ RunTime:0.001097s ]
INFO: [ app_end ] --END-- [ RunTime:0.001189s ]

[ 2017-09-10T14:39:40+08:00 ] 127.0.0.1 /index.php/Admin/Index/main.html
INFO: [ app_init ] --START--
INFO: Run Behavior\BuildLiteBehavior [ RunTime:0.000022s ]
INFO: [ app_init ] --END-- [ RunTime:0.000671s ]
INFO: [ app_begin ] --START--
INFO: Run Behavior\ReadHtmlCacheBehavior [ RunTime:0.001233s ]
INFO: [ app_begin ] --END-- [ RunTime:0.001495s ]
INFO: [ view_parse ] --START--
NOTIC: [2] file_get_contents(./Application/Admin/View/Index/footer.html) [<a href='function.file-get-contents'>function.file-get-contents</a>]: failed to open stream: No such file or directory E:\PHP\apache\htdocs\shop34\ThinkPHP\Library\Think\Template.class.php 第 696 行.
INFO: [ template_filter ] --START--
INFO: Run Behavior\ContentReplaceBehavior [ RunTime:0.000129s ]
INFO: [ template_filter ] --END-- [ RunTime:0.000320s ]
INFO: Run Behavior\ParseTemplateBehavior [ RunTime:0.015622s ]
INFO: [ view_parse ] --END-- [ RunTime:0.015749s ]
INFO: [ view_filter ] --START--
INFO: Run Behavior\WriteHtmlCacheBehavior [ RunTime:0.000749s ]
INFO: [ view_filter ] --END-- [ RunTime:0.000815s ]
INFO: [ app_end ] --START--
INFO: Run Behavior\ShowPageTraceBehavior [ RunTime:0.001249s ]
INFO: [ app_end ] --END-- [ RunTime:0.001450s ]

[ 2017-09-10T14:39:40+08:00 ] 127.0.0.1 /index.php/Admin/Index/menu.html
INFO: [ app_init ] --START--
INFO: Run Behavior\BuildLiteBehavior [ RunTime:0.000024s ]
INFO: [ app_init ] --END-- [ RunTime:0.000849s ]
INFO: [ app_begin ] --START--
INFO: Run Behavior\ReadHtmlCacheBehavior [ RunTime:0.001143s ]
INFO: [ app_begin ] --END-- [ RunTime:0.001301s ]
SQL: SELECT * FROM php34_privilege [ RunTime:0.000406s ]
INFO: [ view_parse ] --START--
INFO: [ template_filter ] --START--
INFO: Run Behavior\ContentReplaceBehavior [ RunTime:0.000076s ]
INFO: [ template_filter ] --END-- [ RunTime:0.000144s ]
INFO: Run Behavior\ParseTemplateBehavior [ RunTime:0.012521s ]
INFO: [ view_parse ] --END-- [ RunTime:0.012601s ]
INFO: [ view_filter ] --START--
INFO: Run Behavior\WriteHtmlCacheBehavior [ RunTime:0.000617s ]
INFO: [ view_filter ] --END-- [ RunTime:0.000674s ]
INFO: [ app_end ] --START--
INFO: Run Behavior\ShowPageTraceBehavior [ RunTime:0.001331s ]
INFO: [ app_end ] --END-- [ RunTime:0.001426s ]

[ 2017-09-10T14:39:43+08:00 ] 127.0.0.1 /index.php/Admin/Movie/lst.html
INFO: [ app_init ] --START--
INFO: Run Behavior\BuildLiteBehavior [ RunTime:0.000040s ]
INFO: [ app_init ] --END-- [ RunTime:0.001441s ]
INFO: [ app_begin ] --START--
INFO: Run Behavior\ReadHtmlCacheBehavior [ RunTime:0.001795s ]
INFO: [ app_begin ] --END-- [ RunTime:0.001968s ]
SQL: SELECT COUNT(*) has FROM php34_privilege WHERE module_name="Admin" AND controller_name="Movie" AND action_name="lst" [ RunTime:0.000950s ]
SQL: SHOW COLUMNS FROM `php34_movie` [ RunTime:0.012767s ]
SQL: SELECT COUNT(*) AS tp_count FROM php34_movie a WHERE ( `is_delete` = 0 ) LIMIT 1   [ RunTime:0.000534s ]
SQL: SELECT * FROM `php34_movie` WHERE ( `is_delete` = 0 ) ORDER BY id desc LIMIT 0,2   [ RunTime:0.000657s ]
INFO: [ view_parse ] --START--
INFO: [ template_filter ] --START--
INFO: Run Behavior\ContentReplaceBehavior [ RunTime:0.000090s ]
INFO: [ template_filter ] --END-- [ RunTime:0.000168s ]

[ 2017-09-10T14:55:09+08:00 ] 127.0.0.1 /index.php/Admin/Category/lst.html
INFO: [ app_init ] --START--
INFO: Run Behavior\BuildLiteBehavior [ RunTime:0.000022s ]
INFO: [ app_init ] --END-- [ RunTime:0.000816s ]
INFO: [ app_begin ] --START--
INFO: Run Behavior\ReadHtmlCacheBehavior [ RunTime:0.001490s ]
INFO: [ app_begin ] --END-- [ RunTime:0.001600s ]
SQL: SELECT COUNT(*) has FROM php34_privilege WHERE module_name="Admin" AND controller_name="Category" AND action_name="lst" [ RunTime:0.003474s ]
SQL: SHOW COLUMNS FROM `php34_category` [ RunTime:0.049361s ]
SQL: SELECT * FROM `php34_category`  [ RunTime:0.000610s ]
INFO: [ view_parse ] --START--
INFO: [ template_filter ] --START--
INFO: Run Behavior\ContentReplaceBehavior [ RunTime:0.000050s ]
INFO: [ template_filter ] --END-- [ RunTime:0.000113s ]
INFO: Run Behavior\ParseTemplateBehavior [ RunTime:0.024033s ]
INFO: [ view_parse ] --END-- [ RunTime:0.024165s ]
INFO: [ view_filter ] --START--
INFO: Run Behavior\WriteHtmlCacheBehavior [ RunTime:0.000567s ]
INFO: [ view_filter ] --END-- [ RunTime:0.000618s ]
INFO: [ app_end ] --START--
INFO: Run Behavior\ShowPageTraceBehavior [ RunTime:0.000821s ]
INFO: [ app_end ] --END-- [ RunTime:0.000874s ]

[ 2017-09-10T14:55:10+08:00 ] 127.0.0.1 /index.php/Admin/Movie/lst.html
INFO: [ app_init ] --START--
INFO: Run Behavior\BuildLiteBehavior [ RunTime:0.000022s ]
INFO: [ app_init ] --END-- [ RunTime:0.000792s ]
INFO: [ app_begin ] --START--
INFO: Run Behavior\ReadHtmlCacheBehavior [ RunTime:0.000992s ]
INFO: [ app_begin ] --END-- [ RunTime:0.001083s ]
SQL: SELECT COUNT(*) has FROM php34_privilege WHERE module_name="Admin" AND controller_name="Movie" AND action_name="lst" [ RunTime:0.000326s ]
SQL: SHOW COLUMNS FROM `php34_movie` [ RunTime:0.008334s ]
SQL: SELECT COUNT(*) AS tp_count FROM php34_movie a WHERE ( `is_delete` = 0 ) LIMIT 1   [ RunTime:0.000374s ]
SQL: SELECT * FROM `php34_movie` WHERE ( `is_delete` = 0 ) ORDER BY id desc LIMIT 0,2   [ RunTime:0.000462s ]
INFO: [ view_parse ] --START--
INFO: [ template_filter ] --START--
INFO: Run Behavior\ContentReplaceBehavior [ RunTime:0.000070s ]
INFO: [ template_filter ] --END-- [ RunTime:0.000137s ]

[ 2017-09-10T14:55:11+08:00 ] 127.0.0.1 /index.php/Admin/Movie/lst.html
INFO: [ app_init ] --START--
INFO: Run Behavior\BuildLiteBehavior [ RunTime:0.000023s ]
INFO: [ app_init ] --END-- [ RunTime:0.000753s ]
INFO: [ app_begin ] --START--
INFO: Run Behavior\ReadHtmlCacheBehavior [ RunTime:0.000943s ]
INFO: [ app_begin ] --END-- [ RunTime:0.001047s ]
SQL: SELECT COUNT(*) has FROM php34_privilege WHERE module_name="Admin" AND controller_name="Movie" AND action_name="lst" [ RunTime:0.000306s ]
SQL: SHOW COLUMNS FROM `php34_movie` [ RunTime:0.009483s ]
SQL: SELECT COUNT(*) AS tp_count FROM php34_movie a WHERE ( `is_delete` = 0 ) LIMIT 1   [ RunTime:0.000375s ]
SQL: SELECT * FROM `php34_movie` WHERE ( `is_delete` = 0 ) ORDER BY id desc LIMIT 0,2   [ RunTime:0.000505s ]
INFO: [ view_parse ] --START--
INFO: [ template_filter ] --START--
INFO: Run Behavior\ContentReplaceBehavior [ RunTime:0.000157s ]
INFO: [ template_filter ] --END-- [ RunTime:0.000283s ]

[ 2017-09-10T14:55:12+08:00 ] 127.0.0.1 /index.php/Admin/Index/index.html
INFO: [ app_init ] --START--
INFO: Run Behavior\BuildLiteBehavior [ RunTime:0.000015s ]
INFO: [ app_init ] --END-- [ RunTime:0.000564s ]
INFO: [ app_begin ] --START--
INFO: Run Behavior\ReadHtmlCacheBehavior [ RunTime:0.000696s ]
INFO: [ app_begin ] --END-- [ RunTime:0.000754s ]
INFO: [ view_parse ] --START--
INFO: [ template_filter ] --START--
INFO: Run Behavior\ContentReplaceBehavior [ RunTime:0.000038s ]
INFO: [ template_filter ] --END-- [ RunTime:0.000101s ]
INFO: Run Behavior\ParseTemplateBehavior [ RunTime:0.006872s ]
INFO: [ view_parse ] --END-- [ RunTime:0.006983s ]
INFO: [ view_filter ] --START--
INFO: Run Behavior\WriteHtmlCacheBehavior [ RunTime:0.000489s ]
INFO: [ view_filter ] --END-- [ RunTime:0.000541s ]
INFO: [ app_end ] --START--
INFO: Run Behavior\ShowPageTraceBehavior [ RunTime:0.000673s ]
INFO: [ app_end ] --END-- [ RunTime:0.000728s ]

[ 2017-09-10T14:55:12+08:00 ] 127.0.0.1 /index.php/Admin/Index/top.html
INFO: [ app_init ] --START--
INFO: Run Behavior\BuildLiteBehavior [ RunTime:0.000025s ]
INFO: [ app_init ] --END-- [ RunTime:0.003871s ]
INFO: [ app_begin ] --START--
INFO: Run Behavior\ReadHtmlCacheBehavior [ RunTime:0.001981s ]
INFO: [ app_begin ] --END-- [ RunTime:0.002103s ]
INFO: [ view_parse ] --START--
INFO: [ template_filter ] --START--
INFO: Run Behavior\ContentReplaceBehavior [ RunTime:0.000108s ]
INFO: [ template_filter ] --END-- [ RunTime:0.000265s ]
INFO: Run Behavior\ParseTemplateBehavior [ RunTime:0.010950s ]
INFO: [ view_parse ] --END-- [ RunTime:0.011065s ]
INFO: [ view_filter ] --START--
INFO: Run Behavior\WriteHtmlCacheBehavior [ RunTime:0.000750s ]
INFO: [ view_filter ] --END-- [ RunTime:0.000844s ]
INFO: [ app_end ] --START--
INFO: Run Behavior\ShowPageTraceBehavior [ RunTime:0.001053s ]
INFO: [ app_end ] --END-- [ RunTime:0.001161s ]

[ 2017-09-10T14:55:12+08:00 ] 127.0.0.1 /index.php/Admin/Index/main.html
INFO: [ app_init ] --START--
INFO: Run Behavior\BuildLiteBehavior [ RunTime:0.000024s ]
INFO: [ app_init ] --END-- [ RunTime:0.000963s ]
INFO: [ app_begin ] --START--
INFO: Run Behavior\ReadHtmlCacheBehavior [ RunTime:0.001289s ]
INFO: [ app_begin ] --END-- [ RunTime:0.001406s ]
INFO: [ view_parse ] --START--
NOTIC: [2] file_get_contents(./Application/Admin/View/Index/footer.html) [<a href='function.file-get-contents'>function.file-get-contents</a>]: failed to open stream: No such file or directory E:\PHP\apache\htdocs\shop34\ThinkPHP\Library\Think\Template.class.php 第 696 行.
INFO: [ template_filter ] --START--
INFO: Run Behavior\ContentReplaceBehavior [ RunTime:0.000059s ]
INFO: [ template_filter ] --END-- [ RunTime:0.000143s ]
INFO: Run Behavior\ParseTemplateBehavior [ RunTime:0.013275s ]
INFO: [ view_parse ] --END-- [ RunTime:0.013381s ]
INFO: [ view_filter ] --START--
INFO: Run Behavior\WriteHtmlCacheBehavior [ RunTime:0.000819s ]
INFO: [ view_filter ] --END-- [ RunTime:0.000904s ]
INFO: [ app_end ] --START--
INFO: Run Behavior\ShowPageTraceBehavior [ RunTime:0.001137s ]
INFO: [ app_end ] --END-- [ RunTime:0.001256s ]

[ 2017-09-10T14:55:12+08:00 ] 127.0.0.1 /index.php/Admin/Index/menu.html
INFO: [ app_init ] --START--
INFO: Run Behavior\BuildLiteBehavior [ RunTime:0.000025s ]
INFO: [ app_init ] --END-- [ RunTime:0.000894s ]
INFO: [ app_begin ] --START--
INFO: Run Behavior\ReadHtmlCacheBehavior [ RunTime:0.000795s ]
INFO: [ app_begin ] --END-- [ RunTime:0.000877s ]
SQL: SELECT * FROM php34_privilege [ RunTime:0.002025s ]
INFO: [ view_parse ] --START--
INFO: [ template_filter ] --START--
INFO: Run Behavior\ContentReplaceBehavior [ RunTime:0.000133s ]
INFO: [ template_filter ] --END-- [ RunTime:0.000261s ]
INFO: Run Behavior\ParseTemplateBehavior [ RunTime:0.019361s ]
INFO: [ view_parse ] --END-- [ RunTime:0.019494s ]
INFO: [ view_filter ] --START--
INFO: Run Behavior\WriteHtmlCacheBehavior [ RunTime:0.000823s ]
INFO: [ view_filter ] --END-- [ RunTime:0.000930s ]
INFO: [ app_end ] --START--
INFO: Run Behavior\ShowPageTraceBehavior [ RunTime:0.001245s ]
INFO: [ app_end ] --END-- [ RunTime:0.001372s ]

[ 2017-09-10T14:55:14+08:00 ] 127.0.0.1 /index.php/Admin/Movie/lst.html
INFO: [ app_init ] --START--
INFO: Run Behavior\BuildLiteBehavior [ RunTime:0.000015s ]
INFO: [ app_init ] --END-- [ RunTime:0.000561s ]
INFO: [ app_begin ] --START--
INFO: Run Behavior\ReadHtmlCacheBehavior [ RunTime:0.000697s ]
INFO: [ app_begin ] --END-- [ RunTime:0.000757s ]
SQL: SELECT COUNT(*) has FROM php34_privilege WHERE module_name="Admin" AND controller_name="Movie" AND action_name="lst" [ RunTime:0.000338s ]
SQL: SHOW COLUMNS FROM `php34_movie` [ RunTime:0.006862s ]
SQL: SELECT COUNT(*) AS tp_count FROM php34_movie a WHERE ( `is_delete` = 0 ) LIMIT 1   [ RunTime:0.000427s ]
SQL: SELECT * FROM `php34_movie` WHERE ( `is_delete` = 0 ) ORDER BY id desc LIMIT 0,2   [ RunTime:0.000487s ]
INFO: [ view_parse ] --START--
INFO: [ template_filter ] --START--
INFO: Run Behavior\ContentReplaceBehavior [ RunTime:0.000092s ]
INFO: [ template_filter ] --END-- [ RunTime:0.000159s ]

[ 2017-09-10T14:55:49+08:00 ] 127.0.0.1 /index.php/Admin/Movie/lst.html
INFO: [ app_init ] --START--
INFO: Run Behavior\BuildLiteBehavior [ RunTime:0.000015s ]
INFO: [ app_init ] --END-- [ RunTime:0.000590s ]
INFO: [ app_begin ] --START--
INFO: Run Behavior\ReadHtmlCacheBehavior [ RunTime:0.000855s ]
INFO: [ app_begin ] --END-- [ RunTime:0.000937s ]
SQL: SELECT COUNT(*) has FROM php34_privilege WHERE module_name="Admin" AND controller_name="Movie" AND action_name="lst" [ RunTime:0.000373s ]
SQL: SHOW COLUMNS FROM `php34_movie` [ RunTime:0.006972s ]
SQL: SELECT COUNT(*) AS tp_count FROM php34_movie a WHERE ( `is_delete` = 0 ) LIMIT 1   [ RunTime:0.000464s ]
SQL: SELECT * FROM `php34_movie` WHERE ( `is_delete` = 0 ) ORDER BY id desc LIMIT 0,2   [ RunTime:0.000591s ]
INFO: [ view_parse ] --START--
INFO: [ template_filter ] --START--
INFO: Run Behavior\ContentReplaceBehavior [ RunTime:0.000069s ]
INFO: [ template_filter ] --END-- [ RunTime:0.000137s ]

[ 2017-09-10T14:55:50+08:00 ] 127.0.0.1 /index.php/Admin/Movie/lst.html
INFO: [ app_init ] --START--
INFO: Run Behavior\BuildLiteBehavior [ RunTime:0.000025s ]
INFO: [ app_init ] --END-- [ RunTime:0.000914s ]
INFO: [ app_begin ] --START--
INFO: Run Behavior\ReadHtmlCacheBehavior [ RunTime:0.001110s ]
INFO: [ app_begin ] --END-- [ RunTime:0.001216s ]
SQL: SELECT COUNT(*) has FROM php34_privilege WHERE module_name="Admin" AND controller_name="Movie" AND action_name="lst" [ RunTime:0.000335s ]
SQL: SHOW COLUMNS FROM `php34_movie` [ RunTime:0.008273s ]
SQL: SELECT COUNT(*) AS tp_count FROM php34_movie a WHERE ( `is_delete` = 0 ) LIMIT 1   [ RunTime:0.000455s ]
SQL: SELECT * FROM `php34_movie` WHERE ( `is_delete` = 0 ) ORDER BY id desc LIMIT 0,2   [ RunTime:0.000514s ]
INFO: [ view_parse ] --START--
INFO: [ template_filter ] --START--
INFO: Run Behavior\ContentReplaceBehavior [ RunTime:0.000069s ]
INFO: [ template_filter ] --END-- [ RunTime:0.000133s ]

[ 2017-09-10T14:56:08+08:00 ] 127.0.0.1 /index.php/Admin/Movie/lst.html
INFO: [ app_init ] --START--
INFO: Run Behavior\BuildLiteBehavior [ RunTime:0.000018s ]
INFO: [ app_init ] --END-- [ RunTime:0.000646s ]
INFO: [ app_begin ] --START--
INFO: Run Behavior\ReadHtmlCacheBehavior [ RunTime:0.000771s ]
INFO: [ app_begin ] --END-- [ RunTime:0.000848s ]
SQL: SELECT COUNT(*) has FROM php34_privilege WHERE module_name="Admin" AND controller_name="Movie" AND action_name="lst" [ RunTime:0.000355s ]
SQL: SHOW COLUMNS FROM `php34_movie` [ RunTime:0.007187s ]
SQL: SELECT COUNT(*) AS tp_count FROM php34_movie a WHERE ( `is_delete` = 0 ) LIMIT 1   [ RunTime:0.000358s ]
SQL: SELECT * FROM `php34_movie` WHERE ( `is_delete` = 0 ) ORDER BY id desc LIMIT 0,2   [ RunTime:0.000523s ]
INFO: [ view_parse ] --START--
INFO: [ template_filter ] --START--
INFO: Run Behavior\ContentReplaceBehavior [ RunTime:0.000067s ]
INFO: [ template_filter ] --END-- [ RunTime:0.000131s ]
INFO: Run Behavior\ParseTemplateBehavior [ RunTime:0.008917s ]
INFO: [ view_parse ] --END-- [ RunTime:0.008986s ]
INFO: [ view_filter ] --START--
INFO: Run Behavior\WriteHtmlCacheBehavior [ RunTime:0.000625s ]
INFO: [ view_filter ] --END-- [ RunTime:0.000678s ]
INFO: [ app_end ] --START--
INFO: Run Behavior\ShowPageTraceBehavior [ RunTime:0.000802s ]
INFO: [ app_end ] --END-- [ RunTime:0.000872s ]

[ 2017-09-10T14:57:09+08:00 ] 127.0.0.1 /index.php/Admin/Movie/lst.html
INFO: [ app_init ] --START--
INFO: Run Behavior\BuildLiteBehavior [ RunTime:0.000023s ]
INFO: [ app_init ] --END-- [ RunTime:0.000779s ]
INFO: [ app_begin ] --START--
INFO: Run Behavior\ReadHtmlCacheBehavior [ RunTime:0.000871s ]
INFO: [ app_begin ] --END-- [ RunTime:0.000959s ]
SQL: SELECT COUNT(*) has FROM php34_privilege WHERE module_name="Admin" AND controller_name="Movie" AND action_name="lst" [ RunTime:0.000400s ]
SQL: SHOW COLUMNS FROM `php34_movie` [ RunTime:0.006692s ]
SQL: SELECT COUNT(*) AS tp_count FROM php34_movie a WHERE ( `is_delete` = 0 ) LIMIT 1   [ RunTime:0.000401s ]
SQL: SELECT * FROM `php34_movie` WHERE ( `is_delete` = 0 ) ORDER BY id desc LIMIT 0,2   [ RunTime:0.000496s ]
INFO: [ view_parse ] --START--
INFO: [ template_filter ] --START--
INFO: Run Behavior\ContentReplaceBehavior [ RunTime:0.000069s ]
INFO: [ template_filter ] --END-- [ RunTime:0.000134s ]
INFO: Run Behavior\ParseTemplateBehavior [ RunTime:0.009112s ]
INFO: [ view_parse ] --END-- [ RunTime:0.009191s ]
INFO: [ view_filter ] --START--
INFO: Run Behavior\WriteHtmlCacheBehavior [ RunTime:0.000584s ]
INFO: [ view_filter ] --END-- [ RunTime:0.000644s ]
INFO: [ app_end ] --START--
INFO: Run Behavior\ShowPageTraceBehavior [ RunTime:0.000720s ]
INFO: [ app_end ] --END-- [ RunTime:0.000793s ]

[ 2017-09-10T14:58:08+08:00 ] 127.0.0.1 /index.php/Admin/Category/lst.html
INFO: [ app_init ] --START--
INFO: Run Behavior\BuildLiteBehavior [ RunTime:0.000015s ]
INFO: [ app_init ] --END-- [ RunTime:0.000598s ]
INFO: [ app_begin ] --START--
INFO: Run Behavior\ReadHtmlCacheBehavior [ RunTime:0.000844s ]
INFO: [ app_begin ] --END-- [ RunTime:0.000917s ]
SQL: SELECT COUNT(*) has FROM php34_privilege WHERE module_name="Admin" AND controller_name="Category" AND action_name="lst" [ RunTime:0.000294s ]
SQL: SHOW COLUMNS FROM `php34_category` [ RunTime:0.006892s ]
SQL: SELECT * FROM `php34_category`  [ RunTime:0.000428s ]
INFO: [ view_parse ] --START--
INFO: [ template_filter ] --START--
INFO: Run Behavior\ContentReplaceBehavior [ RunTime:0.000055s ]
INFO: [ template_filter ] --END-- [ RunTime:0.000135s ]
INFO: Run Behavior\ParseTemplateBehavior [ RunTime:0.009621s ]
INFO: [ view_parse ] --END-- [ RunTime:0.009723s ]
INFO: [ view_filter ] --START--
INFO: Run Behavior\WriteHtmlCacheBehavior [ RunTime:0.000566s ]
INFO: [ view_filter ] --END-- [ RunTime:0.000623s ]
INFO: [ app_end ] --START--
INFO: Run Behavior\ShowPageTraceBehavior [ RunTime:0.000721s ]
INFO: [ app_end ] --END-- [ RunTime:0.000785s ]

[ 2017-09-10T14:58:10+08:00 ] 127.0.0.1 /index.php/Admin/Movie/lst.html
INFO: [ app_init ] --START--
INFO: Run Behavior\BuildLiteBehavior [ RunTime:0.000086s ]
INFO: [ app_init ] --END-- [ RunTime:0.000729s ]
INFO: [ app_begin ] --START--
INFO: Run Behavior\ReadHtmlCacheBehavior [ RunTime:0.001101s ]
INFO: [ app_begin ] --END-- [ RunTime:0.001208s ]
SQL: SELECT COUNT(*) has FROM php34_privilege WHERE module_name="Admin" AND controller_name="Movie" AND action_name="lst" [ RunTime:0.000442s ]
SQL: SHOW COLUMNS FROM `php34_movie` [ RunTime:0.007336s ]
SQL: SELECT COUNT(*) AS tp_count FROM php34_movie a WHERE ( `is_delete` = 0 ) LIMIT 1   [ RunTime:0.000438s ]
SQL: SELECT * FROM `php34_movie` WHERE ( `is_delete` = 0 ) ORDER BY id desc LIMIT 0,2   [ RunTime:0.000463s ]
INFO: [ view_parse ] --START--
INFO: [ template_filter ] --START--
INFO: Run Behavior\ContentReplaceBehavior [ RunTime:0.000070s ]
INFO: [ template_filter ] --END-- [ RunTime:0.000139s ]
INFO: Run Behavior\ParseTemplateBehavior [ RunTime:0.009074s ]
INFO: [ view_parse ] --END-- [ RunTime:0.009142s ]
INFO: [ view_filter ] --START--
INFO: Run Behavior\WriteHtmlCacheBehavior [ RunTime:0.000672s ]
INFO: [ view_filter ] --END-- [ RunTime:0.000727s ]
INFO: [ app_end ] --START--
INFO: Run Behavior\ShowPageTraceBehavior [ RunTime:0.000801s ]
INFO: [ app_end ] --END-- [ RunTime:0.000854s ]

[ 2017-09-10T14:58:24+08:00 ] 127.0.0.1 /index.php/Admin/Movie/edit/id/8.html
INFO: [ app_init ] --START--
INFO: Run Behavior\BuildLiteBehavior [ RunTime:0.000024s ]
INFO: [ app_init ] --END-- [ RunTime:0.000967s ]
INFO: [ app_begin ] --START--
INFO: Run Behavior\ReadHtmlCacheBehavior [ RunTime:0.000808s ]
INFO: [ app_begin ] --END-- [ RunTime:0.000907s ]
SQL: SELECT COUNT(*) has FROM php34_privilege WHERE module_name="Admin" AND controller_name="Movie" AND action_name="edit" [ RunTime:0.000624s ]
SQL: SHOW COLUMNS FROM `php34_type` [ RunTime:0.057177s ]
SQL: SELECT * FROM `php34_type`  [ RunTime:0.000505s ]
SQL: SHOW COLUMNS FROM `php34_category` [ RunTime:0.007908s ]
SQL: SELECT * FROM `php34_category`  [ RunTime:0.000363s ]
SQL: SHOW COLUMNS FROM `php34_brand` [ RunTime:0.041899s ]
SQL: SELECT * FROM `php34_brand`  [ RunTime:0.000504s ]
SQL: SHOW COLUMNS FROM `php34_member_level` [ RunTime:0.023282s ]
SQL: SELECT * FROM `php34_member_level`  [ RunTime:0.000558s ]
SQL: SHOW COLUMNS FROM `php34_goods` [ RunTime:0.040557s ]
SQL: SELECT * FROM `php34_goods` WHERE ( `id` = 8 ) LIMIT 1   [ RunTime:0.001977s ]
SQL: SHOW COLUMNS FROM `php34_goods_cat` [ RunTime:0.008889s ]
SQL: SELECT `cat_id` FROM `php34_goods_cat` WHERE ( `goods_id` = '8' )  [ RunTime:0.005991s ]
SQL: SHOW COLUMNS FROM `php34_member_price` [ RunTime:0.009063s ]
SQL: SELECT * FROM `php34_member_price` WHERE ( `goods_id` = '8' )  [ RunTime:0.000512s ]
NOTIC: [2] Invalid argument supplied for foreach() E:\PHP\apache\htdocs\shop34\Application\Admin\Controller\MovieController.class.php 第 96 行.
SQL: SHOW COLUMNS FROM `php34_goods_attr` [ RunTime:0.009310s ]
SQL: SELECT a.*,b.attr_name,b.attr_type,b.attr_option_values FROM php34_goods_attr a LEFT JOIN php34_attribute b ON a.attr_id=b.id  WHERE ( a.goods_id = '8' ) ORDER BY a.attr_id ASC  [ RunTime:0.040411s ]
NOTIC: [2] Invalid argument supplied for foreach() E:\PHP\apache\htdocs\shop34\Application\Admin\Controller\MovieController.class.php 第 108 行.
SQL: SHOW COLUMNS FROM `php34_attribute` [ RunTime:0.006499s ]
SQL: SELECT id attr_id,`attr_name`,`attr_type`,`attr_option_values` FROM `php34_attribute` WHERE ( `type_id` = '0' ) AND ( `id` NOT IN () )  [ RunTime:0.000590s ]
ERR: 1064:You have an error in your SQL syntax; check the manual that corresponds to your MySQL server version for the right syntax to use near ') )' at line 1
 [ SQL语句 ] : SELECT id attr_id,`attr_name`,`attr_type`,`attr_option_values` FROM `php34_attribute` WHERE ( `type_id` = '0' ) AND ( `id` NOT IN () ) 
SQL: SHOW COLUMNS FROM `php34_goods_pics` [ RunTime:0.009112s ]
SQL: SELECT * FROM `php34_goods_pics` WHERE ( `goods_id` = '8' )  [ RunTime:0.000474s ]
INFO: [ view_parse ] --START--
INFO: [ template_filter ] --START--
INFO: Run Behavior\ContentReplaceBehavior [ RunTime:0.000170s ]
INFO: [ template_filter ] --END-- [ RunTime:0.000241s ]
NOTIC: [8] Undefined index: 1 E:\PHP\apache\htdocs\shop34\Application\Runtime\Cache\Admin\5259ccf3e8674023633f9a813acca51a.php 第 209 行.
NOTIC: [8] Undefined index: 2 E:\PHP\apache\htdocs\shop34\Application\Runtime\Cache\Admin\5259ccf3e8674023633f9a813acca51a.php 第 209 行.
NOTIC: [8] Undefined index: 3 E:\PHP\apache\htdocs\shop34\Application\Runtime\Cache\Admin\5259ccf3e8674023633f9a813acca51a.php 第 209 行.
NOTIC: [8] Undefined index: 4 E:\PHP\apache\htdocs\shop34\Application\Runtime\Cache\Admin\5259ccf3e8674023633f9a813acca51a.php 第 209 行.
NOTIC: [2] Invalid argument supplied for foreach() E:\PHP\apache\htdocs\shop34\Application\Runtime\Cache\Admin\5259ccf3e8674023633f9a813acca51a.php 第 225 行.
NOTIC: [2] Invalid argument supplied for foreach() E:\PHP\apache\htdocs\shop34\Application\Runtime\Cache\Admin\5259ccf3e8674023633f9a813acca51a.php 第 244 行.
INFO: Run Behavior\ParseTemplateBehavior [ RunTime:0.027196s ]
INFO: [ view_parse ] --END-- [ RunTime:0.027286s ]
INFO: [ view_filter ] --START--
INFO: Run Behavior\WriteHtmlCacheBehavior [ RunTime:0.000434s ]
INFO: [ view_filter ] --END-- [ RunTime:0.000486s ]
INFO: [ app_end ] --START--
INFO: Run Behavior\ShowPageTraceBehavior [ RunTime:0.000716s ]
INFO: [ app_end ] --END-- [ RunTime:0.000797s ]

[ 2017-09-10T14:58:29+08:00 ] 127.0.0.1 /index.php/Admin/Movie/lst.html
INFO: [ app_init ] --START--
INFO: Run Behavior\BuildLiteBehavior [ RunTime:0.000030s ]
INFO: [ app_init ] --END-- [ RunTime:0.000549s ]
INFO: [ app_begin ] --START--
INFO: Run Behavior\ReadHtmlCacheBehavior [ RunTime:0.000671s ]
INFO: [ app_begin ] --END-- [ RunTime:0.000731s ]
SQL: SELECT COUNT(*) has FROM php34_privilege WHERE module_name="Admin" AND controller_name="Movie" AND action_name="lst" [ RunTime:0.000338s ]
SQL: SHOW COLUMNS FROM `php34_movie` [ RunTime:0.008189s ]
SQL: SELECT COUNT(*) AS tp_count FROM php34_movie a WHERE ( `is_delete` = 0 ) LIMIT 1   [ RunTime:0.000666s ]
SQL: SELECT * FROM `php34_movie` WHERE ( `is_delete` = 0 ) ORDER BY id desc LIMIT 0,2   [ RunTime:0.000490s ]
INFO: [ view_parse ] --START--
INFO: [ template_filter ] --START--
INFO: Run Behavior\ContentReplaceBehavior [ RunTime:0.000071s ]
INFO: [ template_filter ] --END-- [ RunTime:0.000139s ]
INFO: Run Behavior\ParseTemplateBehavior [ RunTime:0.009360s ]
INFO: [ view_parse ] --END-- [ RunTime:0.009424s ]
INFO: [ view_filter ] --START--
INFO: Run Behavior\WriteHtmlCacheBehavior [ RunTime:0.000452s ]
INFO: [ view_filter ] --END-- [ RunTime:0.000504s ]
INFO: [ app_end ] --START--
INFO: Run Behavior\ShowPageTraceBehavior [ RunTime:0.000677s ]
INFO: [ app_end ] --END-- [ RunTime:0.000729s ]

[ 2017-09-10T15:00:38+08:00 ] 127.0.0.1 /index.php/Admin/Movie/lst.html
INFO: [ app_init ] --START--
INFO: Run Behavior\BuildLiteBehavior [ RunTime:0.000021s ]
INFO: [ app_init ] --END-- [ RunTime:0.000832s ]
INFO: [ app_begin ] --START--
INFO: Run Behavior\ReadHtmlCacheBehavior [ RunTime:0.001120s ]
INFO: [ app_begin ] --END-- [ RunTime:0.001232s ]
SQL: SELECT COUNT(*) has FROM php34_privilege WHERE module_name="Admin" AND controller_name="Movie" AND action_name="lst" [ RunTime:0.000309s ]
SQL: SHOW COLUMNS FROM `php34_movie` [ RunTime:0.008125s ]
SQL: SELECT COUNT(*) AS tp_count FROM php34_movie a WHERE ( `is_delete` = 0 ) LIMIT 1   [ RunTime:0.000574s ]
SQL: SELECT * FROM `php34_movie` WHERE ( `is_delete` = 0 ) ORDER BY id desc LIMIT 0,2   [ RunTime:0.000707s ]
INFO: [ view_parse ] --START--
INFO: [ template_filter ] --START--
INFO: Run Behavior\ContentReplaceBehavior [ RunTime:0.000069s ]
INFO: [ template_filter ] --END-- [ RunTime:0.000134s ]
INFO: Run Behavior\ParseTemplateBehavior [ RunTime:0.010346s ]
INFO: [ view_parse ] --END-- [ RunTime:0.010416s ]
INFO: [ view_filter ] --START--
INFO: Run Behavior\WriteHtmlCacheBehavior [ RunTime:0.000561s ]
INFO: [ view_filter ] --END-- [ RunTime:0.000617s ]
INFO: [ app_end ] --START--
INFO: Run Behavior\ShowPageTraceBehavior [ RunTime:0.000818s ]
INFO: [ app_end ] --END-- [ RunTime:0.000919s ]

[ 2017-09-10T19:06:37+08:00 ] 127.0.0.1 /index.php/Admin/Movie/lst.html
INFO: [ app_init ] --START--
INFO: Run Behavior\BuildLiteBehavior [ RunTime:0.000014s ]
INFO: [ app_init ] --END-- [ RunTime:0.000665s ]
INFO: [ app_begin ] --START--
INFO: Run Behavior\ReadHtmlCacheBehavior [ RunTime:0.000883s ]
INFO: [ app_begin ] --END-- [ RunTime:0.000945s ]
SQL: SELECT COUNT(*) has FROM php34_privilege WHERE module_name="Admin" AND controller_name="Movie" AND action_name="lst" [ RunTime:0.000453s ]
SQL: SHOW COLUMNS FROM `php34_movie` [ RunTime:0.008310s ]
SQL: SELECT COUNT(*) AS tp_count FROM php34_movie a WHERE ( `is_delete` = 0 ) LIMIT 1   [ RunTime:0.000420s ]
SQL: SELECT * FROM `php34_movie` WHERE ( `is_delete` = 0 ) ORDER BY id desc LIMIT 0,2   [ RunTime:0.000465s ]
INFO: [ view_parse ] --START--
INFO: [ template_filter ] --START--
INFO: Run Behavior\ContentReplaceBehavior [ RunTime:0.000074s ]
INFO: [ template_filter ] --END-- [ RunTime:0.000141s ]
NOTIC: [8] Undefined variable: status E:\PHP\apache\htdocs\shop34\Application\Common\Common\function.php 第 191 行.
NOTIC: [8] Undefined variable: status E:\PHP\apache\htdocs\shop34\Application\Common\Common\function.php 第 193 行.
NOTIC: [8] Undefined variable: status E:\PHP\apache\htdocs\shop34\Application\Common\Common\function.php 第 191 行.
NOTIC: [8] Undefined variable: status E:\PHP\apache\htdocs\shop34\Application\Common\Common\function.php 第 193 行.
INFO: Run Behavior\ParseTemplateBehavior [ RunTime:0.009867s ]
INFO: [ view_parse ] --END-- [ RunTime:0.009928s ]
INFO: [ view_filter ] --START--
INFO: Run Behavior\WriteHtmlCacheBehavior [ RunTime:0.000546s ]
INFO: [ view_filter ] --END-- [ RunTime:0.000605s ]
INFO: [ app_end ] --START--
INFO: Run Behavior\ShowPageTraceBehavior [ RunTime:0.000799s ]
INFO: [ app_end ] --END-- [ RunTime:0.000892s ]

[ 2017-09-10T19:06:40+08:00 ] 127.0.0.1 /index.php/Admin/Movie/lst.html
INFO: [ app_init ] --START--
INFO: Run Behavior\BuildLiteBehavior [ RunTime:0.000015s ]
INFO: [ app_init ] --END-- [ RunTime:0.000494s ]
INFO: [ app_begin ] --START--
INFO: Run Behavior\ReadHtmlCacheBehavior [ RunTime:0.000697s ]
INFO: [ app_begin ] --END-- [ RunTime:0.000757s ]
SQL: SELECT COUNT(*) has FROM php34_privilege WHERE module_name="Admin" AND controller_name="Movie" AND action_name="lst" [ RunTime:0.000351s ]
SQL: SHOW COLUMNS FROM `php34_movie` [ RunTime:0.007095s ]
SQL: SELECT COUNT(*) AS tp_count FROM php34_movie a WHERE ( `is_delete` = 0 ) LIMIT 1   [ RunTime:0.000397s ]
SQL: SELECT * FROM `php34_movie` WHERE ( `is_delete` = 0 ) ORDER BY id desc LIMIT 0,2   [ RunTime:0.000650s ]
INFO: [ view_parse ] --START--
INFO: [ template_filter ] --START--
INFO: Run Behavior\ContentReplaceBehavior [ RunTime:0.000066s ]
INFO: [ template_filter ] --END-- [ RunTime:0.000125s ]
NOTIC: [8] Undefined variable: status E:\PHP\apache\htdocs\shop34\Application\Common\Common\function.php 第 191 行.
NOTIC: [8] Undefined variable: status E:\PHP\apache\htdocs\shop34\Application\Common\Common\function.php 第 193 行.
NOTIC: [8] Undefined variable: status E:\PHP\apache\htdocs\shop34\Application\Common\Common\function.php 第 191 行.
NOTIC: [8] Undefined variable: status E:\PHP\apache\htdocs\shop34\Application\Common\Common\function.php 第 193 行.
INFO: Run Behavior\ParseTemplateBehavior [ RunTime:0.010546s ]
INFO: [ view_parse ] --END-- [ RunTime:0.010612s ]
INFO: [ view_filter ] --START--
INFO: Run Behavior\WriteHtmlCacheBehavior [ RunTime:0.000582s ]
INFO: [ view_filter ] --END-- [ RunTime:0.000642s ]
INFO: [ app_end ] --START--
INFO: Run Behavior\ShowPageTraceBehavior [ RunTime:0.000685s ]
INFO: [ app_end ] --END-- [ RunTime:0.000766s ]

[ 2017-09-10T19:07:04+08:00 ] 127.0.0.1 /index.php/Admin/Movie/lst.html
INFO: [ app_init ] --START--
INFO: Run Behavior\BuildLiteBehavior [ RunTime:0.000015s ]
INFO: [ app_init ] --END-- [ RunTime:0.000559s ]
INFO: [ app_begin ] --START--
INFO: Run Behavior\ReadHtmlCacheBehavior [ RunTime:0.000875s ]
INFO: [ app_begin ] --END-- [ RunTime:0.000958s ]
SQL: SELECT COUNT(*) has FROM php34_privilege WHERE module_name="Admin" AND controller_name="Movie" AND action_name="lst" [ RunTime:0.000442s ]
SQL: SHOW COLUMNS FROM `php34_movie` [ RunTime:0.007583s ]
SQL: SELECT COUNT(*) AS tp_count FROM php34_movie a WHERE ( `is_delete` = 0 ) LIMIT 1   [ RunTime:0.000578s ]
SQL: SELECT * FROM `php34_movie` WHERE ( `is_delete` = 0 ) ORDER BY id desc LIMIT 0,2   [ RunTime:0.000711s ]
INFO: [ view_parse ] --START--
INFO: [ template_filter ] --START--
INFO: Run Behavior\ContentReplaceBehavior [ RunTime:0.000075s ]
INFO: [ template_filter ] --END-- [ RunTime:0.000143s ]
NOTIC: [8] Undefined variable: status E:\PHP\apache\htdocs\shop34\Application\Common\Common\function.php 第 191 行.
NOTIC: [8] Undefined variable: status E:\PHP\apache\htdocs\shop34\Application\Common\Common\function.php 第 193 行.
NOTIC: [8] Undefined variable: status E:\PHP\apache\htdocs\shop34\Application\Common\Common\function.php 第 191 行.
NOTIC: [8] Undefined variable: status E:\PHP\apache\htdocs\shop34\Application\Common\Common\function.php 第 193 行.
INFO: Run Behavior\ParseTemplateBehavior [ RunTime:0.009388s ]
INFO: [ view_parse ] --END-- [ RunTime:0.009453s ]
INFO: [ view_filter ] --START--
INFO: Run Behavior\WriteHtmlCacheBehavior [ RunTime:0.000493s ]
INFO: [ view_filter ] --END-- [ RunTime:0.000545s ]
INFO: [ app_end ] --START--
INFO: Run Behavior\ShowPageTraceBehavior [ RunTime:0.000677s ]
INFO: [ app_end ] --END-- [ RunTime:0.000746s ]

[ 2017-09-10T19:07:06+08:00 ] 127.0.0.1 /index.php/Admin/Movie/lst.html
INFO: [ app_init ] --START--
INFO: Run Behavior\BuildLiteBehavior [ RunTime:0.000018s ]
INFO: [ app_init ] --END-- [ RunTime:0.000524s ]
INFO: [ app_begin ] --START--
INFO: Run Behavior\ReadHtmlCacheBehavior [ RunTime:0.000653s ]
INFO: [ app_begin ] --END-- [ RunTime:0.000728s ]
SQL: SELECT COUNT(*) has FROM php34_privilege WHERE module_name="Admin" AND controller_name="Movie" AND action_name="lst" [ RunTime:0.000247s ]
SQL: SHOW COLUMNS FROM `php34_movie` [ RunTime:0.010958s ]
SQL: SELECT COUNT(*) AS tp_count FROM php34_movie a WHERE ( `is_delete` = 0 ) LIMIT 1   [ RunTime:0.000407s ]
SQL: SELECT * FROM `php34_movie` WHERE ( `is_delete` = 0 ) ORDER BY id desc LIMIT 0,2   [ RunTime:0.000525s ]
INFO: [ view_parse ] --START--
INFO: [ template_filter ] --START--
INFO: Run Behavior\ContentReplaceBehavior [ RunTime:0.000072s ]
INFO: [ template_filter ] --END-- [ RunTime:0.000141s ]
NOTIC: [8] Undefined variable: status E:\PHP\apache\htdocs\shop34\Application\Common\Common\function.php 第 191 行.
NOTIC: [8] Undefined variable: status E:\PHP\apache\htdocs\shop34\Application\Common\Common\function.php 第 193 行.
NOTIC: [8] Undefined variable: status E:\PHP\apache\htdocs\shop34\Application\Common\Common\function.php 第 191 行.
NOTIC: [8] Undefined variable: status E:\PHP\apache\htdocs\shop34\Application\Common\Common\function.php 第 193 行.
INFO: Run Behavior\ParseTemplateBehavior [ RunTime:0.009882s ]
INFO: [ view_parse ] --END-- [ RunTime:0.009941s ]
INFO: [ view_filter ] --START--
INFO: Run Behavior\WriteHtmlCacheBehavior [ RunTime:0.000462s ]
INFO: [ view_filter ] --END-- [ RunTime:0.000519s ]
INFO: [ app_end ] --START--
INFO: Run Behavior\ShowPageTraceBehavior [ RunTime:0.000631s ]
INFO: [ app_end ] --END-- [ RunTime:0.000691s ]

[ 2017-09-10T19:07:07+08:00 ] 127.0.0.1 /index.php/Admin/Movie/lst.html
INFO: [ app_init ] --START--
INFO: Run Behavior\BuildLiteBehavior [ RunTime:0.000026s ]
INFO: [ app_init ] --END-- [ RunTime:0.000609s ]
INFO: [ app_begin ] --START--
INFO: Run Behavior\ReadHtmlCacheBehavior [ RunTime:0.000699s ]
INFO: [ app_begin ] --END-- [ RunTime:0.000762s ]
SQL: SELECT COUNT(*) has FROM php34_privilege WHERE module_name="Admin" AND controller_name="Movie" AND action_name="lst" [ RunTime:0.000337s ]
SQL: SHOW COLUMNS FROM `php34_movie` [ RunTime:0.007263s ]
SQL: SELECT COUNT(*) AS tp_count FROM php34_movie a WHERE ( `is_delete` = 0 ) LIMIT 1   [ RunTime:0.000358s ]
SQL: SELECT * FROM `php34_movie` WHERE ( `is_delete` = 0 ) ORDER BY id desc LIMIT 0,2   [ RunTime:0.000661s ]
INFO: [ view_parse ] --START--
INFO: [ template_filter ] --START--
INFO: Run Behavior\ContentReplaceBehavior [ RunTime:0.000066s ]
INFO: [ template_filter ] --END-- [ RunTime:0.000126s ]
NOTIC: [8] Undefined variable: status E:\PHP\apache\htdocs\shop34\Application\Common\Common\function.php 第 191 行.
NOTIC: [8] Undefined variable: status E:\PHP\apache\htdocs\shop34\Application\Common\Common\function.php 第 193 行.
NOTIC: [8] Undefined variable: status E:\PHP\apache\htdocs\shop34\Application\Common\Common\function.php 第 191 行.
NOTIC: [8] Undefined variable: status E:\PHP\apache\htdocs\shop34\Application\Common\Common\function.php 第 193 行.
INFO: Run Behavior\ParseTemplateBehavior [ RunTime:0.009232s ]
INFO: [ view_parse ] --END-- [ RunTime:0.009302s ]
INFO: [ view_filter ] --START--
INFO: Run Behavior\WriteHtmlCacheBehavior [ RunTime:0.000520s ]
INFO: [ view_filter ] --END-- [ RunTime:0.000598s ]
INFO: [ app_end ] --START--
INFO: Run Behavior\ShowPageTraceBehavior [ RunTime:0.000791s ]
INFO: [ app_end ] --END-- [ RunTime:0.000853s ]

[ 2017-09-10T19:08:17+08:00 ] 127.0.0.1 /index.php/Admin/Movie/lst.html
INFO: [ app_init ] --START--
INFO: Run Behavior\BuildLiteBehavior [ RunTime:0.000015s ]
INFO: [ app_init ] --END-- [ RunTime:0.000588s ]
INFO: [ app_begin ] --START--
INFO: Run Behavior\ReadHtmlCacheBehavior [ RunTime:0.000681s ]
INFO: [ app_begin ] --END-- [ RunTime:0.000775s ]
SQL: SELECT COUNT(*) has FROM php34_privilege WHERE module_name="Admin" AND controller_name="Movie" AND action_name="lst" [ RunTime:0.000342s ]
SQL: SHOW COLUMNS FROM `php34_movie` [ RunTime:0.007765s ]
SQL: SELECT COUNT(*) AS tp_count FROM php34_movie a WHERE ( `is_delete` = 0 ) LIMIT 1   [ RunTime:0.000377s ]
SQL: SELECT * FROM `php34_movie` WHERE ( `is_delete` = 0 ) ORDER BY id desc LIMIT 0,2   [ RunTime:0.000489s ]
INFO: [ view_parse ] --START--
INFO: [ template_filter ] --START--
INFO: Run Behavior\ContentReplaceBehavior [ RunTime:0.000067s ]
INFO: [ template_filter ] --END-- [ RunTime:0.000131s ]
INFO: Run Behavior\ParseTemplateBehavior [ RunTime:0.009137s ]
INFO: [ view_parse ] --END-- [ RunTime:0.009201s ]
INFO: [ view_filter ] --START--
INFO: Run Behavior\WriteHtmlCacheBehavior [ RunTime:0.000514s ]
INFO: [ view_filter ] --END-- [ RunTime:0.000569s ]
INFO: [ app_end ] --START--
INFO: Run Behavior\ShowPageTraceBehavior [ RunTime:0.000734s ]
INFO: [ app_end ] --END-- [ RunTime:0.000788s ]

[ 2017-09-10T19:10:10+08:00 ] 127.0.0.1 /index.php/Admin/Movie/lst.html
INFO: [ app_init ] --START--
INFO: Run Behavior\BuildLiteBehavior [ RunTime:0.000017s ]
INFO: [ app_init ] --END-- [ RunTime:0.000683s ]
INFO: [ app_begin ] --START--
INFO: Run Behavior\ReadHtmlCacheBehavior [ RunTime:0.000839s ]
INFO: [ app_begin ] --END-- [ RunTime:0.000903s ]
SQL: SELECT COUNT(*) has FROM php34_privilege WHERE module_name="Admin" AND controller_name="Movie" AND action_name="lst" [ RunTime:0.000550s ]
SQL: SHOW COLUMNS FROM `php34_movie` [ RunTime:0.008217s ]
SQL: SELECT COUNT(*) AS tp_count FROM php34_movie a WHERE ( `is_delete` = 0 ) LIMIT 1   [ RunTime:0.000402s ]
SQL: SELECT * FROM `php34_movie` WHERE ( `is_delete` = 0 ) ORDER BY id desc LIMIT 0,2   [ RunTime:0.000533s ]
INFO: [ view_parse ] --START--
INFO: [ template_filter ] --START--
INFO: Run Behavior\ContentReplaceBehavior [ RunTime:0.000070s ]
INFO: [ template_filter ] --END-- [ RunTime:0.000136s ]
INFO: Run Behavior\ParseTemplateBehavior [ RunTime:0.010117s ]
INFO: [ view_parse ] --END-- [ RunTime:0.010253s ]
INFO: [ view_filter ] --START--
INFO: Run Behavior\WriteHtmlCacheBehavior [ RunTime:0.000573s ]
INFO: [ view_filter ] --END-- [ RunTime:0.000629s ]
INFO: [ app_end ] --START--
INFO: Run Behavior\ShowPageTraceBehavior [ RunTime:0.000808s ]
INFO: [ app_end ] --END-- [ RunTime:0.000861s ]

[ 2017-09-10T19:10:20+08:00 ] 127.0.0.1 /index.php/Admin/Movie/lst.html
INFO: [ app_init ] --START--
INFO: Run Behavior\BuildLiteBehavior [ RunTime:0.000014s ]
INFO: [ app_init ] --END-- [ RunTime:0.000616s ]
INFO: [ app_begin ] --START--
INFO: Run Behavior\ReadHtmlCacheBehavior [ RunTime:0.000593s ]
INFO: [ app_begin ] --END-- [ RunTime:0.000651s ]
SQL: SELECT COUNT(*) has FROM php34_privilege WHERE module_name="Admin" AND controller_name="Movie" AND action_name="lst" [ RunTime:0.000335s ]
SQL: SHOW COLUMNS FROM `php34_movie` [ RunTime:0.007076s ]
SQL: SELECT COUNT(*) AS tp_count FROM php34_movie a WHERE ( `is_delete` = 0 ) LIMIT 1   [ RunTime:0.000356s ]
SQL: SELECT * FROM `php34_movie` WHERE ( `is_delete` = 0 ) ORDER BY id desc LIMIT 0,2   [ RunTime:0.000489s ]
INFO: [ view_parse ] --START--
INFO: [ template_filter ] --START--
INFO: Run Behavior\ContentReplaceBehavior [ RunTime:0.000158s ]
INFO: [ template_filter ] --END-- [ RunTime:0.000224s ]
INFO: Run Behavior\ParseTemplateBehavior [ RunTime:0.009361s ]
INFO: [ view_parse ] --END-- [ RunTime:0.009431s ]
INFO: [ view_filter ] --START--
INFO: Run Behavior\WriteHtmlCacheBehavior [ RunTime:0.000431s ]
INFO: [ view_filter ] --END-- [ RunTime:0.000487s ]
INFO: [ app_end ] --START--
INFO: Run Behavior\ShowPageTraceBehavior [ RunTime:0.000760s ]
INFO: [ app_end ] --END-- [ RunTime:0.000815s ]

[ 2017-09-10T19:10:21+08:00 ] 127.0.0.1 /index.php/Admin/Movie/lst.html
INFO: [ app_init ] --START--
INFO: Run Behavior\BuildLiteBehavior [ RunTime:0.000019s ]
INFO: [ app_init ] --END-- [ RunTime:0.000721s ]
INFO: [ app_begin ] --START--
INFO: Run Behavior\ReadHtmlCacheBehavior [ RunTime:0.000825s ]
INFO: [ app_begin ] --END-- [ RunTime:0.000903s ]
SQL: SELECT COUNT(*) has FROM php34_privilege WHERE module_name="Admin" AND controller_name="Movie" AND action_name="lst" [ RunTime:0.000338s ]
SQL: SHOW COLUMNS FROM `php34_movie` [ RunTime:0.007687s ]
SQL: SELECT COUNT(*) AS tp_count FROM php34_movie a WHERE ( `is_delete` = 0 ) LIMIT 1   [ RunTime:0.000367s ]
SQL: SELECT * FROM `php34_movie` WHERE ( `is_delete` = 0 ) ORDER BY id desc LIMIT 0,2   [ RunTime:0.000463s ]
INFO: [ view_parse ] --START--
INFO: [ template_filter ] --START--
INFO: Run Behavior\ContentReplaceBehavior [ RunTime:0.000076s ]
INFO: [ template_filter ] --END-- [ RunTime:0.000146s ]
INFO: Run Behavior\ParseTemplateBehavior [ RunTime:0.008672s ]
INFO: [ view_parse ] --END-- [ RunTime:0.008735s ]
INFO: [ view_filter ] --START--
INFO: Run Behavior\WriteHtmlCacheBehavior [ RunTime:0.000457s ]
INFO: [ view_filter ] --END-- [ RunTime:0.000511s ]
INFO: [ app_end ] --START--
INFO: Run Behavior\ShowPageTraceBehavior [ RunTime:0.000650s ]
INFO: [ app_end ] --END-- [ RunTime:0.000707s ]

[ 2017-09-10T19:10:22+08:00 ] 127.0.0.1 /index.php/Admin/Movie/lst.html
INFO: [ app_init ] --START--
INFO: Run Behavior\BuildLiteBehavior [ RunTime:0.000020s ]
INFO: [ app_init ] --END-- [ RunTime:0.001009s ]
INFO: [ app_begin ] --START--
INFO: Run Behavior\ReadHtmlCacheBehavior [ RunTime:0.000805s ]
INFO: [ app_begin ] --END-- [ RunTime:0.000884s ]
SQL: SELECT COUNT(*) has FROM php34_privilege WHERE module_name="Admin" AND controller_name="Movie" AND action_name="lst" [ RunTime:0.000353s ]
SQL: SHOW COLUMNS FROM `php34_movie` [ RunTime:0.006962s ]
SQL: SELECT COUNT(*) AS tp_count FROM php34_movie a WHERE ( `is_delete` = 0 ) LIMIT 1   [ RunTime:0.000527s ]
SQL: SELECT * FROM `php34_movie` WHERE ( `is_delete` = 0 ) ORDER BY id desc LIMIT 0,2   [ RunTime:0.000612s ]
INFO: [ view_parse ] --START--
INFO: [ template_filter ] --START--
INFO: Run Behavior\ContentReplaceBehavior [ RunTime:0.000070s ]
INFO: [ template_filter ] --END-- [ RunTime:0.000135s ]
INFO: Run Behavior\ParseTemplateBehavior [ RunTime:0.009005s ]
INFO: [ view_parse ] --END-- [ RunTime:0.009075s ]
INFO: [ view_filter ] --START--
INFO: Run Behavior\WriteHtmlCacheBehavior [ RunTime:0.000425s ]
INFO: [ view_filter ] --END-- [ RunTime:0.000482s ]
INFO: [ app_end ] --START--
INFO: Run Behavior\ShowPageTraceBehavior [ RunTime:0.000625s ]
INFO: [ app_end ] --END-- [ RunTime:0.000681s ]

[ 2017-09-10T19:10:49+08:00 ] 127.0.0.1 /index.php/Admin/Movie/lst.html
INFO: [ app_init ] --START--
INFO: Run Behavior\BuildLiteBehavior [ RunTime:0.000016s ]
INFO: [ app_init ] --END-- [ RunTime:0.000662s ]
INFO: [ app_begin ] --START--
INFO: Run Behavior\ReadHtmlCacheBehavior [ RunTime:0.000676s ]
INFO: [ app_begin ] --END-- [ RunTime:0.000735s ]
SQL: SELECT COUNT(*) has FROM php34_privilege WHERE module_name="Admin" AND controller_name="Movie" AND action_name="lst" [ RunTime:0.000350s ]
SQL: SHOW COLUMNS FROM `php34_movie` [ RunTime:0.007168s ]
SQL: SELECT COUNT(*) AS tp_count FROM php34_movie a WHERE ( `is_delete` = 0 ) LIMIT 1   [ RunTime:0.000404s ]
SQL: SELECT * FROM `php34_movie` WHERE ( `is_delete` = 0 ) ORDER BY id desc LIMIT 0,2   [ RunTime:0.000580s ]
INFO: [ view_parse ] --START--
INFO: [ template_filter ] --START--
INFO: Run Behavior\ContentReplaceBehavior [ RunTime:0.000080s ]
INFO: [ template_filter ] --END-- [ RunTime:0.000147s ]
INFO: Run Behavior\ParseTemplateBehavior [ RunTime:0.009544s ]
INFO: [ view_parse ] --END-- [ RunTime:0.009651s ]
INFO: [ view_filter ] --START--
INFO: Run Behavior\WriteHtmlCacheBehavior [ RunTime:0.000510s ]
INFO: [ view_filter ] --END-- [ RunTime:0.000572s ]
INFO: [ app_end ] --START--
INFO: Run Behavior\ShowPageTraceBehavior [ RunTime:0.000749s ]
INFO: [ app_end ] --END-- [ RunTime:0.000812s ]

[ 2017-09-10T19:10:51+08:00 ] 127.0.0.1 /index.php/Admin/Movie/add.html
INFO: [ app_init ] --START--
INFO: Run Behavior\BuildLiteBehavior [ RunTime:0.000015s ]
INFO: [ app_init ] --END-- [ RunTime:0.000562s ]
INFO: [ app_begin ] --START--
INFO: Run Behavior\ReadHtmlCacheBehavior [ RunTime:0.000662s ]
INFO: [ app_begin ] --END-- [ RunTime:0.000725s ]
SQL: SELECT COUNT(*) has FROM php34_privilege WHERE module_name="Admin" AND controller_name="Movie" AND action_name="add" [ RunTime:0.001462s ]
SQL: SHOW COLUMNS FROM `php34_type` [ RunTime:0.008660s ]
SQL: SELECT * FROM `php34_type`  [ RunTime:0.000376s ]
SQL: SHOW COLUMNS FROM `php34_category` [ RunTime:0.008443s ]
SQL: SELECT * FROM `php34_category`  [ RunTime:0.000559s ]
SQL: SHOW COLUMNS FROM `php34_brand` [ RunTime:0.007703s ]
SQL: SELECT * FROM `php34_brand`  [ RunTime:0.000364s ]
SQL: SHOW COLUMNS FROM `php34_member_level` [ RunTime:0.008355s ]
SQL: SELECT * FROM `php34_member_level`  [ RunTime:0.000372s ]
INFO: [ view_parse ] --START--
INFO: [ template_filter ] --START--
INFO: Run Behavior\ContentReplaceBehavior [ RunTime:0.000095s ]
INFO: [ template_filter ] --END-- [ RunTime:0.000166s ]
INFO: Run Behavior\ParseTemplateBehavior [ RunTime:0.046308s ]
INFO: [ view_parse ] --END-- [ RunTime:0.046382s ]
INFO: [ view_filter ] --START--
INFO: Run Behavior\WriteHtmlCacheBehavior [ RunTime:0.000529s ]
INFO: [ view_filter ] --END-- [ RunTime:0.000581s ]
INFO: [ app_end ] --START--
INFO: Run Behavior\ShowPageTraceBehavior [ RunTime:0.001171s ]
INFO: [ app_end ] --END-- [ RunTime:0.001309s ]

[ 2017-09-10T19:11:19+08:00 ] 127.0.0.1 /index.php/Admin/Movie/add.html
INFO: [ app_init ] --START--
INFO: Run Behavior\BuildLiteBehavior [ RunTime:0.000016s ]
INFO: [ app_init ] --END-- [ RunTime:0.000528s ]
INFO: [ app_begin ] --START--
INFO: Run Behavior\ReadHtmlCacheBehavior [ RunTime:0.000687s ]
INFO: [ app_begin ] --END-- [ RunTime:0.000759s ]
SQL: SELECT COUNT(*) has FROM php34_privilege WHERE module_name="Admin" AND controller_name="Movie" AND action_name="add" [ RunTime:0.000313s ]
SQL: SHOW COLUMNS FROM `php34_movie` [ RunTime:0.007568s ]
NOTIC: [2] finfo_file() [<a href='function.finfo-file'>function.finfo-file</a>]: Empty filename or path E:\PHP\apache\htdocs\shop34\ThinkPHP\Library\Think\Upload.class.php 第 149 行.
NOTIC: [2] call_user_func() expects parameter 1 to be a valid callback, no array or string given E:\PHP\apache\htdocs\shop34\ThinkPHP\Library\Think\Upload.class.php 第 167 行.
SQL: INSERT INTO `php34_movie` (`movie_name`,`category_id`,`ext_category_id`,`dianzan`,`views`,`is_hot`,`is_new`,`is_best`,`status`,`seo_keyword`,`seo_description`,`listorder`,`description`,`create_time`,`update_time`,`mic`) VALUES ('ssfsaf22',23,'23,20',0,0,0,0,0,1,'','',100,'',1505041879,1505041879,'Admin/2017-09-10/59b51dd79cab6.mp4') [ RunTime:0.059474s ]
INFO: [ view_parse ] --START--
INFO: [ template_filter ] --START--
INFO: Run Behavior\ContentReplaceBehavior [ RunTime:0.000043s ]
INFO: [ template_filter ] --END-- [ RunTime:0.000114s ]
INFO: Run Behavior\ParseTemplateBehavior [ RunTime:0.033186s ]
INFO: [ view_parse ] --END-- [ RunTime:0.033280s ]
INFO: [ view_filter ] --START--
INFO: Run Behavior\WriteHtmlCacheBehavior [ RunTime:0.001812s ]
INFO: [ view_filter ] --END-- [ RunTime:0.001874s ]

[ 2017-09-10T19:11:20+08:00 ] 127.0.0.1 /index.php/Admin/Movie/lst.html
INFO: [ app_init ] --START--
INFO: Run Behavior\BuildLiteBehavior [ RunTime:0.000016s ]
INFO: [ app_init ] --END-- [ RunTime:0.000886s ]
INFO: [ app_begin ] --START--
INFO: Run Behavior\ReadHtmlCacheBehavior [ RunTime:0.001730s ]
INFO: [ app_begin ] --END-- [ RunTime:0.001817s ]
SQL: SELECT COUNT(*) has FROM php34_privilege WHERE module_name="Admin" AND controller_name="Movie" AND action_name="lst" [ RunTime:0.000361s ]
SQL: SHOW COLUMNS FROM `php34_movie` [ RunTime:0.008805s ]
SQL: SELECT COUNT(*) AS tp_count FROM php34_movie a WHERE ( `is_delete` = 0 ) LIMIT 1   [ RunTime:0.000736s ]
SQL: SELECT * FROM `php34_movie` WHERE ( `is_delete` = 0 ) ORDER BY id desc LIMIT 0,2   [ RunTime:0.000666s ]
INFO: [ view_parse ] --START--
INFO: [ template_filter ] --START--
INFO: Run Behavior\ContentReplaceBehavior [ RunTime:0.000064s ]
INFO: [ template_filter ] --END-- [ RunTime:0.000126s ]
INFO: Run Behavior\ParseTemplateBehavior [ RunTime:0.014232s ]
INFO: [ view_parse ] --END-- [ RunTime:0.014311s ]
INFO: [ view_filter ] --START--
INFO: Run Behavior\WriteHtmlCacheBehavior [ RunTime:0.001581s ]
INFO: [ view_filter ] --END-- [ RunTime:0.001639s ]
INFO: [ app_end ] --START--
INFO: Run Behavior\ShowPageTraceBehavior [ RunTime:0.001758s ]
INFO: [ app_end ] --END-- [ RunTime:0.001828s ]

[ 2017-09-10T19:11:49+08:00 ] 127.0.0.1 /index.php/Admin/Movie/lst/p/2.html
INFO: [ app_init ] --START--
INFO: Run Behavior\BuildLiteBehavior [ RunTime:0.000015s ]
INFO: [ app_init ] --END-- [ RunTime:0.000910s ]
INFO: [ app_begin ] --START--
INFO: Run Behavior\ReadHtmlCacheBehavior [ RunTime:0.002576s ]
INFO: [ app_begin ] --END-- [ RunTime:0.002652s ]
SQL: SELECT COUNT(*) has FROM php34_privilege WHERE module_name="Admin" AND controller_name="Movie" AND action_name="lst" [ RunTime:0.000446s ]
SQL: SHOW COLUMNS FROM `php34_movie` [ RunTime:0.007756s ]
SQL: SELECT COUNT(*) AS tp_count FROM php34_movie a WHERE ( `is_delete` = 0 ) LIMIT 1   [ RunTime:0.000579s ]
SQL: SELECT * FROM `php34_movie` WHERE ( `is_delete` = 0 ) ORDER BY id desc LIMIT 2,2   [ RunTime:0.000860s ]
INFO: [ view_parse ] --START--
INFO: [ template_filter ] --START--
INFO: Run Behavior\ContentReplaceBehavior [ RunTime:0.000071s ]
INFO: [ template_filter ] --END-- [ RunTime:0.000136s ]
INFO: Run Behavior\ParseTemplateBehavior [ RunTime:0.147822s ]
INFO: [ view_parse ] --END-- [ RunTime:0.147907s ]
INFO: [ view_filter ] --START--
INFO: Run Behavior\WriteHtmlCacheBehavior [ RunTime:0.001850s ]
INFO: [ view_filter ] --END-- [ RunTime:0.001924s ]
INFO: [ app_end ] --START--
INFO: Run Behavior\ShowPageTraceBehavior [ RunTime:0.001422s ]
INFO: [ app_end ] --END-- [ RunTime:0.001490s ]

[ 2017-09-10T19:12:10+08:00 ] 127.0.0.1 /index.php/Admin/Movie/edit/id/1/p/2.html
INFO: [ app_init ] --START--
INFO: Run Behavior\BuildLiteBehavior [ RunTime:0.000014s ]
INFO: [ app_init ] --END-- [ RunTime:0.000724s ]
INFO: [ app_begin ] --START--
INFO: Run Behavior\ReadHtmlCacheBehavior [ RunTime:0.001435s ]
INFO: [ app_begin ] --END-- [ RunTime:0.001502s ]
SQL: SELECT COUNT(*) has FROM php34_privilege WHERE module_name="Admin" AND controller_name="Movie" AND action_name="edit" [ RunTime:0.000320s ]
SQL: SHOW COLUMNS FROM `php34_type` [ RunTime:0.006560s ]
SQL: SELECT * FROM `php34_type`  [ RunTime:0.000351s ]
SQL: SHOW COLUMNS FROM `php34_category` [ RunTime:0.007174s ]
SQL: SELECT * FROM `php34_category`  [ RunTime:0.000410s ]
SQL: SHOW COLUMNS FROM `php34_brand` [ RunTime:0.006216s ]
SQL: SELECT * FROM `php34_brand`  [ RunTime:0.000344s ]
SQL: SHOW COLUMNS FROM `php34_member_level` [ RunTime:0.007008s ]
SQL: SELECT * FROM `php34_member_level`  [ RunTime:0.000373s ]
SQL: SHOW COLUMNS FROM `php34_goods` [ RunTime:0.009193s ]
SQL: SELECT * FROM `php34_goods` WHERE ( `id` = 1 ) LIMIT 1   [ RunTime:0.000576s ]
SQL: SHOW COLUMNS FROM `php34_goods_cat` [ RunTime:0.008208s ]
SQL: SELECT `cat_id` FROM `php34_goods_cat` WHERE ( `goods_id` = '1' )  [ RunTime:0.000524s ]
SQL: SHOW COLUMNS FROM `php34_member_price` [ RunTime:0.007718s ]
SQL: SELECT * FROM `php34_member_price` WHERE ( `goods_id` = '1' )  [ RunTime:0.000484s ]
SQL: SHOW COLUMNS FROM `php34_goods_attr` [ RunTime:0.008319s ]
SQL: SELECT a.*,b.attr_name,b.attr_type,b.attr_option_values FROM php34_goods_attr a LEFT JOIN php34_attribute b ON a.attr_id=b.id  WHERE ( a.goods_id = '1' ) ORDER BY a.attr_id ASC  [ RunTime:0.010095s ]
SQL: SHOW COLUMNS FROM `php34_attribute` [ RunTime:0.007780s ]
SQL: SELECT id attr_id,`attr_name`,`attr_type`,`attr_option_values` FROM `php34_attribute` WHERE ( `type_id` = '5' ) AND ( `id` NOT IN ('5','6','9') )  [ RunTime:0.000516s ]
SQL: SHOW COLUMNS FROM `php34_goods_pics` [ RunTime:0.006847s ]
SQL: SELECT * FROM `php34_goods_pics` WHERE ( `goods_id` = '1' )  [ RunTime:0.000621s ]
INFO: [ view_parse ] --START--
INFO: [ template_filter ] --START--
INFO: Run Behavior\ContentReplaceBehavior [ RunTime:0.000163s ]
INFO: [ template_filter ] --END-- [ RunTime:0.000227s ]
NOTIC: [2] Invalid argument supplied for foreach() E:\PHP\apache\htdocs\shop34\Application\Runtime\Cache\Admin\5259ccf3e8674023633f9a813acca51a.php 第 67 行.
NOTIC: [2] Invalid argument supplied for foreach() E:\PHP\apache\htdocs\shop34\Application\Runtime\Cache\Admin\5259ccf3e8674023633f9a813acca51a.php 第 244 行.
INFO: Run Behavior\ParseTemplateBehavior [ RunTime:0.015756s ]
INFO: [ view_parse ] --END-- [ RunTime:0.015886s ]
INFO: [ view_filter ] --START--
INFO: Run Behavior\WriteHtmlCacheBehavior [ RunTime:0.000774s ]
INFO: [ view_filter ] --END-- [ RunTime:0.000826s ]
INFO: [ app_end ] --START--
INFO: Run Behavior\ShowPageTraceBehavior [ RunTime:0.001535s ]
INFO: [ app_end ] --END-- [ RunTime:0.001615s ]

[ 2017-09-10T23:34:19+08:00 ] 127.0.0.1 /index.php/Admin/Index/index.html
INFO: [ app_init ] --START--
INFO: Run Behavior\BuildLiteBehavior [ RunTime:0.000020s ]
INFO: [ app_init ] --END-- [ RunTime:0.000749s ]
INFO: [ app_begin ] --START--
INFO: Run Behavior\ReadHtmlCacheBehavior [ RunTime:0.000938s ]
INFO: [ app_begin ] --END-- [ RunTime:0.001026s ]
INFO: [ view_parse ] --START--
INFO: [ template_filter ] --START--
INFO: Run Behavior\ContentReplaceBehavior [ RunTime:0.000039s ]
INFO: [ template_filter ] --END-- [ RunTime:0.000102s ]
INFO: Run Behavior\ParseTemplateBehavior [ RunTime:0.008949s ]
INFO: [ view_parse ] --END-- [ RunTime:0.009145s ]
INFO: [ view_filter ] --START--
INFO: Run Behavior\WriteHtmlCacheBehavior [ RunTime:0.000696s ]
INFO: [ view_filter ] --END-- [ RunTime:0.000778s ]
INFO: [ app_end ] --START--
INFO: Run Behavior\ShowPageTraceBehavior [ RunTime:0.001351s ]
INFO: [ app_end ] --END-- [ RunTime:0.001417s ]

[ 2017-09-10T23:34:19+08:00 ] 127.0.0.1 /index.php/Admin/Index/top.html
INFO: [ app_init ] --START--
INFO: Run Behavior\BuildLiteBehavior [ RunTime:0.000022s ]
INFO: [ app_init ] --END-- [ RunTime:0.000747s ]
INFO: [ app_begin ] --START--
INFO: Run Behavior\ReadHtmlCacheBehavior [ RunTime:0.001686s ]
INFO: [ app_begin ] --END-- [ RunTime:0.001805s ]
INFO: [ view_parse ] --START--
INFO: [ template_filter ] --START--
INFO: Run Behavior\ContentReplaceBehavior [ RunTime:0.000085s ]
INFO: [ template_filter ] --END-- [ RunTime:0.000173s ]
INFO: Run Behavior\ParseTemplateBehavior [ RunTime:0.013953s ]
INFO: [ view_parse ] --END-- [ RunTime:0.014061s ]
INFO: [ view_filter ] --START--
INFO: Run Behavior\WriteHtmlCacheBehavior [ RunTime:0.001285s ]
INFO: [ view_filter ] --END-- [ RunTime:0.001384s ]
INFO: [ app_end ] --START--
INFO: Run Behavior\ShowPageTraceBehavior [ RunTime:0.001117s ]
INFO: [ app_end ] --END-- [ RunTime:0.001206s ]

[ 2017-09-10T23:34:19+08:00 ] 127.0.0.1 /index.php/Admin/Index/main.html
INFO: [ app_init ] --START--
INFO: Run Behavior\BuildLiteBehavior [ RunTime:0.000016s ]
INFO: [ app_init ] --END-- [ RunTime:0.000924s ]
INFO: [ app_begin ] --START--
INFO: Run Behavior\ReadHtmlCacheBehavior [ RunTime:0.000940s ]
INFO: [ app_begin ] --END-- [ RunTime:0.001007s ]
INFO: [ view_parse ] --START--
NOTIC: [2] file_get_contents(./Application/Admin/View/Index/footer.html) [<a href='function.file-get-contents'>function.file-get-contents</a>]: failed to open stream: No such file or directory E:\PHP\apache\htdocs\shop34\ThinkPHP\Library\Think\Template.class.php 第 696 行.
INFO: [ template_filter ] --START--
INFO: Run Behavior\ContentReplaceBehavior [ RunTime:0.000054s ]
INFO: [ template_filter ] --END-- [ RunTime:0.000124s ]
INFO: Run Behavior\ParseTemplateBehavior [ RunTime:0.011560s ]
INFO: [ view_parse ] --END-- [ RunTime:0.011667s ]
INFO: [ view_filter ] --START--
INFO: Run Behavior\WriteHtmlCacheBehavior [ RunTime:0.002100s ]
INFO: [ view_filter ] --END-- [ RunTime:0.002185s ]
INFO: [ app_end ] --START--
INFO: Run Behavior\ShowPageTraceBehavior [ RunTime:0.001011s ]
INFO: [ app_end ] --END-- [ RunTime:0.001073s ]

[ 2017-09-10T23:34:19+08:00 ] 127.0.0.1 /index.php/Admin/Index/menu.html
INFO: [ app_init ] --START--
INFO: Run Behavior\BuildLiteBehavior [ RunTime:0.000019s ]
INFO: [ app_init ] --END-- [ RunTime:0.000784s ]
INFO: [ app_begin ] --START--
INFO: Run Behavior\ReadHtmlCacheBehavior [ RunTime:0.002219s ]
INFO: [ app_begin ] --END-- [ RunTime:0.002375s ]
SQL: SELECT * FROM php34_privilege [ RunTime:0.000650s ]
INFO: [ view_parse ] --START--
INFO: [ template_filter ] --START--
INFO: Run Behavior\ContentReplaceBehavior [ RunTime:0.000078s ]
INFO: [ template_filter ] --END-- [ RunTime:0.000163s ]
INFO: Run Behavior\ParseTemplateBehavior [ RunTime:0.011189s ]
INFO: [ view_parse ] --END-- [ RunTime:0.011277s ]
INFO: [ view_filter ] --START--
INFO: Run Behavior\WriteHtmlCacheBehavior [ RunTime:0.000787s ]
INFO: [ view_filter ] --END-- [ RunTime:0.000889s ]
INFO: [ app_end ] --START--
INFO: Run Behavior\ShowPageTraceBehavior [ RunTime:0.001539s ]
INFO: [ app_end ] --END-- [ RunTime:0.001667s ]

[ 2017-09-10T23:34:20+08:00 ] 127.0.0.1 /index.php/Admin/Movie/lst.html
INFO: [ app_init ] --START--
INFO: Run Behavior\BuildLiteBehavior [ RunTime:0.000031s ]
INFO: [ app_init ] --END-- [ RunTime:0.001167s ]
INFO: [ app_begin ] --START--
INFO: Run Behavior\ReadHtmlCacheBehavior [ RunTime:0.001399s ]
INFO: [ app_begin ] --END-- [ RunTime:0.001498s ]
SQL: SELECT COUNT(*) has FROM php34_privilege WHERE module_name="Admin" AND controller_name="Movie" AND action_name="lst" [ RunTime:0.000320s ]
SQL: SHOW COLUMNS FROM `php34_movie` [ RunTime:0.007044s ]
SQL: SELECT COUNT(*) AS tp_count FROM php34_movie a WHERE ( `is_delete` = 0 ) LIMIT 1   [ RunTime:0.000625s ]
SQL: SELECT * FROM `php34_movie` WHERE ( `is_delete` = 0 ) ORDER BY id desc LIMIT 0,2   [ RunTime:0.000512s ]
INFO: [ view_parse ] --START--
INFO: [ template_filter ] --START--
INFO: Run Behavior\ContentReplaceBehavior [ RunTime:0.000089s ]
INFO: [ template_filter ] --END-- [ RunTime:0.000149s ]
INFO: Run Behavior\ParseTemplateBehavior [ RunTime:0.008833s ]
INFO: [ view_parse ] --END-- [ RunTime:0.008905s ]
INFO: [ view_filter ] --START--
INFO: Run Behavior\WriteHtmlCacheBehavior [ RunTime:0.000486s ]
INFO: [ view_filter ] --END-- [ RunTime:0.000538s ]
INFO: [ app_end ] --START--
INFO: Run Behavior\ShowPageTraceBehavior [ RunTime:0.000660s ]
INFO: [ app_end ] --END-- [ RunTime:0.000726s ]

[ 2017-09-10T23:34:23+08:00 ] 127.0.0.1 /index.php/Admin/Movie/edit/id/9.html
INFO: [ app_init ] --START--
INFO: Run Behavior\BuildLiteBehavior [ RunTime:0.000018s ]
INFO: [ app_init ] --END-- [ RunTime:0.000557s ]
INFO: [ app_begin ] --START--
INFO: Run Behavior\ReadHtmlCacheBehavior [ RunTime:0.000697s ]
INFO: [ app_begin ] --END-- [ RunTime:0.000773s ]
SQL: SELECT COUNT(*) has FROM php34_privilege WHERE module_name="Admin" AND controller_name="Movie" AND action_name="edit" [ RunTime:0.000221s ]
SQL: SHOW COLUMNS FROM `php34_category` [ RunTime:0.009063s ]
SQL: SELECT * FROM `php34_category`  [ RunTime:0.000381s ]
SQL: SHOW COLUMNS FROM `php34_movie` [ RunTime:0.009377s ]
SQL: SELECT * FROM `php34_movie` WHERE ( `id` = 9 ) LIMIT 1   [ RunTime:0.000831s ]
INFO: [ view_parse ] --START--
INFO: [ template_filter ] --START--
INFO: Run Behavior\ContentReplaceBehavior [ RunTime:0.000172s ]
INFO: [ template_filter ] --END-- [ RunTime:0.000272s ]
NOTIC: [8] Undefined index: goods_name E:\PHP\apache\htdocs\shop34\Application\Runtime\Cache\Admin\5259ccf3e8674023633f9a813acca51a.php 第 45 行.
NOTIC: [8] Undefined index: cat_id E:\PHP\apache\htdocs\shop34\Application\Runtime\Cache\Admin\5259ccf3e8674023633f9a813acca51a.php 第 54 行.
NOTIC: [8] Undefined index: cat_id E:\PHP\apache\htdocs\shop34\Application\Runtime\Cache\Admin\5259ccf3e8674023633f9a813acca51a.php 第 54 行.
NOTIC: [8] Undefined index: cat_id E:\PHP\apache\htdocs\shop34\Application\Runtime\Cache\Admin\5259ccf3e8674023633f9a813acca51a.php 第 54 行.
NOTIC: [8] Undefined index: cat_id E:\PHP\apache\htdocs\shop34\Application\Runtime\Cache\Admin\5259ccf3e8674023633f9a813acca51a.php 第 54 行.
NOTIC: [8] Undefined variable: extCatId E:\PHP\apache\htdocs\shop34\Application\Runtime\Cache\Admin\5259ccf3e8674023633f9a813acca51a.php 第 65 行.
NOTIC: [2] Invalid argument supplied for foreach() E:\PHP\apache\htdocs\shop34\Application\Runtime\Cache\Admin\5259ccf3e8674023633f9a813acca51a.php 第 65 行.
INFO: Run Behavior\ParseTemplateBehavior [ RunTime:0.011122s ]
INFO: [ view_parse ] --END-- [ RunTime:0.011220s ]
INFO: [ view_filter ] --START--
INFO: Run Behavior\WriteHtmlCacheBehavior [ RunTime:0.000536s ]
INFO: [ view_filter ] --END-- [ RunTime:0.000598s ]
INFO: [ app_end ] --START--
INFO: Run Behavior\ShowPageTraceBehavior [ RunTime:0.000991s ]
INFO: [ app_end ] --END-- [ RunTime:0.001090s ]

[ 2017-09-10T23:37:09+08:00 ] 127.0.0.1 /index.php/Admin/Movie/lst.html
INFO: [ app_init ] --START--
INFO: Run Behavior\BuildLiteBehavior [ RunTime:0.000017s ]
INFO: [ app_init ] --END-- [ RunTime:0.000768s ]
INFO: [ app_begin ] --START--
INFO: Run Behavior\ReadHtmlCacheBehavior [ RunTime:0.001269s ]
INFO: [ app_begin ] --END-- [ RunTime:0.001348s ]
SQL: SELECT COUNT(*) has FROM php34_privilege WHERE module_name="Admin" AND controller_name="Movie" AND action_name="lst" [ RunTime:0.000351s ]
SQL: SHOW COLUMNS FROM `php34_movie` [ RunTime:0.007151s ]
SQL: SELECT COUNT(*) AS tp_count FROM php34_movie a WHERE ( `is_delete` = 0 ) LIMIT 1   [ RunTime:0.000382s ]
SQL: SELECT * FROM `php34_movie` WHERE ( `is_delete` = 0 ) ORDER BY id desc LIMIT 0,2   [ RunTime:0.000534s ]
INFO: [ view_parse ] --START--
INFO: [ template_filter ] --START--
INFO: Run Behavior\ContentReplaceBehavior [ RunTime:0.000080s ]
INFO: [ template_filter ] --END-- [ RunTime:0.000147s ]
INFO: Run Behavior\ParseTemplateBehavior [ RunTime:0.011506s ]
INFO: [ view_parse ] --END-- [ RunTime:0.011609s ]
INFO: [ view_filter ] --START--
INFO: Run Behavior\WriteHtmlCacheBehavior [ RunTime:0.000792s ]
INFO: [ view_filter ] --END-- [ RunTime:0.000847s ]
INFO: [ app_end ] --START--
INFO: Run Behavior\ShowPageTraceBehavior [ RunTime:0.001119s ]
INFO: [ app_end ] --END-- [ RunTime:0.001182s ]

[ 2017-09-10T23:37:12+08:00 ] 127.0.0.1 /index.php/Admin/Movie/edit/id/8.html
INFO: [ app_init ] --START--
INFO: Run Behavior\BuildLiteBehavior [ RunTime:0.000028s ]
INFO: [ app_init ] --END-- [ RunTime:0.000883s ]
INFO: [ app_begin ] --START--
INFO: Run Behavior\ReadHtmlCacheBehavior [ RunTime:0.000999s ]
INFO: [ app_begin ] --END-- [ RunTime:0.001097s ]
SQL: SELECT COUNT(*) has FROM php34_privilege WHERE module_name="Admin" AND controller_name="Movie" AND action_name="edit" [ RunTime:0.000448s ]
SQL: SHOW COLUMNS FROM `php34_category` [ RunTime:0.007513s ]
SQL: SELECT * FROM `php34_category`  [ RunTime:0.000358s ]
SQL: SHOW COLUMNS FROM `php34_movie` [ RunTime:0.007728s ]
SQL: SELECT * FROM `php34_movie` WHERE ( `id` = 8 ) LIMIT 1   [ RunTime:0.000678s ]
INFO: [ view_parse ] --START--
INFO: [ template_filter ] --START--
INFO: Run Behavior\ContentReplaceBehavior [ RunTime:0.000128s ]
INFO: [ template_filter ] --END-- [ RunTime:0.000188s ]
NOTIC: [8] Undefined index: goods_name E:\PHP\apache\htdocs\shop34\Application\Runtime\Cache\Admin\5259ccf3e8674023633f9a813acca51a.php 第 45 行.
NOTIC: [8] Undefined index: cat_id E:\PHP\apache\htdocs\shop34\Application\Runtime\Cache\Admin\5259ccf3e8674023633f9a813acca51a.php 第 54 行.
NOTIC: [8] Undefined index: cat_id E:\PHP\apache\htdocs\shop34\Application\Runtime\Cache\Admin\5259ccf3e8674023633f9a813acca51a.php 第 54 行.
NOTIC: [8] Undefined index: cat_id E:\PHP\apache\htdocs\shop34\Application\Runtime\Cache\Admin\5259ccf3e8674023633f9a813acca51a.php 第 54 行.
NOTIC: [8] Undefined index: cat_id E:\PHP\apache\htdocs\shop34\Application\Runtime\Cache\Admin\5259ccf3e8674023633f9a813acca51a.php 第 54 行.
NOTIC: [8] Undefined variable: extCatId E:\PHP\apache\htdocs\shop34\Application\Runtime\Cache\Admin\5259ccf3e8674023633f9a813acca51a.php 第 65 行.
NOTIC: [2] Invalid argument supplied for foreach() E:\PHP\apache\htdocs\shop34\Application\Runtime\Cache\Admin\5259ccf3e8674023633f9a813acca51a.php 第 65 行.
INFO: Run Behavior\ParseTemplateBehavior [ RunTime:0.011449s ]
INFO: [ view_parse ] --END-- [ RunTime:0.011553s ]
INFO: [ view_filter ] --START--
INFO: Run Behavior\WriteHtmlCacheBehavior [ RunTime:0.000843s ]
INFO: [ view_filter ] --END-- [ RunTime:0.000904s ]
INFO: [ app_end ] --START--
INFO: Run Behavior\ShowPageTraceBehavior [ RunTime:0.001192s ]
INFO: [ app_end ] --END-- [ RunTime:0.001275s ]

[ 2017-09-10T23:37:37+08:00 ] 127.0.0.1 /index.php/Admin/Movie/lst.html
INFO: [ app_init ] --START--
INFO: Run Behavior\BuildLiteBehavior [ RunTime:0.000017s ]
INFO: [ app_init ] --END-- [ RunTime:0.000700s ]
INFO: [ app_begin ] --START--
INFO: Run Behavior\ReadHtmlCacheBehavior [ RunTime:0.001289s ]
INFO: [ app_begin ] --END-- [ RunTime:0.001362s ]
SQL: SELECT COUNT(*) has FROM php34_privilege WHERE module_name="Admin" AND controller_name="Movie" AND action_name="lst" [ RunTime:0.000344s ]
SQL: SHOW COLUMNS FROM `php34_movie` [ RunTime:0.007574s ]
SQL: SELECT COUNT(*) AS tp_count FROM php34_movie a WHERE ( `is_delete` = 0 ) LIMIT 1   [ RunTime:0.000368s ]
SQL: SELECT * FROM `php34_movie` WHERE ( `is_delete` = 0 ) ORDER BY id desc LIMIT 0,2   [ RunTime:0.000645s ]
INFO: [ view_parse ] --START--
INFO: [ template_filter ] --START--
INFO: Run Behavior\ContentReplaceBehavior [ RunTime:0.000065s ]
INFO: [ template_filter ] --END-- [ RunTime:0.000125s ]
INFO: Run Behavior\ParseTemplateBehavior [ RunTime:0.011069s ]
INFO: [ view_parse ] --END-- [ RunTime:0.011159s ]
INFO: [ view_filter ] --START--
INFO: Run Behavior\WriteHtmlCacheBehavior [ RunTime:0.000802s ]
INFO: [ view_filter ] --END-- [ RunTime:0.000857s ]
INFO: [ app_end ] --START--
INFO: Run Behavior\ShowPageTraceBehavior [ RunTime:0.001145s ]
INFO: [ app_end ] --END-- [ RunTime:0.001216s ]

[ 2017-09-10T23:37:39+08:00 ] 127.0.0.1 /index.php/Admin/Movie/edit/id/8.html
INFO: [ app_init ] --START--
INFO: Run Behavior\BuildLiteBehavior [ RunTime:0.000017s ]
INFO: [ app_init ] --END-- [ RunTime:0.000675s ]
INFO: [ app_begin ] --START--
INFO: Run Behavior\ReadHtmlCacheBehavior [ RunTime:0.000999s ]
INFO: [ app_begin ] --END-- [ RunTime:0.001063s ]
SQL: SELECT COUNT(*) has FROM php34_privilege WHERE module_name="Admin" AND controller_name="Movie" AND action_name="edit" [ RunTime:0.000363s ]
SQL: SHOW COLUMNS FROM `php34_category` [ RunTime:0.008864s ]
SQL: SELECT * FROM `php34_category`  [ RunTime:0.000376s ]
SQL: SHOW COLUMNS FROM `php34_movie` [ RunTime:0.009330s ]
SQL: SELECT * FROM `php34_movie` WHERE ( `id` = 8 ) LIMIT 1   [ RunTime:0.000564s ]
INFO: [ view_parse ] --START--
INFO: [ template_filter ] --START--
INFO: Run Behavior\ContentReplaceBehavior [ RunTime:0.000095s ]
INFO: [ template_filter ] --END-- [ RunTime:0.000153s ]
NOTIC: [8] Undefined index: goods_name E:\PHP\apache\htdocs\shop34\Application\Runtime\Cache\Admin\5259ccf3e8674023633f9a813acca51a.php 第 45 行.
NOTIC: [8] Undefined index: cat_id E:\PHP\apache\htdocs\shop34\Application\Runtime\Cache\Admin\5259ccf3e8674023633f9a813acca51a.php 第 54 行.
NOTIC: [8] Undefined index: cat_id E:\PHP\apache\htdocs\shop34\Application\Runtime\Cache\Admin\5259ccf3e8674023633f9a813acca51a.php 第 54 行.
NOTIC: [8] Undefined index: cat_id E:\PHP\apache\htdocs\shop34\Application\Runtime\Cache\Admin\5259ccf3e8674023633f9a813acca51a.php 第 54 行.
NOTIC: [8] Undefined index: cat_id E:\PHP\apache\htdocs\shop34\Application\Runtime\Cache\Admin\5259ccf3e8674023633f9a813acca51a.php 第 54 行.
NOTIC: [8] Undefined variable: extCatId E:\PHP\apache\htdocs\shop34\Application\Runtime\Cache\Admin\5259ccf3e8674023633f9a813acca51a.php 第 65 行.
NOTIC: [2] Invalid argument supplied for foreach() E:\PHP\apache\htdocs\shop34\Application\Runtime\Cache\Admin\5259ccf3e8674023633f9a813acca51a.php 第 65 行.
INFO: Run Behavior\ParseTemplateBehavior [ RunTime:0.012018s ]
INFO: [ view_parse ] --END-- [ RunTime:0.012117s ]
INFO: [ view_filter ] --START--
INFO: Run Behavior\WriteHtmlCacheBehavior [ RunTime:0.000870s ]
INFO: [ view_filter ] --END-- [ RunTime:0.000927s ]
INFO: [ app_end ] --START--
INFO: Run Behavior\ShowPageTraceBehavior [ RunTime:0.001649s ]
INFO: [ app_end ] --END-- [ RunTime:0.001768s ]

[ 2017-09-10T23:38:17+08:00 ] 127.0.0.1 /index.php/Admin/Movie/lst.html
INFO: [ app_init ] --START--
INFO: Run Behavior\BuildLiteBehavior [ RunTime:0.000023s ]
INFO: [ app_init ] --END-- [ RunTime:0.000909s ]
INFO: [ app_begin ] --START--
INFO: Run Behavior\ReadHtmlCacheBehavior [ RunTime:0.001216s ]
INFO: [ app_begin ] --END-- [ RunTime:0.001322s ]
SQL: SELECT COUNT(*) has FROM php34_privilege WHERE module_name="Admin" AND controller_name="Movie" AND action_name="lst" [ RunTime:0.000336s ]
SQL: SHOW COLUMNS FROM `php34_movie` [ RunTime:0.007104s ]
SQL: SELECT COUNT(*) AS tp_count FROM php34_movie a WHERE ( `is_delete` = 0 ) LIMIT 1   [ RunTime:0.000391s ]
SQL: SELECT * FROM `php34_movie` WHERE ( `is_delete` = 0 ) ORDER BY id desc LIMIT 0,2   [ RunTime:0.000613s ]
INFO: [ view_parse ] --START--
INFO: [ template_filter ] --START--
INFO: Run Behavior\ContentReplaceBehavior [ RunTime:0.000067s ]
INFO: [ template_filter ] --END-- [ RunTime:0.000126s ]
INFO: Run Behavior\ParseTemplateBehavior [ RunTime:0.009563s ]
INFO: [ view_parse ] --END-- [ RunTime:0.009634s ]
INFO: [ view_filter ] --START--
INFO: Run Behavior\WriteHtmlCacheBehavior [ RunTime:0.000535s ]
INFO: [ view_filter ] --END-- [ RunTime:0.000591s ]
INFO: [ app_end ] --START--
INFO: Run Behavior\ShowPageTraceBehavior [ RunTime:0.000710s ]
INFO: [ app_end ] --END-- [ RunTime:0.000770s ]

[ 2017-09-10T23:38:19+08:00 ] 127.0.0.1 /index.php/Admin/Movie/edit/id/8.html
INFO: [ app_init ] --START--
INFO: Run Behavior\BuildLiteBehavior [ RunTime:0.000022s ]
INFO: [ app_init ] --END-- [ RunTime:0.000844s ]
INFO: [ app_begin ] --START--
INFO: Run Behavior\ReadHtmlCacheBehavior [ RunTime:0.000944s ]
INFO: [ app_begin ] --END-- [ RunTime:0.001036s ]
SQL: SELECT COUNT(*) has FROM php34_privilege WHERE module_name="Admin" AND controller_name="Movie" AND action_name="edit" [ RunTime:0.000329s ]
SQL: SHOW COLUMNS FROM `php34_category` [ RunTime:0.009774s ]
SQL: SELECT * FROM `php34_category`  [ RunTime:0.000684s ]
SQL: SHOW COLUMNS FROM `php34_movie` [ RunTime:0.007732s ]
SQL: SELECT * FROM `php34_movie` WHERE ( `id` = 8 ) LIMIT 1   [ RunTime:0.000428s ]
INFO: [ view_parse ] --START--
INFO: [ template_filter ] --START--
INFO: Run Behavior\ContentReplaceBehavior [ RunTime:0.000109s ]
INFO: [ template_filter ] --END-- [ RunTime:0.000184s ]
NOTIC: [8] Undefined index: cat_id E:\PHP\apache\htdocs\shop34\Application\Runtime\Cache\Admin\5259ccf3e8674023633f9a813acca51a.php 第 54 行.
NOTIC: [8] Undefined index: cat_id E:\PHP\apache\htdocs\shop34\Application\Runtime\Cache\Admin\5259ccf3e8674023633f9a813acca51a.php 第 54 行.
NOTIC: [8] Undefined index: cat_id E:\PHP\apache\htdocs\shop34\Application\Runtime\Cache\Admin\5259ccf3e8674023633f9a813acca51a.php 第 54 行.
NOTIC: [8] Undefined index: cat_id E:\PHP\apache\htdocs\shop34\Application\Runtime\Cache\Admin\5259ccf3e8674023633f9a813acca51a.php 第 54 行.
NOTIC: [8] Undefined variable: extCatId E:\PHP\apache\htdocs\shop34\Application\Runtime\Cache\Admin\5259ccf3e8674023633f9a813acca51a.php 第 65 行.
NOTIC: [2] Invalid argument supplied for foreach() E:\PHP\apache\htdocs\shop34\Application\Runtime\Cache\Admin\5259ccf3e8674023633f9a813acca51a.php 第 65 行.
INFO: Run Behavior\ParseTemplateBehavior [ RunTime:0.012000s ]
INFO: [ view_parse ] --END-- [ RunTime:0.012103s ]
INFO: [ view_filter ] --START--
INFO: Run Behavior\WriteHtmlCacheBehavior [ RunTime:0.000403s ]
INFO: [ view_filter ] --END-- [ RunTime:0.000453s ]
INFO: [ app_end ] --START--
INFO: Run Behavior\ShowPageTraceBehavior [ RunTime:0.000984s ]
INFO: [ app_end ] --END-- [ RunTime:0.001094s ]

[ 2017-09-10T23:40:08+08:00 ] 127.0.0.1 /index.php/Admin/Movie/edit/id/8.html
INFO: [ app_init ] --START--
INFO: Run Behavior\BuildLiteBehavior [ RunTime:0.000016s ]
INFO: [ app_init ] --END-- [ RunTime:0.000586s ]
INFO: [ app_begin ] --START--
INFO: Run Behavior\ReadHtmlCacheBehavior [ RunTime:0.001050s ]
INFO: [ app_begin ] --END-- [ RunTime:0.001197s ]
SQL: SELECT COUNT(*) has FROM php34_privilege WHERE module_name="Admin" AND controller_name="Movie" AND action_name="edit" [ RunTime:0.000337s ]
SQL: SHOW COLUMNS FROM `php34_category` [ RunTime:0.007017s ]
SQL: SELECT * FROM `php34_category`  [ RunTime:0.001020s ]
SQL: SHOW COLUMNS FROM `php34_movie` [ RunTime:0.009470s ]
SQL: SELECT * FROM `php34_movie` WHERE ( `id` = 8 ) LIMIT 1   [ RunTime:0.000550s ]
INFO: [ view_parse ] --START--
INFO: [ template_filter ] --START--
INFO: Run Behavior\ContentReplaceBehavior [ RunTime:0.000105s ]
INFO: [ template_filter ] --END-- [ RunTime:0.000168s ]
NOTIC: [8] Undefined variable: extCatId E:\PHP\apache\htdocs\shop34\Application\Runtime\Cache\Admin\5259ccf3e8674023633f9a813acca51a.php 第 65 行.
NOTIC: [2] Invalid argument supplied for foreach() E:\PHP\apache\htdocs\shop34\Application\Runtime\Cache\Admin\5259ccf3e8674023633f9a813acca51a.php 第 65 行.
INFO: Run Behavior\ParseTemplateBehavior [ RunTime:0.010233s ]
INFO: [ view_parse ] --END-- [ RunTime:0.010302s ]
INFO: [ view_filter ] --START--
INFO: Run Behavior\WriteHtmlCacheBehavior [ RunTime:0.000392s ]
INFO: [ view_filter ] --END-- [ RunTime:0.000448s ]
INFO: [ app_end ] --START--
INFO: Run Behavior\ShowPageTraceBehavior [ RunTime:0.000983s ]
INFO: [ app_end ] --END-- [ RunTime:0.001077s ]

[ 2017-09-10T23:46:52+08:00 ] 127.0.0.1 /index.php/Admin/Movie/lst.html
INFO: [ app_init ] --START--
INFO: Run Behavior\BuildLiteBehavior [ RunTime:0.000018s ]
INFO: [ app_init ] --END-- [ RunTime:0.000750s ]
INFO: [ app_begin ] --START--
INFO: Run Behavior\ReadHtmlCacheBehavior [ RunTime:0.001222s ]
INFO: [ app_begin ] --END-- [ RunTime:0.001308s ]
SQL: SELECT COUNT(*) has FROM php34_privilege WHERE module_name="Admin" AND controller_name="Movie" AND action_name="lst" [ RunTime:0.000334s ]
SQL: SHOW COLUMNS FROM `php34_movie` [ RunTime:0.007238s ]
SQL: SELECT COUNT(*) AS tp_count FROM php34_movie a WHERE ( `is_delete` = 0 ) LIMIT 1   [ RunTime:0.000528s ]
SQL: SELECT * FROM `php34_movie` WHERE ( `is_delete` = 0 ) ORDER BY id desc LIMIT 0,2   [ RunTime:0.001041s ]
INFO: [ view_parse ] --START--
INFO: [ template_filter ] --START--
INFO: Run Behavior\ContentReplaceBehavior [ RunTime:0.000072s ]
INFO: [ template_filter ] --END-- [ RunTime:0.000139s ]
INFO: Run Behavior\ParseTemplateBehavior [ RunTime:0.011019s ]
INFO: [ view_parse ] --END-- [ RunTime:0.011089s ]
INFO: [ view_filter ] --START--
INFO: Run Behavior\WriteHtmlCacheBehavior [ RunTime:0.000897s ]
INFO: [ view_filter ] --END-- [ RunTime:0.000956s ]
INFO: [ app_end ] --START--
INFO: Run Behavior\ShowPageTraceBehavior [ RunTime:0.001067s ]
INFO: [ app_end ] --END-- [ RunTime:0.001122s ]

[ 2017-09-10T23:46:54+08:00 ] 127.0.0.1 /index.php/Admin/Movie/edit/id/8.html
INFO: [ app_init ] --START--
INFO: Run Behavior\BuildLiteBehavior [ RunTime:0.000015s ]
INFO: [ app_init ] --END-- [ RunTime:0.000606s ]
INFO: [ app_begin ] --START--
INFO: Run Behavior\ReadHtmlCacheBehavior [ RunTime:0.000982s ]
INFO: [ app_begin ] --END-- [ RunTime:0.001045s ]
SQL: SELECT COUNT(*) has FROM php34_privilege WHERE module_name="Admin" AND controller_name="Movie" AND action_name="edit" [ RunTime:0.000334s ]
SQL: SHOW COLUMNS FROM `php34_category` [ RunTime:0.008711s ]
SQL: SELECT * FROM `php34_category`  [ RunTime:0.000361s ]
SQL: SHOW COLUMNS FROM `php34_movie` [ RunTime:0.008338s ]
SQL: SELECT * FROM `php34_movie` WHERE ( `id` = 8 ) LIMIT 1   [ RunTime:0.000587s ]
INFO: [ view_parse ] --START--
INFO: [ template_filter ] --START--
INFO: Run Behavior\ContentReplaceBehavior [ RunTime:0.000150s ]
INFO: [ template_filter ] --END-- [ RunTime:0.000250s ]
INFO: Run Behavior\ParseTemplateBehavior [ RunTime:0.013515s ]
INFO: [ view_parse ] --END-- [ RunTime:0.013629s ]
INFO: [ view_filter ] --START--
INFO: Run Behavior\WriteHtmlCacheBehavior [ RunTime:0.001229s ]
INFO: [ view_filter ] --END-- [ RunTime:0.001325s ]
INFO: [ app_end ] --START--
INFO: Run Behavior\ShowPageTraceBehavior [ RunTime:0.001842s ]
INFO: [ app_end ] --END-- [ RunTime:0.001978s ]

[ 2017-09-10T23:50:30+08:00 ] 127.0.0.1 /index.php/Admin/Movie/edit/id/8.html
INFO: [ app_init ] --START--
INFO: Run Behavior\BuildLiteBehavior [ RunTime:0.000014s ]
INFO: [ app_init ] --END-- [ RunTime:0.000619s ]
INFO: [ app_begin ] --START--
INFO: Run Behavior\ReadHtmlCacheBehavior [ RunTime:0.001072s ]
INFO: [ app_begin ] --END-- [ RunTime:0.001134s ]
SQL: SELECT COUNT(*) has FROM php34_privilege WHERE module_name="Admin" AND controller_name="Movie" AND action_name="edit" [ RunTime:0.000347s ]
SQL: SHOW COLUMNS FROM `php34_category` [ RunTime:0.007168s ]
SQL: SELECT * FROM `php34_category`  [ RunTime:0.000361s ]
SQL: SHOW COLUMNS FROM `php34_movie` [ RunTime:0.009971s ]
SQL: SELECT * FROM `php34_movie` WHERE ( `id` = 8 ) LIMIT 1   [ RunTime:0.000548s ]
INFO: [ view_parse ] --START--
INFO: [ template_filter ] --START--
INFO: Run Behavior\ContentReplaceBehavior [ RunTime:0.000098s ]
INFO: [ template_filter ] --END-- [ RunTime:0.000164s ]
INFO: Run Behavior\ParseTemplateBehavior [ RunTime:0.011975s ]
INFO: [ view_parse ] --END-- [ RunTime:0.012064s ]
INFO: [ view_filter ] --START--
INFO: Run Behavior\WriteHtmlCacheBehavior [ RunTime:0.000787s ]
INFO: [ view_filter ] --END-- [ RunTime:0.000845s ]
INFO: [ app_end ] --START--
INFO: Run Behavior\ShowPageTraceBehavior [ RunTime:0.001757s ]
INFO: [ app_end ] --END-- [ RunTime:0.001835s ]

[ 2017-09-10T23:51:51+08:00 ] 127.0.0.1 /index.php/Admin/Movie/edit/id/8.html
INFO: [ app_init ] --START--
INFO: Run Behavior\BuildLiteBehavior [ RunTime:0.000017s ]
INFO: [ app_init ] --END-- [ RunTime:0.000677s ]
INFO: [ app_begin ] --START--
INFO: Run Behavior\ReadHtmlCacheBehavior [ RunTime:0.000839s ]
INFO: [ app_begin ] --END-- [ RunTime:0.000915s ]
SQL: SELECT COUNT(*) has FROM php34_privilege WHERE module_name="Admin" AND controller_name="Movie" AND action_name="edit" [ RunTime:0.000451s ]
SQL: SHOW COLUMNS FROM `php34_category` [ RunTime:0.006944s ]
SQL: SELECT * FROM `php34_category`  [ RunTime:0.000351s ]
SQL: SHOW COLUMNS FROM `php34_movie` [ RunTime:0.007195s ]
SQL: SELECT * FROM `php34_movie` WHERE ( `id` = 8 ) LIMIT 1   [ RunTime:0.000564s ]
INFO: [ view_parse ] --START--
INFO: [ template_filter ] --START--
INFO: Run Behavior\ContentReplaceBehavior [ RunTime:0.000099s ]
INFO: [ template_filter ] --END-- [ RunTime:0.000160s ]
INFO: Run Behavior\ParseTemplateBehavior [ RunTime:0.011532s ]
INFO: [ view_parse ] --END-- [ RunTime:0.011602s ]
INFO: [ view_filter ] --START--
INFO: Run Behavior\WriteHtmlCacheBehavior [ RunTime:0.000554s ]
INFO: [ view_filter ] --END-- [ RunTime:0.000604s ]
INFO: [ app_end ] --START--
INFO: Run Behavior\ShowPageTraceBehavior [ RunTime:0.001394s ]
INFO: [ app_end ] --END-- [ RunTime:0.001475s ]

[ 2017-09-10T23:52:46+08:00 ] 127.0.0.1 /index.php/Admin/Movie/edit/id/8.html
INFO: [ app_init ] --START--
INFO: Run Behavior\BuildLiteBehavior [ RunTime:0.000016s ]
INFO: [ app_init ] --END-- [ RunTime:0.000706s ]
INFO: [ app_begin ] --START--
INFO: Run Behavior\ReadHtmlCacheBehavior [ RunTime:0.000896s ]
INFO: [ app_begin ] --END-- [ RunTime:0.000976s ]
SQL: SELECT COUNT(*) has FROM php34_privilege WHERE module_name="Admin" AND controller_name="Movie" AND action_name="edit" [ RunTime:0.000363s ]
SQL: SHOW COLUMNS FROM `php34_category` [ RunTime:0.007197s ]
SQL: SELECT * FROM `php34_category`  [ RunTime:0.000544s ]
SQL: SHOW COLUMNS FROM `php34_movie` [ RunTime:0.008848s ]
SQL: SELECT * FROM `php34_movie` WHERE ( `id` = 8 ) LIMIT 1   [ RunTime:0.000474s ]
INFO: [ view_parse ] --START--
INFO: [ template_filter ] --START--
INFO: Run Behavior\ContentReplaceBehavior [ RunTime:0.000104s ]
INFO: [ template_filter ] --END-- [ RunTime:0.000168s ]
INFO: Run Behavior\ParseTemplateBehavior [ RunTime:0.010659s ]
INFO: [ view_parse ] --END-- [ RunTime:0.010736s ]
INFO: [ view_filter ] --START--
INFO: Run Behavior\WriteHtmlCacheBehavior [ RunTime:0.000754s ]
INFO: [ view_filter ] --END-- [ RunTime:0.000818s ]
INFO: [ app_end ] --START--
INFO: Run Behavior\ShowPageTraceBehavior [ RunTime:0.001566s ]
INFO: [ app_end ] --END-- [ RunTime:0.001732s ]

[ 2017-09-10T23:57:05+08:00 ] 127.0.0.1 /index.php/Admin/Movie/edit/id/8.html
INFO: [ app_init ] --START--
INFO: Run Behavior\BuildLiteBehavior [ RunTime:0.000015s ]
INFO: [ app_init ] --END-- [ RunTime:0.000644s ]
INFO: [ app_begin ] --START--
INFO: Run Behavior\ReadHtmlCacheBehavior [ RunTime:0.000801s ]
INFO: [ app_begin ] --END-- [ RunTime:0.000862s ]
SQL: SELECT COUNT(*) has FROM php34_privilege WHERE module_name="Admin" AND controller_name="Movie" AND action_name="edit" [ RunTime:0.000323s ]
SQL: SHOW COLUMNS FROM `php34_category` [ RunTime:0.007767s ]
SQL: SELECT * FROM `php34_category`  [ RunTime:0.000642s ]
SQL: SHOW COLUMNS FROM `php34_movie` [ RunTime:0.007765s ]
SQL: SELECT * FROM `php34_movie` WHERE ( `id` = 8 ) LIMIT 1   [ RunTime:0.000438s ]
INFO: [ view_parse ] --START--
INFO: [ template_filter ] --START--
INFO: Run Behavior\ContentReplaceBehavior [ RunTime:0.000099s ]
INFO: [ template_filter ] --END-- [ RunTime:0.000158s ]
INFO: Run Behavior\ParseTemplateBehavior [ RunTime:0.010570s ]
INFO: [ view_parse ] --END-- [ RunTime:0.010636s ]
INFO: [ view_filter ] --START--
INFO: Run Behavior\WriteHtmlCacheBehavior [ RunTime:0.000594s ]
INFO: [ view_filter ] --END-- [ RunTime:0.000648s ]
INFO: [ app_end ] --START--
INFO: Run Behavior\ShowPageTraceBehavior [ RunTime:0.001430s ]
INFO: [ app_end ] --END-- [ RunTime:0.001537s ]

[ 2017-09-10T23:57:08+08:00 ] 127.0.0.1 /index.php/Admin/Movie/edit/id/8.html
INFO: [ app_init ] --START--
INFO: Run Behavior\BuildLiteBehavior [ RunTime:0.000018s ]
INFO: [ app_init ] --END-- [ RunTime:0.000940s ]
INFO: [ app_begin ] --START--
INFO: Run Behavior\ReadHtmlCacheBehavior [ RunTime:0.001499s ]
INFO: [ app_begin ] --END-- [ RunTime:0.001607s ]
SQL: SELECT COUNT(*) has FROM php34_privilege WHERE module_name="Admin" AND controller_name="Movie" AND action_name="edit" [ RunTime:0.000330s ]
SQL: SHOW COLUMNS FROM `php34_category` [ RunTime:0.006962s ]
SQL: SELECT * FROM `php34_category`  [ RunTime:0.002442s ]
SQL: SHOW COLUMNS FROM `php34_movie` [ RunTime:0.006666s ]
SQL: SELECT * FROM `php34_movie` WHERE ( `id` = 8 ) LIMIT 1   [ RunTime:0.000446s ]
INFO: [ view_parse ] --START--
INFO: [ template_filter ] --START--
INFO: Run Behavior\ContentReplaceBehavior [ RunTime:0.000107s ]
INFO: [ template_filter ] --END-- [ RunTime:0.000173s ]
INFO: Run Behavior\ParseTemplateBehavior [ RunTime:0.011909s ]
INFO: [ view_parse ] --END-- [ RunTime:0.011982s ]
INFO: [ view_filter ] --START--
INFO: Run Behavior\WriteHtmlCacheBehavior [ RunTime:0.000772s ]
INFO: [ view_filter ] --END-- [ RunTime:0.000825s ]
INFO: [ app_end ] --START--
INFO: Run Behavior\ShowPageTraceBehavior [ RunTime:0.001159s ]
INFO: [ app_end ] --END-- [ RunTime:0.001234s ]

[ 2017-09-10T23:57:21+08:00 ] 127.0.0.1 /index.php/Admin/Movie/edit/id/8.html
INFO: [ app_init ] --START--
INFO: Run Behavior\BuildLiteBehavior [ RunTime:0.000014s ]
INFO: [ app_init ] --END-- [ RunTime:0.000566s ]
INFO: [ app_begin ] --START--
INFO: Run Behavior\ReadHtmlCacheBehavior [ RunTime:0.000875s ]
INFO: [ app_begin ] --END-- [ RunTime:0.000944s ]
SQL: SELECT COUNT(*) has FROM php34_privilege WHERE module_name="Admin" AND controller_name="Movie" AND action_name="edit" [ RunTime:0.000335s ]
SQL: SHOW COLUMNS FROM `php34_category` [ RunTime:0.006956s ]
SQL: SELECT * FROM `php34_category`  [ RunTime:0.000374s ]
SQL: SHOW COLUMNS FROM `php34_movie` [ RunTime:0.007403s ]
SQL: SELECT * FROM `php34_movie` WHERE ( `id` = 8 ) LIMIT 1   [ RunTime:0.000704s ]
INFO: [ view_parse ] --START--
INFO: [ template_filter ] --START--
INFO: Run Behavior\ContentReplaceBehavior [ RunTime:0.000100s ]
INFO: [ template_filter ] --END-- [ RunTime:0.000160s ]
INFO: Run Behavior\ParseTemplateBehavior [ RunTime:0.010427s ]
INFO: [ view_parse ] --END-- [ RunTime:0.010501s ]
INFO: [ view_filter ] --START--
INFO: Run Behavior\WriteHtmlCacheBehavior [ RunTime:0.000639s ]
INFO: [ view_filter ] --END-- [ RunTime:0.000713s ]
INFO: [ app_end ] --START--
INFO: Run Behavior\ShowPageTraceBehavior [ RunTime:0.001186s ]
INFO: [ app_end ] --END-- [ RunTime:0.001295s ]

