[ 2017-09-11T00:18:08+08:00 ] 127.0.0.1 /index.php/Admin/Movie/edit/id/8.html
INFO: [ app_init ] --START--
INFO: Run Behavior\BuildLiteBehavior [ RunTime:0.000016s ]
INFO: [ app_init ] --END-- [ RunTime:0.000596s ]
INFO: [ app_begin ] --START--
INFO: Run Behavior\ReadHtmlCacheBehavior [ RunTime:0.001542s ]
INFO: [ app_begin ] --END-- [ RunTime:0.001671s ]
SQL: SELECT COUNT(*) has FROM php34_privilege WHERE module_name="Admin" AND controller_name="Movie" AND action_name="edit" [ RunTime:0.000278s ]
SQL: SHOW COLUMNS FROM `php34_category` [ RunTime:0.007866s ]
SQL: SELECT * FROM `php34_category`  [ RunTime:0.000348s ]
SQL: SHOW COLUMNS FROM `php34_movie` [ RunTime:0.007706s ]
SQL: SELECT * FROM `php34_movie` WHERE ( `id` = 8 ) LIMIT 1   [ RunTime:0.000447s ]
INFO: [ view_parse ] --START--
INFO: [ template_filter ] --START--
INFO: Run Behavior\ContentReplaceBehavior [ RunTime:0.000103s ]
INFO: [ template_filter ] --END-- [ RunTime:0.000162s ]
INFO: Run Behavior\ParseTemplateBehavior [ RunTime:0.010858s ]
INFO: [ view_parse ] --END-- [ RunTime:0.010944s ]
INFO: [ view_filter ] --START--
INFO: Run Behavior\WriteHtmlCacheBehavior [ RunTime:0.000890s ]
INFO: [ view_filter ] --END-- [ RunTime:0.000959s ]
INFO: [ app_end ] --START--
INFO: Run Behavior\ShowPageTraceBehavior [ RunTime:0.001381s ]
INFO: [ app_end ] --END-- [ RunTime:0.001481s ]

[ 2017-09-11T00:18:20+08:00 ] 127.0.0.1 /index.php/Admin/Movie/edit/id/8.html
INFO: [ app_init ] --START--
INFO: Run Behavior\BuildLiteBehavior [ RunTime:0.000021s ]
INFO: [ app_init ] --END-- [ RunTime:0.000900s ]
INFO: [ app_begin ] --START--
INFO: Run Behavior\ReadHtmlCacheBehavior [ RunTime:0.000862s ]
INFO: [ app_begin ] --END-- [ RunTime:0.000940s ]
SQL: SELECT COUNT(*) has FROM php34_privilege WHERE module_name="Admin" AND controller_name="Movie" AND action_name="edit" [ RunTime:0.000348s ]
SQL: SHOW COLUMNS FROM `php34_category` [ RunTime:0.009487s ]
SQL: SELECT * FROM `php34_category`  [ RunTime:0.000387s ]
SQL: SHOW COLUMNS FROM `php34_movie` [ RunTime:0.009181s ]
SQL: SELECT * FROM `php34_movie` WHERE ( `id` = 8 ) LIMIT 1   [ RunTime:0.000878s ]
INFO: [ view_parse ] --START--
INFO: [ template_filter ] --START--
INFO: Run Behavior\ContentReplaceBehavior [ RunTime:0.000126s ]
INFO: [ template_filter ] --END-- [ RunTime:0.000198s ]
INFO: Run Behavior\ParseTemplateBehavior [ RunTime:0.012383s ]
INFO: [ view_parse ] --END-- [ RunTime:0.012469s ]
INFO: [ view_filter ] --START--
INFO: Run Behavior\WriteHtmlCacheBehavior [ RunTime:0.000699s ]
INFO: [ view_filter ] --END-- [ RunTime:0.000751s ]
INFO: [ app_end ] --START--
INFO: Run Behavior\ShowPageTraceBehavior [ RunTime:0.001425s ]
INFO: [ app_end ] --END-- [ RunTime:0.001549s ]

[ 2017-09-11T00:18:44+08:00 ] 127.0.0.1 /index.php/Admin/Movie/edit/id/8.html
INFO: [ app_init ] --START--
INFO: Run Behavior\BuildLiteBehavior [ RunTime:0.000020s ]
INFO: [ app_init ] --END-- [ RunTime:0.000745s ]
INFO: [ app_begin ] --START--
INFO: Run Behavior\ReadHtmlCacheBehavior [ RunTime:0.000779s ]
INFO: [ app_begin ] --END-- [ RunTime:0.000860s ]
SQL: SELECT COUNT(*) has FROM php34_privilege WHERE module_name="Admin" AND controller_name="Movie" AND action_name="edit" [ RunTime:0.000326s ]
SQL: SHOW COLUMNS FROM `php34_movie` [ RunTime:0.007918s ]
NOTIC: [8] Undefined index: status E:\PHP\apache\htdocs\shop34\ThinkPHP\Library\Think\Model.class.php 第 1040 行.
NOTIC: [8] Undefined index: dianzan E:\PHP\apache\htdocs\shop34\ThinkPHP\Library\Think\Model.class.php 第 1040 行.
NOTIC: [8] Undefined index: views E:\PHP\apache\htdocs\shop34\ThinkPHP\Library\Think\Model.class.php 第 1040 行.
SQL: UPDATE `php34_movie` SET `movie_name`='测试视频',`category_id`=23,`is_hot`=0,`is_new`=0,`is_best`=0,`seo_keyword`='sfsf',`seo_description`='sfs',`listorder`=100,`description`='' WHERE ( `id` = 8 ) [ RunTime:0.031230s ]
SQL: SHOW COLUMNS FROM `php34_goods_cat` [ RunTime:0.008233s ]
SQL: DELETE FROM `php34_goods_cat` WHERE ( `goods_id` = 8 ) [ RunTime:0.012964s ]
INFO: [ view_parse ] --START--
INFO: [ template_filter ] --START--
INFO: Run Behavior\ContentReplaceBehavior [ RunTime:0.000039s ]
INFO: [ template_filter ] --END-- [ RunTime:0.000148s ]
INFO: Run Behavior\ParseTemplateBehavior [ RunTime:0.008149s ]
INFO: [ view_parse ] --END-- [ RunTime:0.008266s ]
INFO: [ view_filter ] --START--
INFO: Run Behavior\WriteHtmlCacheBehavior [ RunTime:0.000703s ]
INFO: [ view_filter ] --END-- [ RunTime:0.000756s ]

[ 2017-09-11T00:18:45+08:00 ] 127.0.0.1 /index.php/Admin/Movie/lst/p/1.html
INFO: [ app_init ] --START--
INFO: Run Behavior\BuildLiteBehavior [ RunTime:0.000015s ]
INFO: [ app_init ] --END-- [ RunTime:0.000690s ]
INFO: [ app_begin ] --START--
INFO: Run Behavior\ReadHtmlCacheBehavior [ RunTime:0.000887s ]
INFO: [ app_begin ] --END-- [ RunTime:0.000950s ]
SQL: SELECT COUNT(*) has FROM php34_privilege WHERE module_name="Admin" AND controller_name="Movie" AND action_name="lst" [ RunTime:0.000344s ]
SQL: SHOW COLUMNS FROM `php34_movie` [ RunTime:0.008348s ]
SQL: SELECT COUNT(*) AS tp_count FROM php34_movie a WHERE ( `is_delete` = 0 ) LIMIT 1   [ RunTime:0.000520s ]
SQL: SELECT * FROM `php34_movie` WHERE ( `is_delete` = 0 ) ORDER BY id desc LIMIT 0,2   [ RunTime:0.000640s ]
INFO: [ view_parse ] --START--
INFO: [ template_filter ] --START--
INFO: Run Behavior\ContentReplaceBehavior [ RunTime:0.000072s ]
INFO: [ template_filter ] --END-- [ RunTime:0.000140s ]
INFO: Run Behavior\ParseTemplateBehavior [ RunTime:0.124957s ]
INFO: [ view_parse ] --END-- [ RunTime:0.125027s ]
INFO: [ view_filter ] --START--
INFO: Run Behavior\WriteHtmlCacheBehavior [ RunTime:0.000678s ]
INFO: [ view_filter ] --END-- [ RunTime:0.000728s ]
INFO: [ app_end ] --START--
INFO: Run Behavior\ShowPageTraceBehavior [ RunTime:0.000768s ]
INFO: [ app_end ] --END-- [ RunTime:0.000818s ]

[ 2017-09-11T00:20:19+08:00 ] 127.0.0.1 /index.php/Admin/Movie/edit/id/8/p/1.html
INFO: [ app_init ] --START--
INFO: Run Behavior\BuildLiteBehavior [ RunTime:0.000017s ]
INFO: [ app_init ] --END-- [ RunTime:0.000599s ]
INFO: [ app_begin ] --START--
INFO: Run Behavior\ReadHtmlCacheBehavior [ RunTime:0.000804s ]
INFO: [ app_begin ] --END-- [ RunTime:0.000877s ]
SQL: SELECT COUNT(*) has FROM php34_privilege WHERE module_name="Admin" AND controller_name="Movie" AND action_name="edit" [ RunTime:0.000360s ]
SQL: SHOW COLUMNS FROM `php34_category` [ RunTime:0.008538s ]
SQL: SELECT * FROM `php34_category`  [ RunTime:0.000501s ]
SQL: SHOW COLUMNS FROM `php34_movie` [ RunTime:0.008957s ]
SQL: SELECT * FROM `php34_movie` WHERE ( `id` = 8 ) LIMIT 1   [ RunTime:0.000620s ]
INFO: [ view_parse ] --START--
INFO: [ template_filter ] --START--
INFO: Run Behavior\ContentReplaceBehavior [ RunTime:0.000101s ]
INFO: [ template_filter ] --END-- [ RunTime:0.000167s ]
INFO: Run Behavior\ParseTemplateBehavior [ RunTime:0.011976s ]
INFO: [ view_parse ] --END-- [ RunTime:0.012044s ]
INFO: [ view_filter ] --START--
INFO: Run Behavior\WriteHtmlCacheBehavior [ RunTime:0.000564s ]
INFO: [ view_filter ] --END-- [ RunTime:0.000612s ]
INFO: [ app_end ] --START--
INFO: Run Behavior\ShowPageTraceBehavior [ RunTime:0.001284s ]
INFO: [ app_end ] --END-- [ RunTime:0.001362s ]

[ 2017-09-11T00:20:22+08:00 ] 127.0.0.1 /index.php/Admin/Movie/edit/id/8/p/1.html
INFO: [ app_init ] --START--
INFO: Run Behavior\BuildLiteBehavior [ RunTime:0.000019s ]
INFO: [ app_init ] --END-- [ RunTime:0.000682s ]
INFO: [ app_begin ] --START--
INFO: Run Behavior\ReadHtmlCacheBehavior [ RunTime:0.000830s ]
INFO: [ app_begin ] --END-- [ RunTime:0.000909s ]
SQL: SELECT COUNT(*) has FROM php34_privilege WHERE module_name="Admin" AND controller_name="Movie" AND action_name="edit" [ RunTime:0.000335s ]
SQL: SHOW COLUMNS FROM `php34_movie` [ RunTime:0.008123s ]
NOTIC: [8] Undefined index: status E:\PHP\apache\htdocs\shop34\ThinkPHP\Library\Think\Model.class.php 第 1040 行.
NOTIC: [8] Undefined index: dianzan E:\PHP\apache\htdocs\shop34\ThinkPHP\Library\Think\Model.class.php 第 1040 行.
NOTIC: [8] Undefined index: views E:\PHP\apache\htdocs\shop34\ThinkPHP\Library\Think\Model.class.php 第 1040 行.
SQL: UPDATE `php34_movie` SET `movie_name`='测试视频',`category_id`=23,`is_hot`=0,`is_new`=0,`is_best`=0,`seo_keyword`='sfsfdsafsf',`seo_description`='sfs',`listorder`=100,`description`='',`update_time`=1505060422 WHERE ( `id` = 8 ) [ RunTime:0.100812s ]
SQL: SHOW COLUMNS FROM `php34_goods_cat` [ RunTime:0.014422s ]
SQL: DELETE FROM `php34_goods_cat` WHERE ( `goods_id` = 8 ) [ RunTime:0.000774s ]
INFO: [ view_parse ] --START--
INFO: [ template_filter ] --START--
INFO: Run Behavior\ContentReplaceBehavior [ RunTime:0.000060s ]
INFO: [ template_filter ] --END-- [ RunTime:0.000152s ]
INFO: Run Behavior\ParseTemplateBehavior [ RunTime:0.009536s ]
INFO: [ view_parse ] --END-- [ RunTime:0.009662s ]
INFO: [ view_filter ] --START--
INFO: Run Behavior\WriteHtmlCacheBehavior [ RunTime:0.000916s ]
INFO: [ view_filter ] --END-- [ RunTime:0.000998s ]

[ 2017-09-11T00:20:23+08:00 ] 127.0.0.1 /index.php/Admin/Movie/lst/p/1.html
INFO: [ app_init ] --START--
INFO: Run Behavior\BuildLiteBehavior [ RunTime:0.000015s ]
INFO: [ app_init ] --END-- [ RunTime:0.000605s ]
INFO: [ app_begin ] --START--
INFO: Run Behavior\ReadHtmlCacheBehavior [ RunTime:0.000670s ]
INFO: [ app_begin ] --END-- [ RunTime:0.000739s ]
SQL: SELECT COUNT(*) has FROM php34_privilege WHERE module_name="Admin" AND controller_name="Movie" AND action_name="lst" [ RunTime:0.000312s ]
SQL: SHOW COLUMNS FROM `php34_movie` [ RunTime:0.009159s ]
SQL: SELECT COUNT(*) AS tp_count FROM php34_movie a WHERE ( `is_delete` = 0 ) LIMIT 1   [ RunTime:0.000618s ]
SQL: SELECT * FROM `php34_movie` WHERE ( `is_delete` = 0 ) ORDER BY id desc LIMIT 0,2   [ RunTime:0.000681s ]
INFO: [ view_parse ] --START--
INFO: [ template_filter ] --START--
INFO: Run Behavior\ContentReplaceBehavior [ RunTime:0.000065s ]
INFO: [ template_filter ] --END-- [ RunTime:0.000123s ]
INFO: Run Behavior\ParseTemplateBehavior [ RunTime:0.126286s ]
INFO: [ view_parse ] --END-- [ RunTime:0.126361s ]
INFO: [ view_filter ] --START--
INFO: Run Behavior\WriteHtmlCacheBehavior [ RunTime:0.000715s ]
INFO: [ view_filter ] --END-- [ RunTime:0.000768s ]
INFO: [ app_end ] --START--
INFO: Run Behavior\ShowPageTraceBehavior [ RunTime:0.000823s ]
INFO: [ app_end ] --END-- [ RunTime:0.000873s ]

[ 2017-09-11T00:20:39+08:00 ] 127.0.0.1 /index.php/Admin/Movie/edit/id/8/p/1.html
INFO: [ app_init ] --START--
INFO: Run Behavior\BuildLiteBehavior [ RunTime:0.000015s ]
INFO: [ app_init ] --END-- [ RunTime:0.000604s ]
INFO: [ app_begin ] --START--
INFO: Run Behavior\ReadHtmlCacheBehavior [ RunTime:0.000970s ]
INFO: [ app_begin ] --END-- [ RunTime:0.001064s ]
SQL: SELECT COUNT(*) has FROM php34_privilege WHERE module_name="Admin" AND controller_name="Movie" AND action_name="edit" [ RunTime:0.000333s ]
SQL: SHOW COLUMNS FROM `php34_category` [ RunTime:0.007789s ]
SQL: SELECT * FROM `php34_category`  [ RunTime:0.000398s ]
SQL: SHOW COLUMNS FROM `php34_movie` [ RunTime:0.007900s ]
SQL: SELECT * FROM `php34_movie` WHERE ( `id` = 8 ) LIMIT 1   [ RunTime:0.000638s ]
INFO: [ view_parse ] --START--
INFO: [ template_filter ] --START--
INFO: Run Behavior\ContentReplaceBehavior [ RunTime:0.000110s ]
INFO: [ template_filter ] --END-- [ RunTime:0.000176s ]
INFO: Run Behavior\ParseTemplateBehavior [ RunTime:0.012971s ]
INFO: [ view_parse ] --END-- [ RunTime:0.013051s ]
INFO: [ view_filter ] --START--
INFO: Run Behavior\WriteHtmlCacheBehavior [ RunTime:0.000659s ]
INFO: [ view_filter ] --END-- [ RunTime:0.000708s ]
INFO: [ app_end ] --START--
INFO: Run Behavior\ShowPageTraceBehavior [ RunTime:0.001404s ]
INFO: [ app_end ] --END-- [ RunTime:0.001478s ]

[ 2017-09-11T00:20:42+08:00 ] 127.0.0.1 /index.php/Admin/Movie/edit/id/8/p/1.html
INFO: [ app_init ] --START--
INFO: Run Behavior\BuildLiteBehavior [ RunTime:0.000017s ]
INFO: [ app_init ] --END-- [ RunTime:0.000624s ]
INFO: [ app_begin ] --START--
INFO: Run Behavior\ReadHtmlCacheBehavior [ RunTime:0.001273s ]
INFO: [ app_begin ] --END-- [ RunTime:0.001413s ]
SQL: SELECT COUNT(*) has FROM php34_privilege WHERE module_name="Admin" AND controller_name="Movie" AND action_name="edit" [ RunTime:0.000272s ]
SQL: SHOW COLUMNS FROM `php34_movie` [ RunTime:0.007576s ]
NOTIC: [8] Undefined index: status E:\PHP\apache\htdocs\shop34\ThinkPHP\Library\Think\Model.class.php 第 1040 行.
NOTIC: [8] Undefined index: dianzan E:\PHP\apache\htdocs\shop34\ThinkPHP\Library\Think\Model.class.php 第 1040 行.
NOTIC: [8] Undefined index: views E:\PHP\apache\htdocs\shop34\ThinkPHP\Library\Think\Model.class.php 第 1040 行.
SQL: UPDATE `php34_movie` SET `movie_name`='测试视频',`category_id`=23,`is_hot`=0,`is_new`=0,`is_best`=0,`seo_keyword`='sfsfdsafsf',`seo_description`='sfs',`listorder`=100,`description`='',`update_time`=1505060442 WHERE ( `id` = 8 ) [ RunTime:0.070147s ]
SQL: SHOW COLUMNS FROM `php34_goods_cat` [ RunTime:0.006996s ]
SQL: DELETE FROM `php34_goods_cat` WHERE ( `goods_id` = 8 ) [ RunTime:0.000405s ]
INFO: [ view_parse ] --START--
INFO: [ template_filter ] --START--
INFO: Run Behavior\ContentReplaceBehavior [ RunTime:0.000043s ]
INFO: [ template_filter ] --END-- [ RunTime:0.000111s ]
INFO: Run Behavior\ParseTemplateBehavior [ RunTime:0.008029s ]
INFO: [ view_parse ] --END-- [ RunTime:0.008124s ]
INFO: [ view_filter ] --START--
INFO: Run Behavior\WriteHtmlCacheBehavior [ RunTime:0.000713s ]
INFO: [ view_filter ] --END-- [ RunTime:0.000781s ]

[ 2017-09-11T00:20:43+08:00 ] 127.0.0.1 /index.php/Admin/Movie/lst/p/1.html
INFO: [ app_init ] --START--
INFO: Run Behavior\BuildLiteBehavior [ RunTime:0.000025s ]
INFO: [ app_init ] --END-- [ RunTime:0.001267s ]
INFO: [ app_begin ] --START--
INFO: Run Behavior\ReadHtmlCacheBehavior [ RunTime:0.001219s ]
INFO: [ app_begin ] --END-- [ RunTime:0.001312s ]
SQL: SELECT COUNT(*) has FROM php34_privilege WHERE module_name="Admin" AND controller_name="Movie" AND action_name="lst" [ RunTime:0.000424s ]
SQL: SHOW COLUMNS FROM `php34_movie` [ RunTime:0.007800s ]
SQL: SELECT COUNT(*) AS tp_count FROM php34_movie a WHERE ( `is_delete` = 0 ) LIMIT 1   [ RunTime:0.000505s ]
SQL: SELECT * FROM `php34_movie` WHERE ( `is_delete` = 0 ) ORDER BY id desc LIMIT 0,2   [ RunTime:0.001382s ]
INFO: [ view_parse ] --START--
INFO: [ template_filter ] --START--
INFO: Run Behavior\ContentReplaceBehavior [ RunTime:0.000066s ]
INFO: [ template_filter ] --END-- [ RunTime:0.000125s ]
INFO: Run Behavior\ParseTemplateBehavior [ RunTime:0.156881s ]
INFO: [ view_parse ] --END-- [ RunTime:0.156981s ]
INFO: [ view_filter ] --START--
INFO: Run Behavior\WriteHtmlCacheBehavior [ RunTime:0.000749s ]
INFO: [ view_filter ] --END-- [ RunTime:0.000831s ]
INFO: [ app_end ] --START--
INFO: Run Behavior\ShowPageTraceBehavior [ RunTime:0.000899s ]
INFO: [ app_end ] --END-- [ RunTime:0.000965s ]

[ 2017-09-11T00:21:23+08:00 ] 127.0.0.1 /index.php/Admin/Movie/edit/id/8/p/1.html
INFO: [ app_init ] --START--
INFO: Run Behavior\BuildLiteBehavior [ RunTime:0.000018s ]
INFO: [ app_init ] --END-- [ RunTime:0.000680s ]
INFO: [ app_begin ] --START--
INFO: Run Behavior\ReadHtmlCacheBehavior [ RunTime:0.001549s ]
INFO: [ app_begin ] --END-- [ RunTime:0.001641s ]
SQL: SELECT COUNT(*) has FROM php34_privilege WHERE module_name="Admin" AND controller_name="Movie" AND action_name="edit" [ RunTime:0.000327s ]
SQL: SHOW COLUMNS FROM `php34_category` [ RunTime:0.011762s ]
SQL: SELECT * FROM `php34_category`  [ RunTime:0.001037s ]
SQL: SHOW COLUMNS FROM `php34_movie` [ RunTime:0.010231s ]
SQL: SELECT * FROM `php34_movie` WHERE ( `id` = 8 ) LIMIT 1   [ RunTime:0.000599s ]
INFO: [ view_parse ] --START--
INFO: [ template_filter ] --START--
INFO: Run Behavior\ContentReplaceBehavior [ RunTime:0.000110s ]
INFO: [ template_filter ] --END-- [ RunTime:0.000173s ]
INFO: Run Behavior\ParseTemplateBehavior [ RunTime:0.012021s ]
INFO: [ view_parse ] --END-- [ RunTime:0.012102s ]
INFO: [ view_filter ] --START--
INFO: Run Behavior\WriteHtmlCacheBehavior [ RunTime:0.000614s ]
INFO: [ view_filter ] --END-- [ RunTime:0.000675s ]
INFO: [ app_end ] --START--
INFO: Run Behavior\ShowPageTraceBehavior [ RunTime:0.001297s ]
INFO: [ app_end ] --END-- [ RunTime:0.001391s ]

[ 2017-09-11T00:21:25+08:00 ] 127.0.0.1 /index.php/Admin/Movie/edit/id/8/p/1.html
INFO: [ app_init ] --START--
INFO: Run Behavior\BuildLiteBehavior [ RunTime:0.000014s ]
INFO: [ app_init ] --END-- [ RunTime:0.000602s ]
INFO: [ app_begin ] --START--
INFO: Run Behavior\ReadHtmlCacheBehavior [ RunTime:0.000693s ]
INFO: [ app_begin ] --END-- [ RunTime:0.000780s ]
SQL: SELECT COUNT(*) has FROM php34_privilege WHERE module_name="Admin" AND controller_name="Movie" AND action_name="edit" [ RunTime:0.000369s ]
SQL: SHOW COLUMNS FROM `php34_category` [ RunTime:0.006797s ]
SQL: SELECT * FROM `php34_category`  [ RunTime:0.000347s ]
SQL: SHOW COLUMNS FROM `php34_movie` [ RunTime:0.008794s ]
SQL: SELECT * FROM `php34_movie` WHERE ( `id` = 8 ) LIMIT 1   [ RunTime:0.000482s ]
INFO: [ view_parse ] --START--
INFO: [ template_filter ] --START--
INFO: Run Behavior\ContentReplaceBehavior [ RunTime:0.000107s ]
INFO: [ template_filter ] --END-- [ RunTime:0.000170s ]
INFO: Run Behavior\ParseTemplateBehavior [ RunTime:0.011038s ]
INFO: [ view_parse ] --END-- [ RunTime:0.011109s ]
INFO: [ view_filter ] --START--
INFO: Run Behavior\WriteHtmlCacheBehavior [ RunTime:0.000656s ]
INFO: [ view_filter ] --END-- [ RunTime:0.000713s ]
INFO: [ app_end ] --START--
INFO: Run Behavior\ShowPageTraceBehavior [ RunTime:0.001184s ]
INFO: [ app_end ] --END-- [ RunTime:0.001273s ]

[ 2017-09-11T00:23:58+08:00 ] 127.0.0.1 /index.php/Admin/Movie/edit/id/8/p/1.html
INFO: [ app_init ] --START--
INFO: Run Behavior\BuildLiteBehavior [ RunTime:0.000015s ]
INFO: [ app_init ] --END-- [ RunTime:0.000964s ]
INFO: [ app_begin ] --START--
INFO: Run Behavior\ReadHtmlCacheBehavior [ RunTime:0.000855s ]
INFO: [ app_begin ] --END-- [ RunTime:0.000923s ]
SQL: SELECT COUNT(*) has FROM php34_privilege WHERE module_name="Admin" AND controller_name="Movie" AND action_name="edit" [ RunTime:0.000338s ]
SQL: SHOW COLUMNS FROM `php34_category` [ RunTime:0.007158s ]
SQL: SELECT * FROM `php34_category`  [ RunTime:0.000408s ]
SQL: SHOW COLUMNS FROM `php34_movie` [ RunTime:0.008090s ]
SQL: SELECT * FROM `php34_movie` WHERE ( `id` = 8 ) LIMIT 1   [ RunTime:0.000431s ]
INFO: [ view_parse ] --START--
INFO: [ template_filter ] --START--
INFO: Run Behavior\ContentReplaceBehavior [ RunTime:0.000101s ]
INFO: [ template_filter ] --END-- [ RunTime:0.000160s ]
INFO: Run Behavior\ParseTemplateBehavior [ RunTime:0.012446s ]
INFO: [ view_parse ] --END-- [ RunTime:0.012520s ]
INFO: [ view_filter ] --START--
INFO: Run Behavior\WriteHtmlCacheBehavior [ RunTime:0.000820s ]
INFO: [ view_filter ] --END-- [ RunTime:0.000877s ]
INFO: [ app_end ] --START--
INFO: Run Behavior\ShowPageTraceBehavior [ RunTime:0.001352s ]
INFO: [ app_end ] --END-- [ RunTime:0.001434s ]

[ 2017-09-11T00:24:23+08:00 ] 127.0.0.1 /index.php/Admin/Movie/edit/id/8/p/1.html
INFO: [ app_init ] --START--
INFO: Run Behavior\BuildLiteBehavior [ RunTime:0.000016s ]
INFO: [ app_init ] --END-- [ RunTime:0.000622s ]
INFO: [ app_begin ] --START--
INFO: Run Behavior\ReadHtmlCacheBehavior [ RunTime:0.000631s ]
INFO: [ app_begin ] --END-- [ RunTime:0.000693s ]
SQL: SELECT COUNT(*) has FROM php34_privilege WHERE module_name="Admin" AND controller_name="Movie" AND action_name="edit" [ RunTime:0.000325s ]
SQL: SHOW COLUMNS FROM `php34_category` [ RunTime:0.006850s ]
SQL: SELECT * FROM `php34_category`  [ RunTime:0.000373s ]
SQL: SHOW COLUMNS FROM `php34_movie` [ RunTime:0.007466s ]
SQL: SELECT * FROM `php34_movie` WHERE ( `id` = 8 ) LIMIT 1   [ RunTime:0.000516s ]
INFO: [ view_parse ] --START--
INFO: [ template_filter ] --START--
INFO: Run Behavior\ContentReplaceBehavior [ RunTime:0.000103s ]
INFO: [ template_filter ] --END-- [ RunTime:0.000197s ]
INFO: Run Behavior\ParseTemplateBehavior [ RunTime:0.011029s ]
INFO: [ view_parse ] --END-- [ RunTime:0.011101s ]
INFO: [ view_filter ] --START--
INFO: Run Behavior\WriteHtmlCacheBehavior [ RunTime:0.000579s ]
INFO: [ view_filter ] --END-- [ RunTime:0.000631s ]
INFO: [ app_end ] --START--
INFO: Run Behavior\ShowPageTraceBehavior [ RunTime:0.001280s ]
INFO: [ app_end ] --END-- [ RunTime:0.001363s ]

[ 2017-09-11T00:24:25+08:00 ] 127.0.0.1 /index.php/Admin/Movie/edit/id/8/p/1.html
INFO: [ app_init ] --START--
INFO: Run Behavior\BuildLiteBehavior [ RunTime:0.000029s ]
INFO: [ app_init ] --END-- [ RunTime:0.000937s ]
INFO: [ app_begin ] --START--
INFO: Run Behavior\ReadHtmlCacheBehavior [ RunTime:0.001059s ]
INFO: [ app_begin ] --END-- [ RunTime:0.001145s ]
SQL: SELECT COUNT(*) has FROM php34_privilege WHERE module_name="Admin" AND controller_name="Movie" AND action_name="edit" [ RunTime:0.000346s ]
SQL: SHOW COLUMNS FROM `php34_category` [ RunTime:0.007280s ]
SQL: SELECT * FROM `php34_category`  [ RunTime:0.000372s ]
SQL: SHOW COLUMNS FROM `php34_movie` [ RunTime:0.007644s ]
SQL: SELECT * FROM `php34_movie` WHERE ( `id` = 8 ) LIMIT 1   [ RunTime:0.000537s ]
INFO: [ view_parse ] --START--
INFO: [ template_filter ] --START--
INFO: Run Behavior\ContentReplaceBehavior [ RunTime:0.000156s ]
INFO: [ template_filter ] --END-- [ RunTime:0.000251s ]
INFO: Run Behavior\ParseTemplateBehavior [ RunTime:0.015709s ]
INFO: [ view_parse ] --END-- [ RunTime:0.015789s ]
INFO: [ view_filter ] --START--
INFO: Run Behavior\WriteHtmlCacheBehavior [ RunTime:0.000645s ]
INFO: [ view_filter ] --END-- [ RunTime:0.000742s ]
INFO: [ app_end ] --START--
INFO: Run Behavior\ShowPageTraceBehavior [ RunTime:0.001341s ]
INFO: [ app_end ] --END-- [ RunTime:0.001426s ]

[ 2017-09-11T00:24:28+08:00 ] 127.0.0.1 /index.php/Admin/Movie/edit/id/8/p/1.html
INFO: [ app_init ] --START--
INFO: Run Behavior\BuildLiteBehavior [ RunTime:0.000020s ]
INFO: [ app_init ] --END-- [ RunTime:0.000830s ]
INFO: [ app_begin ] --START--
INFO: Run Behavior\ReadHtmlCacheBehavior [ RunTime:0.000848s ]
INFO: [ app_begin ] --END-- [ RunTime:0.000916s ]
SQL: SELECT COUNT(*) has FROM php34_privilege WHERE module_name="Admin" AND controller_name="Movie" AND action_name="edit" [ RunTime:0.000232s ]
SQL: SHOW COLUMNS FROM `php34_category` [ RunTime:0.006848s ]
SQL: SELECT * FROM `php34_category`  [ RunTime:0.000415s ]
SQL: SHOW COLUMNS FROM `php34_movie` [ RunTime:0.007264s ]
SQL: SELECT * FROM `php34_movie` WHERE ( `id` = 8 ) LIMIT 1   [ RunTime:0.000532s ]
INFO: [ view_parse ] --START--
INFO: [ template_filter ] --START--
INFO: Run Behavior\ContentReplaceBehavior [ RunTime:0.000132s ]
INFO: [ template_filter ] --END-- [ RunTime:0.000193s ]
INFO: Run Behavior\ParseTemplateBehavior [ RunTime:0.011696s ]
INFO: [ view_parse ] --END-- [ RunTime:0.011766s ]
INFO: [ view_filter ] --START--
INFO: Run Behavior\WriteHtmlCacheBehavior [ RunTime:0.000601s ]
INFO: [ view_filter ] --END-- [ RunTime:0.000668s ]
INFO: [ app_end ] --START--
INFO: Run Behavior\ShowPageTraceBehavior [ RunTime:0.000973s ]
INFO: [ app_end ] --END-- [ RunTime:0.001063s ]

[ 2017-09-11T00:24:41+08:00 ] 127.0.0.1 /index.php/Admin/Movie/edit/id/8/p/1.html
INFO: [ app_init ] --START--
INFO: Run Behavior\BuildLiteBehavior [ RunTime:0.000015s ]
INFO: [ app_init ] --END-- [ RunTime:0.000641s ]
INFO: [ app_begin ] --START--
INFO: Run Behavior\ReadHtmlCacheBehavior [ RunTime:0.001069s ]
INFO: [ app_begin ] --END-- [ RunTime:0.001153s ]
SQL: SELECT COUNT(*) has FROM php34_privilege WHERE module_name="Admin" AND controller_name="Movie" AND action_name="edit" [ RunTime:0.000499s ]
SQL: SHOW COLUMNS FROM `php34_category` [ RunTime:0.006647s ]
SQL: SELECT * FROM `php34_category`  [ RunTime:0.000418s ]
SQL: SHOW COLUMNS FROM `php34_movie` [ RunTime:0.008386s ]
SQL: SELECT * FROM `php34_movie` WHERE ( `id` = 8 ) LIMIT 1   [ RunTime:0.000439s ]
INFO: [ view_parse ] --START--
INFO: [ template_filter ] --START--
INFO: Run Behavior\ContentReplaceBehavior [ RunTime:0.000122s ]
INFO: [ template_filter ] --END-- [ RunTime:0.000182s ]
INFO: Run Behavior\ParseTemplateBehavior [ RunTime:0.011822s ]
INFO: [ view_parse ] --END-- [ RunTime:0.011906s ]
INFO: [ view_filter ] --START--
INFO: Run Behavior\WriteHtmlCacheBehavior [ RunTime:0.000767s ]
INFO: [ view_filter ] --END-- [ RunTime:0.000824s ]
INFO: [ app_end ] --START--
INFO: Run Behavior\ShowPageTraceBehavior [ RunTime:0.001362s ]
INFO: [ app_end ] --END-- [ RunTime:0.001449s ]

[ 2017-09-11T00:25:57+08:00 ] 127.0.0.1 /index.php/Admin/Movie/lst.html
INFO: [ app_init ] --START--
INFO: Run Behavior\BuildLiteBehavior [ RunTime:0.000027s ]
INFO: [ app_init ] --END-- [ RunTime:0.000904s ]
INFO: [ app_begin ] --START--
INFO: Run Behavior\ReadHtmlCacheBehavior [ RunTime:0.001438s ]
INFO: [ app_begin ] --END-- [ RunTime:0.001554s ]
SQL: SELECT COUNT(*) has FROM php34_privilege WHERE module_name="Admin" AND controller_name="Movie" AND action_name="lst" [ RunTime:0.000353s ]
SQL: SHOW COLUMNS FROM `php34_movie` [ RunTime:0.009335s ]
SQL: SELECT COUNT(*) AS tp_count FROM php34_movie a WHERE ( `is_delete` = 0 ) LIMIT 1   [ RunTime:0.000410s ]
SQL: SELECT * FROM `php34_movie` WHERE ( `is_delete` = 0 ) ORDER BY id desc LIMIT 0,2   [ RunTime:0.000539s ]
INFO: [ view_parse ] --START--
INFO: [ template_filter ] --START--
INFO: Run Behavior\ContentReplaceBehavior [ RunTime:0.000065s ]
INFO: [ template_filter ] --END-- [ RunTime:0.000127s ]
INFO: Run Behavior\ParseTemplateBehavior [ RunTime:0.011968s ]
INFO: [ view_parse ] --END-- [ RunTime:0.012040s ]
INFO: [ view_filter ] --START--
INFO: Run Behavior\WriteHtmlCacheBehavior [ RunTime:0.000796s ]
INFO: [ view_filter ] --END-- [ RunTime:0.000849s ]
INFO: [ app_end ] --START--
INFO: Run Behavior\ShowPageTraceBehavior [ RunTime:0.000992s ]
INFO: [ app_end ] --END-- [ RunTime:0.001046s ]

[ 2017-09-11T00:26:00+08:00 ] 127.0.0.1 /index.php/Admin/Movie/edit/id/8.html
INFO: [ app_init ] --START--
INFO: Run Behavior\BuildLiteBehavior [ RunTime:0.000019s ]
INFO: [ app_init ] --END-- [ RunTime:0.000729s ]
INFO: [ app_begin ] --START--
INFO: Run Behavior\ReadHtmlCacheBehavior [ RunTime:0.001133s ]
INFO: [ app_begin ] --END-- [ RunTime:0.001232s ]
SQL: SELECT COUNT(*) has FROM php34_privilege WHERE module_name="Admin" AND controller_name="Movie" AND action_name="edit" [ RunTime:0.000307s ]
SQL: SHOW COLUMNS FROM `php34_category` [ RunTime:0.009394s ]
SQL: SELECT * FROM `php34_category`  [ RunTime:0.000388s ]
SQL: SHOW COLUMNS FROM `php34_movie` [ RunTime:0.008823s ]
SQL: SELECT * FROM `php34_movie` WHERE ( `id` = 8 ) LIMIT 1   [ RunTime:0.000462s ]
INFO: [ view_parse ] --START--
INFO: [ template_filter ] --START--
INFO: Run Behavior\ContentReplaceBehavior [ RunTime:0.000110s ]
INFO: [ template_filter ] --END-- [ RunTime:0.000180s ]
INFO: Run Behavior\ParseTemplateBehavior [ RunTime:0.013606s ]
INFO: [ view_parse ] --END-- [ RunTime:0.013718s ]
INFO: [ view_filter ] --START--
INFO: Run Behavior\WriteHtmlCacheBehavior [ RunTime:0.001160s ]
INFO: [ view_filter ] --END-- [ RunTime:0.001251s ]
INFO: [ app_end ] --START--
INFO: Run Behavior\ShowPageTraceBehavior [ RunTime:0.001861s ]
INFO: [ app_end ] --END-- [ RunTime:0.001975s ]

[ 2017-09-11T00:27:18+08:00 ] 127.0.0.1 /index.php/Admin/Movie/edit/id/8.html
INFO: [ app_init ] --START--
INFO: Run Behavior\BuildLiteBehavior [ RunTime:0.000016s ]
INFO: [ app_init ] --END-- [ RunTime:0.000632s ]
INFO: [ app_begin ] --START--
INFO: Run Behavior\ReadHtmlCacheBehavior [ RunTime:0.000976s ]
INFO: [ app_begin ] --END-- [ RunTime:0.001039s ]
SQL: SELECT COUNT(*) has FROM php34_privilege WHERE module_name="Admin" AND controller_name="Movie" AND action_name="edit" [ RunTime:0.000263s ]
SQL: SHOW COLUMNS FROM `php34_category` [ RunTime:0.007269s ]
SQL: SELECT * FROM `php34_category`  [ RunTime:0.000468s ]
SQL: SHOW COLUMNS FROM `php34_movie` [ RunTime:0.007512s ]
SQL: SELECT * FROM `php34_movie` WHERE ( `id` = 8 ) LIMIT 1   [ RunTime:0.000628s ]
INFO: [ view_parse ] --START--
INFO: [ template_filter ] --START--
INFO: Run Behavior\ContentReplaceBehavior [ RunTime:0.000100s ]
INFO: [ template_filter ] --END-- [ RunTime:0.000166s ]
INFO: Run Behavior\ParseTemplateBehavior [ RunTime:0.012217s ]
INFO: [ view_parse ] --END-- [ RunTime:0.012357s ]
INFO: [ view_filter ] --START--
INFO: Run Behavior\WriteHtmlCacheBehavior [ RunTime:0.000792s ]
INFO: [ view_filter ] --END-- [ RunTime:0.000858s ]
INFO: [ app_end ] --START--
INFO: Run Behavior\ShowPageTraceBehavior [ RunTime:0.001314s ]
INFO: [ app_end ] --END-- [ RunTime:0.001405s ]

[ 2017-09-11T00:27:24+08:00 ] 127.0.0.1 /index.php/Admin/Movie/edit/id/8.html
INFO: [ app_init ] --START--
INFO: Run Behavior\BuildLiteBehavior [ RunTime:0.000015s ]
INFO: [ app_init ] --END-- [ RunTime:0.000646s ]
INFO: [ app_begin ] --START--
INFO: Run Behavior\ReadHtmlCacheBehavior [ RunTime:0.000954s ]
INFO: [ app_begin ] --END-- [ RunTime:0.001018s ]
SQL: SELECT COUNT(*) has FROM php34_privilege WHERE module_name="Admin" AND controller_name="Movie" AND action_name="edit" [ RunTime:0.000345s ]
SQL: SHOW COLUMNS FROM `php34_movie` [ RunTime:0.007321s ]
NOTIC: [8] Undefined index: status E:\PHP\apache\htdocs\shop34\ThinkPHP\Library\Think\Model.class.php 第 1040 行.
NOTIC: [8] Undefined index: dianzan E:\PHP\apache\htdocs\shop34\ThinkPHP\Library\Think\Model.class.php 第 1040 行.
NOTIC: [8] Undefined index: views E:\PHP\apache\htdocs\shop34\ThinkPHP\Library\Think\Model.class.php 第 1040 行.
SQL: UPDATE `php34_movie` SET `movie_name`='测试视频',`category_id`=23,`is_hot`=0,`is_new`=0,`is_best`=0,`seo_keyword`='sfsfdsafsf',`seo_description`='sfs',`listorder`=100,`description`='',`update_time`=1505060844 WHERE ( `id` = 8 ) [ RunTime:0.083987s ]
SQL: SHOW COLUMNS FROM `php34_goods_cat` [ RunTime:0.022539s ]
SQL: DELETE FROM `php34_goods_cat` WHERE ( `goods_id` = 8 ) [ RunTime:0.000951s ]
INFO: [ view_parse ] --START--
INFO: [ template_filter ] --START--
INFO: Run Behavior\ContentReplaceBehavior [ RunTime:0.000068s ]
INFO: [ template_filter ] --END-- [ RunTime:0.000181s ]
INFO: Run Behavior\ParseTemplateBehavior [ RunTime:0.020004s ]
INFO: [ view_parse ] --END-- [ RunTime:0.020198s ]
INFO: [ view_filter ] --START--
INFO: Run Behavior\WriteHtmlCacheBehavior [ RunTime:0.001249s ]
INFO: [ view_filter ] --END-- [ RunTime:0.001339s ]

[ 2017-09-11T00:27:25+08:00 ] 127.0.0.1 /index.php/Admin/Movie/lst/p/1.html
INFO: [ app_init ] --START--
INFO: Run Behavior\BuildLiteBehavior [ RunTime:0.000020s ]
INFO: [ app_init ] --END-- [ RunTime:0.000840s ]
INFO: [ app_begin ] --START--
INFO: Run Behavior\ReadHtmlCacheBehavior [ RunTime:0.001153s ]
INFO: [ app_begin ] --END-- [ RunTime:0.001241s ]
SQL: SELECT COUNT(*) has FROM php34_privilege WHERE module_name="Admin" AND controller_name="Movie" AND action_name="lst" [ RunTime:0.000307s ]
SQL: SHOW COLUMNS FROM `php34_movie` [ RunTime:0.006804s ]
SQL: SELECT COUNT(*) AS tp_count FROM php34_movie a WHERE ( `is_delete` = 0 ) LIMIT 1   [ RunTime:0.000474s ]
SQL: SELECT * FROM `php34_movie` WHERE ( `is_delete` = 0 ) ORDER BY id desc LIMIT 0,2   [ RunTime:0.000670s ]
INFO: [ view_parse ] --START--
INFO: [ template_filter ] --START--
INFO: Run Behavior\ContentReplaceBehavior [ RunTime:0.000072s ]
INFO: [ template_filter ] --END-- [ RunTime:0.000137s ]
INFO: Run Behavior\ParseTemplateBehavior [ RunTime:0.129833s ]
INFO: [ view_parse ] --END-- [ RunTime:0.129907s ]
INFO: [ view_filter ] --START--
INFO: Run Behavior\WriteHtmlCacheBehavior [ RunTime:0.000870s ]
INFO: [ view_filter ] --END-- [ RunTime:0.000923s ]
INFO: [ app_end ] --START--
INFO: Run Behavior\ShowPageTraceBehavior [ RunTime:0.001020s ]
INFO: [ app_end ] --END-- [ RunTime:0.001076s ]

[ 2017-09-11T00:27:39+08:00 ] 127.0.0.1 /index.php/Admin/Movie/edit/id/8/p/1.html
INFO: [ app_init ] --START--
INFO: Run Behavior\BuildLiteBehavior [ RunTime:0.000018s ]
INFO: [ app_init ] --END-- [ RunTime:0.000750s ]
INFO: [ app_begin ] --START--
INFO: Run Behavior\ReadHtmlCacheBehavior [ RunTime:0.001130s ]
INFO: [ app_begin ] --END-- [ RunTime:0.001212s ]
SQL: SELECT COUNT(*) has FROM php34_privilege WHERE module_name="Admin" AND controller_name="Movie" AND action_name="edit" [ RunTime:0.000329s ]
SQL: SHOW COLUMNS FROM `php34_category` [ RunTime:0.006903s ]
SQL: SELECT * FROM `php34_category`  [ RunTime:0.000361s ]
SQL: SHOW COLUMNS FROM `php34_movie` [ RunTime:0.007237s ]
SQL: SELECT * FROM `php34_movie` WHERE ( `id` = 8 ) LIMIT 1   [ RunTime:0.001500s ]
INFO: [ view_parse ] --START--
INFO: [ template_filter ] --START--
INFO: Run Behavior\ContentReplaceBehavior [ RunTime:0.000112s ]
INFO: [ template_filter ] --END-- [ RunTime:0.000178s ]
INFO: Run Behavior\ParseTemplateBehavior [ RunTime:0.012966s ]
INFO: [ view_parse ] --END-- [ RunTime:0.013046s ]
INFO: [ view_filter ] --START--
INFO: Run Behavior\WriteHtmlCacheBehavior [ RunTime:0.000836s ]
INFO: [ view_filter ] --END-- [ RunTime:0.001234s ]
INFO: [ app_end ] --START--
INFO: Run Behavior\ShowPageTraceBehavior [ RunTime:0.002299s ]
INFO: [ app_end ] --END-- [ RunTime:0.002456s ]

[ 2017-09-11T00:28:28+08:00 ] 127.0.0.1 /index.php/Admin/Movie/edit/id/8/p/1.html
INFO: [ app_init ] --START--
INFO: Run Behavior\BuildLiteBehavior [ RunTime:0.000014s ]
INFO: [ app_init ] --END-- [ RunTime:0.000584s ]
INFO: [ app_begin ] --START--
INFO: Run Behavior\ReadHtmlCacheBehavior [ RunTime:0.000945s ]
INFO: [ app_begin ] --END-- [ RunTime:0.001008s ]
SQL: SELECT COUNT(*) has FROM php34_privilege WHERE module_name="Admin" AND controller_name="Movie" AND action_name="edit" [ RunTime:0.000339s ]
SQL: SHOW COLUMNS FROM `php34_movie` [ RunTime:0.006898s ]
NOTIC: [8] Undefined index: status E:\PHP\apache\htdocs\shop34\ThinkPHP\Library\Think\Model.class.php 第 1040 行.
NOTIC: [8] Undefined index: dianzan E:\PHP\apache\htdocs\shop34\ThinkPHP\Library\Think\Model.class.php 第 1040 行.
NOTIC: [8] Undefined index: views E:\PHP\apache\htdocs\shop34\ThinkPHP\Library\Think\Model.class.php 第 1040 行.
NOTIC: [2] call_user_func() expects parameter 1 to be a valid callback, no array or string given E:\PHP\apache\htdocs\shop34\ThinkPHP\Library\Think\Upload.class.php 第 167 行.
NOTIC: [2] unlink(./Public/Uploads/) [<a href='function.unlink'>function.unlink</a>]: Permission denied E:\PHP\apache\htdocs\shop34\Application\Common\Common\function.php 第 169 行.
SQL: UPDATE `php34_movie` SET `movie_name`='测试视频',`category_id`=23,`is_hot`=0,`is_new`=0,`is_best`=0,`seo_keyword`='sfsfdsafsf',`seo_description`='sfs',`listorder`=100,`description`='',`update_time`=1505060907,`pic`='Admin/2017-09-11/59b5682bde257.jpg' WHERE ( `id` = 8 ) [ RunTime:0.063045s ]
SQL: SHOW COLUMNS FROM `php34_goods_cat` [ RunTime:0.007412s ]
SQL: DELETE FROM `php34_goods_cat` WHERE ( `goods_id` = 8 ) [ RunTime:0.000545s ]
INFO: [ view_parse ] --START--
INFO: [ template_filter ] --START--
INFO: Run Behavior\ContentReplaceBehavior [ RunTime:0.000040s ]
INFO: [ template_filter ] --END-- [ RunTime:0.000105s ]
INFO: Run Behavior\ParseTemplateBehavior [ RunTime:0.007827s ]
INFO: [ view_parse ] --END-- [ RunTime:0.007916s ]
INFO: [ view_filter ] --START--
INFO: Run Behavior\WriteHtmlCacheBehavior [ RunTime:0.000762s ]
INFO: [ view_filter ] --END-- [ RunTime:0.000838s ]

[ 2017-09-11T00:28:29+08:00 ] 127.0.0.1 /index.php/Admin/Movie/lst/p/1.html
INFO: [ app_init ] --START--
INFO: Run Behavior\BuildLiteBehavior [ RunTime:0.000023s ]
INFO: [ app_init ] --END-- [ RunTime:0.000865s ]
INFO: [ app_begin ] --START--
INFO: Run Behavior\ReadHtmlCacheBehavior [ RunTime:0.001734s ]
INFO: [ app_begin ] --END-- [ RunTime:0.001835s ]
SQL: SELECT COUNT(*) has FROM php34_privilege WHERE module_name="Admin" AND controller_name="Movie" AND action_name="lst" [ RunTime:0.000344s ]
SQL: SHOW COLUMNS FROM `php34_movie` [ RunTime:0.008009s ]
SQL: SELECT COUNT(*) AS tp_count FROM php34_movie a WHERE ( `is_delete` = 0 ) LIMIT 1   [ RunTime:0.000625s ]
SQL: SELECT * FROM `php34_movie` WHERE ( `is_delete` = 0 ) ORDER BY id desc LIMIT 0,2   [ RunTime:0.000719s ]
INFO: [ view_parse ] --START--
INFO: [ template_filter ] --START--
INFO: Run Behavior\ContentReplaceBehavior [ RunTime:0.000066s ]
INFO: [ template_filter ] --END-- [ RunTime:0.000126s ]
INFO: Run Behavior\ParseTemplateBehavior [ RunTime:0.144321s ]
INFO: [ view_parse ] --END-- [ RunTime:0.144400s ]
INFO: [ view_filter ] --START--
INFO: Run Behavior\WriteHtmlCacheBehavior [ RunTime:0.000870s ]
INFO: [ view_filter ] --END-- [ RunTime:0.000921s ]
INFO: [ app_end ] --START--
INFO: Run Behavior\ShowPageTraceBehavior [ RunTime:0.000939s ]
INFO: [ app_end ] --END-- [ RunTime:0.000990s ]

[ 2017-09-11T00:29:54+08:00 ] 127.0.0.1 /index.php/Admin/Movie/edit/id/8/p/1.html
INFO: [ app_init ] --START--
INFO: Run Behavior\BuildLiteBehavior [ RunTime:0.000020s ]
INFO: [ app_init ] --END-- [ RunTime:0.000830s ]
INFO: [ app_begin ] --START--
INFO: Run Behavior\ReadHtmlCacheBehavior [ RunTime:0.001021s ]
INFO: [ app_begin ] --END-- [ RunTime:0.001132s ]
SQL: SELECT COUNT(*) has FROM php34_privilege WHERE module_name="Admin" AND controller_name="Movie" AND action_name="edit" [ RunTime:0.000376s ]
SQL: SHOW COLUMNS FROM `php34_category` [ RunTime:0.006903s ]
SQL: SELECT * FROM `php34_category`  [ RunTime:0.000430s ]
SQL: SHOW COLUMNS FROM `php34_movie` [ RunTime:0.009283s ]
SQL: SELECT * FROM `php34_movie` WHERE ( `id` = 8 ) LIMIT 1   [ RunTime:0.000618s ]
INFO: [ view_parse ] --START--
INFO: [ template_filter ] --START--
INFO: Run Behavior\ContentReplaceBehavior [ RunTime:0.000177s ]
INFO: [ template_filter ] --END-- [ RunTime:0.000294s ]
INFO: Run Behavior\ParseTemplateBehavior [ RunTime:0.012663s ]
INFO: [ view_parse ] --END-- [ RunTime:0.012735s ]
INFO: [ view_filter ] --START--
INFO: Run Behavior\WriteHtmlCacheBehavior [ RunTime:0.000597s ]
INFO: [ view_filter ] --END-- [ RunTime:0.000651s ]
INFO: [ app_end ] --START--
INFO: Run Behavior\ShowPageTraceBehavior [ RunTime:0.001352s ]
INFO: [ app_end ] --END-- [ RunTime:0.001505s ]

[ 2017-09-11T00:30:05+08:00 ] 127.0.0.1 /index.php/Admin/Movie/edit/id/8/p/1.html
INFO: [ app_init ] --START--
INFO: Run Behavior\BuildLiteBehavior [ RunTime:0.000015s ]
INFO: [ app_init ] --END-- [ RunTime:0.000536s ]
INFO: [ app_begin ] --START--
INFO: Run Behavior\ReadHtmlCacheBehavior [ RunTime:0.000647s ]
INFO: [ app_begin ] --END-- [ RunTime:0.000717s ]
SQL: SELECT COUNT(*) has FROM php34_privilege WHERE module_name="Admin" AND controller_name="Movie" AND action_name="edit" [ RunTime:0.000411s ]
SQL: SHOW COLUMNS FROM `php34_movie` [ RunTime:0.007873s ]
NOTIC: [8] Undefined index: status E:\PHP\apache\htdocs\shop34\ThinkPHP\Library\Think\Model.class.php 第 1040 行.
NOTIC: [8] Undefined index: dianzan E:\PHP\apache\htdocs\shop34\ThinkPHP\Library\Think\Model.class.php 第 1040 行.
NOTIC: [8] Undefined index: views E:\PHP\apache\htdocs\shop34\ThinkPHP\Library\Think\Model.class.php 第 1040 行.

[ 2017-09-11T00:33:52+08:00 ] 127.0.0.1 /index.php/Admin/Movie/lst.html
INFO: [ app_init ] --START--
INFO: Run Behavior\BuildLiteBehavior [ RunTime:0.000014s ]
INFO: [ app_init ] --END-- [ RunTime:0.000585s ]
INFO: [ app_begin ] --START--
INFO: Run Behavior\ReadHtmlCacheBehavior [ RunTime:0.000985s ]
INFO: [ app_begin ] --END-- [ RunTime:0.001059s ]
SQL: SELECT COUNT(*) has FROM php34_privilege WHERE module_name="Admin" AND controller_name="Movie" AND action_name="lst" [ RunTime:0.000469s ]
SQL: SHOW COLUMNS FROM `php34_movie` [ RunTime:0.007079s ]
SQL: SELECT COUNT(*) AS tp_count FROM php34_movie a WHERE ( `is_delete` = 0 ) LIMIT 1   [ RunTime:0.000439s ]
SQL: SELECT * FROM `php34_movie` WHERE ( `is_delete` = 0 ) ORDER BY id desc LIMIT 0,2   [ RunTime:0.000504s ]
INFO: [ view_parse ] --START--
INFO: [ template_filter ] --START--
INFO: Run Behavior\ContentReplaceBehavior [ RunTime:0.000065s ]
INFO: [ template_filter ] --END-- [ RunTime:0.000128s ]
INFO: Run Behavior\ParseTemplateBehavior [ RunTime:0.011299s ]
INFO: [ view_parse ] --END-- [ RunTime:0.011373s ]
INFO: [ view_filter ] --START--
INFO: Run Behavior\WriteHtmlCacheBehavior [ RunTime:0.000926s ]
INFO: [ view_filter ] --END-- [ RunTime:0.000994s ]
INFO: [ app_end ] --START--
INFO: Run Behavior\ShowPageTraceBehavior [ RunTime:0.000999s ]
INFO: [ app_end ] --END-- [ RunTime:0.001062s ]

[ 2017-09-11T00:33:55+08:00 ] 127.0.0.1 /index.php/Admin/Movie/edit/id/8.html
INFO: [ app_init ] --START--
INFO: Run Behavior\BuildLiteBehavior [ RunTime:0.000015s ]
INFO: [ app_init ] --END-- [ RunTime:0.000639s ]
INFO: [ app_begin ] --START--
INFO: Run Behavior\ReadHtmlCacheBehavior [ RunTime:0.000983s ]
INFO: [ app_begin ] --END-- [ RunTime:0.001046s ]
SQL: SELECT COUNT(*) has FROM php34_privilege WHERE module_name="Admin" AND controller_name="Movie" AND action_name="edit" [ RunTime:0.000352s ]
SQL: SHOW COLUMNS FROM `php34_category` [ RunTime:0.008675s ]
SQL: SELECT * FROM `php34_category`  [ RunTime:0.000375s ]
SQL: SHOW COLUMNS FROM `php34_movie` [ RunTime:0.008945s ]
SQL: SELECT * FROM `php34_movie` WHERE ( `id` = 8 ) LIMIT 1   [ RunTime:0.000531s ]
INFO: [ view_parse ] --START--
INFO: [ template_filter ] --START--
INFO: Run Behavior\ContentReplaceBehavior [ RunTime:0.000171s ]
INFO: [ template_filter ] --END-- [ RunTime:0.000290s ]
INFO: Run Behavior\ParseTemplateBehavior [ RunTime:0.012465s ]
INFO: [ view_parse ] --END-- [ RunTime:0.012557s ]
INFO: [ view_filter ] --START--
INFO: Run Behavior\WriteHtmlCacheBehavior [ RunTime:0.000758s ]
INFO: [ view_filter ] --END-- [ RunTime:0.000835s ]
INFO: [ app_end ] --START--
INFO: Run Behavior\ShowPageTraceBehavior [ RunTime:0.001658s ]
INFO: [ app_end ] --END-- [ RunTime:0.001760s ]

[ 2017-09-11T00:34:02+08:00 ] 127.0.0.1 /index.php/Admin/Movie/edit/id/8.html
INFO: [ app_init ] --START--
INFO: Run Behavior\BuildLiteBehavior [ RunTime:0.000014s ]
INFO: [ app_init ] --END-- [ RunTime:0.000625s ]
INFO: [ app_begin ] --START--
INFO: Run Behavior\ReadHtmlCacheBehavior [ RunTime:0.001168s ]
INFO: [ app_begin ] --END-- [ RunTime:0.001261s ]
SQL: SELECT COUNT(*) has FROM php34_privilege WHERE module_name="Admin" AND controller_name="Movie" AND action_name="edit" [ RunTime:0.000311s ]
SQL: SHOW COLUMNS FROM `php34_movie` [ RunTime:0.009396s ]
NOTIC: [8] Undefined index: status E:\PHP\apache\htdocs\shop34\ThinkPHP\Library\Think\Model.class.php 第 1040 行.
NOTIC: [8] Undefined index: dianzan E:\PHP\apache\htdocs\shop34\ThinkPHP\Library\Think\Model.class.php 第 1040 行.
NOTIC: [8] Undefined index: views E:\PHP\apache\htdocs\shop34\ThinkPHP\Library\Think\Model.class.php 第 1040 行.
NOTIC: [2] call_user_func() expects parameter 1 to be a valid callback, no array or string given E:\PHP\apache\htdocs\shop34\ThinkPHP\Library\Think\Upload.class.php 第 167 行.
SQL: UPDATE `php34_movie` SET `movie_name`='测试视频',`category_id`=23,`is_hot`=0,`is_new`=0,`is_best`=0,`seo_keyword`='sfsfdsafsf',`seo_description`='sfs',`listorder`=100,`description`='',`update_time`=1505061242,`pic`='Admin/2017-09-11/59b5697a81360.jpg' WHERE ( `id` = 8 ) [ RunTime:0.054371s ]
SQL: SHOW COLUMNS FROM `php34_goods_cat` [ RunTime:0.015614s ]
SQL: DELETE FROM `php34_goods_cat` WHERE ( `goods_id` = 8 ) [ RunTime:0.000752s ]
INFO: [ view_parse ] --START--
INFO: [ template_filter ] --START--
INFO: Run Behavior\ContentReplaceBehavior [ RunTime:0.000086s ]
INFO: [ template_filter ] --END-- [ RunTime:0.000260s ]
INFO: Run Behavior\ParseTemplateBehavior [ RunTime:0.015442s ]
INFO: [ view_parse ] --END-- [ RunTime:0.015653s ]
INFO: [ view_filter ] --START--
INFO: Run Behavior\WriteHtmlCacheBehavior [ RunTime:0.001430s ]
INFO: [ view_filter ] --END-- [ RunTime:0.001570s ]

[ 2017-09-11T00:34:03+08:00 ] 127.0.0.1 /index.php/Admin/Movie/lst/p/1.html
INFO: [ app_init ] --START--
INFO: Run Behavior\BuildLiteBehavior [ RunTime:0.000016s ]
INFO: [ app_init ] --END-- [ RunTime:0.000534s ]
INFO: [ app_begin ] --START--
INFO: Run Behavior\ReadHtmlCacheBehavior [ RunTime:0.000712s ]
INFO: [ app_begin ] --END-- [ RunTime:0.000784s ]
SQL: SELECT COUNT(*) has FROM php34_privilege WHERE module_name="Admin" AND controller_name="Movie" AND action_name="lst" [ RunTime:0.000347s ]
SQL: SHOW COLUMNS FROM `php34_movie` [ RunTime:0.007360s ]
SQL: SELECT COUNT(*) AS tp_count FROM php34_movie a WHERE ( `is_delete` = 0 ) LIMIT 1   [ RunTime:0.000968s ]
SQL: SELECT * FROM `php34_movie` WHERE ( `is_delete` = 0 ) ORDER BY id desc LIMIT 0,2   [ RunTime:0.000672s ]
INFO: [ view_parse ] --START--
INFO: [ template_filter ] --START--
INFO: Run Behavior\ContentReplaceBehavior [ RunTime:0.000070s ]
INFO: [ template_filter ] --END-- [ RunTime:0.000136s ]
INFO: Run Behavior\ParseTemplateBehavior [ RunTime:0.129487s ]
INFO: [ view_parse ] --END-- [ RunTime:0.129586s ]
INFO: [ view_filter ] --START--
INFO: Run Behavior\WriteHtmlCacheBehavior [ RunTime:0.000539s ]
INFO: [ view_filter ] --END-- [ RunTime:0.000600s ]
INFO: [ app_end ] --START--
INFO: Run Behavior\ShowPageTraceBehavior [ RunTime:0.000930s ]
INFO: [ app_end ] --END-- [ RunTime:0.000992s ]

[ 2017-09-11T09:58:38+08:00 ] 27.38.250.44 /index.php/Home/App/test
INFO: [ app_init ] --START--
INFO: Run Behavior\BuildLiteBehavior [ RunTime:0.000027s ]
INFO: [ app_init ] --END-- [ RunTime:0.002000s ]
INFO: [ app_begin ] --START--
INFO: Run Behavior\ReadHtmlCacheBehavior [ RunTime:0.001988s ]
INFO: [ app_begin ] --END-- [ RunTime:0.002064s ]
NOTIC: [8192] mysql_connect(): The mysql extension is deprecated and will be removed in the future: use mysqli or PDO instead C:\phpstudy\WWW\shop34\ThinkPHP\Library\Think\Db\Driver\Mysql.class.php 第 52 行.
SQL: SHOW COLUMNS FROM `php34_category` [ RunTime:0.015157s ]
SQL: SELECT * FROM `php34_category`  [ RunTime:0.000239s ]
SQL: SHOW COLUMNS FROM `php34_movie` [ RunTime:0.010703s ]
SQL: SELECT * FROM `php34_movie`  [ RunTime:0.000370s ]

[ 2017-09-11T09:58:45+08:00 ] 27.38.250.44 /index.php/Home/App/test
INFO: [ app_init ] --START--
INFO: Run Behavior\BuildLiteBehavior [ RunTime:0.000022s ]
INFO: [ app_init ] --END-- [ RunTime:0.000409s ]
INFO: [ app_begin ] --START--
INFO: Run Behavior\ReadHtmlCacheBehavior [ RunTime:0.000677s ]
INFO: [ app_begin ] --END-- [ RunTime:0.000752s ]
NOTIC: [8192] mysql_connect(): The mysql extension is deprecated and will be removed in the future: use mysqli or PDO instead C:\phpstudy\WWW\shop34\ThinkPHP\Library\Think\Db\Driver\Mysql.class.php 第 52 行.
SQL: SHOW COLUMNS FROM `php34_category` [ RunTime:0.016309s ]
SQL: SELECT * FROM `php34_category`  [ RunTime:0.000235s ]
SQL: SHOW COLUMNS FROM `php34_movie` [ RunTime:0.008227s ]
SQL: SELECT * FROM `php34_movie`  [ RunTime:0.000337s ]

[ 2017-09-11T09:58:48+08:00 ] 140.207.185.111 /index.php/Home/App/test
INFO: [ app_init ] --START--
INFO: Run Behavior\BuildLiteBehavior [ RunTime:0.000031s ]
INFO: [ app_init ] --END-- [ RunTime:0.000410s ]
INFO: [ app_begin ] --START--
INFO: Run Behavior\ReadHtmlCacheBehavior [ RunTime:0.000525s ]
INFO: [ app_begin ] --END-- [ RunTime:0.000599s ]
NOTIC: [8192] mysql_connect(): The mysql extension is deprecated and will be removed in the future: use mysqli or PDO instead C:\phpstudy\WWW\shop34\ThinkPHP\Library\Think\Db\Driver\Mysql.class.php 第 52 行.
SQL: SHOW COLUMNS FROM `php34_category` [ RunTime:0.012235s ]
SQL: SELECT * FROM `php34_category`  [ RunTime:0.000239s ]
SQL: SHOW COLUMNS FROM `php34_movie` [ RunTime:0.008223s ]
SQL: SELECT * FROM `php34_movie`  [ RunTime:0.000337s ]

[ 2017-09-11T09:59:33+08:00 ] 140.207.185.111 /index.php/Home/Index/test
INFO: [ app_init ] --START--
INFO: Run Behavior\BuildLiteBehavior [ RunTime:0.000048s ]
INFO: [ app_init ] --END-- [ RunTime:0.000768s ]
INFO: [ app_begin ] --START--
INFO: Run Behavior\ReadHtmlCacheBehavior [ RunTime:0.001279s ]
INFO: [ app_begin ] --END-- [ RunTime:0.001437s ]
NOTIC: [8192] mysql_connect(): The mysql extension is deprecated and will be removed in the future: use mysqli or PDO instead C:\phpstudy\WWW\shop34\ThinkPHP\Library\Think\Db\Driver\Mysql.class.php 第 52 行.
SQL: SHOW COLUMNS FROM `php34_category` [ RunTime:0.012968s ]
SQL: SELECT * FROM `php34_category`  [ RunTime:0.000267s ]

[ 2017-09-11T09:59:36+08:00 ] 27.38.250.44 /index.php/Home/App/test
INFO: [ app_init ] --START--
INFO: Run Behavior\BuildLiteBehavior [ RunTime:0.000023s ]
INFO: [ app_init ] --END-- [ RunTime:0.000518s ]
INFO: [ app_begin ] --START--
INFO: Run Behavior\ReadHtmlCacheBehavior [ RunTime:0.000695s ]
INFO: [ app_begin ] --END-- [ RunTime:0.000772s ]
NOTIC: [8192] mysql_connect(): The mysql extension is deprecated and will be removed in the future: use mysqli or PDO instead C:\phpstudy\WWW\shop34\ThinkPHP\Library\Think\Db\Driver\Mysql.class.php 第 52 行.
SQL: SHOW COLUMNS FROM `php34_category` [ RunTime:0.012940s ]
SQL: SELECT * FROM `php34_category`  [ RunTime:0.000258s ]
SQL: SHOW COLUMNS FROM `php34_movie` [ RunTime:0.010259s ]
SQL: SELECT * FROM `php34_movie`  [ RunTime:0.000389s ]

[ 2017-09-11T10:21:21+08:00 ] 27.38.250.44 /index.php/Home/Index/test
INFO: [ app_init ] --START--
INFO: Run Behavior\BuildLiteBehavior [ RunTime:0.000046s ]
INFO: [ app_init ] --END-- [ RunTime:0.000827s ]
INFO: [ app_begin ] --START--
INFO: Run Behavior\ReadHtmlCacheBehavior [ RunTime:0.001117s ]
INFO: [ app_begin ] --END-- [ RunTime:0.001289s ]
NOTIC: [8192] mysql_connect(): The mysql extension is deprecated and will be removed in the future: use mysqli or PDO instead C:\phpstudy\WWW\shop34\ThinkPHP\Library\Think\Db\Driver\Mysql.class.php 第 52 行.
SQL: SHOW COLUMNS FROM `php34_category` [ RunTime:0.014230s ]
SQL: SELECT * FROM `php34_category`  [ RunTime:0.000279s ]

[ 2017-09-11T10:21:33+08:00 ] 27.38.250.44 /index.php/Home/App/test
INFO: [ app_init ] --START--
INFO: Run Behavior\BuildLiteBehavior [ RunTime:0.000031s ]
INFO: [ app_init ] --END-- [ RunTime:0.000514s ]
INFO: [ app_begin ] --START--
INFO: Run Behavior\ReadHtmlCacheBehavior [ RunTime:0.000615s ]
INFO: [ app_begin ] --END-- [ RunTime:0.000722s ]
NOTIC: [8192] mysql_connect(): The mysql extension is deprecated and will be removed in the future: use mysqli or PDO instead C:\phpstudy\WWW\shop34\ThinkPHP\Library\Think\Db\Driver\Mysql.class.php 第 52 行.
SQL: SHOW COLUMNS FROM `php34_category` [ RunTime:0.016508s ]
SQL: SELECT * FROM `php34_category`  [ RunTime:0.000265s ]
SQL: SHOW COLUMNS FROM `php34_movie` [ RunTime:0.008765s ]
SQL: SELECT * FROM `php34_movie`  [ RunTime:0.000372s ]

[ 2017-09-11T11:31:44+08:00 ] 27.38.250.44 /index.php/Home/App/test
INFO: [ app_init ] --START--
INFO: Run Behavior\BuildLiteBehavior [ RunTime:0.000029s ]
INFO: [ app_init ] --END-- [ RunTime:0.013751s ]
INFO: [ app_begin ] --START--
INFO: Run Behavior\ReadHtmlCacheBehavior [ RunTime:0.001767s ]
INFO: [ app_begin ] --END-- [ RunTime:0.001853s ]
NOTIC: [8192] mysql_connect(): The mysql extension is deprecated and will be removed in the future: use mysqli or PDO instead C:\phpstudy\WWW\shop34\ThinkPHP\Library\Think\Db\Driver\Mysql.class.php 第 52 行.
SQL: SHOW COLUMNS FROM `php34_category` [ RunTime:0.035171s ]
SQL: SELECT * FROM `php34_category`  [ RunTime:0.000529s ]
SQL: SHOW COLUMNS FROM `php34_movie` [ RunTime:0.011304s ]
SQL: SELECT * FROM `php34_movie`  [ RunTime:0.000392s ]

[ 2017-09-11T11:40:30+08:00 ] 27.38.250.44 /index.php/Home/App/test
INFO: [ app_init ] --START--
INFO: Run Behavior\BuildLiteBehavior [ RunTime:0.000026s ]
INFO: [ app_init ] --END-- [ RunTime:0.000452s ]
INFO: [ app_begin ] --START--
INFO: Run Behavior\ReadHtmlCacheBehavior [ RunTime:0.000838s ]
INFO: [ app_begin ] --END-- [ RunTime:0.000925s ]
NOTIC: [8192] mysql_connect(): The mysql extension is deprecated and will be removed in the future: use mysqli or PDO instead C:\phpstudy\WWW\shop34\ThinkPHP\Library\Think\Db\Driver\Mysql.class.php 第 52 行.
SQL: SHOW COLUMNS FROM `php34_category` [ RunTime:0.020807s ]
SQL: SELECT * FROM `php34_category`  [ RunTime:0.000312s ]
SQL: SHOW COLUMNS FROM `php34_movie` [ RunTime:0.017622s ]
SQL: SELECT * FROM `php34_movie`  [ RunTime:0.000443s ]

[ 2017-09-11T11:52:09+08:00 ] 140.207.124.105 /index.php/Home/Index/test
INFO: [ app_init ] --START--
INFO: Run Behavior\BuildLiteBehavior [ RunTime:0.000022s ]
INFO: [ app_init ] --END-- [ RunTime:0.000426s ]
INFO: [ app_begin ] --START--
INFO: Run Behavior\ReadHtmlCacheBehavior [ RunTime:0.000596s ]
INFO: [ app_begin ] --END-- [ RunTime:0.000674s ]
NOTIC: [8192] mysql_connect(): The mysql extension is deprecated and will be removed in the future: use mysqli or PDO instead C:\phpstudy\WWW\shop34\ThinkPHP\Library\Think\Db\Driver\Mysql.class.php 第 52 行.
SQL: SHOW COLUMNS FROM `php34_category` [ RunTime:0.015320s ]
SQL: SELECT * FROM `php34_category`  [ RunTime:0.000291s ]

[ 2017-09-11T11:56:07+08:00 ] 27.38.250.44 /index.php/Home/App/test
INFO: [ app_init ] --START--
INFO: Run Behavior\BuildLiteBehavior [ RunTime:0.000031s ]
INFO: [ app_init ] --END-- [ RunTime:0.000561s ]
INFO: [ app_begin ] --START--
INFO: Run Behavior\ReadHtmlCacheBehavior [ RunTime:0.000846s ]
INFO: [ app_begin ] --END-- [ RunTime:0.000948s ]
NOTIC: [8192] mysql_connect(): The mysql extension is deprecated and will be removed in the future: use mysqli or PDO instead C:\phpstudy\WWW\shop34\ThinkPHP\Library\Think\Db\Driver\Mysql.class.php 第 52 行.
SQL: SHOW COLUMNS FROM `php34_category` [ RunTime:0.022607s ]
SQL: SELECT * FROM `php34_category`  [ RunTime:0.000387s ]
SQL: SHOW COLUMNS FROM `php34_movie` [ RunTime:0.014492s ]
SQL: SELECT * FROM `php34_movie`  [ RunTime:0.000503s ]

[ 2017-09-11T11:59:00+08:00 ] 27.38.250.44 /index.php/Home/App/test
INFO: [ app_init ] --START--
INFO: Run Behavior\BuildLiteBehavior [ RunTime:0.000023s ]
INFO: [ app_init ] --END-- [ RunTime:0.000433s ]
INFO: [ app_begin ] --START--
INFO: Run Behavior\ReadHtmlCacheBehavior [ RunTime:0.000601s ]
INFO: [ app_begin ] --END-- [ RunTime:0.000677s ]
NOTIC: [8192] mysql_connect(): The mysql extension is deprecated and will be removed in the future: use mysqli or PDO instead C:\phpstudy\WWW\shop34\ThinkPHP\Library\Think\Db\Driver\Mysql.class.php 第 52 行.
SQL: SHOW COLUMNS FROM `php34_category` [ RunTime:0.019908s ]
SQL: SELECT * FROM `php34_category`  [ RunTime:0.000333s ]
SQL: SHOW COLUMNS FROM `php34_movie` [ RunTime:0.014977s ]
SQL: SELECT * FROM `php34_movie`  [ RunTime:0.000669s ]

[ 2017-09-11T11:59:54+08:00 ] 27.38.250.44 /index.php/Home/App/test
INFO: [ app_init ] --START--
INFO: Run Behavior\BuildLiteBehavior [ RunTime:0.000032s ]
INFO: [ app_init ] --END-- [ RunTime:0.000621s ]
INFO: [ app_begin ] --START--
INFO: Run Behavior\ReadHtmlCacheBehavior [ RunTime:0.001099s ]
INFO: [ app_begin ] --END-- [ RunTime:0.001222s ]
NOTIC: [8192] mysql_connect(): The mysql extension is deprecated and will be removed in the future: use mysqli or PDO instead C:\phpstudy\WWW\shop34\ThinkPHP\Library\Think\Db\Driver\Mysql.class.php 第 52 行.
SQL: SHOW COLUMNS FROM `php34_category` [ RunTime:0.026690s ]
SQL: SELECT * FROM `php34_category`  [ RunTime:0.000358s ]
SQL: SHOW COLUMNS FROM `php34_movie` [ RunTime:0.014397s ]
SQL: SELECT * FROM `php34_movie`  [ RunTime:0.000522s ]

[ 2017-09-11T12:00:48+08:00 ] 27.38.250.44 /index.php/Home/App/test
INFO: [ app_init ] --START--
INFO: Run Behavior\BuildLiteBehavior [ RunTime:0.000040s ]
INFO: [ app_init ] --END-- [ RunTime:0.000719s ]
INFO: [ app_begin ] --START--
INFO: Run Behavior\ReadHtmlCacheBehavior [ RunTime:0.001096s ]
INFO: [ app_begin ] --END-- [ RunTime:0.001207s ]
NOTIC: [8192] mysql_connect(): The mysql extension is deprecated and will be removed in the future: use mysqli or PDO instead C:\phpstudy\WWW\shop34\ThinkPHP\Library\Think\Db\Driver\Mysql.class.php 第 52 行.
SQL: SHOW COLUMNS FROM `php34_category` [ RunTime:0.022549s ]
SQL: SELECT * FROM `php34_category`  [ RunTime:0.000420s ]
SQL: SHOW COLUMNS FROM `php34_movie` [ RunTime:0.016175s ]
SQL: SELECT * FROM `php34_movie`  [ RunTime:0.000499s ]

[ 2017-09-11T12:02:26+08:00 ] 140.207.185.107 /index.php/Home/Index/test
INFO: [ app_init ] --START--
INFO: Run Behavior\BuildLiteBehavior [ RunTime:0.000022s ]
INFO: [ app_init ] --END-- [ RunTime:0.000401s ]
INFO: [ app_begin ] --START--
INFO: Run Behavior\ReadHtmlCacheBehavior [ RunTime:0.000605s ]
INFO: [ app_begin ] --END-- [ RunTime:0.000681s ]
NOTIC: [8192] mysql_connect(): The mysql extension is deprecated and will be removed in the future: use mysqli or PDO instead C:\phpstudy\WWW\shop34\ThinkPHP\Library\Think\Db\Driver\Mysql.class.php 第 52 行.
SQL: SHOW COLUMNS FROM `php34_category` [ RunTime:0.020319s ]
SQL: SELECT * FROM `php34_category`  [ RunTime:0.000285s ]

[ 2017-09-11T12:03:47+08:00 ] 27.38.250.44 /index.php/Home/App/test
INFO: [ app_init ] --START--
INFO: Run Behavior\BuildLiteBehavior [ RunTime:0.000024s ]
INFO: [ app_init ] --END-- [ RunTime:0.000412s ]
INFO: [ app_begin ] --START--
INFO: Run Behavior\ReadHtmlCacheBehavior [ RunTime:0.000613s ]
INFO: [ app_begin ] --END-- [ RunTime:0.000689s ]
NOTIC: [8192] mysql_connect(): The mysql extension is deprecated and will be removed in the future: use mysqli or PDO instead C:\phpstudy\WWW\shop34\ThinkPHP\Library\Think\Db\Driver\Mysql.class.php 第 52 行.
SQL: SHOW COLUMNS FROM `php34_category` [ RunTime:0.016994s ]
SQL: SELECT * FROM `php34_category`  [ RunTime:0.000360s ]
SQL: SHOW COLUMNS FROM `php34_movie` [ RunTime:0.009873s ]
SQL: SELECT * FROM `php34_movie`  [ RunTime:0.000430s ]

[ 2017-09-11T12:12:35+08:00 ] 27.38.250.44 /index.php/Home/App/test
INFO: [ app_init ] --START--
INFO: Run Behavior\BuildLiteBehavior [ RunTime:0.000030s ]
INFO: [ app_init ] --END-- [ RunTime:0.000437s ]
INFO: [ app_begin ] --START--
INFO: Run Behavior\ReadHtmlCacheBehavior [ RunTime:0.000671s ]
INFO: [ app_begin ] --END-- [ RunTime:0.000749s ]
NOTIC: [8192] mysql_connect(): The mysql extension is deprecated and will be removed in the future: use mysqli or PDO instead C:\phpstudy\WWW\shop34\ThinkPHP\Library\Think\Db\Driver\Mysql.class.php 第 52 行.
SQL: SHOW COLUMNS FROM `php34_category` [ RunTime:0.026072s ]
SQL: SELECT * FROM `php34_category`  [ RunTime:0.000282s ]
SQL: SHOW COLUMNS FROM `php34_movie` [ RunTime:0.010294s ]
SQL: SELECT * FROM `php34_movie`  [ RunTime:0.000402s ]

[ 2017-09-11T13:39:30+08:00 ] 27.38.250.44 /index.php/Home/App/test
INFO: [ app_init ] --START--
INFO: Run Behavior\BuildLiteBehavior [ RunTime:0.000024s ]
INFO: [ app_init ] --END-- [ RunTime:0.000445s ]
INFO: [ app_begin ] --START--
INFO: Run Behavior\ReadHtmlCacheBehavior [ RunTime:0.000693s ]
INFO: [ app_begin ] --END-- [ RunTime:0.000770s ]
NOTIC: [8192] mysql_connect(): The mysql extension is deprecated and will be removed in the future: use mysqli or PDO instead C:\phpstudy\WWW\shop34\ThinkPHP\Library\Think\Db\Driver\Mysql.class.php 第 52 行.
SQL: SHOW COLUMNS FROM `php34_category` [ RunTime:0.029843s ]
SQL: SELECT * FROM `php34_category`  [ RunTime:0.000308s ]
SQL: SHOW COLUMNS FROM `php34_movie` [ RunTime:0.015611s ]
SQL: SELECT * FROM `php34_movie`  [ RunTime:0.000389s ]

[ 2017-09-11T13:51:41+08:00 ] 27.38.250.214 /index.php/Home/App/test
INFO: [ app_init ] --START--
INFO: Run Behavior\BuildLiteBehavior [ RunTime:0.000022s ]
INFO: [ app_init ] --END-- [ RunTime:0.000421s ]
INFO: [ app_begin ] --START--
INFO: Run Behavior\ReadHtmlCacheBehavior [ RunTime:0.000589s ]
INFO: [ app_begin ] --END-- [ RunTime:0.000663s ]
NOTIC: [8192] mysql_connect(): The mysql extension is deprecated and will be removed in the future: use mysqli or PDO instead C:\phpstudy\WWW\shop34\ThinkPHP\Library\Think\Db\Driver\Mysql.class.php 第 52 行.
SQL: SHOW COLUMNS FROM `php34_category` [ RunTime:0.017397s ]
SQL: SELECT * FROM `php34_category`  [ RunTime:0.000252s ]
SQL: SHOW COLUMNS FROM `php34_movie` [ RunTime:0.009995s ]
SQL: SELECT * FROM `php34_movie`  [ RunTime:0.000367s ]

[ 2017-09-11T13:55:45+08:00 ] 27.38.250.214 /index.php/Home/App/test
INFO: [ app_init ] --START--
INFO: Run Behavior\BuildLiteBehavior [ RunTime:0.000022s ]
INFO: [ app_init ] --END-- [ RunTime:0.000410s ]
INFO: [ app_begin ] --START--
INFO: Run Behavior\ReadHtmlCacheBehavior [ RunTime:0.000687s ]
INFO: [ app_begin ] --END-- [ RunTime:0.000769s ]
NOTIC: [8192] mysql_connect(): The mysql extension is deprecated and will be removed in the future: use mysqli or PDO instead C:\phpstudy\WWW\shop34\ThinkPHP\Library\Think\Db\Driver\Mysql.class.php 第 52 行.
SQL: SHOW COLUMNS FROM `php34_category` [ RunTime:0.015169s ]
SQL: SELECT * FROM `php34_category`  [ RunTime:0.000247s ]
SQL: SHOW COLUMNS FROM `php34_movie` [ RunTime:0.009300s ]
SQL: SELECT * FROM `php34_movie`  [ RunTime:0.000364s ]

[ 2017-09-11T14:07:13+08:00 ] 27.38.250.214 /index.php/Home/App/test
INFO: [ app_init ] --START--
INFO: Run Behavior\BuildLiteBehavior [ RunTime:0.000022s ]
INFO: [ app_init ] --END-- [ RunTime:0.000409s ]
INFO: [ app_begin ] --START--
INFO: Run Behavior\ReadHtmlCacheBehavior [ RunTime:0.000709s ]
INFO: [ app_begin ] --END-- [ RunTime:0.000785s ]
NOTIC: [8192] mysql_connect(): The mysql extension is deprecated and will be removed in the future: use mysqli or PDO instead C:\phpstudy\WWW\shop34\ThinkPHP\Library\Think\Db\Driver\Mysql.class.php 第 52 行.
SQL: SHOW COLUMNS FROM `php34_category` [ RunTime:0.016447s ]
SQL: SELECT * FROM `php34_category`  [ RunTime:0.000237s ]
SQL: SHOW COLUMNS FROM `php34_movie` [ RunTime:0.010666s ]
SQL: SELECT * FROM `php34_movie`  [ RunTime:0.000363s ]

[ 2017-09-11T14:09:16+08:00 ] 27.38.250.214 /index.php/Home/App/test
INFO: [ app_init ] --START--
INFO: Run Behavior\BuildLiteBehavior [ RunTime:0.000022s ]
INFO: [ app_init ] --END-- [ RunTime:0.000419s ]
INFO: [ app_begin ] --START--
INFO: Run Behavior\ReadHtmlCacheBehavior [ RunTime:0.000598s ]
INFO: [ app_begin ] --END-- [ RunTime:0.000673s ]
NOTIC: [8192] mysql_connect(): The mysql extension is deprecated and will be removed in the future: use mysqli or PDO instead C:\phpstudy\WWW\shop34\ThinkPHP\Library\Think\Db\Driver\Mysql.class.php 第 52 行.
SQL: SHOW COLUMNS FROM `php34_category` [ RunTime:0.020378s ]
SQL: SELECT * FROM `php34_category`  [ RunTime:0.000267s ]
SQL: SHOW COLUMNS FROM `php34_movie` [ RunTime:0.010527s ]
SQL: SELECT * FROM `php34_movie`  [ RunTime:0.000365s ]

[ 2017-09-11T14:10:53+08:00 ] 27.38.250.214 /index.php/Home/App/test
INFO: [ app_init ] --START--
INFO: Run Behavior\BuildLiteBehavior [ RunTime:0.000022s ]
INFO: [ app_init ] --END-- [ RunTime:0.000412s ]
INFO: [ app_begin ] --START--
INFO: Run Behavior\ReadHtmlCacheBehavior [ RunTime:0.000707s ]
INFO: [ app_begin ] --END-- [ RunTime:0.000783s ]
NOTIC: [8192] mysql_connect(): The mysql extension is deprecated and will be removed in the future: use mysqli or PDO instead C:\phpstudy\WWW\shop34\ThinkPHP\Library\Think\Db\Driver\Mysql.class.php 第 52 行.
SQL: SHOW COLUMNS FROM `php34_category` [ RunTime:0.015117s ]
SQL: SELECT * FROM `php34_category`  [ RunTime:0.000242s ]
SQL: SHOW COLUMNS FROM `php34_movie` [ RunTime:0.008902s ]
SQL: SELECT * FROM `php34_movie`  [ RunTime:0.000359s ]

[ 2017-09-11T14:45:07+08:00 ] 27.38.250.214 /index.php/Home/App/test
INFO: [ app_init ] --START--
INFO: Run Behavior\BuildLiteBehavior [ RunTime:0.000023s ]
INFO: [ app_init ] --END-- [ RunTime:0.000414s ]
INFO: [ app_begin ] --START--
INFO: Run Behavior\ReadHtmlCacheBehavior [ RunTime:0.000606s ]
INFO: [ app_begin ] --END-- [ RunTime:0.000683s ]
NOTIC: [8192] mysql_connect(): The mysql extension is deprecated and will be removed in the future: use mysqli or PDO instead C:\phpstudy\WWW\shop34\ThinkPHP\Library\Think\Db\Driver\Mysql.class.php 第 52 行.
SQL: SHOW COLUMNS FROM `php34_category` [ RunTime:0.032852s ]
SQL: SELECT * FROM `php34_category`  [ RunTime:0.000621s ]
SQL: SHOW COLUMNS FROM `php34_movie` [ RunTime:0.014905s ]
SQL: SELECT * FROM `php34_movie`  [ RunTime:0.000420s ]

[ 2017-09-11T14:47:13+08:00 ] 27.38.250.214 /index.php/Home/App/test
INFO: [ app_init ] --START--
INFO: Run Behavior\BuildLiteBehavior [ RunTime:0.000022s ]
INFO: [ app_init ] --END-- [ RunTime:0.000428s ]
INFO: [ app_begin ] --START--
INFO: Run Behavior\ReadHtmlCacheBehavior [ RunTime:0.000684s ]
INFO: [ app_begin ] --END-- [ RunTime:0.000759s ]
NOTIC: [8192] mysql_connect(): The mysql extension is deprecated and will be removed in the future: use mysqli or PDO instead C:\phpstudy\WWW\shop34\ThinkPHP\Library\Think\Db\Driver\Mysql.class.php 第 52 行.
SQL: SHOW COLUMNS FROM `php34_category` [ RunTime:0.015649s ]
SQL: SELECT * FROM `php34_category`  [ RunTime:0.000253s ]
SQL: SHOW COLUMNS FROM `php34_movie` [ RunTime:0.009434s ]
SQL: SELECT * FROM `php34_movie`  [ RunTime:0.000372s ]

[ 2017-09-11T14:48:50+08:00 ] 27.38.250.214 /index.php/Home/App/test
INFO: [ app_init ] --START--
INFO: Run Behavior\BuildLiteBehavior [ RunTime:0.000025s ]
INFO: [ app_init ] --END-- [ RunTime:0.000434s ]
INFO: [ app_begin ] --START--
INFO: Run Behavior\ReadHtmlCacheBehavior [ RunTime:0.000658s ]
INFO: [ app_begin ] --END-- [ RunTime:0.000741s ]
NOTIC: [8192] mysql_connect(): The mysql extension is deprecated and will be removed in the future: use mysqli or PDO instead C:\phpstudy\WWW\shop34\ThinkPHP\Library\Think\Db\Driver\Mysql.class.php 第 52 行.
SQL: SHOW COLUMNS FROM `php34_category` [ RunTime:0.015859s ]
SQL: SELECT * FROM `php34_category`  [ RunTime:0.000329s ]
SQL: SHOW COLUMNS FROM `php34_movie` [ RunTime:0.009600s ]
SQL: SELECT * FROM `php34_movie`  [ RunTime:0.000689s ]

[ 2017-09-11T14:51:02+08:00 ] 27.38.250.214 /index.php/Home/App/test
INFO: [ app_init ] --START--
INFO: Run Behavior\BuildLiteBehavior [ RunTime:0.000039s ]
INFO: [ app_init ] --END-- [ RunTime:0.000746s ]
INFO: [ app_begin ] --START--
INFO: Run Behavior\ReadHtmlCacheBehavior [ RunTime:0.001423s ]
INFO: [ app_begin ] --END-- [ RunTime:0.001586s ]
NOTIC: [8192] mysql_connect(): The mysql extension is deprecated and will be removed in the future: use mysqli or PDO instead C:\phpstudy\WWW\shop34\ThinkPHP\Library\Think\Db\Driver\Mysql.class.php 第 52 行.
SQL: SHOW COLUMNS FROM `php34_category` [ RunTime:0.019463s ]
SQL: SELECT * FROM `php34_category`  [ RunTime:0.000304s ]
SQL: SHOW COLUMNS FROM `php34_movie` [ RunTime:0.011743s ]
SQL: SELECT * FROM `php34_movie`  [ RunTime:0.000453s ]

[ 2017-09-11T15:08:23+08:00 ] 27.38.250.214 /index.php/Home/App/test
INFO: [ app_init ] --START--
INFO: Run Behavior\BuildLiteBehavior [ RunTime:0.000026s ]
INFO: [ app_init ] --END-- [ RunTime:0.000480s ]
INFO: [ app_begin ] --START--
INFO: Run Behavior\ReadHtmlCacheBehavior [ RunTime:0.000666s ]
INFO: [ app_begin ] --END-- [ RunTime:0.000761s ]
NOTIC: [8192] mysql_connect(): The mysql extension is deprecated and will be removed in the future: use mysqli or PDO instead C:\phpstudy\WWW\shop34\ThinkPHP\Library\Think\Db\Driver\Mysql.class.php 第 52 行.
SQL: SHOW COLUMNS FROM `php34_category` [ RunTime:0.021571s ]
SQL: SELECT * FROM `php34_category`  [ RunTime:0.000304s ]
SQL: SHOW COLUMNS FROM `php34_movie` [ RunTime:0.010325s ]
SQL: SELECT * FROM `php34_movie`  [ RunTime:0.000400s ]

[ 2017-09-11T15:42:27+08:00 ] 112.90.82.236 /index.php/Home/App/test
INFO: [ app_init ] --START--
INFO: Run Behavior\BuildLiteBehavior [ RunTime:0.000023s ]
INFO: [ app_init ] --END-- [ RunTime:0.000422s ]
INFO: [ app_begin ] --START--
INFO: Run Behavior\ReadHtmlCacheBehavior [ RunTime:0.000690s ]
INFO: [ app_begin ] --END-- [ RunTime:0.000768s ]
NOTIC: [8192] mysql_connect(): The mysql extension is deprecated and will be removed in the future: use mysqli or PDO instead C:\phpstudy\WWW\shop34\ThinkPHP\Library\Think\Db\Driver\Mysql.class.php 第 52 行.
SQL: SHOW COLUMNS FROM `php34_category` [ RunTime:0.016232s ]
SQL: SELECT * FROM `php34_category`  [ RunTime:0.000272s ]
SQL: SHOW COLUMNS FROM `php34_movie` [ RunTime:0.009138s ]
SQL: SELECT * FROM `php34_movie`  [ RunTime:0.000364s ]

[ 2017-09-11T15:42:38+08:00 ] 27.38.250.214 /index.php/Home/App/test
INFO: [ app_init ] --START--
INFO: Run Behavior\BuildLiteBehavior [ RunTime:0.000023s ]
INFO: [ app_init ] --END-- [ RunTime:0.000409s ]
INFO: [ app_begin ] --START--
INFO: Run Behavior\ReadHtmlCacheBehavior [ RunTime:0.000664s ]
INFO: [ app_begin ] --END-- [ RunTime:0.000739s ]
NOTIC: [8192] mysql_connect(): The mysql extension is deprecated and will be removed in the future: use mysqli or PDO instead C:\phpstudy\WWW\shop34\ThinkPHP\Library\Think\Db\Driver\Mysql.class.php 第 52 行.
SQL: SHOW COLUMNS FROM `php34_category` [ RunTime:0.012736s ]
SQL: SELECT * FROM `php34_category`  [ RunTime:0.000254s ]
SQL: SHOW COLUMNS FROM `php34_movie` [ RunTime:0.009281s ]
SQL: SELECT * FROM `php34_movie`  [ RunTime:0.000345s ]

[ 2017-09-11T15:42:40+08:00 ] 27.38.250.214 /index.php/Home/App/test
INFO: [ app_init ] --START--
INFO: Run Behavior\BuildLiteBehavior [ RunTime:0.000022s ]
INFO: [ app_init ] --END-- [ RunTime:0.000412s ]
INFO: [ app_begin ] --START--
INFO: Run Behavior\ReadHtmlCacheBehavior [ RunTime:0.000667s ]
INFO: [ app_begin ] --END-- [ RunTime:0.000744s ]
NOTIC: [8192] mysql_connect(): The mysql extension is deprecated and will be removed in the future: use mysqli or PDO instead C:\phpstudy\WWW\shop34\ThinkPHP\Library\Think\Db\Driver\Mysql.class.php 第 52 行.
SQL: SHOW COLUMNS FROM `php34_category` [ RunTime:0.012870s ]
SQL: SELECT * FROM `php34_category`  [ RunTime:0.000298s ]
SQL: SHOW COLUMNS FROM `php34_movie` [ RunTime:0.009635s ]
SQL: SELECT * FROM `php34_movie`  [ RunTime:0.000388s ]

[ 2017-09-11T16:06:08+08:00 ] 27.38.250.214 /index.php/Home/App/test
INFO: [ app_init ] --START--
INFO: Run Behavior\BuildLiteBehavior [ RunTime:0.000023s ]
INFO: [ app_init ] --END-- [ RunTime:0.000483s ]
INFO: [ app_begin ] --START--
INFO: Run Behavior\ReadHtmlCacheBehavior [ RunTime:0.000804s ]
INFO: [ app_begin ] --END-- [ RunTime:0.000884s ]
NOTIC: [8192] mysql_connect(): The mysql extension is deprecated and will be removed in the future: use mysqli or PDO instead C:\phpstudy\WWW\shop34\ThinkPHP\Library\Think\Db\Driver\Mysql.class.php 第 52 行.
SQL: SHOW COLUMNS FROM `php34_category` [ RunTime:0.017033s ]
SQL: SELECT * FROM `php34_category`  [ RunTime:0.000262s ]
SQL: SHOW COLUMNS FROM `php34_movie` [ RunTime:0.009117s ]
SQL: SELECT * FROM `php34_movie`  [ RunTime:0.000354s ]

[ 2017-09-11T16:51:28+08:00 ] 27.38.250.214 /index.php/Home/App/test
INFO: [ app_init ] --START--
INFO: Run Behavior\BuildLiteBehavior [ RunTime:0.000024s ]
INFO: [ app_init ] --END-- [ RunTime:0.000559s ]
INFO: [ app_begin ] --START--
INFO: Run Behavior\ReadHtmlCacheBehavior [ RunTime:0.000708s ]
INFO: [ app_begin ] --END-- [ RunTime:0.000783s ]
NOTIC: [8192] mysql_connect(): The mysql extension is deprecated and will be removed in the future: use mysqli or PDO instead C:\phpstudy\WWW\shop34\ThinkPHP\Library\Think\Db\Driver\Mysql.class.php 第 52 行.
SQL: SHOW COLUMNS FROM `php34_category` [ RunTime:0.017305s ]
SQL: SELECT * FROM `php34_category`  [ RunTime:0.000279s ]
SQL: SHOW COLUMNS FROM `php34_movie` [ RunTime:0.009239s ]
SQL: SELECT * FROM `php34_movie`  [ RunTime:0.000362s ]

[ 2017-09-11T17:56:26+08:00 ] 27.38.250.214 /index.php/Home/App/test
INFO: [ app_init ] --START--
INFO: Run Behavior\BuildLiteBehavior [ RunTime:0.000022s ]
INFO: [ app_init ] --END-- [ RunTime:0.000555s ]
INFO: [ app_begin ] --START--
INFO: Run Behavior\ReadHtmlCacheBehavior [ RunTime:0.000606s ]
INFO: [ app_begin ] --END-- [ RunTime:0.000683s ]
NOTIC: [8192] mysql_connect(): The mysql extension is deprecated and will be removed in the future: use mysqli or PDO instead C:\phpstudy\WWW\shop34\ThinkPHP\Library\Think\Db\Driver\Mysql.class.php 第 52 行.
SQL: SHOW COLUMNS FROM `php34_category` [ RunTime:0.013556s ]
SQL: SELECT * FROM `php34_category`  [ RunTime:0.000406s ]
SQL: SHOW COLUMNS FROM `php34_movie` [ RunTime:0.009056s ]
SQL: SELECT * FROM `php34_movie`  [ RunTime:0.000398s ]

[ 2017-09-11T18:45:06+08:00 ] 27.38.250.214 /index.php/Home/App/test
INFO: [ app_init ] --START--
INFO: Run Behavior\BuildLiteBehavior [ RunTime:0.000022s ]
INFO: [ app_init ] --END-- [ RunTime:0.000399s ]
INFO: [ app_begin ] --START--
INFO: Run Behavior\ReadHtmlCacheBehavior [ RunTime:0.000605s ]
INFO: [ app_begin ] --END-- [ RunTime:0.000682s ]
NOTIC: [8192] mysql_connect(): The mysql extension is deprecated and will be removed in the future: use mysqli or PDO instead C:\phpstudy\WWW\shop34\ThinkPHP\Library\Think\Db\Driver\Mysql.class.php 第 52 行.
SQL: SHOW COLUMNS FROM `php34_category` [ RunTime:0.016778s ]
SQL: SELECT * FROM `php34_category`  [ RunTime:0.000271s ]
SQL: SHOW COLUMNS FROM `php34_movie` [ RunTime:0.008935s ]
SQL: SELECT * FROM `php34_movie`  [ RunTime:0.000357s ]

[ 2017-09-11T20:16:34+08:00 ] 27.38.250.214 /index.php/Home/App/index
INFO: [ app_init ] --START--
INFO: Run Behavior\BuildLiteBehavior [ RunTime:0.000023s ]
INFO: [ app_init ] --END-- [ RunTime:0.000475s ]
INFO: [ app_begin ] --START--
INFO: Run Behavior\ReadHtmlCacheBehavior [ RunTime:0.000707s ]
INFO: [ app_begin ] --END-- [ RunTime:0.000784s ]
NOTIC: [8192] mysql_connect(): The mysql extension is deprecated and will be removed in the future: use mysqli or PDO instead C:\phpstudy\WWW\shop34\ThinkPHP\Library\Think\Db\Driver\Mysql.class.php 第 52 行.
SQL: SHOW COLUMNS FROM `php34_category` [ RunTime:0.023406s ]
SQL: SELECT * FROM `php34_category`  [ RunTime:0.000367s ]
SQL: SHOW COLUMNS FROM `php34_movie` [ RunTime:0.018580s ]
SQL: SELECT `id`,`movie_name`,`pic`,`mic`,`update_time` FROM `php34_movie` WHERE ( `status` = 1 ) AND ( `is_delete` = 0 ) AND ( `is_hot` = 1 ) ORDER BY listorder asc LIMIT 3   [ RunTime:0.000805s ]
SQL: SELECT `id`,`movie_name`,`pic`,`mic`,`update_time` FROM `php34_movie` WHERE ( `status` = 1 ) AND ( `is_delete` = 0 ) AND ( `is_new` = 1 ) ORDER BY listorder asc LIMIT 3   [ RunTime:0.000477s ]
SQL: SELECT `id`,`movie_name`,`pic`,`mic`,`update_time` FROM `php34_movie` WHERE ( `status` = 1 ) AND ( `is_delete` = 0 ) AND ( `is_best` = 1 ) ORDER BY listorder asc LIMIT 3   [ RunTime:0.000463s ]

[ 2017-09-11T20:16:46+08:00 ] 140.206.161.160 /index.php/Home/App/index
INFO: [ app_init ] --START--
INFO: Run Behavior\BuildLiteBehavior [ RunTime:0.000023s ]
INFO: [ app_init ] --END-- [ RunTime:0.000491s ]
INFO: [ app_begin ] --START--
INFO: Run Behavior\ReadHtmlCacheBehavior [ RunTime:0.000709s ]
INFO: [ app_begin ] --END-- [ RunTime:0.000785s ]
NOTIC: [8192] mysql_connect(): The mysql extension is deprecated and will be removed in the future: use mysqli or PDO instead C:\phpstudy\WWW\shop34\ThinkPHP\Library\Think\Db\Driver\Mysql.class.php 第 52 行.
SQL: SHOW COLUMNS FROM `php34_category` [ RunTime:0.016159s ]
SQL: SELECT * FROM `php34_category`  [ RunTime:0.000389s ]
SQL: SHOW COLUMNS FROM `php34_movie` [ RunTime:0.012157s ]
SQL: SELECT `id`,`movie_name`,`pic`,`mic`,`update_time` FROM `php34_movie` WHERE ( `status` = 1 ) AND ( `is_delete` = 0 ) AND ( `is_hot` = 1 ) ORDER BY listorder asc LIMIT 3   [ RunTime:0.000450s ]
SQL: SELECT `id`,`movie_name`,`pic`,`mic`,`update_time` FROM `php34_movie` WHERE ( `status` = 1 ) AND ( `is_delete` = 0 ) AND ( `is_new` = 1 ) ORDER BY listorder asc LIMIT 3   [ RunTime:0.000300s ]
SQL: SELECT `id`,`movie_name`,`pic`,`mic`,`update_time` FROM `php34_movie` WHERE ( `status` = 1 ) AND ( `is_delete` = 0 ) AND ( `is_best` = 1 ) ORDER BY listorder asc LIMIT 3   [ RunTime:0.000245s ]

[ 2017-09-11T20:18:54+08:00 ] 27.38.250.214 /index.php/Home/App/index
INFO: [ app_init ] --START--
INFO: Run Behavior\BuildLiteBehavior [ RunTime:0.000024s ]
INFO: [ app_init ] --END-- [ RunTime:0.000456s ]
INFO: [ app_begin ] --START--
INFO: Run Behavior\ReadHtmlCacheBehavior [ RunTime:0.000890s ]
INFO: [ app_begin ] --END-- [ RunTime:0.000969s ]
NOTIC: [8192] mysql_connect(): The mysql extension is deprecated and will be removed in the future: use mysqli or PDO instead C:\phpstudy\WWW\shop34\ThinkPHP\Library\Think\Db\Driver\Mysql.class.php 第 52 行.
SQL: SHOW COLUMNS FROM `php34_category` [ RunTime:0.018185s ]
SQL: SELECT * FROM `php34_category`  [ RunTime:0.000276s ]
SQL: SHOW COLUMNS FROM `php34_movie` [ RunTime:0.009566s ]
SQL: SELECT `id`,`movie_name`,`pic`,`mic`,`update_time` FROM `php34_movie` WHERE ( `status` = 1 ) AND ( `is_delete` = 0 ) AND ( `is_hot` = 1 ) ORDER BY listorder asc LIMIT 3   [ RunTime:0.000382s ]
SQL: SELECT `id`,`movie_name`,`pic`,`mic`,`update_time` FROM `php34_movie` WHERE ( `status` = 1 ) AND ( `is_delete` = 0 ) AND ( `is_new` = 1 ) ORDER BY listorder asc LIMIT 3   [ RunTime:0.000280s ]
SQL: SELECT `id`,`movie_name`,`pic`,`mic`,`update_time` FROM `php34_movie` WHERE ( `status` = 1 ) AND ( `is_delete` = 0 ) AND ( `is_best` = 1 ) ORDER BY listorder asc LIMIT 3   [ RunTime:0.000262s ]

[ 2017-09-11T20:19:11+08:00 ] 183.3.239.167 /index.php/Home/App/index
INFO: [ app_init ] --START--
INFO: Run Behavior\BuildLiteBehavior [ RunTime:0.000031s ]
INFO: [ app_init ] --END-- [ RunTime:0.000651s ]
INFO: [ app_begin ] --START--
INFO: Run Behavior\ReadHtmlCacheBehavior [ RunTime:0.000951s ]
INFO: [ app_begin ] --END-- [ RunTime:0.001060s ]
NOTIC: [8192] mysql_connect(): The mysql extension is deprecated and will be removed in the future: use mysqli or PDO instead C:\phpstudy\WWW\shop34\ThinkPHP\Library\Think\Db\Driver\Mysql.class.php 第 52 行.
SQL: SHOW COLUMNS FROM `php34_category` [ RunTime:0.026955s ]
SQL: SELECT * FROM `php34_category`  [ RunTime:0.000288s ]
SQL: SHOW COLUMNS FROM `php34_movie` [ RunTime:0.014877s ]
SQL: SELECT `id`,`movie_name`,`pic`,`mic`,`update_time` FROM `php34_movie` WHERE ( `status` = 1 ) AND ( `is_delete` = 0 ) AND ( `is_hot` = 1 ) ORDER BY listorder asc LIMIT 3   [ RunTime:0.000780s ]
SQL: SELECT `id`,`movie_name`,`pic`,`mic`,`update_time` FROM `php34_movie` WHERE ( `status` = 1 ) AND ( `is_delete` = 0 ) AND ( `is_new` = 1 ) ORDER BY listorder asc LIMIT 3   [ RunTime:0.000279s ]
SQL: SELECT `id`,`movie_name`,`pic`,`mic`,`update_time` FROM `php34_movie` WHERE ( `status` = 1 ) AND ( `is_delete` = 0 ) AND ( `is_best` = 1 ) ORDER BY listorder asc LIMIT 3   [ RunTime:0.000292s ]

[ 2017-09-11T20:19:21+08:00 ] 27.38.250.214 /index.php/Home/App/index
INFO: [ app_init ] --START--
INFO: Run Behavior\BuildLiteBehavior [ RunTime:0.000026s ]
INFO: [ app_init ] --END-- [ RunTime:0.000503s ]
INFO: [ app_begin ] --START--
INFO: Run Behavior\ReadHtmlCacheBehavior [ RunTime:0.000671s ]
INFO: [ app_begin ] --END-- [ RunTime:0.000756s ]
NOTIC: [8192] mysql_connect(): The mysql extension is deprecated and will be removed in the future: use mysqli or PDO instead C:\phpstudy\WWW\shop34\ThinkPHP\Library\Think\Db\Driver\Mysql.class.php 第 52 行.
SQL: SHOW COLUMNS FROM `php34_category` [ RunTime:0.017042s ]
SQL: SELECT * FROM `php34_category`  [ RunTime:0.000265s ]
SQL: SHOW COLUMNS FROM `php34_movie` [ RunTime:0.013700s ]
SQL: SELECT `id`,`movie_name`,`pic`,`mic`,`update_time` FROM `php34_movie` WHERE ( `status` = 1 ) AND ( `is_delete` = 0 ) AND ( `is_hot` = 1 ) ORDER BY listorder asc LIMIT 3   [ RunTime:0.000432s ]
SQL: SELECT `id`,`movie_name`,`pic`,`mic`,`update_time` FROM `php34_movie` WHERE ( `status` = 1 ) AND ( `is_delete` = 0 ) AND ( `is_new` = 1 ) ORDER BY listorder asc LIMIT 3   [ RunTime:0.000263s ]
SQL: SELECT `id`,`movie_name`,`pic`,`mic`,`update_time` FROM `php34_movie` WHERE ( `status` = 1 ) AND ( `is_delete` = 0 ) AND ( `is_best` = 1 ) ORDER BY listorder asc LIMIT 3   [ RunTime:0.000269s ]

