[ 2017-08-21T07:33:52+08:00 ] 106.11.242.120 /
INFO: [ app_init ] --START--
INFO: Run Behavior\BuildLiteBehavior [ RunTime:0.000032s ]
INFO: [ app_init ] --END-- [ RunTime:0.013073s ]
INFO: [ app_begin ] --START--
INFO: Run Behavior\ReadHtmlCacheBehavior [ RunTime:0.020117s ]
INFO: [ app_begin ] --END-- [ RunTime:0.020246s ]
NOTIC: [8192] mysql_connect(): The mysql extension is deprecated and will be removed in the future: use mysqli or PDO instead C:\phpstudy\WWW\shop34\ThinkPHP\Library\Think\Db\Driver\Mysql.class.php 第 52 行.
SQL: SHOW COLUMNS FROM `php34_category` [ RunTime:0.025622s ]
SQL: SELECT * FROM `php34_category`  [ RunTime:0.000311s ]
SQL: SHOW COLUMNS FROM `php34_goods` [ RunTime:0.023222s ]
SQL: SELECT `id`,`goods_name`,`promote_price`,`sm_logo` FROM `php34_goods` WHERE ( `is_on_sale` = 1 ) AND ( `is_delete` = 0 ) AND ( `is_promote` = 1 ) AND ( `promote_start_time` <= 1503272032 ) AND ( `promote_end_time` >= 1503272032 ) ORDER BY sort_num asc LIMIT 5   [ RunTime:0.000448s ]
SQL: SELECT `id`,`goods_name`,`shop_price`,`sm_logo` FROM `php34_goods` WHERE ( `is_on_sale` = 1 ) AND ( `is_delete` = 0 ) AND ( `is_hot` = 1 ) ORDER BY sort_num asc LIMIT 5   [ RunTime:0.000415s ]
SQL: SELECT `id`,`goods_name`,`shop_price`,`sm_logo` FROM `php34_goods` WHERE ( `is_on_sale` = 1 ) AND ( `is_delete` = 0 ) AND ( `is_best` = 1 ) ORDER BY sort_num asc LIMIT 5   [ RunTime:0.000337s ]
SQL: SELECT `id`,`goods_name`,`shop_price`,`sm_logo` FROM `php34_goods` WHERE ( `is_on_sale` = 1 ) AND ( `is_delete` = 0 ) AND ( `is_new` = 1 ) ORDER BY sort_num asc LIMIT 5   [ RunTime:0.000344s ]
INFO: [ view_parse ] --START--
INFO: [ template_filter ] --START--
INFO: Run Behavior\ContentReplaceBehavior [ RunTime:0.000223s ]
INFO: [ template_filter ] --END-- [ RunTime:0.000309s ]
NOTIC: [2] Invalid argument supplied for foreach() C:\phpstudy\WWW\shop34\Application\Runtime\Cache\Home\2a94b8bda04ff446dcedd42276fc99ee.php 第 341 行.
INFO: Run Behavior\ParseTemplateBehavior [ RunTime:0.210301s ]
INFO: [ view_parse ] --END-- [ RunTime:0.210382s ]
INFO: [ view_filter ] --START--
INFO: Run Behavior\WriteHtmlCacheBehavior [ RunTime:0.012035s ]
INFO: [ view_filter ] --END-- [ RunTime:0.012116s ]
INFO: [ app_end ] --START--
INFO: Run Behavior\ShowPageTraceBehavior [ RunTime:0.011146s ]
INFO: [ app_end ] --END-- [ RunTime:0.011291s ]

