[ 2017-09-30T23:54:42+08:00 ] 163.125.21.169 /index.php/Home/App/index
INFO: [ app_init ] --START--
INFO: Run Behavior\BuildLiteBehavior [ RunTime:0.000024s ]
INFO: [ app_init ] --END-- [ RunTime:0.000479s ]
INFO: [ app_begin ] --START--
INFO: Run Behavior\ReadHtmlCacheBehavior [ RunTime:0.000750s ]
INFO: [ app_begin ] --END-- [ RunTime:0.000822s ]
SQL: SHOW COLUMNS FROM `php34_category` [ RunTime:0.002125s ]
SQL: SELECT * FROM `php34_category`  [ RunTime:0.004333s ]
SQL: SHOW COLUMNS FROM `php34_movie` [ RunTime:0.005308s ]
SQL: SELECT * FROM `php34_movie` WHERE ( `status` = 1 ) AND ( `is_delete` = 0 ) AND ( `is_hot` = 1 ) ORDER BY listorder asc  [ RunTime:0.001564s ]
SQL: SELECT * FROM `php34_movie` WHERE ( `status` = 1 ) AND ( `is_delete` = 0 ) AND ( `is_new` = 1 ) ORDER BY listorder asc  [ RunTime:0.005962s ]
SQL: SELECT * FROM `php34_movie` WHERE ( `status` = 1 ) AND ( `is_delete` = 0 ) AND ( `is_best` = 1 ) ORDER BY listorder asc  [ RunTime:0.003655s ]

[ 2017-09-30T23:54:45+08:00 ] 119.137.1.200 /index.php/Home/App/getpersonal
INFO: [ app_init ] --START--
INFO: Run Behavior\BuildLiteBehavior [ RunTime:0.000026s ]
INFO: [ app_init ] --END-- [ RunTime:0.000415s ]
INFO: [ app_begin ] --START--
INFO: Run Behavior\ReadHtmlCacheBehavior [ RunTime:0.000690s ]
INFO: [ app_begin ] --END-- [ RunTime:0.000761s ]
SQL: SHOW COLUMNS FROM `php34_category` [ RunTime:0.006015s ]
SQL: SELECT * FROM `php34_category`  [ RunTime:0.000530s ]
SQL: SHOW COLUMNS FROM `php34_member` [ RunTime:0.001384s ]

[ 2017-09-30T23:54:47+08:00 ] 119.137.1.200 /index.php/Home/App/getpersonal
INFO: [ app_init ] --START--
INFO: Run Behavior\BuildLiteBehavior [ RunTime:0.000024s ]
INFO: [ app_init ] --END-- [ RunTime:0.000403s ]
INFO: [ app_begin ] --START--
INFO: Run Behavior\ReadHtmlCacheBehavior [ RunTime:0.000670s ]
INFO: [ app_begin ] --END-- [ RunTime:0.000741s ]
SQL: SHOW COLUMNS FROM `php34_category` [ RunTime:0.002336s ]
SQL: SELECT * FROM `php34_category`  [ RunTime:0.000522s ]
SQL: SHOW COLUMNS FROM `php34_member` [ RunTime:0.001494s ]
SQL: SELECT * FROM `php34_member` WHERE ( `id` = '18' ) LIMIT 1   [ RunTime:0.000582s ]
SQL: SHOW COLUMNS FROM `php34_collection` [ RunTime:0.001615s ]
SQL: SELECT c.* FROM php34_collection a left join php34_member b on a.member_id=b.id left join php34_movie c on c.id=a.movie_id where b.id=18  ORDER BY id desc  [ RunTime:0.001220s ]

[ 2017-09-30T23:54:57+08:00 ] 119.137.1.200 /index.php/Home/App/getpersonal
INFO: [ app_init ] --START--
INFO: Run Behavior\BuildLiteBehavior [ RunTime:0.000022s ]
INFO: [ app_init ] --END-- [ RunTime:0.000394s ]
INFO: [ app_begin ] --START--
INFO: Run Behavior\ReadHtmlCacheBehavior [ RunTime:0.000667s ]
INFO: [ app_begin ] --END-- [ RunTime:0.000739s ]
SQL: SHOW COLUMNS FROM `php34_category` [ RunTime:0.007842s ]
SQL: SELECT * FROM `php34_category`  [ RunTime:0.000548s ]
SQL: SHOW COLUMNS FROM `php34_member` [ RunTime:0.001495s ]

[ 2017-09-30T23:54:58+08:00 ] 119.137.1.200 /index.php/Home/App/getpersonal
INFO: [ app_init ] --START--
INFO: Run Behavior\BuildLiteBehavior [ RunTime:0.000026s ]
INFO: [ app_init ] --END-- [ RunTime:0.000478s ]
INFO: [ app_begin ] --START--
INFO: Run Behavior\ReadHtmlCacheBehavior [ RunTime:0.000663s ]
INFO: [ app_begin ] --END-- [ RunTime:0.000733s ]
SQL: SHOW COLUMNS FROM `php34_category` [ RunTime:0.002090s ]
SQL: SELECT * FROM `php34_category`  [ RunTime:0.000363s ]
SQL: SHOW COLUMNS FROM `php34_member` [ RunTime:0.001516s ]

[ 2017-09-30T23:54:59+08:00 ] 119.137.1.200 /index.php/Home/App/getpersonal
INFO: [ app_init ] --START--
INFO: Run Behavior\BuildLiteBehavior [ RunTime:0.000024s ]
INFO: [ app_init ] --END-- [ RunTime:0.000395s ]
INFO: [ app_begin ] --START--
INFO: Run Behavior\ReadHtmlCacheBehavior [ RunTime:0.000672s ]
INFO: [ app_begin ] --END-- [ RunTime:0.000741s ]
SQL: SHOW COLUMNS FROM `php34_category` [ RunTime:0.003732s ]
SQL: SELECT * FROM `php34_category`  [ RunTime:0.000402s ]
SQL: SHOW COLUMNS FROM `php34_member` [ RunTime:0.001330s ]
SQL: SELECT * FROM `php34_member` WHERE ( `id` = '18' ) LIMIT 1   [ RunTime:0.001099s ]
SQL: SHOW COLUMNS FROM `php34_collection` [ RunTime:0.001506s ]
SQL: SELECT c.* FROM php34_collection a left join php34_member b on a.member_id=b.id left join php34_movie c on c.id=a.movie_id where b.id=18  ORDER BY id desc  [ RunTime:0.001385s ]

[ 2017-09-30T23:54:59+08:00 ] 119.137.1.200 /index.php/Home/App/getpersonal
INFO: [ app_init ] --START--
INFO: Run Behavior\BuildLiteBehavior [ RunTime:0.000023s ]
INFO: [ app_init ] --END-- [ RunTime:0.000418s ]
INFO: [ app_begin ] --START--
INFO: Run Behavior\ReadHtmlCacheBehavior [ RunTime:0.000556s ]
INFO: [ app_begin ] --END-- [ RunTime:0.000625s ]
SQL: SHOW COLUMNS FROM `php34_category` [ RunTime:0.001424s ]
SQL: SELECT * FROM `php34_category`  [ RunTime:0.000361s ]
SQL: SHOW COLUMNS FROM `php34_member` [ RunTime:0.001291s ]
SQL: SELECT * FROM `php34_member` WHERE ( `id` = '18' ) LIMIT 1   [ RunTime:0.000529s ]
SQL: SHOW COLUMNS FROM `php34_collection` [ RunTime:0.001396s ]
SQL: SELECT c.* FROM php34_collection a left join php34_member b on a.member_id=b.id left join php34_movie c on c.id=a.movie_id where b.id=18  ORDER BY id desc  [ RunTime:0.001267s ]

[ 2017-09-30T23:55:05+08:00 ] 119.137.1.200 //index.php/home/App/ishot
INFO: [ app_init ] --START--
INFO: Run Behavior\BuildLiteBehavior [ RunTime:0.000026s ]
INFO: [ app_init ] --END-- [ RunTime:0.000406s ]
INFO: [ app_begin ] --START--
INFO: Run Behavior\ReadHtmlCacheBehavior [ RunTime:0.000681s ]
INFO: [ app_begin ] --END-- [ RunTime:0.000750s ]
SQL: SHOW COLUMNS FROM `php34_category` [ RunTime:0.006919s ]
SQL: SELECT * FROM `php34_category`  [ RunTime:0.000359s ]
SQL: SHOW COLUMNS FROM `php34_movie` [ RunTime:0.001792s ]
SQL: SELECT * FROM `php34_movie` WHERE ( `status` = 1 ) AND ( `is_delete` = 0 ) AND ( `is_hot` = 1 ) ORDER BY listorder asc  [ RunTime:0.001094s ]

[ 2017-09-30T23:55:10+08:00 ] 119.137.1.200 /index.php/Home/App/favourite
INFO: [ app_init ] --START--
INFO: Run Behavior\BuildLiteBehavior [ RunTime:0.000039s ]
INFO: [ app_init ] --END-- [ RunTime:0.000608s ]
INFO: [ app_begin ] --START--
INFO: Run Behavior\ReadHtmlCacheBehavior [ RunTime:0.000690s ]
INFO: [ app_begin ] --END-- [ RunTime:0.000764s ]
SQL: SHOW COLUMNS FROM `php34_category` [ RunTime:0.001933s ]
SQL: SELECT * FROM `php34_category`  [ RunTime:0.000356s ]
SQL: SHOW COLUMNS FROM `php34_favourite` [ RunTime:0.001405s ]

[ 2017-09-30T23:55:12+08:00 ] 119.137.1.200 /index.php/Home/App/addcolec
INFO: [ app_init ] --START--
INFO: Run Behavior\BuildLiteBehavior [ RunTime:0.000036s ]
INFO: [ app_init ] --END-- [ RunTime:0.000482s ]
INFO: [ app_begin ] --START--
INFO: Run Behavior\ReadHtmlCacheBehavior [ RunTime:0.000671s ]
INFO: [ app_begin ] --END-- [ RunTime:0.000741s ]
SQL: SHOW COLUMNS FROM `php34_category` [ RunTime:0.003038s ]
SQL: SELECT * FROM `php34_category`  [ RunTime:0.000370s ]
SQL: SHOW COLUMNS FROM `php34_collection` [ RunTime:0.001187s ]

[ 2017-09-30T23:55:19+08:00 ] 163.125.22.54 //index.php/home/App/ishot
INFO: [ app_init ] --START--
INFO: Run Behavior\BuildLiteBehavior [ RunTime:0.000024s ]
INFO: [ app_init ] --END-- [ RunTime:0.000407s ]
INFO: [ app_begin ] --START--
INFO: Run Behavior\ReadHtmlCacheBehavior [ RunTime:0.000685s ]
INFO: [ app_begin ] --END-- [ RunTime:0.000753s ]
SQL: SHOW COLUMNS FROM `php34_category` [ RunTime:0.001655s ]
SQL: SELECT * FROM `php34_category`  [ RunTime:0.000358s ]
SQL: SHOW COLUMNS FROM `php34_movie` [ RunTime:0.001427s ]
SQL: SELECT * FROM `php34_movie` WHERE ( `status` = 1 ) AND ( `is_delete` = 0 ) AND ( `is_hot` = 1 ) ORDER BY listorder asc  [ RunTime:0.001173s ]

[ 2017-09-30T23:55:21+08:00 ] 163.125.22.54 /index.php/Home/App/favourite
INFO: [ app_init ] --START--
INFO: Run Behavior\BuildLiteBehavior [ RunTime:0.000023s ]
INFO: [ app_init ] --END-- [ RunTime:0.000407s ]
INFO: [ app_begin ] --START--
INFO: Run Behavior\ReadHtmlCacheBehavior [ RunTime:0.000881s ]
INFO: [ app_begin ] --END-- [ RunTime:0.000981s ]
SQL: SHOW COLUMNS FROM `php34_category` [ RunTime:0.004142s ]
SQL: SELECT * FROM `php34_category`  [ RunTime:0.000384s ]
SQL: SHOW COLUMNS FROM `php34_favourite` [ RunTime:0.001335s ]

[ 2017-09-30T23:55:22+08:00 ] 163.125.22.54 /index.php/Home/App/addcolec
INFO: [ app_init ] --START--
INFO: Run Behavior\BuildLiteBehavior [ RunTime:0.000022s ]
INFO: [ app_init ] --END-- [ RunTime:0.000399s ]
INFO: [ app_begin ] --START--
INFO: Run Behavior\ReadHtmlCacheBehavior [ RunTime:0.000686s ]
INFO: [ app_begin ] --END-- [ RunTime:0.000756s ]
SQL: SHOW COLUMNS FROM `php34_category` [ RunTime:0.001556s ]
SQL: SELECT * FROM `php34_category`  [ RunTime:0.000360s ]
SQL: SHOW COLUMNS FROM `php34_collection` [ RunTime:0.001336s ]

[ 2017-09-30T23:57:25+08:00 ] 163.125.22.54 /index.php/home/app/login
INFO: [ app_init ] --START--
INFO: Run Behavior\BuildLiteBehavior [ RunTime:0.000023s ]
INFO: [ app_init ] --END-- [ RunTime:0.000443s ]
INFO: [ app_begin ] --START--
INFO: Run Behavior\ReadHtmlCacheBehavior [ RunTime:0.000649s ]
INFO: [ app_begin ] --END-- [ RunTime:0.000720s ]
SQL: SHOW COLUMNS FROM `php34_category` [ RunTime:0.001595s ]
SQL: SELECT * FROM `php34_category`  [ RunTime:0.000356s ]
SQL: SHOW COLUMNS FROM `php34_member` [ RunTime:0.001751s ]
SQL: SELECT * FROM `php34_member` WHERE ( `mobile` = '15077683143' ) LIMIT 1   [ RunTime:0.000351s ]

[ 2017-09-30T23:57:49+08:00 ] 119.137.1.200 /index.php/home/app/login
INFO: [ app_init ] --START--
INFO: Run Behavior\BuildLiteBehavior [ RunTime:0.000023s ]
INFO: [ app_init ] --END-- [ RunTime:0.000416s ]
INFO: [ app_begin ] --START--
INFO: Run Behavior\ReadHtmlCacheBehavior [ RunTime:0.000537s ]
INFO: [ app_begin ] --END-- [ RunTime:0.000603s ]
SQL: SHOW COLUMNS FROM `php34_category` [ RunTime:0.001773s ]
SQL: SELECT * FROM `php34_category`  [ RunTime:0.000354s ]
SQL: SHOW COLUMNS FROM `php34_member` [ RunTime:0.003257s ]
SQL: SELECT * FROM `php34_member` WHERE ( `mobile` = '15077683143' ) LIMIT 1   [ RunTime:0.000343s ]

[ 2017-09-30T23:58:16+08:00 ] 163.125.22.54 /index.php/home/app/addcolect
INFO: [ app_init ] --START--
INFO: Run Behavior\BuildLiteBehavior [ RunTime:0.000025s ]
INFO: [ app_init ] --END-- [ RunTime:0.000468s ]
INFO: [ app_begin ] --START--
INFO: Run Behavior\ReadHtmlCacheBehavior [ RunTime:0.000713s ]
INFO: [ app_begin ] --END-- [ RunTime:0.000785s ]
SQL: SHOW COLUMNS FROM `php34_category` [ RunTime:0.002521s ]
SQL: SELECT * FROM `php34_category`  [ RunTime:0.000472s ]
ERR: 非法操作:addcolect

[ 2017-09-30T23:59:27+08:00 ] 101.232.208.154 /index.php/Home/App/login
INFO: [ app_init ] --START--
INFO: Run Behavior\BuildLiteBehavior [ RunTime:0.000023s ]
INFO: [ app_init ] --END-- [ RunTime:0.000435s ]
INFO: [ app_begin ] --START--
INFO: Run Behavior\ReadHtmlCacheBehavior [ RunTime:0.000710s ]
INFO: [ app_begin ] --END-- [ RunTime:0.000786s ]
SQL: SHOW COLUMNS FROM `php34_category` [ RunTime:0.001695s ]
SQL: SELECT * FROM `php34_category`  [ RunTime:0.000514s ]
SQL: SHOW COLUMNS FROM `php34_member` [ RunTime:0.001745s ]
SQL: SELECT * FROM `php34_member` WHERE ( `mobile` = '18124053714' ) LIMIT 1   [ RunTime:0.000376s ]

[ 2017-09-30T23:59:27+08:00 ] 101.232.208.154 /index.php/Home/App/login
INFO: [ app_init ] --START--
INFO: Run Behavior\BuildLiteBehavior [ RunTime:0.000026s ]
INFO: [ app_init ] --END-- [ RunTime:0.007607s ]
INFO: [ app_begin ] --START--
INFO: Run Behavior\ReadHtmlCacheBehavior [ RunTime:0.001686s ]
INFO: [ app_begin ] --END-- [ RunTime:0.001757s ]
SQL: SHOW COLUMNS FROM `php34_category` [ RunTime:0.003155s ]
SQL: SELECT * FROM `php34_category`  [ RunTime:0.000374s ]
SQL: SHOW COLUMNS FROM `php34_member` [ RunTime:0.001501s ]
SQL: SELECT * FROM `php34_member` WHERE ( `mobile` = '18124053714' ) LIMIT 1   [ RunTime:0.000313s ]

[ 2017-09-30T23:59:28+08:00 ] 101.232.208.154 /index.php/Home/App/login
INFO: [ app_init ] --START--
INFO: Run Behavior\BuildLiteBehavior [ RunTime:0.000023s ]
INFO: [ app_init ] --END-- [ RunTime:0.000444s ]
INFO: [ app_begin ] --START--
INFO: Run Behavior\ReadHtmlCacheBehavior [ RunTime:0.000648s ]
INFO: [ app_begin ] --END-- [ RunTime:0.000717s ]
SQL: SHOW COLUMNS FROM `php34_category` [ RunTime:0.002170s ]
SQL: SELECT * FROM `php34_category`  [ RunTime:0.000497s ]
SQL: SHOW COLUMNS FROM `php34_member` [ RunTime:0.001781s ]
SQL: SELECT * FROM `php34_member` WHERE ( `mobile` = '18124053714' ) LIMIT 1   [ RunTime:0.000325s ]

[ 2017-09-30T23:59:29+08:00 ] 101.232.208.154 /index.php/Home/App/login
INFO: [ app_init ] --START--
INFO: Run Behavior\BuildLiteBehavior [ RunTime:0.000022s ]
INFO: [ app_init ] --END-- [ RunTime:0.000392s ]
INFO: [ app_begin ] --START--
INFO: Run Behavior\ReadHtmlCacheBehavior [ RunTime:0.000545s ]
INFO: [ app_begin ] --END-- [ RunTime:0.000613s ]
SQL: SHOW COLUMNS FROM `php34_category` [ RunTime:0.001962s ]
SQL: SELECT * FROM `php34_category`  [ RunTime:0.000364s ]
SQL: SHOW COLUMNS FROM `php34_member` [ RunTime:0.001699s ]
SQL: SELECT * FROM `php34_member` WHERE ( `mobile` = '18124053714' ) LIMIT 1   [ RunTime:0.000324s ]

