[ 2017-10-05T13:42:31+08:00 ] 14.30.118.249 /index.php/Home/App/index
INFO: [ app_init ] --START--
INFO: Run Behavior\BuildLiteBehavior [ RunTime:0.000026s ]
INFO: [ app_init ] --END-- [ RunTime:0.000490s ]
INFO: [ app_begin ] --START--
INFO: Run Behavior\ReadHtmlCacheBehavior [ RunTime:0.000843s ]
INFO: [ app_begin ] --END-- [ RunTime:0.000917s ]
SQL: SHOW COLUMNS FROM `php34_category` [ RunTime:0.038772s ]
SQL: SELECT * FROM `php34_category`  [ RunTime:0.006422s ]
SQL: SHOW COLUMNS FROM `php34_movie` [ RunTime:0.014308s ]
SQL: SELECT * FROM `php34_movie` WHERE ( `status` = 1 ) AND ( `is_delete` = 0 ) AND ( `is_hot` = 1 ) ORDER BY listorder asc  [ RunTime:0.001272s ]
SQL: SELECT * FROM `php34_movie` WHERE ( `status` = 1 ) AND ( `is_delete` = 0 ) AND ( `is_new` = 1 ) ORDER BY listorder asc  [ RunTime:0.000952s ]
SQL: SELECT * FROM `php34_movie` WHERE ( `status` = 1 ) AND ( `is_delete` = 0 ) AND ( `is_best` = 1 ) ORDER BY listorder asc  [ RunTime:0.000962s ]

[ 2017-10-05T13:42:31+08:00 ] 14.30.118.249 /index.php/Home/App/getwd
INFO: [ app_init ] --START--
INFO: Run Behavior\BuildLiteBehavior [ RunTime:0.000025s ]
INFO: [ app_init ] --END-- [ RunTime:0.000441s ]
INFO: [ app_begin ] --START--
INFO: Run Behavior\ReadHtmlCacheBehavior [ RunTime:0.000638s ]
INFO: [ app_begin ] --END-- [ RunTime:0.000710s ]
SQL: SHOW COLUMNS FROM `php34_category` [ RunTime:0.010132s ]
SQL: SELECT * FROM `php34_category`  [ RunTime:0.002377s ]
SQL: SHOW COLUMNS FROM `php34_movie` [ RunTime:0.031451s ]
SQL: SELECT `id` FROM `php34_category` WHERE ( `cat_name` = '舞蹈' )  [ RunTime:0.000380s ]
SQL: SELECT * FROM `php34_category`  [ RunTime:0.000340s ]
SQL: SELECT * FROM `php34_category`  [ RunTime:0.000324s ]
SQL: SELECT * FROM `php34_category`  [ RunTime:0.000317s ]
SQL: SELECT * FROM `php34_category`  [ RunTime:0.000310s ]
SQL: SELECT * FROM `php34_category`  [ RunTime:0.000308s ]
SQL: SELECT * FROM `php34_category`  [ RunTime:0.000324s ]
SQL: SELECT * FROM `php34_category`  [ RunTime:0.000467s ]
SQL: SELECT * FROM `php34_category`  [ RunTime:0.000475s ]
SQL: SHOW COLUMNS FROM `php34_movie` [ RunTime:0.002751s ]
SQL: SELECT * FROM `php34_movie`  [ RunTime:0.000848s ]
NOTIC: [8] Undefined variable: extdata1 C:\phpstudy\WWW\shop34\Application\Admin\Model\MovieModel.class.php 第 337 行.
NOTIC: [8] Undefined variable: extdata1 C:\phpstudy\WWW\shop34\Application\Admin\Model\MovieModel.class.php 第 337 行.
NOTIC: [8] Undefined variable: extdata1 C:\phpstudy\WWW\shop34\Application\Admin\Model\MovieModel.class.php 第 337 行.
NOTIC: [8] Undefined variable: extdata1 C:\phpstudy\WWW\shop34\Application\Admin\Model\MovieModel.class.php 第 337 行.
NOTIC: [8] Undefined variable: extdata1 C:\phpstudy\WWW\shop34\Application\Admin\Model\MovieModel.class.php 第 337 行.
NOTIC: [8] Undefined variable: extdata1 C:\phpstudy\WWW\shop34\Application\Admin\Model\MovieModel.class.php 第 337 行.
NOTIC: [8] Undefined variable: extdata1 C:\phpstudy\WWW\shop34\Application\Admin\Model\MovieModel.class.php 第 337 行.
NOTIC: [8] Undefined variable: extdata1 C:\phpstudy\WWW\shop34\Application\Admin\Model\MovieModel.class.php 第 337 行.
NOTIC: [8] Undefined variable: extdata1 C:\phpstudy\WWW\shop34\Application\Admin\Model\MovieModel.class.php 第 337 行.
NOTIC: [8] Undefined variable: extdata1 C:\phpstudy\WWW\shop34\Application\Admin\Model\MovieModel.class.php 第 337 行.
NOTIC: [8] Undefined variable: extdata1 C:\phpstudy\WWW\shop34\Application\Admin\Model\MovieModel.class.php 第 337 行.
NOTIC: [8] Undefined variable: extdata1 C:\phpstudy\WWW\shop34\Application\Admin\Model\MovieModel.class.php 第 337 行.
NOTIC: [8] Undefined variable: extdata1 C:\phpstudy\WWW\shop34\Application\Admin\Model\MovieModel.class.php 第 337 行.
NOTIC: [8] Undefined variable: extdata1 C:\phpstudy\WWW\shop34\Application\Admin\Model\MovieModel.class.php 第 337 行.
NOTIC: [8] Undefined variable: extdata1 C:\phpstudy\WWW\shop34\Application\Admin\Model\MovieModel.class.php 第 337 行.
NOTIC: [8] Undefined variable: extdata1 C:\phpstudy\WWW\shop34\Application\Admin\Model\MovieModel.class.php 第 337 行.
NOTIC: [8] Undefined variable: extdata1 C:\phpstudy\WWW\shop34\Application\Admin\Model\MovieModel.class.php 第 337 行.
NOTIC: [8] Undefined variable: extdata1 C:\phpstudy\WWW\shop34\Application\Admin\Model\MovieModel.class.php 第 337 行.
NOTIC: [8] Undefined variable: extdata1 C:\phpstudy\WWW\shop34\Application\Admin\Model\MovieModel.class.php 第 337 行.
NOTIC: [8] Undefined variable: extdata1 C:\phpstudy\WWW\shop34\Application\Admin\Model\MovieModel.class.php 第 337 行.
NOTIC: [2] in_array() expects parameter 2 to be array, string given C:\phpstudy\WWW\shop34\Application\Admin\Model\MovieModel.class.php 第 328 行.
NOTIC: [2] in_array() expects parameter 2 to be array, string given C:\phpstudy\WWW\shop34\Application\Admin\Model\MovieModel.class.php 第 328 行.
NOTIC: [2] in_array() expects parameter 2 to be array, string given C:\phpstudy\WWW\shop34\Application\Admin\Model\MovieModel.class.php 第 328 行.
NOTIC: [2] in_array() expects parameter 2 to be array, string given C:\phpstudy\WWW\shop34\Application\Admin\Model\MovieModel.class.php 第 328 行.
NOTIC: [2] in_array() expects parameter 2 to be array, string given C:\phpstudy\WWW\shop34\Application\Admin\Model\MovieModel.class.php 第 328 行.
NOTIC: [2] in_array() expects parameter 2 to be array, string given C:\phpstudy\WWW\shop34\Application\Admin\Model\MovieModel.class.php 第 328 行.
NOTIC: [2] in_array() expects parameter 2 to be array, string given C:\phpstudy\WWW\shop34\Application\Admin\Model\MovieModel.class.php 第 328 行.
NOTIC: [2] in_array() expects parameter 2 to be array, string given C:\phpstudy\WWW\shop34\Application\Admin\Model\MovieModel.class.php 第 328 行.
NOTIC: [2] in_array() expects parameter 2 to be array, string given C:\phpstudy\WWW\shop34\Application\Admin\Model\MovieModel.class.php 第 328 行.
NOTIC: [2] in_array() expects parameter 2 to be array, string given C:\phpstudy\WWW\shop34\Application\Admin\Model\MovieModel.class.php 第 328 行.
NOTIC: [2] in_array() expects parameter 2 to be array, string given C:\phpstudy\WWW\shop34\Application\Admin\Model\MovieModel.class.php 第 328 行.
NOTIC: [2] in_array() expects parameter 2 to be array, string given C:\phpstudy\WWW\shop34\Application\Admin\Model\MovieModel.class.php 第 328 行.
NOTIC: [2] in_array() expects parameter 2 to be array, string given C:\phpstudy\WWW\shop34\Application\Admin\Model\MovieModel.class.php 第 328 行.
NOTIC: [2] in_array() expects parameter 2 to be array, string given C:\phpstudy\WWW\shop34\Application\Admin\Model\MovieModel.class.php 第 328 行.
NOTIC: [2] in_array() expects parameter 2 to be array, string given C:\phpstudy\WWW\shop34\Application\Admin\Model\MovieModel.class.php 第 328 行.
NOTIC: [2] in_array() expects parameter 2 to be array, string given C:\phpstudy\WWW\shop34\Application\Admin\Model\MovieModel.class.php 第 328 行.
NOTIC: [2] in_array() expects parameter 2 to be array, string given C:\phpstudy\WWW\shop34\Application\Admin\Model\MovieModel.class.php 第 328 行.
NOTIC: [2] in_array() expects parameter 2 to be array, string given C:\phpstudy\WWW\shop34\Application\Admin\Model\MovieModel.class.php 第 328 行.
NOTIC: [2] in_array() expects parameter 2 to be array, string given C:\phpstudy\WWW\shop34\Application\Admin\Model\MovieModel.class.php 第 328 行.
NOTIC: [2] in_array() expects parameter 2 to be array, string given C:\phpstudy\WWW\shop34\Application\Admin\Model\MovieModel.class.php 第 328 行.
NOTIC: [2] in_array() expects parameter 2 to be array, string given C:\phpstudy\WWW\shop34\Application\Admin\Model\MovieModel.class.php 第 328 行.
NOTIC: [2] in_array() expects parameter 2 to be array, string given C:\phpstudy\WWW\shop34\Application\Admin\Model\MovieModel.class.php 第 328 行.
NOTIC: [2] in_array() expects parameter 2 to be array, string given C:\phpstudy\WWW\shop34\Application\Admin\Model\MovieModel.class.php 第 328 行.
NOTIC: [2] in_array() expects parameter 2 to be array, string given C:\phpstudy\WWW\shop34\Application\Admin\Model\MovieModel.class.php 第 328 行.
NOTIC: [2] in_array() expects parameter 2 to be array, string given C:\phpstudy\WWW\shop34\Application\Admin\Model\MovieModel.class.php 第 328 行.
NOTIC: [2] in_array() expects parameter 2 to be array, string given C:\phpstudy\WWW\shop34\Application\Admin\Model\MovieModel.class.php 第 328 行.
NOTIC: [2] in_array() expects parameter 2 to be array, string given C:\phpstudy\WWW\shop34\Application\Admin\Model\MovieModel.class.php 第 328 行.
NOTIC: [2] in_array() expects parameter 2 to be array, string given C:\phpstudy\WWW\shop34\Application\Admin\Model\MovieModel.class.php 第 328 行.
NOTIC: [2] in_array() expects parameter 2 to be array, string given C:\phpstudy\WWW\shop34\Application\Admin\Model\MovieModel.class.php 第 328 行.
NOTIC: [2] in_array() expects parameter 2 to be array, string given C:\phpstudy\WWW\shop34\Application\Admin\Model\MovieModel.class.php 第 328 行.
NOTIC: [2] in_array() expects parameter 2 to be array, string given C:\phpstudy\WWW\shop34\Application\Admin\Model\MovieModel.class.php 第 328 行.
NOTIC: [2] in_array() expects parameter 2 to be array, string given C:\phpstudy\WWW\shop34\Application\Admin\Model\MovieModel.class.php 第 328 行.
NOTIC: [2] in_array() expects parameter 2 to be array, string given C:\phpstudy\WWW\shop34\Application\Admin\Model\MovieModel.class.php 第 328 行.
NOTIC: [2] in_array() expects parameter 2 to be array, string given C:\phpstudy\WWW\shop34\Application\Admin\Model\MovieModel.class.php 第 328 行.
NOTIC: [2] in_array() expects parameter 2 to be array, string given C:\phpstudy\WWW\shop34\Application\Admin\Model\MovieModel.class.php 第 328 行.
NOTIC: [2] in_array() expects parameter 2 to be array, string given C:\phpstudy\WWW\shop34\Application\Admin\Model\MovieModel.class.php 第 328 行.
NOTIC: [2] in_array() expects parameter 2 to be array, string given C:\phpstudy\WWW\shop34\Application\Admin\Model\MovieModel.class.php 第 328 行.
NOTIC: [2] in_array() expects parameter 2 to be array, string given C:\phpstudy\WWW\shop34\Application\Admin\Model\MovieModel.class.php 第 328 行.
NOTIC: [2] in_array() expects parameter 2 to be array, string given C:\phpstudy\WWW\shop34\Application\Admin\Model\MovieModel.class.php 第 328 行.
NOTIC: [2] in_array() expects parameter 2 to be array, string given C:\phpstudy\WWW\shop34\Application\Admin\Model\MovieModel.class.php 第 328 行.
NOTIC: [2] in_array() expects parameter 2 to be array, string given C:\phpstudy\WWW\shop34\Application\Admin\Model\MovieModel.class.php 第 328 行.
NOTIC: [2] in_array() expects parameter 2 to be array, string given C:\phpstudy\WWW\shop34\Application\Admin\Model\MovieModel.class.php 第 328 行.
NOTIC: [2] in_array() expects parameter 2 to be array, string given C:\phpstudy\WWW\shop34\Application\Admin\Model\MovieModel.class.php 第 328 行.
NOTIC: [2] in_array() expects parameter 2 to be array, string given C:\phpstudy\WWW\shop34\Application\Admin\Model\MovieModel.class.php 第 328 行.
NOTIC: [2] in_array() expects parameter 2 to be array, string given C:\phpstudy\WWW\shop34\Application\Admin\Model\MovieModel.class.php 第 328 行.
NOTIC: [2] in_array() expects parameter 2 to be array, string given C:\phpstudy\WWW\shop34\Application\Admin\Model\MovieModel.class.php 第 328 行.
NOTIC: [2] in_array() expects parameter 2 to be array, string given C:\phpstudy\WWW\shop34\Application\Admin\Model\MovieModel.class.php 第 328 行.
NOTIC: [2] in_array() expects parameter 2 to be array, string given C:\phpstudy\WWW\shop34\Application\Admin\Model\MovieModel.class.php 第 328 行.
NOTIC: [2] in_array() expects parameter 2 to be array, string given C:\phpstudy\WWW\shop34\Application\Admin\Model\MovieModel.class.php 第 328 行.
NOTIC: [2] in_array() expects parameter 2 to be array, string given C:\phpstudy\WWW\shop34\Application\Admin\Model\MovieModel.class.php 第 328 行.
NOTIC: [2] in_array() expects parameter 2 to be array, string given C:\phpstudy\WWW\shop34\Application\Admin\Model\MovieModel.class.php 第 328 行.
NOTIC: [2] in_array() expects parameter 2 to be array, string given C:\phpstudy\WWW\shop34\Application\Admin\Model\MovieModel.class.php 第 328 行.
NOTIC: [2] in_array() expects parameter 2 to be array, string given C:\phpstudy\WWW\shop34\Application\Admin\Model\MovieModel.class.php 第 328 行.
NOTIC: [2] in_array() expects parameter 2 to be array, string given C:\phpstudy\WWW\shop34\Application\Admin\Model\MovieModel.class.php 第 328 行.
NOTIC: [2] in_array() expects parameter 2 to be array, string given C:\phpstudy\WWW\shop34\Application\Admin\Model\MovieModel.class.php 第 328 行.
NOTIC: [2] in_array() expects parameter 2 to be array, string given C:\phpstudy\WWW\shop34\Application\Admin\Model\MovieModel.class.php 第 328 行.
NOTIC: [2] in_array() expects parameter 2 to be array, string given C:\phpstudy\WWW\shop34\Application\Admin\Model\MovieModel.class.php 第 328 行.
NOTIC: [2] in_array() expects parameter 2 to be array, string given C:\phpstudy\WWW\shop34\Application\Admin\Model\MovieModel.class.php 第 328 行.
NOTIC: [2] in_array() expects parameter 2 to be array, string given C:\phpstudy\WWW\shop34\Application\Admin\Model\MovieModel.class.php 第 328 行.
NOTIC: [2] in_array() expects parameter 2 to be array, string given C:\phpstudy\WWW\shop34\Application\Admin\Model\MovieModel.class.php 第 328 行.
NOTIC: [2] in_array() expects parameter 2 to be array, string given C:\phpstudy\WWW\shop34\Application\Admin\Model\MovieModel.class.php 第 328 行.
NOTIC: [2] in_array() expects parameter 2 to be array, string given C:\phpstudy\WWW\shop34\Application\Admin\Model\MovieModel.class.php 第 328 行.
NOTIC: [2] in_array() expects parameter 2 to be array, string given C:\phpstudy\WWW\shop34\Application\Admin\Model\MovieModel.class.php 第 328 行.
NOTIC: [2] in_array() expects parameter 2 to be array, string given C:\phpstudy\WWW\shop34\Application\Admin\Model\MovieModel.class.php 第 328 行.
NOTIC: [2] in_array() expects parameter 2 to be array, string given C:\phpstudy\WWW\shop34\Application\Admin\Model\MovieModel.class.php 第 328 行.
NOTIC: [2] in_array() expects parameter 2 to be array, string given C:\phpstudy\WWW\shop34\Application\Admin\Model\MovieModel.class.php 第 328 行.
NOTIC: [2] in_array() expects parameter 2 to be array, string given C:\phpstudy\WWW\shop34\Application\Admin\Model\MovieModel.class.php 第 328 行.
NOTIC: [2] in_array() expects parameter 2 to be array, string given C:\phpstudy\WWW\shop34\Application\Admin\Model\MovieModel.class.php 第 328 行.
NOTIC: [2] in_array() expects parameter 2 to be array, string given C:\phpstudy\WWW\shop34\Application\Admin\Model\MovieModel.class.php 第 328 行.
NOTIC: [2] in_array() expects parameter 2 to be array, string given C:\phpstudy\WWW\shop34\Application\Admin\Model\MovieModel.class.php 第 328 行.
NOTIC: [2] in_array() expects parameter 2 to be array, string given C:\phpstudy\WWW\shop34\Application\Admin\Model\MovieModel.class.php 第 328 行.
NOTIC: [2] in_array() expects parameter 2 to be array, string given C:\phpstudy\WWW\shop34\Application\Admin\Model\MovieModel.class.php 第 328 行.
NOTIC: [2] in_array() expects parameter 2 to be array, string given C:\phpstudy\WWW\shop34\Application\Admin\Model\MovieModel.class.php 第 328 行.
NOTIC: [2] in_array() expects parameter 2 to be array, string given C:\phpstudy\WWW\shop34\Application\Admin\Model\MovieModel.class.php 第 328 行.
NOTIC: [2] in_array() expects parameter 2 to be array, string given C:\phpstudy\WWW\shop34\Application\Admin\Model\MovieModel.class.php 第 328 行.
NOTIC: [2] in_array() expects parameter 2 to be array, string given C:\phpstudy\WWW\shop34\Application\Admin\Model\MovieModel.class.php 第 328 行.
NOTIC: [2] in_array() expects parameter 2 to be array, string given C:\phpstudy\WWW\shop34\Application\Admin\Model\MovieModel.class.php 第 328 行.
NOTIC: [2] in_array() expects parameter 2 to be array, string given C:\phpstudy\WWW\shop34\Application\Admin\Model\MovieModel.class.php 第 328 行.
NOTIC: [2] in_array() expects parameter 2 to be array, string given C:\phpstudy\WWW\shop34\Application\Admin\Model\MovieModel.class.php 第 328 行.
NOTIC: [2] in_array() expects parameter 2 to be array, string given C:\phpstudy\WWW\shop34\Application\Admin\Model\MovieModel.class.php 第 328 行.
NOTIC: [2] in_array() expects parameter 2 to be array, string given C:\phpstudy\WWW\shop34\Application\Admin\Model\MovieModel.class.php 第 328 行.
NOTIC: [2] in_array() expects parameter 2 to be array, string given C:\phpstudy\WWW\shop34\Application\Admin\Model\MovieModel.class.php 第 328 行.
NOTIC: [2] in_array() expects parameter 2 to be array, string given C:\phpstudy\WWW\shop34\Application\Admin\Model\MovieModel.class.php 第 328 行.
NOTIC: [2] in_array() expects parameter 2 to be array, string given C:\phpstudy\WWW\shop34\Application\Admin\Model\MovieModel.class.php 第 328 行.
NOTIC: [2] in_array() expects parameter 2 to be array, string given C:\phpstudy\WWW\shop34\Application\Admin\Model\MovieModel.class.php 第 328 行.
NOTIC: [2] in_array() expects parameter 2 to be array, string given C:\phpstudy\WWW\shop34\Application\Admin\Model\MovieModel.class.php 第 328 行.
NOTIC: [2] in_array() expects parameter 2 to be array, string given C:\phpstudy\WWW\shop34\Application\Admin\Model\MovieModel.class.php 第 328 行.
NOTIC: [2] in_array() expects parameter 2 to be array, string given C:\phpstudy\WWW\shop34\Application\Admin\Model\MovieModel.class.php 第 328 行.
NOTIC: [2] in_array() expects parameter 2 to be array, string given C:\phpstudy\WWW\shop34\Application\Admin\Model\MovieModel.class.php 第 328 行.
NOTIC: [2] in_array() expects parameter 2 to be array, string given C:\phpstudy\WWW\shop34\Application\Admin\Model\MovieModel.class.php 第 328 行.
NOTIC: [2] in_array() expects parameter 2 to be array, string given C:\phpstudy\WWW\shop34\Application\Admin\Model\MovieModel.class.php 第 328 行.
NOTIC: [2] in_array() expects parameter 2 to be array, string given C:\phpstudy\WWW\shop34\Application\Admin\Model\MovieModel.class.php 第 328 行.
NOTIC: [2] in_array() expects parameter 2 to be array, string given C:\phpstudy\WWW\shop34\Application\Admin\Model\MovieModel.class.php 第 328 行.
NOTIC: [2] in_array() expects parameter 2 to be array, string given C:\phpstudy\WWW\shop34\Application\Admin\Model\MovieModel.class.php 第 328 行.
NOTIC: [2] in_array() expects parameter 2 to be array, string given C:\phpstudy\WWW\shop34\Application\Admin\Model\MovieModel.class.php 第 328 行.
NOTIC: [2] in_array() expects parameter 2 to be array, string given C:\phpstudy\WWW\shop34\Application\Admin\Model\MovieModel.class.php 第 328 行.
NOTIC: [2] in_array() expects parameter 2 to be array, string given C:\phpstudy\WWW\shop34\Application\Admin\Model\MovieModel.class.php 第 328 行.
NOTIC: [2] in_array() expects parameter 2 to be array, string given C:\phpstudy\WWW\shop34\Application\Admin\Model\MovieModel.class.php 第 328 行.
NOTIC: [2] in_array() expects parameter 2 to be array, string given C:\phpstudy\WWW\shop34\Application\Admin\Model\MovieModel.class.php 第 328 行.
NOTIC: [2] in_array() expects parameter 2 to be array, string given C:\phpstudy\WWW\shop34\Application\Admin\Model\MovieModel.class.php 第 328 行.
NOTIC: [2] in_array() expects parameter 2 to be array, string given C:\phpstudy\WWW\shop34\Application\Admin\Model\MovieModel.class.php 第 328 行.
NOTIC: [2] in_array() expects parameter 2 to be array, string given C:\phpstudy\WWW\shop34\Application\Admin\Model\MovieModel.class.php 第 328 行.
NOTIC: [2] in_array() expects parameter 2 to be array, string given C:\phpstudy\WWW\shop34\Application\Admin\Model\MovieModel.class.php 第 328 行.
NOTIC: [2] in_array() expects parameter 2 to be array, string given C:\phpstudy\WWW\shop34\Application\Admin\Model\MovieModel.class.php 第 328 行.
NOTIC: [2] in_array() expects parameter 2 to be array, string given C:\phpstudy\WWW\shop34\Application\Admin\Model\MovieModel.class.php 第 328 行.
SQL: SELECT * FROM `php34_movie` WHERE ( `category_id` IN ('36','80','31','44','50','56','62','68','74') )  [ RunTime:0.000834s ]
SQL: SHOW COLUMNS FROM `php34_advert` [ RunTime:0.048667s ]
SQL: SELECT * FROM `php34_advert` ORDER BY id DESC LIMIT 1   [ RunTime:0.000554s ]

[ 2017-10-05T18:42:40+08:00 ] 106.11.227.2 /
INFO: [ app_init ] --START--
INFO: Run Behavior\BuildLiteBehavior [ RunTime:0.000028s ]
INFO: [ app_init ] --END-- [ RunTime:0.000667s ]
INFO: [ app_begin ] --START--
INFO: Run Behavior\ReadHtmlCacheBehavior [ RunTime:0.000868s ]
INFO: [ app_begin ] --END-- [ RunTime:0.000939s ]
SQL: SHOW COLUMNS FROM `php34_category` [ RunTime:0.002049s ]
SQL: SELECT * FROM `php34_category`  [ RunTime:0.000384s ]
SQL: SHOW COLUMNS FROM `php34_goods` [ RunTime:0.028988s ]
SQL: SELECT `id`,`goods_name`,`promote_price`,`sm_logo` FROM `php34_goods` WHERE ( `is_on_sale` = 1 ) AND ( `is_delete` = 0 ) AND ( `is_promote` = 1 ) AND ( `promote_start_time` <= 1507200160 ) AND ( `promote_end_time` >= 1507200160 ) ORDER BY sort_num asc LIMIT 5   [ RunTime:0.000659s ]
SQL: SELECT `id`,`goods_name`,`shop_price`,`sm_logo` FROM `php34_goods` WHERE ( `is_on_sale` = 1 ) AND ( `is_delete` = 0 ) AND ( `is_hot` = 1 ) ORDER BY sort_num asc LIMIT 5   [ RunTime:0.002041s ]
SQL: SELECT `id`,`goods_name`,`shop_price`,`sm_logo` FROM `php34_goods` WHERE ( `is_on_sale` = 1 ) AND ( `is_delete` = 0 ) AND ( `is_best` = 1 ) ORDER BY sort_num asc LIMIT 5   [ RunTime:0.000336s ]
SQL: SELECT `id`,`goods_name`,`shop_price`,`sm_logo` FROM `php34_goods` WHERE ( `is_on_sale` = 1 ) AND ( `is_delete` = 0 ) AND ( `is_new` = 1 ) ORDER BY sort_num asc LIMIT 5   [ RunTime:0.000314s ]
INFO: [ view_parse ] --START--
INFO: [ template_filter ] --START--
INFO: Run Behavior\ContentReplaceBehavior [ RunTime:0.000046s ]
INFO: [ template_filter ] --END-- [ RunTime:0.000119s ]
INFO: Run Behavior\ParseTemplateBehavior [ RunTime:0.007695s ]
INFO: [ view_parse ] --END-- [ RunTime:0.007769s ]
INFO: [ view_filter ] --START--
INFO: Run Behavior\WriteHtmlCacheBehavior [ RunTime:0.000676s ]
INFO: [ view_filter ] --END-- [ RunTime:0.000746s ]
INFO: [ app_end ] --START--
INFO: Run Behavior\ShowPageTraceBehavior [ RunTime:0.000914s ]
INFO: [ app_end ] --END-- [ RunTime:0.000988s ]

