[ 2017-10-13T15:20:13+08:00 ] 127.0.0.1 /
INFO: [ app_init ] --START--
INFO: Run Behavior\BuildLiteBehavior [ RunTime:0.000019s ]
INFO: [ app_init ] --END-- [ RunTime:0.001111s ]
INFO: [ app_begin ] --START--
INFO: Run Behavior\ReadHtmlCacheBehavior [ RunTime:0.001081s ]
INFO: [ app_begin ] --END-- [ RunTime:0.001144s ]
NOTIC: [8192] mysql_connect(): The mysql extension is deprecated and will be removed in the future: use mysqli or PDO instead D:\phpstudy\WWW\shop34\ThinkPHP\Library\Think\Db\Driver\Mysql.class.php 第 52 行.
SQL: SHOW COLUMNS FROM `php34_category` [ RunTime:0.021180s ]
SQL: SELECT * FROM `php34_category`  [ RunTime:0.004507s ]
SQL: SHOW COLUMNS FROM `php34_goods` [ RunTime:0.014691s ]
SQL: SELECT `id`,`goods_name`,`promote_price`,`sm_logo` FROM `php34_goods` WHERE ( `is_on_sale` = 1 ) AND ( `is_delete` = 0 ) AND ( `is_promote` = 1 ) AND ( `promote_start_time` <= 1507879213 ) AND ( `promote_end_time` >= 1507879213 ) ORDER BY sort_num asc LIMIT 5   [ RunTime:0.001213s ]
SQL: SELECT `id`,`goods_name`,`shop_price`,`sm_logo` FROM `php34_goods` WHERE ( `is_on_sale` = 1 ) AND ( `is_delete` = 0 ) AND ( `is_hot` = 1 ) ORDER BY sort_num asc LIMIT 5   [ RunTime:0.004196s ]
SQL: SELECT `id`,`goods_name`,`shop_price`,`sm_logo` FROM `php34_goods` WHERE ( `is_on_sale` = 1 ) AND ( `is_delete` = 0 ) AND ( `is_best` = 1 ) ORDER BY sort_num asc LIMIT 5   [ RunTime:0.000941s ]
SQL: SELECT `id`,`goods_name`,`shop_price`,`sm_logo` FROM `php34_goods` WHERE ( `is_on_sale` = 1 ) AND ( `is_delete` = 0 ) AND ( `is_new` = 1 ) ORDER BY sort_num asc LIMIT 5   [ RunTime:0.000460s ]
INFO: [ view_parse ] --START--
INFO: [ template_filter ] --START--
INFO: Run Behavior\ContentReplaceBehavior [ RunTime:0.000075s ]
INFO: [ template_filter ] --END-- [ RunTime:0.000162s ]
INFO: Run Behavior\ParseTemplateBehavior [ RunTime:0.011007s ]
INFO: [ view_parse ] --END-- [ RunTime:0.011097s ]
INFO: [ view_filter ] --START--
INFO: Run Behavior\WriteHtmlCacheBehavior [ RunTime:0.000955s ]
INFO: [ view_filter ] --END-- [ RunTime:0.001017s ]
INFO: [ app_end ] --START--
INFO: Run Behavior\ShowPageTraceBehavior [ RunTime:0.001092s ]
INFO: [ app_end ] --END-- [ RunTime:0.001152s ]

[ 2017-10-13T15:20:16+08:00 ] 127.0.0.1 /
INFO: [ app_init ] --START--
INFO: Run Behavior\BuildLiteBehavior [ RunTime:0.000016s ]
INFO: [ app_init ] --END-- [ RunTime:0.000748s ]
INFO: [ app_begin ] --START--
INFO: Run Behavior\ReadHtmlCacheBehavior [ RunTime:0.001155s ]
INFO: [ app_begin ] --END-- [ RunTime:0.001259s ]
NOTIC: [8192] mysql_connect(): The mysql extension is deprecated and will be removed in the future: use mysqli or PDO instead D:\phpstudy\WWW\shop34\ThinkPHP\Library\Think\Db\Driver\Mysql.class.php 第 52 行.
SQL: SHOW COLUMNS FROM `php34_category` [ RunTime:0.006436s ]
SQL: SELECT * FROM `php34_category`  [ RunTime:0.000498s ]
SQL: SHOW COLUMNS FROM `php34_goods` [ RunTime:0.006947s ]
SQL: SELECT `id`,`goods_name`,`promote_price`,`sm_logo` FROM `php34_goods` WHERE ( `is_on_sale` = 1 ) AND ( `is_delete` = 0 ) AND ( `is_promote` = 1 ) AND ( `promote_start_time` <= 1507879216 ) AND ( `promote_end_time` >= 1507879216 ) ORDER BY sort_num asc LIMIT 5   [ RunTime:0.000810s ]
SQL: SELECT `id`,`goods_name`,`shop_price`,`sm_logo` FROM `php34_goods` WHERE ( `is_on_sale` = 1 ) AND ( `is_delete` = 0 ) AND ( `is_hot` = 1 ) ORDER BY sort_num asc LIMIT 5   [ RunTime:0.000905s ]
SQL: SELECT `id`,`goods_name`,`shop_price`,`sm_logo` FROM `php34_goods` WHERE ( `is_on_sale` = 1 ) AND ( `is_delete` = 0 ) AND ( `is_best` = 1 ) ORDER BY sort_num asc LIMIT 5   [ RunTime:0.000604s ]
SQL: SELECT `id`,`goods_name`,`shop_price`,`sm_logo` FROM `php34_goods` WHERE ( `is_on_sale` = 1 ) AND ( `is_delete` = 0 ) AND ( `is_new` = 1 ) ORDER BY sort_num asc LIMIT 5   [ RunTime:0.000327s ]
INFO: [ view_parse ] --START--
INFO: [ template_filter ] --START--
INFO: Run Behavior\ContentReplaceBehavior [ RunTime:0.000066s ]
INFO: [ template_filter ] --END-- [ RunTime:0.000153s ]
INFO: Run Behavior\ParseTemplateBehavior [ RunTime:0.008376s ]
INFO: [ view_parse ] --END-- [ RunTime:0.008462s ]
INFO: [ view_filter ] --START--
INFO: Run Behavior\WriteHtmlCacheBehavior [ RunTime:0.000553s ]
INFO: [ view_filter ] --END-- [ RunTime:0.000603s ]
INFO: [ app_end ] --START--
INFO: Run Behavior\ShowPageTraceBehavior [ RunTime:0.000895s ]
INFO: [ app_end ] --END-- [ RunTime:0.000960s ]

[ 2017-10-13T15:20:29+08:00 ] 127.0.0.1 /
INFO: [ app_init ] --START--
INFO: Run Behavior\BuildLiteBehavior [ RunTime:0.000021s ]
INFO: [ app_init ] --END-- [ RunTime:0.000845s ]
INFO: [ app_begin ] --START--
INFO: Run Behavior\ReadHtmlCacheBehavior [ RunTime:0.000655s ]
INFO: [ app_begin ] --END-- [ RunTime:0.000711s ]
NOTIC: [8192] mysql_connect(): The mysql extension is deprecated and will be removed in the future: use mysqli or PDO instead D:\phpstudy\WWW\shop34\ThinkPHP\Library\Think\Db\Driver\Mysql.class.php 第 52 行.
SQL: SHOW COLUMNS FROM `php34_category` [ RunTime:0.013009s ]
SQL: SELECT * FROM `php34_category`  [ RunTime:0.001250s ]
SQL: SHOW COLUMNS FROM `php34_goods` [ RunTime:0.009135s ]
SQL: SELECT `id`,`goods_name`,`promote_price`,`sm_logo` FROM `php34_goods` WHERE ( `is_on_sale` = 1 ) AND ( `is_delete` = 0 ) AND ( `is_promote` = 1 ) AND ( `promote_start_time` <= 1507879229 ) AND ( `promote_end_time` >= 1507879229 ) ORDER BY sort_num asc LIMIT 5   [ RunTime:0.000728s ]
SQL: SELECT `id`,`goods_name`,`shop_price`,`sm_logo` FROM `php34_goods` WHERE ( `is_on_sale` = 1 ) AND ( `is_delete` = 0 ) AND ( `is_hot` = 1 ) ORDER BY sort_num asc LIMIT 5   [ RunTime:0.000484s ]
SQL: SELECT `id`,`goods_name`,`shop_price`,`sm_logo` FROM `php34_goods` WHERE ( `is_on_sale` = 1 ) AND ( `is_delete` = 0 ) AND ( `is_best` = 1 ) ORDER BY sort_num asc LIMIT 5   [ RunTime:0.000642s ]
SQL: SELECT `id`,`goods_name`,`shop_price`,`sm_logo` FROM `php34_goods` WHERE ( `is_on_sale` = 1 ) AND ( `is_delete` = 0 ) AND ( `is_new` = 1 ) ORDER BY sort_num asc LIMIT 5   [ RunTime:0.000736s ]
INFO: [ view_parse ] --START--
INFO: [ template_filter ] --START--
INFO: Run Behavior\ContentReplaceBehavior [ RunTime:0.000078s ]
INFO: [ template_filter ] --END-- [ RunTime:0.000168s ]
INFO: Run Behavior\ParseTemplateBehavior [ RunTime:0.009662s ]
INFO: [ view_parse ] --END-- [ RunTime:0.009747s ]
INFO: [ view_filter ] --START--
INFO: Run Behavior\WriteHtmlCacheBehavior [ RunTime:0.000536s ]
INFO: [ view_filter ] --END-- [ RunTime:0.000593s ]
INFO: [ app_end ] --START--
INFO: Run Behavior\ShowPageTraceBehavior [ RunTime:0.000818s ]
INFO: [ app_end ] --END-- [ RunTime:0.000878s ]

[ 2017-10-13T15:20:50+08:00 ] 127.0.0.1 /
INFO: [ app_init ] --START--
INFO: Run Behavior\BuildLiteBehavior [ RunTime:0.000014s ]
INFO: [ app_init ] --END-- [ RunTime:0.000450s ]
INFO: [ app_begin ] --START--
INFO: Run Behavior\ReadHtmlCacheBehavior [ RunTime:0.000626s ]
INFO: [ app_begin ] --END-- [ RunTime:0.000670s ]
NOTIC: [8192] mysql_connect(): The mysql extension is deprecated and will be removed in the future: use mysqli or PDO instead D:\phpstudy\WWW\shop34\ThinkPHP\Library\Think\Db\Driver\Mysql.class.php 第 52 行.
SQL: SHOW COLUMNS FROM `php34_category` [ RunTime:0.011905s ]
SQL: SELECT * FROM `php34_category`  [ RunTime:0.001247s ]
SQL: SHOW COLUMNS FROM `php34_goods` [ RunTime:0.013760s ]
SQL: SELECT `id`,`goods_name`,`promote_price`,`sm_logo` FROM `php34_goods` WHERE ( `is_on_sale` = 1 ) AND ( `is_delete` = 0 ) AND ( `is_promote` = 1 ) AND ( `promote_start_time` <= 1507879250 ) AND ( `promote_end_time` >= 1507879250 ) ORDER BY sort_num asc LIMIT 5   [ RunTime:0.001005s ]
SQL: SELECT `id`,`goods_name`,`shop_price`,`sm_logo` FROM `php34_goods` WHERE ( `is_on_sale` = 1 ) AND ( `is_delete` = 0 ) AND ( `is_hot` = 1 ) ORDER BY sort_num asc LIMIT 5   [ RunTime:0.001401s ]
SQL: SELECT `id`,`goods_name`,`shop_price`,`sm_logo` FROM `php34_goods` WHERE ( `is_on_sale` = 1 ) AND ( `is_delete` = 0 ) AND ( `is_best` = 1 ) ORDER BY sort_num asc LIMIT 5   [ RunTime:0.001254s ]
SQL: SELECT `id`,`goods_name`,`shop_price`,`sm_logo` FROM `php34_goods` WHERE ( `is_on_sale` = 1 ) AND ( `is_delete` = 0 ) AND ( `is_new` = 1 ) ORDER BY sort_num asc LIMIT 5   [ RunTime:0.000697s ]
INFO: [ view_parse ] --START--
INFO: [ template_filter ] --START--
INFO: Run Behavior\ContentReplaceBehavior [ RunTime:0.000046s ]
INFO: [ template_filter ] --END-- [ RunTime:0.000126s ]
INFO: Run Behavior\ParseTemplateBehavior [ RunTime:0.010348s ]
INFO: [ view_parse ] --END-- [ RunTime:0.010449s ]
INFO: [ view_filter ] --START--
INFO: Run Behavior\WriteHtmlCacheBehavior [ RunTime:0.000531s ]
INFO: [ view_filter ] --END-- [ RunTime:0.000591s ]
INFO: [ app_end ] --START--
INFO: Run Behavior\ShowPageTraceBehavior [ RunTime:0.000824s ]
INFO: [ app_end ] --END-- [ RunTime:0.000881s ]

[ 2017-10-13T15:21:16+08:00 ] 127.0.0.1 /
INFO: [ app_init ] --START--
INFO: Run Behavior\BuildLiteBehavior [ RunTime:0.000014s ]
INFO: [ app_init ] --END-- [ RunTime:0.000360s ]
INFO: [ app_begin ] --START--
INFO: Run Behavior\ReadHtmlCacheBehavior [ RunTime:0.000555s ]
INFO: [ app_begin ] --END-- [ RunTime:0.000616s ]
NOTIC: [8192] mysql_connect(): The mysql extension is deprecated and will be removed in the future: use mysqli or PDO instead D:\phpstudy\WWW\shop34\ThinkPHP\Library\Think\Db\Driver\Mysql.class.php 第 52 行.
SQL: SHOW COLUMNS FROM `php34_category` [ RunTime:0.012555s ]
SQL: SELECT * FROM `php34_category`  [ RunTime:0.001279s ]
SQL: SHOW COLUMNS FROM `php34_goods` [ RunTime:0.012065s ]
SQL: SELECT `id`,`goods_name`,`promote_price`,`sm_logo` FROM `php34_goods` WHERE ( `is_on_sale` = 1 ) AND ( `is_delete` = 0 ) AND ( `is_promote` = 1 ) AND ( `promote_start_time` <= 1507879276 ) AND ( `promote_end_time` >= 1507879276 ) ORDER BY sort_num asc LIMIT 5   [ RunTime:0.000682s ]
SQL: SELECT `id`,`goods_name`,`shop_price`,`sm_logo` FROM `php34_goods` WHERE ( `is_on_sale` = 1 ) AND ( `is_delete` = 0 ) AND ( `is_hot` = 1 ) ORDER BY sort_num asc LIMIT 5   [ RunTime:0.001097s ]
SQL: SELECT `id`,`goods_name`,`shop_price`,`sm_logo` FROM `php34_goods` WHERE ( `is_on_sale` = 1 ) AND ( `is_delete` = 0 ) AND ( `is_best` = 1 ) ORDER BY sort_num asc LIMIT 5   [ RunTime:0.001019s ]
SQL: SELECT `id`,`goods_name`,`shop_price`,`sm_logo` FROM `php34_goods` WHERE ( `is_on_sale` = 1 ) AND ( `is_delete` = 0 ) AND ( `is_new` = 1 ) ORDER BY sort_num asc LIMIT 5   [ RunTime:0.000508s ]
INFO: [ view_parse ] --START--
INFO: [ template_filter ] --START--
INFO: Run Behavior\ContentReplaceBehavior [ RunTime:0.000074s ]
INFO: [ template_filter ] --END-- [ RunTime:0.000150s ]
INFO: Run Behavior\ParseTemplateBehavior [ RunTime:0.007247s ]
INFO: [ view_parse ] --END-- [ RunTime:0.007323s ]
INFO: [ view_filter ] --START--
INFO: Run Behavior\WriteHtmlCacheBehavior [ RunTime:0.000334s ]
INFO: [ view_filter ] --END-- [ RunTime:0.000388s ]
INFO: [ app_end ] --START--
INFO: Run Behavior\ShowPageTraceBehavior [ RunTime:0.000639s ]
INFO: [ app_end ] --END-- [ RunTime:0.000698s ]

[ 2017-10-13T15:21:19+08:00 ] 127.0.0.1 /
INFO: [ app_init ] --START--
INFO: Run Behavior\BuildLiteBehavior [ RunTime:0.000016s ]
INFO: [ app_init ] --END-- [ RunTime:0.000488s ]
INFO: [ app_begin ] --START--
INFO: Run Behavior\ReadHtmlCacheBehavior [ RunTime:0.000451s ]
INFO: [ app_begin ] --END-- [ RunTime:0.000499s ]
NOTIC: [8192] mysql_connect(): The mysql extension is deprecated and will be removed in the future: use mysqli or PDO instead D:\phpstudy\WWW\shop34\ThinkPHP\Library\Think\Db\Driver\Mysql.class.php 第 52 行.
SQL: SHOW COLUMNS FROM `php34_category` [ RunTime:0.005977s ]
SQL: SELECT * FROM `php34_category`  [ RunTime:0.000525s ]
SQL: SHOW COLUMNS FROM `php34_goods` [ RunTime:0.006127s ]
SQL: SELECT `id`,`goods_name`,`promote_price`,`sm_logo` FROM `php34_goods` WHERE ( `is_on_sale` = 1 ) AND ( `is_delete` = 0 ) AND ( `is_promote` = 1 ) AND ( `promote_start_time` <= 1507879279 ) AND ( `promote_end_time` >= 1507879279 ) ORDER BY sort_num asc LIMIT 5   [ RunTime:0.000521s ]
SQL: SELECT `id`,`goods_name`,`shop_price`,`sm_logo` FROM `php34_goods` WHERE ( `is_on_sale` = 1 ) AND ( `is_delete` = 0 ) AND ( `is_hot` = 1 ) ORDER BY sort_num asc LIMIT 5   [ RunTime:0.000346s ]
SQL: SELECT `id`,`goods_name`,`shop_price`,`sm_logo` FROM `php34_goods` WHERE ( `is_on_sale` = 1 ) AND ( `is_delete` = 0 ) AND ( `is_best` = 1 ) ORDER BY sort_num asc LIMIT 5   [ RunTime:0.000352s ]
SQL: SELECT `id`,`goods_name`,`shop_price`,`sm_logo` FROM `php34_goods` WHERE ( `is_on_sale` = 1 ) AND ( `is_delete` = 0 ) AND ( `is_new` = 1 ) ORDER BY sort_num asc LIMIT 5   [ RunTime:0.000283s ]
INFO: [ view_parse ] --START--
INFO: [ template_filter ] --START--
INFO: Run Behavior\ContentReplaceBehavior [ RunTime:0.000051s ]
INFO: [ template_filter ] --END-- [ RunTime:0.000109s ]
INFO: Run Behavior\ParseTemplateBehavior [ RunTime:0.005535s ]
INFO: [ view_parse ] --END-- [ RunTime:0.005606s ]
INFO: [ view_filter ] --START--
INFO: Run Behavior\WriteHtmlCacheBehavior [ RunTime:0.000263s ]
INFO: [ view_filter ] --END-- [ RunTime:0.000302s ]
INFO: [ app_end ] --START--
INFO: Run Behavior\ShowPageTraceBehavior [ RunTime:0.000463s ]
INFO: [ app_end ] --END-- [ RunTime:0.000504s ]

[ 2017-10-13T15:24:30+08:00 ] 127.0.0.1 /
INFO: [ app_init ] --START--
INFO: Run Behavior\BuildLiteBehavior [ RunTime:0.000013s ]
INFO: [ app_init ] --END-- [ RunTime:0.000446s ]
INFO: [ app_begin ] --START--
INFO: Run Behavior\ReadHtmlCacheBehavior [ RunTime:0.000624s ]
INFO: [ app_begin ] --END-- [ RunTime:0.000671s ]
NOTIC: [8192] mysql_connect(): The mysql extension is deprecated and will be removed in the future: use mysqli or PDO instead D:\phpstudy\WWW\shop34\ThinkPHP\Library\Think\Db\Driver\Mysql.class.php 第 52 行.
SQL: SHOW COLUMNS FROM `php34_category` [ RunTime:0.012091s ]
SQL: SELECT * FROM `php34_category`  [ RunTime:0.001157s ]
SQL: SHOW COLUMNS FROM `php34_goods` [ RunTime:0.013907s ]
SQL: SELECT `id`,`goods_name`,`promote_price`,`sm_logo` FROM `php34_goods` WHERE ( `is_on_sale` = 1 ) AND ( `is_delete` = 0 ) AND ( `is_promote` = 1 ) AND ( `promote_start_time` <= 1507879470 ) AND ( `promote_end_time` >= 1507879470 ) ORDER BY sort_num asc LIMIT 5   [ RunTime:0.001020s ]
SQL: SELECT `id`,`goods_name`,`shop_price`,`sm_logo` FROM `php34_goods` WHERE ( `is_on_sale` = 1 ) AND ( `is_delete` = 0 ) AND ( `is_hot` = 1 ) ORDER BY sort_num asc LIMIT 5   [ RunTime:0.000816s ]
SQL: SELECT `id`,`goods_name`,`shop_price`,`sm_logo` FROM `php34_goods` WHERE ( `is_on_sale` = 1 ) AND ( `is_delete` = 0 ) AND ( `is_best` = 1 ) ORDER BY sort_num asc LIMIT 5   [ RunTime:0.000554s ]
SQL: SELECT `id`,`goods_name`,`shop_price`,`sm_logo` FROM `php34_goods` WHERE ( `is_on_sale` = 1 ) AND ( `is_delete` = 0 ) AND ( `is_new` = 1 ) ORDER BY sort_num asc LIMIT 5   [ RunTime:0.000598s ]
INFO: [ view_parse ] --START--
INFO: [ template_filter ] --START--
INFO: Run Behavior\ContentReplaceBehavior [ RunTime:0.000077s ]
INFO: [ template_filter ] --END-- [ RunTime:0.000161s ]
INFO: Run Behavior\ParseTemplateBehavior [ RunTime:0.008754s ]
INFO: [ view_parse ] --END-- [ RunTime:0.008837s ]
INFO: [ view_filter ] --START--
INFO: Run Behavior\WriteHtmlCacheBehavior [ RunTime:0.000538s ]
INFO: [ view_filter ] --END-- [ RunTime:0.000593s ]
INFO: [ app_end ] --START--
INFO: Run Behavior\ShowPageTraceBehavior [ RunTime:0.000800s ]
INFO: [ app_end ] --END-- [ RunTime:0.000857s ]

[ 2017-10-13T15:25:23+08:00 ] 127.0.0.1 /
INFO: [ app_init ] --START--
INFO: Run Behavior\BuildLiteBehavior [ RunTime:0.000013s ]
INFO: [ app_init ] --END-- [ RunTime:0.000394s ]
INFO: [ app_begin ] --START--
INFO: Run Behavior\ReadHtmlCacheBehavior [ RunTime:0.000838s ]
INFO: [ app_begin ] --END-- [ RunTime:0.000948s ]
NOTIC: [8192] mysql_connect(): The mysql extension is deprecated and will be removed in the future: use mysqli or PDO instead D:\phpstudy\WWW\shop34\ThinkPHP\Library\Think\Db\Driver\Mysql.class.php 第 52 行.
SQL: SHOW COLUMNS FROM `php34_category` [ RunTime:0.013745s ]
SQL: SELECT * FROM `php34_category`  [ RunTime:0.001136s ]
SQL: SHOW COLUMNS FROM `php34_goods` [ RunTime:0.010988s ]
SQL: SELECT `id`,`goods_name`,`promote_price`,`sm_logo` FROM `php34_goods` WHERE ( `is_on_sale` = 1 ) AND ( `is_delete` = 0 ) AND ( `is_promote` = 1 ) AND ( `promote_start_time` <= 1507879523 ) AND ( `promote_end_time` >= 1507879523 ) ORDER BY sort_num asc LIMIT 5   [ RunTime:0.000659s ]
SQL: SELECT `id`,`goods_name`,`shop_price`,`sm_logo` FROM `php34_goods` WHERE ( `is_on_sale` = 1 ) AND ( `is_delete` = 0 ) AND ( `is_hot` = 1 ) ORDER BY sort_num asc LIMIT 5   [ RunTime:0.000490s ]
SQL: SELECT `id`,`goods_name`,`shop_price`,`sm_logo` FROM `php34_goods` WHERE ( `is_on_sale` = 1 ) AND ( `is_delete` = 0 ) AND ( `is_best` = 1 ) ORDER BY sort_num asc LIMIT 5   [ RunTime:0.000492s ]
SQL: SELECT `id`,`goods_name`,`shop_price`,`sm_logo` FROM `php34_goods` WHERE ( `is_on_sale` = 1 ) AND ( `is_delete` = 0 ) AND ( `is_new` = 1 ) ORDER BY sort_num asc LIMIT 5   [ RunTime:0.000424s ]
INFO: [ view_parse ] --START--
INFO: [ template_filter ] --START--
INFO: Run Behavior\ContentReplaceBehavior [ RunTime:0.000086s ]
INFO: [ template_filter ] --END-- [ RunTime:0.000191s ]
INFO: Run Behavior\ParseTemplateBehavior [ RunTime:0.009000s ]
INFO: [ view_parse ] --END-- [ RunTime:0.009089s ]
INFO: [ view_filter ] --START--
INFO: Run Behavior\WriteHtmlCacheBehavior [ RunTime:0.000587s ]
INFO: [ view_filter ] --END-- [ RunTime:0.000653s ]
INFO: [ app_end ] --START--
INFO: Run Behavior\ShowPageTraceBehavior [ RunTime:0.000853s ]
INFO: [ app_end ] --END-- [ RunTime:0.000917s ]

[ 2017-10-13T15:28:09+08:00 ] 127.0.0.1 /
INFO: [ app_init ] --START--
INFO: Run Behavior\BuildLiteBehavior [ RunTime:0.000017s ]
INFO: [ app_init ] --END-- [ RunTime:0.000553s ]
INFO: [ app_begin ] --START--
INFO: Run Behavior\ReadHtmlCacheBehavior [ RunTime:0.000620s ]
INFO: [ app_begin ] --END-- [ RunTime:0.000666s ]
NOTIC: [8192] mysql_connect(): The mysql extension is deprecated and will be removed in the future: use mysqli or PDO instead D:\phpstudy\WWW\shop34\ThinkPHP\Library\Think\Db\Driver\Mysql.class.php 第 52 行.
SQL: SHOW COLUMNS FROM `php34_category` [ RunTime:0.013243s ]
SQL: SELECT * FROM `php34_category`  [ RunTime:0.001593s ]
SQL: SHOW COLUMNS FROM `php34_goods` [ RunTime:0.006865s ]
SQL: SELECT `id`,`goods_name`,`promote_price`,`sm_logo` FROM `php34_goods` WHERE ( `is_on_sale` = 1 ) AND ( `is_delete` = 0 ) AND ( `is_promote` = 1 ) AND ( `promote_start_time` <= 1507879689 ) AND ( `promote_end_time` >= 1507879689 ) ORDER BY sort_num asc LIMIT 5   [ RunTime:0.001435s ]
SQL: SELECT `id`,`goods_name`,`shop_price`,`sm_logo` FROM `php34_goods` WHERE ( `is_on_sale` = 1 ) AND ( `is_delete` = 0 ) AND ( `is_hot` = 1 ) ORDER BY sort_num asc LIMIT 5   [ RunTime:0.000897s ]
SQL: SELECT `id`,`goods_name`,`shop_price`,`sm_logo` FROM `php34_goods` WHERE ( `is_on_sale` = 1 ) AND ( `is_delete` = 0 ) AND ( `is_best` = 1 ) ORDER BY sort_num asc LIMIT 5   [ RunTime:0.000971s ]
SQL: SELECT `id`,`goods_name`,`shop_price`,`sm_logo` FROM `php34_goods` WHERE ( `is_on_sale` = 1 ) AND ( `is_delete` = 0 ) AND ( `is_new` = 1 ) ORDER BY sort_num asc LIMIT 5   [ RunTime:0.000639s ]
INFO: [ view_parse ] --START--
INFO: [ template_filter ] --START--
INFO: Run Behavior\ContentReplaceBehavior [ RunTime:0.000057s ]
INFO: [ template_filter ] --END-- [ RunTime:0.000123s ]
INFO: Run Behavior\ParseTemplateBehavior [ RunTime:0.006250s ]
INFO: [ view_parse ] --END-- [ RunTime:0.006321s ]
INFO: [ view_filter ] --START--
INFO: Run Behavior\WriteHtmlCacheBehavior [ RunTime:0.000477s ]
INFO: [ view_filter ] --END-- [ RunTime:0.000524s ]
INFO: [ app_end ] --START--
INFO: Run Behavior\ShowPageTraceBehavior [ RunTime:0.000578s ]
INFO: [ app_end ] --END-- [ RunTime:0.000620s ]

[ 2017-10-13T15:30:38+08:00 ] 127.0.0.1 /
INFO: [ app_init ] --START--
INFO: Run Behavior\BuildLiteBehavior [ RunTime:0.000013s ]
INFO: [ app_init ] --END-- [ RunTime:0.000399s ]
INFO: [ app_begin ] --START--
INFO: Run Behavior\ReadHtmlCacheBehavior [ RunTime:0.000882s ]
INFO: [ app_begin ] --END-- [ RunTime:0.000997s ]
NOTIC: [8192] mysql_connect(): The mysql extension is deprecated and will be removed in the future: use mysqli or PDO instead D:\phpstudy\WWW\shop34\ThinkPHP\Library\Think\Db\Driver\Mysql.class.php 第 52 行.
SQL: SHOW COLUMNS FROM `php34_category` [ RunTime:0.012829s ]
SQL: SELECT * FROM `php34_category`  [ RunTime:0.001016s ]
SQL: SHOW COLUMNS FROM `php34_goods` [ RunTime:0.008271s ]
SQL: SELECT `id`,`goods_name`,`promote_price`,`sm_logo` FROM `php34_goods` WHERE ( `is_on_sale` = 1 ) AND ( `is_delete` = 0 ) AND ( `is_promote` = 1 ) AND ( `promote_start_time` <= 1507879838 ) AND ( `promote_end_time` >= 1507879838 ) ORDER BY sort_num asc LIMIT 5   [ RunTime:0.000695s ]
SQL: SELECT `id`,`goods_name`,`shop_price`,`sm_logo` FROM `php34_goods` WHERE ( `is_on_sale` = 1 ) AND ( `is_delete` = 0 ) AND ( `is_hot` = 1 ) ORDER BY sort_num asc LIMIT 5   [ RunTime:0.000518s ]
SQL: SELECT `id`,`goods_name`,`shop_price`,`sm_logo` FROM `php34_goods` WHERE ( `is_on_sale` = 1 ) AND ( `is_delete` = 0 ) AND ( `is_best` = 1 ) ORDER BY sort_num asc LIMIT 5   [ RunTime:0.000516s ]
SQL: SELECT `id`,`goods_name`,`shop_price`,`sm_logo` FROM `php34_goods` WHERE ( `is_on_sale` = 1 ) AND ( `is_delete` = 0 ) AND ( `is_new` = 1 ) ORDER BY sort_num asc LIMIT 5   [ RunTime:0.000433s ]
INFO: [ view_parse ] --START--
INFO: [ template_filter ] --START--
INFO: Run Behavior\ContentReplaceBehavior [ RunTime:0.000080s ]
INFO: [ template_filter ] --END-- [ RunTime:0.000178s ]
INFO: Run Behavior\ParseTemplateBehavior [ RunTime:0.009192s ]
INFO: [ view_parse ] --END-- [ RunTime:0.009272s ]
INFO: [ view_filter ] --START--
INFO: Run Behavior\WriteHtmlCacheBehavior [ RunTime:0.000537s ]
INFO: [ view_filter ] --END-- [ RunTime:0.000598s ]
INFO: [ app_end ] --START--
INFO: Run Behavior\ShowPageTraceBehavior [ RunTime:0.000877s ]
INFO: [ app_end ] --END-- [ RunTime:0.000940s ]

[ 2017-10-13T15:36:33+08:00 ] 127.0.0.1 /
INFO: [ app_init ] --START--
INFO: Run Behavior\BuildLiteBehavior [ RunTime:0.000017s ]
INFO: [ app_init ] --END-- [ RunTime:0.000560s ]
INFO: [ app_begin ] --START--
INFO: Run Behavior\ReadHtmlCacheBehavior [ RunTime:0.001138s ]
INFO: [ app_begin ] --END-- [ RunTime:0.001328s ]
NOTIC: [8192] mysql_connect(): The mysql extension is deprecated and will be removed in the future: use mysqli or PDO instead D:\phpstudy\WWW\shop34\ThinkPHP\Library\Think\Db\Driver\Mysql.class.php 第 52 行.
SQL: SHOW COLUMNS FROM `php34_category` [ RunTime:0.012006s ]
SQL: SELECT * FROM `php34_category`  [ RunTime:0.001407s ]
SQL: SHOW COLUMNS FROM `php34_goods` [ RunTime:0.014815s ]
SQL: SELECT `id`,`goods_name`,`promote_price`,`sm_logo` FROM `php34_goods` WHERE ( `is_on_sale` = 1 ) AND ( `is_delete` = 0 ) AND ( `is_promote` = 1 ) AND ( `promote_start_time` <= 1507880193 ) AND ( `promote_end_time` >= 1507880193 ) ORDER BY sort_num asc LIMIT 5   [ RunTime:0.001028s ]
SQL: SELECT `id`,`goods_name`,`shop_price`,`sm_logo` FROM `php34_goods` WHERE ( `is_on_sale` = 1 ) AND ( `is_delete` = 0 ) AND ( `is_hot` = 1 ) ORDER BY sort_num asc LIMIT 5   [ RunTime:0.000815s ]
SQL: SELECT `id`,`goods_name`,`shop_price`,`sm_logo` FROM `php34_goods` WHERE ( `is_on_sale` = 1 ) AND ( `is_delete` = 0 ) AND ( `is_best` = 1 ) ORDER BY sort_num asc LIMIT 5   [ RunTime:0.000843s ]
SQL: SELECT `id`,`goods_name`,`shop_price`,`sm_logo` FROM `php34_goods` WHERE ( `is_on_sale` = 1 ) AND ( `is_delete` = 0 ) AND ( `is_new` = 1 ) ORDER BY sort_num asc LIMIT 5   [ RunTime:0.000939s ]
INFO: [ view_parse ] --START--
INFO: [ template_filter ] --START--
INFO: Run Behavior\ContentReplaceBehavior [ RunTime:0.000079s ]
INFO: [ template_filter ] --END-- [ RunTime:0.000164s ]
INFO: Run Behavior\ParseTemplateBehavior [ RunTime:0.011677s ]
INFO: [ view_parse ] --END-- [ RunTime:0.011773s ]
INFO: [ view_filter ] --START--
INFO: Run Behavior\WriteHtmlCacheBehavior [ RunTime:0.000511s ]
INFO: [ view_filter ] --END-- [ RunTime:0.000570s ]
INFO: [ app_end ] --START--
INFO: Run Behavior\ShowPageTraceBehavior [ RunTime:0.000807s ]
INFO: [ app_end ] --END-- [ RunTime:0.000864s ]

[ 2017-10-13T15:40:20+08:00 ] 127.0.0.1 /
INFO: [ app_init ] --START--
INFO: Run Behavior\BuildLiteBehavior [ RunTime:0.000013s ]
INFO: [ app_init ] --END-- [ RunTime:0.000418s ]
INFO: [ app_begin ] --START--
INFO: Run Behavior\ReadHtmlCacheBehavior [ RunTime:0.000687s ]
INFO: [ app_begin ] --END-- [ RunTime:0.000748s ]
NOTIC: [8192] mysql_connect(): The mysql extension is deprecated and will be removed in the future: use mysqli or PDO instead D:\phpstudy\WWW\shop34\ThinkPHP\Library\Think\Db\Driver\Mysql.class.php 第 52 行.
SQL: SHOW COLUMNS FROM `php34_category` [ RunTime:0.005725s ]
SQL: SELECT * FROM `php34_category`  [ RunTime:0.000537s ]
SQL: SHOW COLUMNS FROM `php34_goods` [ RunTime:0.005715s ]
SQL: SELECT `id`,`goods_name`,`promote_price`,`sm_logo` FROM `php34_goods` WHERE ( `is_on_sale` = 1 ) AND ( `is_delete` = 0 ) AND ( `is_promote` = 1 ) AND ( `promote_start_time` <= 1507880419 ) AND ( `promote_end_time` >= 1507880419 ) ORDER BY sort_num asc LIMIT 5   [ RunTime:0.000598s ]
SQL: SELECT `id`,`goods_name`,`shop_price`,`sm_logo` FROM `php34_goods` WHERE ( `is_on_sale` = 1 ) AND ( `is_delete` = 0 ) AND ( `is_hot` = 1 ) ORDER BY sort_num asc LIMIT 5   [ RunTime:0.000649s ]
SQL: SELECT `id`,`goods_name`,`shop_price`,`sm_logo` FROM `php34_goods` WHERE ( `is_on_sale` = 1 ) AND ( `is_delete` = 0 ) AND ( `is_best` = 1 ) ORDER BY sort_num asc LIMIT 5   [ RunTime:0.000573s ]
SQL: SELECT `id`,`goods_name`,`shop_price`,`sm_logo` FROM `php34_goods` WHERE ( `is_on_sale` = 1 ) AND ( `is_delete` = 0 ) AND ( `is_new` = 1 ) ORDER BY sort_num asc LIMIT 5   [ RunTime:0.000301s ]
INFO: [ view_parse ] --START--
INFO: [ template_filter ] --START--
INFO: Run Behavior\ContentReplaceBehavior [ RunTime:0.000060s ]
INFO: [ template_filter ] --END-- [ RunTime:0.000123s ]
INFO: Run Behavior\ParseTemplateBehavior [ RunTime:0.006533s ]
INFO: [ view_parse ] --END-- [ RunTime:0.006590s ]
INFO: [ view_filter ] --START--
INFO: Run Behavior\WriteHtmlCacheBehavior [ RunTime:0.000386s ]
INFO: [ view_filter ] --END-- [ RunTime:0.000424s ]
INFO: [ app_end ] --START--
INFO: Run Behavior\ShowPageTraceBehavior [ RunTime:0.000566s ]
INFO: [ app_end ] --END-- [ RunTime:0.000605s ]

[ 2017-10-13T15:41:25+08:00 ] 127.0.0.1 /
INFO: [ app_init ] --START--
INFO: Run Behavior\BuildLiteBehavior [ RunTime:0.000014s ]
INFO: [ app_init ] --END-- [ RunTime:0.000428s ]
INFO: [ app_begin ] --START--
INFO: Run Behavior\ReadHtmlCacheBehavior [ RunTime:0.000613s ]
INFO: [ app_begin ] --END-- [ RunTime:0.000662s ]
NOTIC: [8192] mysql_connect(): The mysql extension is deprecated and will be removed in the future: use mysqli or PDO instead D:\phpstudy\WWW\shop34\ThinkPHP\Library\Think\Db\Driver\Mysql.class.php 第 52 行.
SQL: SHOW COLUMNS FROM `php34_category` [ RunTime:0.007556s ]
SQL: SELECT * FROM `php34_category`  [ RunTime:0.000708s ]
SQL: SHOW COLUMNS FROM `php34_goods` [ RunTime:0.008241s ]
SQL: SELECT `id`,`goods_name`,`promote_price`,`sm_logo` FROM `php34_goods` WHERE ( `is_on_sale` = 1 ) AND ( `is_delete` = 0 ) AND ( `is_promote` = 1 ) AND ( `promote_start_time` <= 1507880485 ) AND ( `promote_end_time` >= 1507880485 ) ORDER BY sort_num asc LIMIT 5   [ RunTime:0.000489s ]
SQL: SELECT `id`,`goods_name`,`shop_price`,`sm_logo` FROM `php34_goods` WHERE ( `is_on_sale` = 1 ) AND ( `is_delete` = 0 ) AND ( `is_hot` = 1 ) ORDER BY sort_num asc LIMIT 5   [ RunTime:0.000350s ]
SQL: SELECT `id`,`goods_name`,`shop_price`,`sm_logo` FROM `php34_goods` WHERE ( `is_on_sale` = 1 ) AND ( `is_delete` = 0 ) AND ( `is_best` = 1 ) ORDER BY sort_num asc LIMIT 5   [ RunTime:0.000345s ]
SQL: SELECT `id`,`goods_name`,`shop_price`,`sm_logo` FROM `php34_goods` WHERE ( `is_on_sale` = 1 ) AND ( `is_delete` = 0 ) AND ( `is_new` = 1 ) ORDER BY sort_num asc LIMIT 5   [ RunTime:0.000321s ]
INFO: [ view_parse ] --START--
INFO: [ template_filter ] --START--
INFO: Run Behavior\ContentReplaceBehavior [ RunTime:0.000057s ]
INFO: [ template_filter ] --END-- [ RunTime:0.000119s ]
INFO: Run Behavior\ParseTemplateBehavior [ RunTime:0.006411s ]
INFO: [ view_parse ] --END-- [ RunTime:0.006481s ]
INFO: [ view_filter ] --START--
INFO: Run Behavior\WriteHtmlCacheBehavior [ RunTime:0.000369s ]
INFO: [ view_filter ] --END-- [ RunTime:0.000408s ]
INFO: [ app_end ] --START--
INFO: Run Behavior\ShowPageTraceBehavior [ RunTime:0.000582s ]
INFO: [ app_end ] --END-- [ RunTime:0.000626s ]

[ 2017-10-13T15:41:37+08:00 ] 127.0.0.1 /
INFO: [ app_init ] --START--
INFO: Run Behavior\BuildLiteBehavior [ RunTime:0.000016s ]
INFO: [ app_init ] --END-- [ RunTime:0.000423s ]
INFO: [ app_begin ] --START--
INFO: Run Behavior\ReadHtmlCacheBehavior [ RunTime:0.000627s ]
INFO: [ app_begin ] --END-- [ RunTime:0.000672s ]
NOTIC: [8192] mysql_connect(): The mysql extension is deprecated and will be removed in the future: use mysqli or PDO instead D:\phpstudy\WWW\shop34\ThinkPHP\Library\Think\Db\Driver\Mysql.class.php 第 52 行.
SQL: SHOW COLUMNS FROM `php34_category` [ RunTime:0.012251s ]
SQL: SELECT * FROM `php34_category`  [ RunTime:0.000902s ]
SQL: SHOW COLUMNS FROM `php34_goods` [ RunTime:0.008595s ]
SQL: SELECT `id`,`goods_name`,`promote_price`,`sm_logo` FROM `php34_goods` WHERE ( `is_on_sale` = 1 ) AND ( `is_delete` = 0 ) AND ( `is_promote` = 1 ) AND ( `promote_start_time` <= 1507880497 ) AND ( `promote_end_time` >= 1507880497 ) ORDER BY sort_num asc LIMIT 5   [ RunTime:0.001149s ]
SQL: SELECT `id`,`goods_name`,`shop_price`,`sm_logo` FROM `php34_goods` WHERE ( `is_on_sale` = 1 ) AND ( `is_delete` = 0 ) AND ( `is_hot` = 1 ) ORDER BY sort_num asc LIMIT 5   [ RunTime:0.000872s ]
SQL: SELECT `id`,`goods_name`,`shop_price`,`sm_logo` FROM `php34_goods` WHERE ( `is_on_sale` = 1 ) AND ( `is_delete` = 0 ) AND ( `is_best` = 1 ) ORDER BY sort_num asc LIMIT 5   [ RunTime:0.000700s ]
SQL: SELECT `id`,`goods_name`,`shop_price`,`sm_logo` FROM `php34_goods` WHERE ( `is_on_sale` = 1 ) AND ( `is_delete` = 0 ) AND ( `is_new` = 1 ) ORDER BY sort_num asc LIMIT 5   [ RunTime:0.000443s ]
INFO: [ view_parse ] --START--
INFO: [ template_filter ] --START--
INFO: Run Behavior\ContentReplaceBehavior [ RunTime:0.000057s ]
INFO: [ template_filter ] --END-- [ RunTime:0.000115s ]
INFO: Run Behavior\ParseTemplateBehavior [ RunTime:0.005990s ]
INFO: [ view_parse ] --END-- [ RunTime:0.006051s ]
INFO: [ view_filter ] --START--
INFO: Run Behavior\WriteHtmlCacheBehavior [ RunTime:0.000361s ]
INFO: [ view_filter ] --END-- [ RunTime:0.000398s ]
INFO: [ app_end ] --START--
INFO: Run Behavior\ShowPageTraceBehavior [ RunTime:0.000562s ]
INFO: [ app_end ] --END-- [ RunTime:0.000601s ]

[ 2017-10-13T15:42:26+08:00 ] 127.0.0.1 /
INFO: [ app_init ] --START--
INFO: Run Behavior\BuildLiteBehavior [ RunTime:0.000018s ]
INFO: [ app_init ] --END-- [ RunTime:0.000587s ]
INFO: [ app_begin ] --START--
INFO: Run Behavior\ReadHtmlCacheBehavior [ RunTime:0.001666s ]
INFO: [ app_begin ] --END-- [ RunTime:0.001795s ]
NOTIC: [8192] mysql_connect(): The mysql extension is deprecated and will be removed in the future: use mysqli or PDO instead D:\phpstudy\WWW\shop34\ThinkPHP\Library\Think\Db\Driver\Mysql.class.php 第 52 行.
SQL: SHOW COLUMNS FROM `php34_category` [ RunTime:0.012906s ]
SQL: SELECT * FROM `php34_category`  [ RunTime:0.001352s ]
SQL: SHOW COLUMNS FROM `php34_goods` [ RunTime:0.013044s ]
SQL: SELECT `id`,`goods_name`,`promote_price`,`sm_logo` FROM `php34_goods` WHERE ( `is_on_sale` = 1 ) AND ( `is_delete` = 0 ) AND ( `is_promote` = 1 ) AND ( `promote_start_time` <= 1507880546 ) AND ( `promote_end_time` >= 1507880546 ) ORDER BY sort_num asc LIMIT 5   [ RunTime:0.000689s ]
SQL: SELECT `id`,`goods_name`,`shop_price`,`sm_logo` FROM `php34_goods` WHERE ( `is_on_sale` = 1 ) AND ( `is_delete` = 0 ) AND ( `is_hot` = 1 ) ORDER BY sort_num asc LIMIT 5   [ RunTime:0.000514s ]
SQL: SELECT `id`,`goods_name`,`shop_price`,`sm_logo` FROM `php34_goods` WHERE ( `is_on_sale` = 1 ) AND ( `is_delete` = 0 ) AND ( `is_best` = 1 ) ORDER BY sort_num asc LIMIT 5   [ RunTime:0.000483s ]
SQL: SELECT `id`,`goods_name`,`shop_price`,`sm_logo` FROM `php34_goods` WHERE ( `is_on_sale` = 1 ) AND ( `is_delete` = 0 ) AND ( `is_new` = 1 ) ORDER BY sort_num asc LIMIT 5   [ RunTime:0.000409s ]
INFO: [ view_parse ] --START--
INFO: [ template_filter ] --START--
INFO: Run Behavior\ContentReplaceBehavior [ RunTime:0.000090s ]
INFO: [ template_filter ] --END-- [ RunTime:0.000250s ]
INFO: Run Behavior\ParseTemplateBehavior [ RunTime:0.009416s ]
INFO: [ view_parse ] --END-- [ RunTime:0.009507s ]
INFO: [ view_filter ] --START--
INFO: Run Behavior\WriteHtmlCacheBehavior [ RunTime:0.000554s ]
INFO: [ view_filter ] --END-- [ RunTime:0.000612s ]
INFO: [ app_end ] --START--
INFO: Run Behavior\ShowPageTraceBehavior [ RunTime:0.000816s ]
INFO: [ app_end ] --END-- [ RunTime:0.000872s ]

