[ 2017-10-08T08:19:00+08:00 ] 101.232.208.154 /index.php/Home/App/index
INFO: [ app_init ] --START--
INFO: Run Behavior\BuildLiteBehavior [ RunTime:0.000049s ]
INFO: [ app_init ] --END-- [ RunTime:0.007101s ]
INFO: [ app_begin ] --START--
INFO: Run Behavior\ReadHtmlCacheBehavior [ RunTime:0.003551s ]
INFO: [ app_begin ] --END-- [ RunTime:0.003632s ]
SQL: SHOW COLUMNS FROM `php34_category` [ RunTime:0.010080s ]
SQL: SELECT * FROM `php34_category`  [ RunTime:0.001984s ]
SQL: SHOW COLUMNS FROM `php34_movie` [ RunTime:0.033434s ]
SQL: SELECT * FROM `php34_movie` WHERE ( `status` = 1 ) AND ( `is_delete` = 0 ) AND ( `is_hot` = 1 ) ORDER BY listorder asc  [ RunTime:0.001032s ]
SQL: SELECT * FROM `php34_movie` WHERE ( `status` = 1 ) AND ( `is_delete` = 0 ) AND ( `is_new` = 1 ) ORDER BY listorder asc  [ RunTime:0.001304s ]
SQL: SELECT * FROM `php34_movie` WHERE ( `status` = 1 ) AND ( `is_delete` = 0 ) AND ( `is_best` = 1 ) ORDER BY listorder asc  [ RunTime:0.000968s ]

[ 2017-10-08T08:19:00+08:00 ] 101.232.208.154 /index.php/Home/App/getwd
INFO: [ app_init ] --START--
INFO: Run Behavior\BuildLiteBehavior [ RunTime:0.000038s ]
INFO: [ app_init ] --END-- [ RunTime:0.008276s ]
INFO: [ app_begin ] --START--
INFO: Run Behavior\ReadHtmlCacheBehavior [ RunTime:0.003751s ]
INFO: [ app_begin ] --END-- [ RunTime:0.003828s ]
SQL: SHOW COLUMNS FROM `php34_category` [ RunTime:0.027251s ]
SQL: SELECT * FROM `php34_category`  [ RunTime:0.003253s ]
SQL: SHOW COLUMNS FROM `php34_movie` [ RunTime:0.017207s ]
SQL: SELECT `id` FROM `php34_category` WHERE ( `cat_name` = '舞蹈' )  [ RunTime:0.000314s ]
SQL: SELECT * FROM `php34_category`  [ RunTime:0.000343s ]
SQL: SELECT * FROM `php34_category`  [ RunTime:0.000325s ]
SQL: SELECT * FROM `php34_category`  [ RunTime:0.000317s ]
SQL: SELECT * FROM `php34_category`  [ RunTime:0.000312s ]
SQL: SELECT * FROM `php34_category`  [ RunTime:0.000310s ]
SQL: SELECT * FROM `php34_category`  [ RunTime:0.000312s ]
SQL: SELECT * FROM `php34_category`  [ RunTime:0.000314s ]
SQL: SELECT * FROM `php34_category`  [ RunTime:0.000315s ]
SQL: SHOW COLUMNS FROM `php34_movie` [ RunTime:0.001507s ]
SQL: SELECT * FROM `php34_movie`  [ RunTime:0.000947s ]
NOTIC: [8] Undefined variable: extdata1 C:\phpstudy\WWW\shop34\Application\Admin\Model\MovieModel.class.php 第 337 行.
NOTIC: [8] Undefined variable: extdata1 C:\phpstudy\WWW\shop34\Application\Admin\Model\MovieModel.class.php 第 337 行.
NOTIC: [8] Undefined variable: extdata1 C:\phpstudy\WWW\shop34\Application\Admin\Model\MovieModel.class.php 第 337 行.
NOTIC: [8] Undefined variable: extdata1 C:\phpstudy\WWW\shop34\Application\Admin\Model\MovieModel.class.php 第 337 行.
NOTIC: [8] Undefined variable: extdata1 C:\phpstudy\WWW\shop34\Application\Admin\Model\MovieModel.class.php 第 337 行.
NOTIC: [8] Undefined variable: extdata1 C:\phpstudy\WWW\shop34\Application\Admin\Model\MovieModel.class.php 第 337 行.
NOTIC: [8] Undefined variable: extdata1 C:\phpstudy\WWW\shop34\Application\Admin\Model\MovieModel.class.php 第 337 行.
NOTIC: [8] Undefined variable: extdata1 C:\phpstudy\WWW\shop34\Application\Admin\Model\MovieModel.class.php 第 337 行.
NOTIC: [8] Undefined variable: extdata1 C:\phpstudy\WWW\shop34\Application\Admin\Model\MovieModel.class.php 第 337 行.
NOTIC: [8] Undefined variable: extdata1 C:\phpstudy\WWW\shop34\Application\Admin\Model\MovieModel.class.php 第 337 行.
NOTIC: [8] Undefined variable: extdata1 C:\phpstudy\WWW\shop34\Application\Admin\Model\MovieModel.class.php 第 337 行.
NOTIC: [8] Undefined variable: extdata1 C:\phpstudy\WWW\shop34\Application\Admin\Model\MovieModel.class.php 第 337 行.
NOTIC: [8] Undefined variable: extdata1 C:\phpstudy\WWW\shop34\Application\Admin\Model\MovieModel.class.php 第 337 行.
NOTIC: [8] Undefined variable: extdata1 C:\phpstudy\WWW\shop34\Application\Admin\Model\MovieModel.class.php 第 337 行.
NOTIC: [8] Undefined variable: extdata1 C:\phpstudy\WWW\shop34\Application\Admin\Model\MovieModel.class.php 第 337 行.
NOTIC: [8] Undefined variable: extdata1 C:\phpstudy\WWW\shop34\Application\Admin\Model\MovieModel.class.php 第 337 行.
NOTIC: [8] Undefined variable: extdata1 C:\phpstudy\WWW\shop34\Application\Admin\Model\MovieModel.class.php 第 337 行.
NOTIC: [8] Undefined variable: extdata1 C:\phpstudy\WWW\shop34\Application\Admin\Model\MovieModel.class.php 第 337 行.
NOTIC: [8] Undefined variable: extdata1 C:\phpstudy\WWW\shop34\Application\Admin\Model\MovieModel.class.php 第 337 行.
NOTIC: [8] Undefined variable: extdata1 C:\phpstudy\WWW\shop34\Application\Admin\Model\MovieModel.class.php 第 337 行.
NOTIC: [2] in_array() expects parameter 2 to be array, string given C:\phpstudy\WWW\shop34\Application\Admin\Model\MovieModel.class.php 第 328 行.
NOTIC: [2] in_array() expects parameter 2 to be array, string given C:\phpstudy\WWW\shop34\Application\Admin\Model\MovieModel.class.php 第 328 行.
NOTIC: [2] in_array() expects parameter 2 to be array, string given C:\phpstudy\WWW\shop34\Application\Admin\Model\MovieModel.class.php 第 328 行.
NOTIC: [2] in_array() expects parameter 2 to be array, string given C:\phpstudy\WWW\shop34\Application\Admin\Model\MovieModel.class.php 第 328 行.
NOTIC: [2] in_array() expects parameter 2 to be array, string given C:\phpstudy\WWW\shop34\Application\Admin\Model\MovieModel.class.php 第 328 行.
NOTIC: [2] in_array() expects parameter 2 to be array, string given C:\phpstudy\WWW\shop34\Application\Admin\Model\MovieModel.class.php 第 328 行.
NOTIC: [2] in_array() expects parameter 2 to be array, string given C:\phpstudy\WWW\shop34\Application\Admin\Model\MovieModel.class.php 第 328 行.
NOTIC: [2] in_array() expects parameter 2 to be array, string given C:\phpstudy\WWW\shop34\Application\Admin\Model\MovieModel.class.php 第 328 行.
NOTIC: [2] in_array() expects parameter 2 to be array, string given C:\phpstudy\WWW\shop34\Application\Admin\Model\MovieModel.class.php 第 328 行.
NOTIC: [2] in_array() expects parameter 2 to be array, string given C:\phpstudy\WWW\shop34\Application\Admin\Model\MovieModel.class.php 第 328 行.
NOTIC: [2] in_array() expects parameter 2 to be array, string given C:\phpstudy\WWW\shop34\Application\Admin\Model\MovieModel.class.php 第 328 行.
NOTIC: [2] in_array() expects parameter 2 to be array, string given C:\phpstudy\WWW\shop34\Application\Admin\Model\MovieModel.class.php 第 328 行.
NOTIC: [2] in_array() expects parameter 2 to be array, string given C:\phpstudy\WWW\shop34\Application\Admin\Model\MovieModel.class.php 第 328 行.
NOTIC: [2] in_array() expects parameter 2 to be array, string given C:\phpstudy\WWW\shop34\Application\Admin\Model\MovieModel.class.php 第 328 行.
NOTIC: [2] in_array() expects parameter 2 to be array, string given C:\phpstudy\WWW\shop34\Application\Admin\Model\MovieModel.class.php 第 328 行.
NOTIC: [2] in_array() expects parameter 2 to be array, string given C:\phpstudy\WWW\shop34\Application\Admin\Model\MovieModel.class.php 第 328 行.
NOTIC: [2] in_array() expects parameter 2 to be array, string given C:\phpstudy\WWW\shop34\Application\Admin\Model\MovieModel.class.php 第 328 行.
NOTIC: [2] in_array() expects parameter 2 to be array, string given C:\phpstudy\WWW\shop34\Application\Admin\Model\MovieModel.class.php 第 328 行.
NOTIC: [2] in_array() expects parameter 2 to be array, string given C:\phpstudy\WWW\shop34\Application\Admin\Model\MovieModel.class.php 第 328 行.
NOTIC: [2] in_array() expects parameter 2 to be array, string given C:\phpstudy\WWW\shop34\Application\Admin\Model\MovieModel.class.php 第 328 行.
NOTIC: [2] in_array() expects parameter 2 to be array, string given C:\phpstudy\WWW\shop34\Application\Admin\Model\MovieModel.class.php 第 328 行.
NOTIC: [2] in_array() expects parameter 2 to be array, string given C:\phpstudy\WWW\shop34\Application\Admin\Model\MovieModel.class.php 第 328 行.
NOTIC: [2] in_array() expects parameter 2 to be array, string given C:\phpstudy\WWW\shop34\Application\Admin\Model\MovieModel.class.php 第 328 行.
NOTIC: [2] in_array() expects parameter 2 to be array, string given C:\phpstudy\WWW\shop34\Application\Admin\Model\MovieModel.class.php 第 328 行.
NOTIC: [2] in_array() expects parameter 2 to be array, string given C:\phpstudy\WWW\shop34\Application\Admin\Model\MovieModel.class.php 第 328 行.
NOTIC: [2] in_array() expects parameter 2 to be array, string given C:\phpstudy\WWW\shop34\Application\Admin\Model\MovieModel.class.php 第 328 行.
NOTIC: [2] in_array() expects parameter 2 to be array, string given C:\phpstudy\WWW\shop34\Application\Admin\Model\MovieModel.class.php 第 328 行.
NOTIC: [2] in_array() expects parameter 2 to be array, string given C:\phpstudy\WWW\shop34\Application\Admin\Model\MovieModel.class.php 第 328 行.
NOTIC: [2] in_array() expects parameter 2 to be array, string given C:\phpstudy\WWW\shop34\Application\Admin\Model\MovieModel.class.php 第 328 行.
NOTIC: [2] in_array() expects parameter 2 to be array, string given C:\phpstudy\WWW\shop34\Application\Admin\Model\MovieModel.class.php 第 328 行.
NOTIC: [2] in_array() expects parameter 2 to be array, string given C:\phpstudy\WWW\shop34\Application\Admin\Model\MovieModel.class.php 第 328 行.
NOTIC: [2] in_array() expects parameter 2 to be array, string given C:\phpstudy\WWW\shop34\Application\Admin\Model\MovieModel.class.php 第 328 行.
NOTIC: [2] in_array() expects parameter 2 to be array, string given C:\phpstudy\WWW\shop34\Application\Admin\Model\MovieModel.class.php 第 328 行.
NOTIC: [2] in_array() expects parameter 2 to be array, string given C:\phpstudy\WWW\shop34\Application\Admin\Model\MovieModel.class.php 第 328 行.
NOTIC: [2] in_array() expects parameter 2 to be array, string given C:\phpstudy\WWW\shop34\Application\Admin\Model\MovieModel.class.php 第 328 行.
NOTIC: [2] in_array() expects parameter 2 to be array, string given C:\phpstudy\WWW\shop34\Application\Admin\Model\MovieModel.class.php 第 328 行.
NOTIC: [2] in_array() expects parameter 2 to be array, string given C:\phpstudy\WWW\shop34\Application\Admin\Model\MovieModel.class.php 第 328 行.
NOTIC: [2] in_array() expects parameter 2 to be array, string given C:\phpstudy\WWW\shop34\Application\Admin\Model\MovieModel.class.php 第 328 行.
NOTIC: [2] in_array() expects parameter 2 to be array, string given C:\phpstudy\WWW\shop34\Application\Admin\Model\MovieModel.class.php 第 328 行.
NOTIC: [2] in_array() expects parameter 2 to be array, string given C:\phpstudy\WWW\shop34\Application\Admin\Model\MovieModel.class.php 第 328 行.
NOTIC: [2] in_array() expects parameter 2 to be array, string given C:\phpstudy\WWW\shop34\Application\Admin\Model\MovieModel.class.php 第 328 行.
NOTIC: [2] in_array() expects parameter 2 to be array, string given C:\phpstudy\WWW\shop34\Application\Admin\Model\MovieModel.class.php 第 328 行.
NOTIC: [2] in_array() expects parameter 2 to be array, string given C:\phpstudy\WWW\shop34\Application\Admin\Model\MovieModel.class.php 第 328 行.
NOTIC: [2] in_array() expects parameter 2 to be array, string given C:\phpstudy\WWW\shop34\Application\Admin\Model\MovieModel.class.php 第 328 行.
NOTIC: [2] in_array() expects parameter 2 to be array, string given C:\phpstudy\WWW\shop34\Application\Admin\Model\MovieModel.class.php 第 328 行.
NOTIC: [2] in_array() expects parameter 2 to be array, string given C:\phpstudy\WWW\shop34\Application\Admin\Model\MovieModel.class.php 第 328 行.
NOTIC: [2] in_array() expects parameter 2 to be array, string given C:\phpstudy\WWW\shop34\Application\Admin\Model\MovieModel.class.php 第 328 行.
NOTIC: [2] in_array() expects parameter 2 to be array, string given C:\phpstudy\WWW\shop34\Application\Admin\Model\MovieModel.class.php 第 328 行.
NOTIC: [2] in_array() expects parameter 2 to be array, string given C:\phpstudy\WWW\shop34\Application\Admin\Model\MovieModel.class.php 第 328 行.
NOTIC: [2] in_array() expects parameter 2 to be array, string given C:\phpstudy\WWW\shop34\Application\Admin\Model\MovieModel.class.php 第 328 行.
NOTIC: [2] in_array() expects parameter 2 to be array, string given C:\phpstudy\WWW\shop34\Application\Admin\Model\MovieModel.class.php 第 328 行.
NOTIC: [2] in_array() expects parameter 2 to be array, string given C:\phpstudy\WWW\shop34\Application\Admin\Model\MovieModel.class.php 第 328 行.
NOTIC: [2] in_array() expects parameter 2 to be array, string given C:\phpstudy\WWW\shop34\Application\Admin\Model\MovieModel.class.php 第 328 行.
NOTIC: [2] in_array() expects parameter 2 to be array, string given C:\phpstudy\WWW\shop34\Application\Admin\Model\MovieModel.class.php 第 328 行.
NOTIC: [2] in_array() expects parameter 2 to be array, string given C:\phpstudy\WWW\shop34\Application\Admin\Model\MovieModel.class.php 第 328 行.
NOTIC: [2] in_array() expects parameter 2 to be array, string given C:\phpstudy\WWW\shop34\Application\Admin\Model\MovieModel.class.php 第 328 行.
NOTIC: [2] in_array() expects parameter 2 to be array, string given C:\phpstudy\WWW\shop34\Application\Admin\Model\MovieModel.class.php 第 328 行.
NOTIC: [2] in_array() expects parameter 2 to be array, string given C:\phpstudy\WWW\shop34\Application\Admin\Model\MovieModel.class.php 第 328 行.
NOTIC: [2] in_array() expects parameter 2 to be array, string given C:\phpstudy\WWW\shop34\Application\Admin\Model\MovieModel.class.php 第 328 行.
NOTIC: [2] in_array() expects parameter 2 to be array, string given C:\phpstudy\WWW\shop34\Application\Admin\Model\MovieModel.class.php 第 328 行.
NOTIC: [2] in_array() expects parameter 2 to be array, string given C:\phpstudy\WWW\shop34\Application\Admin\Model\MovieModel.class.php 第 328 行.
NOTIC: [2] in_array() expects parameter 2 to be array, string given C:\phpstudy\WWW\shop34\Application\Admin\Model\MovieModel.class.php 第 328 行.
NOTIC: [2] in_array() expects parameter 2 to be array, string given C:\phpstudy\WWW\shop34\Application\Admin\Model\MovieModel.class.php 第 328 行.
NOTIC: [2] in_array() expects parameter 2 to be array, string given C:\phpstudy\WWW\shop34\Application\Admin\Model\MovieModel.class.php 第 328 行.
NOTIC: [2] in_array() expects parameter 2 to be array, string given C:\phpstudy\WWW\shop34\Application\Admin\Model\MovieModel.class.php 第 328 行.
NOTIC: [2] in_array() expects parameter 2 to be array, string given C:\phpstudy\WWW\shop34\Application\Admin\Model\MovieModel.class.php 第 328 行.
NOTIC: [2] in_array() expects parameter 2 to be array, string given C:\phpstudy\WWW\shop34\Application\Admin\Model\MovieModel.class.php 第 328 行.
NOTIC: [2] in_array() expects parameter 2 to be array, string given C:\phpstudy\WWW\shop34\Application\Admin\Model\MovieModel.class.php 第 328 行.
NOTIC: [2] in_array() expects parameter 2 to be array, string given C:\phpstudy\WWW\shop34\Application\Admin\Model\MovieModel.class.php 第 328 行.
NOTIC: [2] in_array() expects parameter 2 to be array, string given C:\phpstudy\WWW\shop34\Application\Admin\Model\MovieModel.class.php 第 328 行.
NOTIC: [2] in_array() expects parameter 2 to be array, string given C:\phpstudy\WWW\shop34\Application\Admin\Model\MovieModel.class.php 第 328 行.
NOTIC: [2] in_array() expects parameter 2 to be array, string given C:\phpstudy\WWW\shop34\Application\Admin\Model\MovieModel.class.php 第 328 行.
NOTIC: [2] in_array() expects parameter 2 to be array, string given C:\phpstudy\WWW\shop34\Application\Admin\Model\MovieModel.class.php 第 328 行.
NOTIC: [2] in_array() expects parameter 2 to be array, string given C:\phpstudy\WWW\shop34\Application\Admin\Model\MovieModel.class.php 第 328 行.
NOTIC: [2] in_array() expects parameter 2 to be array, string given C:\phpstudy\WWW\shop34\Application\Admin\Model\MovieModel.class.php 第 328 行.
NOTIC: [2] in_array() expects parameter 2 to be array, string given C:\phpstudy\WWW\shop34\Application\Admin\Model\MovieModel.class.php 第 328 行.
NOTIC: [2] in_array() expects parameter 2 to be array, string given C:\phpstudy\WWW\shop34\Application\Admin\Model\MovieModel.class.php 第 328 行.
NOTIC: [2] in_array() expects parameter 2 to be array, string given C:\phpstudy\WWW\shop34\Application\Admin\Model\MovieModel.class.php 第 328 行.
NOTIC: [2] in_array() expects parameter 2 to be array, string given C:\phpstudy\WWW\shop34\Application\Admin\Model\MovieModel.class.php 第 328 行.
NOTIC: [2] in_array() expects parameter 2 to be array, string given C:\phpstudy\WWW\shop34\Application\Admin\Model\MovieModel.class.php 第 328 行.
NOTIC: [2] in_array() expects parameter 2 to be array, string given C:\phpstudy\WWW\shop34\Application\Admin\Model\MovieModel.class.php 第 328 行.
NOTIC: [2] in_array() expects parameter 2 to be array, string given C:\phpstudy\WWW\shop34\Application\Admin\Model\MovieModel.class.php 第 328 行.
NOTIC: [2] in_array() expects parameter 2 to be array, string given C:\phpstudy\WWW\shop34\Application\Admin\Model\MovieModel.class.php 第 328 行.
NOTIC: [2] in_array() expects parameter 2 to be array, string given C:\phpstudy\WWW\shop34\Application\Admin\Model\MovieModel.class.php 第 328 行.
NOTIC: [2] in_array() expects parameter 2 to be array, string given C:\phpstudy\WWW\shop34\Application\Admin\Model\MovieModel.class.php 第 328 行.
NOTIC: [2] in_array() expects parameter 2 to be array, string given C:\phpstudy\WWW\shop34\Application\Admin\Model\MovieModel.class.php 第 328 行.
NOTIC: [2] in_array() expects parameter 2 to be array, string given C:\phpstudy\WWW\shop34\Application\Admin\Model\MovieModel.class.php 第 328 行.
NOTIC: [2] in_array() expects parameter 2 to be array, string given C:\phpstudy\WWW\shop34\Application\Admin\Model\MovieModel.class.php 第 328 行.
NOTIC: [2] in_array() expects parameter 2 to be array, string given C:\phpstudy\WWW\shop34\Application\Admin\Model\MovieModel.class.php 第 328 行.
NOTIC: [2] in_array() expects parameter 2 to be array, string given C:\phpstudy\WWW\shop34\Application\Admin\Model\MovieModel.class.php 第 328 行.
NOTIC: [2] in_array() expects parameter 2 to be array, string given C:\phpstudy\WWW\shop34\Application\Admin\Model\MovieModel.class.php 第 328 行.
NOTIC: [2] in_array() expects parameter 2 to be array, string given C:\phpstudy\WWW\shop34\Application\Admin\Model\MovieModel.class.php 第 328 行.
NOTIC: [2] in_array() expects parameter 2 to be array, string given C:\phpstudy\WWW\shop34\Application\Admin\Model\MovieModel.class.php 第 328 行.
NOTIC: [2] in_array() expects parameter 2 to be array, string given C:\phpstudy\WWW\shop34\Application\Admin\Model\MovieModel.class.php 第 328 行.
NOTIC: [2] in_array() expects parameter 2 to be array, string given C:\phpstudy\WWW\shop34\Application\Admin\Model\MovieModel.class.php 第 328 行.
NOTIC: [2] in_array() expects parameter 2 to be array, string given C:\phpstudy\WWW\shop34\Application\Admin\Model\MovieModel.class.php 第 328 行.
NOTIC: [2] in_array() expects parameter 2 to be array, string given C:\phpstudy\WWW\shop34\Application\Admin\Model\MovieModel.class.php 第 328 行.
NOTIC: [2] in_array() expects parameter 2 to be array, string given C:\phpstudy\WWW\shop34\Application\Admin\Model\MovieModel.class.php 第 328 行.
NOTIC: [2] in_array() expects parameter 2 to be array, string given C:\phpstudy\WWW\shop34\Application\Admin\Model\MovieModel.class.php 第 328 行.
NOTIC: [2] in_array() expects parameter 2 to be array, string given C:\phpstudy\WWW\shop34\Application\Admin\Model\MovieModel.class.php 第 328 行.
NOTIC: [2] in_array() expects parameter 2 to be array, string given C:\phpstudy\WWW\shop34\Application\Admin\Model\MovieModel.class.php 第 328 行.
NOTIC: [2] in_array() expects parameter 2 to be array, string given C:\phpstudy\WWW\shop34\Application\Admin\Model\MovieModel.class.php 第 328 行.
NOTIC: [2] in_array() expects parameter 2 to be array, string given C:\phpstudy\WWW\shop34\Application\Admin\Model\MovieModel.class.php 第 328 行.
NOTIC: [2] in_array() expects parameter 2 to be array, string given C:\phpstudy\WWW\shop34\Application\Admin\Model\MovieModel.class.php 第 328 行.
NOTIC: [2] in_array() expects parameter 2 to be array, string given C:\phpstudy\WWW\shop34\Application\Admin\Model\MovieModel.class.php 第 328 行.
SQL: SELECT * FROM `php34_movie` WHERE ( `category_id` IN ('36','80','31','44','50','56','62','68','74') )  [ RunTime:0.000605s ]
SQL: SHOW COLUMNS FROM `php34_advert` [ RunTime:0.038117s ]
SQL: SELECT * FROM `php34_advert` ORDER BY id DESC LIMIT 1   [ RunTime:0.000318s ]

[ 2017-10-08T19:05:39+08:00 ] 106.11.227.179 /
INFO: [ app_init ] --START--
INFO: Run Behavior\BuildLiteBehavior [ RunTime:0.000027s ]
INFO: [ app_init ] --END-- [ RunTime:0.001873s ]
INFO: [ app_begin ] --START--
INFO: Run Behavior\ReadHtmlCacheBehavior [ RunTime:0.002571s ]
INFO: [ app_begin ] --END-- [ RunTime:0.002645s ]
SQL: SHOW COLUMNS FROM `php34_category` [ RunTime:0.046158s ]
SQL: SELECT * FROM `php34_category`  [ RunTime:0.002336s ]
SQL: SHOW COLUMNS FROM `php34_goods` [ RunTime:0.038524s ]
SQL: SELECT `id`,`goods_name`,`promote_price`,`sm_logo` FROM `php34_goods` WHERE ( `is_on_sale` = 1 ) AND ( `is_delete` = 0 ) AND ( `is_promote` = 1 ) AND ( `promote_start_time` <= 1507460739 ) AND ( `promote_end_time` >= 1507460739 ) ORDER BY sort_num asc LIMIT 5   [ RunTime:0.000579s ]
SQL: SELECT `id`,`goods_name`,`shop_price`,`sm_logo` FROM `php34_goods` WHERE ( `is_on_sale` = 1 ) AND ( `is_delete` = 0 ) AND ( `is_hot` = 1 ) ORDER BY sort_num asc LIMIT 5   [ RunTime:0.002695s ]
SQL: SELECT `id`,`goods_name`,`shop_price`,`sm_logo` FROM `php34_goods` WHERE ( `is_on_sale` = 1 ) AND ( `is_delete` = 0 ) AND ( `is_best` = 1 ) ORDER BY sort_num asc LIMIT 5   [ RunTime:0.000414s ]
SQL: SELECT `id`,`goods_name`,`shop_price`,`sm_logo` FROM `php34_goods` WHERE ( `is_on_sale` = 1 ) AND ( `is_delete` = 0 ) AND ( `is_new` = 1 ) ORDER BY sort_num asc LIMIT 5   [ RunTime:0.000306s ]
INFO: [ view_parse ] --START--
INFO: [ template_filter ] --START--
INFO: Run Behavior\ContentReplaceBehavior [ RunTime:0.000048s ]
INFO: [ template_filter ] --END-- [ RunTime:0.000123s ]
INFO: Run Behavior\ParseTemplateBehavior [ RunTime:0.012618s ]
INFO: [ view_parse ] --END-- [ RunTime:0.012690s ]
INFO: [ view_filter ] --START--
INFO: Run Behavior\WriteHtmlCacheBehavior [ RunTime:0.003890s ]
INFO: [ view_filter ] --END-- [ RunTime:0.003947s ]
INFO: [ app_end ] --START--
INFO: Run Behavior\ShowPageTraceBehavior [ RunTime:0.003741s ]
INFO: [ app_end ] --END-- [ RunTime:0.003806s ]

[ 2017-10-08T22:16:52+08:00 ] 113.90.180.204 /index.php/Home/App/index
INFO: [ app_init ] --START--
INFO: Run Behavior\BuildLiteBehavior [ RunTime:0.000023s ]
INFO: [ app_init ] --END-- [ RunTime:0.000435s ]
INFO: [ app_begin ] --START--
INFO: Run Behavior\ReadHtmlCacheBehavior [ RunTime:0.000780s ]
INFO: [ app_begin ] --END-- [ RunTime:0.000853s ]
SQL: SHOW COLUMNS FROM `php34_category` [ RunTime:0.001759s ]
SQL: SELECT * FROM `php34_category`  [ RunTime:0.000434s ]
SQL: SHOW COLUMNS FROM `php34_movie` [ RunTime:0.037537s ]
SQL: SELECT * FROM `php34_movie` WHERE ( `status` = 1 ) AND ( `is_delete` = 0 ) AND ( `is_hot` = 1 ) ORDER BY listorder asc  [ RunTime:0.001057s ]
SQL: SELECT * FROM `php34_movie` WHERE ( `status` = 1 ) AND ( `is_delete` = 0 ) AND ( `is_new` = 1 ) ORDER BY listorder asc  [ RunTime:0.000951s ]
SQL: SELECT * FROM `php34_movie` WHERE ( `status` = 1 ) AND ( `is_delete` = 0 ) AND ( `is_best` = 1 ) ORDER BY listorder asc  [ RunTime:0.000938s ]

[ 2017-10-08T22:16:52+08:00 ] 113.90.180.204 /index.php/Home/App/getwd
INFO: [ app_init ] --START--
INFO: Run Behavior\BuildLiteBehavior [ RunTime:0.000028s ]
INFO: [ app_init ] --END-- [ RunTime:0.000648s ]
INFO: [ app_begin ] --START--
INFO: Run Behavior\ReadHtmlCacheBehavior [ RunTime:0.000798s ]
INFO: [ app_begin ] --END-- [ RunTime:0.000870s ]
SQL: SHOW COLUMNS FROM `php34_category` [ RunTime:0.002690s ]
SQL: SELECT * FROM `php34_category`  [ RunTime:0.000536s ]
SQL: SHOW COLUMNS FROM `php34_movie` [ RunTime:0.020222s ]
SQL: SELECT `id` FROM `php34_category` WHERE ( `cat_name` = '舞蹈' )  [ RunTime:0.000318s ]
SQL: SELECT * FROM `php34_category`  [ RunTime:0.000340s ]
SQL: SELECT * FROM `php34_category`  [ RunTime:0.000323s ]
SQL: SELECT * FROM `php34_category`  [ RunTime:0.000317s ]
SQL: SELECT * FROM `php34_category`  [ RunTime:0.000312s ]
SQL: SELECT * FROM `php34_category`  [ RunTime:0.000309s ]
SQL: SELECT * FROM `php34_category`  [ RunTime:0.000312s ]
SQL: SELECT * FROM `php34_category`  [ RunTime:0.000310s ]
SQL: SELECT * FROM `php34_category`  [ RunTime:0.000353s ]
SQL: SHOW COLUMNS FROM `php34_movie` [ RunTime:0.001521s ]
SQL: SELECT * FROM `php34_movie`  [ RunTime:0.000807s ]
NOTIC: [8] Undefined variable: extdata1 C:\phpstudy\WWW\shop34\Application\Admin\Model\MovieModel.class.php 第 337 行.
NOTIC: [8] Undefined variable: extdata1 C:\phpstudy\WWW\shop34\Application\Admin\Model\MovieModel.class.php 第 337 行.
NOTIC: [8] Undefined variable: extdata1 C:\phpstudy\WWW\shop34\Application\Admin\Model\MovieModel.class.php 第 337 行.
NOTIC: [8] Undefined variable: extdata1 C:\phpstudy\WWW\shop34\Application\Admin\Model\MovieModel.class.php 第 337 行.
NOTIC: [8] Undefined variable: extdata1 C:\phpstudy\WWW\shop34\Application\Admin\Model\MovieModel.class.php 第 337 行.
NOTIC: [8] Undefined variable: extdata1 C:\phpstudy\WWW\shop34\Application\Admin\Model\MovieModel.class.php 第 337 行.
NOTIC: [8] Undefined variable: extdata1 C:\phpstudy\WWW\shop34\Application\Admin\Model\MovieModel.class.php 第 337 行.
NOTIC: [8] Undefined variable: extdata1 C:\phpstudy\WWW\shop34\Application\Admin\Model\MovieModel.class.php 第 337 行.
NOTIC: [8] Undefined variable: extdata1 C:\phpstudy\WWW\shop34\Application\Admin\Model\MovieModel.class.php 第 337 行.
NOTIC: [8] Undefined variable: extdata1 C:\phpstudy\WWW\shop34\Application\Admin\Model\MovieModel.class.php 第 337 行.
NOTIC: [8] Undefined variable: extdata1 C:\phpstudy\WWW\shop34\Application\Admin\Model\MovieModel.class.php 第 337 行.
NOTIC: [8] Undefined variable: extdata1 C:\phpstudy\WWW\shop34\Application\Admin\Model\MovieModel.class.php 第 337 行.
NOTIC: [8] Undefined variable: extdata1 C:\phpstudy\WWW\shop34\Application\Admin\Model\MovieModel.class.php 第 337 行.
NOTIC: [8] Undefined variable: extdata1 C:\phpstudy\WWW\shop34\Application\Admin\Model\MovieModel.class.php 第 337 行.
NOTIC: [8] Undefined variable: extdata1 C:\phpstudy\WWW\shop34\Application\Admin\Model\MovieModel.class.php 第 337 行.
NOTIC: [8] Undefined variable: extdata1 C:\phpstudy\WWW\shop34\Application\Admin\Model\MovieModel.class.php 第 337 行.
NOTIC: [8] Undefined variable: extdata1 C:\phpstudy\WWW\shop34\Application\Admin\Model\MovieModel.class.php 第 337 行.
NOTIC: [8] Undefined variable: extdata1 C:\phpstudy\WWW\shop34\Application\Admin\Model\MovieModel.class.php 第 337 行.
NOTIC: [8] Undefined variable: extdata1 C:\phpstudy\WWW\shop34\Application\Admin\Model\MovieModel.class.php 第 337 行.
NOTIC: [8] Undefined variable: extdata1 C:\phpstudy\WWW\shop34\Application\Admin\Model\MovieModel.class.php 第 337 行.
NOTIC: [2] in_array() expects parameter 2 to be array, string given C:\phpstudy\WWW\shop34\Application\Admin\Model\MovieModel.class.php 第 328 行.
NOTIC: [2] in_array() expects parameter 2 to be array, string given C:\phpstudy\WWW\shop34\Application\Admin\Model\MovieModel.class.php 第 328 行.
NOTIC: [2] in_array() expects parameter 2 to be array, string given C:\phpstudy\WWW\shop34\Application\Admin\Model\MovieModel.class.php 第 328 行.
NOTIC: [2] in_array() expects parameter 2 to be array, string given C:\phpstudy\WWW\shop34\Application\Admin\Model\MovieModel.class.php 第 328 行.
NOTIC: [2] in_array() expects parameter 2 to be array, string given C:\phpstudy\WWW\shop34\Application\Admin\Model\MovieModel.class.php 第 328 行.
NOTIC: [2] in_array() expects parameter 2 to be array, string given C:\phpstudy\WWW\shop34\Application\Admin\Model\MovieModel.class.php 第 328 行.
NOTIC: [2] in_array() expects parameter 2 to be array, string given C:\phpstudy\WWW\shop34\Application\Admin\Model\MovieModel.class.php 第 328 行.
NOTIC: [2] in_array() expects parameter 2 to be array, string given C:\phpstudy\WWW\shop34\Application\Admin\Model\MovieModel.class.php 第 328 行.
NOTIC: [2] in_array() expects parameter 2 to be array, string given C:\phpstudy\WWW\shop34\Application\Admin\Model\MovieModel.class.php 第 328 行.
NOTIC: [2] in_array() expects parameter 2 to be array, string given C:\phpstudy\WWW\shop34\Application\Admin\Model\MovieModel.class.php 第 328 行.
NOTIC: [2] in_array() expects parameter 2 to be array, string given C:\phpstudy\WWW\shop34\Application\Admin\Model\MovieModel.class.php 第 328 行.
NOTIC: [2] in_array() expects parameter 2 to be array, string given C:\phpstudy\WWW\shop34\Application\Admin\Model\MovieModel.class.php 第 328 行.
NOTIC: [2] in_array() expects parameter 2 to be array, string given C:\phpstudy\WWW\shop34\Application\Admin\Model\MovieModel.class.php 第 328 行.
NOTIC: [2] in_array() expects parameter 2 to be array, string given C:\phpstudy\WWW\shop34\Application\Admin\Model\MovieModel.class.php 第 328 行.
NOTIC: [2] in_array() expects parameter 2 to be array, string given C:\phpstudy\WWW\shop34\Application\Admin\Model\MovieModel.class.php 第 328 行.
NOTIC: [2] in_array() expects parameter 2 to be array, string given C:\phpstudy\WWW\shop34\Application\Admin\Model\MovieModel.class.php 第 328 行.
NOTIC: [2] in_array() expects parameter 2 to be array, string given C:\phpstudy\WWW\shop34\Application\Admin\Model\MovieModel.class.php 第 328 行.
NOTIC: [2] in_array() expects parameter 2 to be array, string given C:\phpstudy\WWW\shop34\Application\Admin\Model\MovieModel.class.php 第 328 行.
NOTIC: [2] in_array() expects parameter 2 to be array, string given C:\phpstudy\WWW\shop34\Application\Admin\Model\MovieModel.class.php 第 328 行.
NOTIC: [2] in_array() expects parameter 2 to be array, string given C:\phpstudy\WWW\shop34\Application\Admin\Model\MovieModel.class.php 第 328 行.
NOTIC: [2] in_array() expects parameter 2 to be array, string given C:\phpstudy\WWW\shop34\Application\Admin\Model\MovieModel.class.php 第 328 行.
NOTIC: [2] in_array() expects parameter 2 to be array, string given C:\phpstudy\WWW\shop34\Application\Admin\Model\MovieModel.class.php 第 328 行.
NOTIC: [2] in_array() expects parameter 2 to be array, string given C:\phpstudy\WWW\shop34\Application\Admin\Model\MovieModel.class.php 第 328 行.
NOTIC: [2] in_array() expects parameter 2 to be array, string given C:\phpstudy\WWW\shop34\Application\Admin\Model\MovieModel.class.php 第 328 行.
NOTIC: [2] in_array() expects parameter 2 to be array, string given C:\phpstudy\WWW\shop34\Application\Admin\Model\MovieModel.class.php 第 328 行.
NOTIC: [2] in_array() expects parameter 2 to be array, string given C:\phpstudy\WWW\shop34\Application\Admin\Model\MovieModel.class.php 第 328 行.
NOTIC: [2] in_array() expects parameter 2 to be array, string given C:\phpstudy\WWW\shop34\Application\Admin\Model\MovieModel.class.php 第 328 行.
NOTIC: [2] in_array() expects parameter 2 to be array, string given C:\phpstudy\WWW\shop34\Application\Admin\Model\MovieModel.class.php 第 328 行.
NOTIC: [2] in_array() expects parameter 2 to be array, string given C:\phpstudy\WWW\shop34\Application\Admin\Model\MovieModel.class.php 第 328 行.
NOTIC: [2] in_array() expects parameter 2 to be array, string given C:\phpstudy\WWW\shop34\Application\Admin\Model\MovieModel.class.php 第 328 行.
NOTIC: [2] in_array() expects parameter 2 to be array, string given C:\phpstudy\WWW\shop34\Application\Admin\Model\MovieModel.class.php 第 328 行.
NOTIC: [2] in_array() expects parameter 2 to be array, string given C:\phpstudy\WWW\shop34\Application\Admin\Model\MovieModel.class.php 第 328 行.
NOTIC: [2] in_array() expects parameter 2 to be array, string given C:\phpstudy\WWW\shop34\Application\Admin\Model\MovieModel.class.php 第 328 行.
NOTIC: [2] in_array() expects parameter 2 to be array, string given C:\phpstudy\WWW\shop34\Application\Admin\Model\MovieModel.class.php 第 328 行.
NOTIC: [2] in_array() expects parameter 2 to be array, string given C:\phpstudy\WWW\shop34\Application\Admin\Model\MovieModel.class.php 第 328 行.
NOTIC: [2] in_array() expects parameter 2 to be array, string given C:\phpstudy\WWW\shop34\Application\Admin\Model\MovieModel.class.php 第 328 行.
NOTIC: [2] in_array() expects parameter 2 to be array, string given C:\phpstudy\WWW\shop34\Application\Admin\Model\MovieModel.class.php 第 328 行.
NOTIC: [2] in_array() expects parameter 2 to be array, string given C:\phpstudy\WWW\shop34\Application\Admin\Model\MovieModel.class.php 第 328 行.
NOTIC: [2] in_array() expects parameter 2 to be array, string given C:\phpstudy\WWW\shop34\Application\Admin\Model\MovieModel.class.php 第 328 行.
NOTIC: [2] in_array() expects parameter 2 to be array, string given C:\phpstudy\WWW\shop34\Application\Admin\Model\MovieModel.class.php 第 328 行.
NOTIC: [2] in_array() expects parameter 2 to be array, string given C:\phpstudy\WWW\shop34\Application\Admin\Model\MovieModel.class.php 第 328 行.
NOTIC: [2] in_array() expects parameter 2 to be array, string given C:\phpstudy\WWW\shop34\Application\Admin\Model\MovieModel.class.php 第 328 行.
NOTIC: [2] in_array() expects parameter 2 to be array, string given C:\phpstudy\WWW\shop34\Application\Admin\Model\MovieModel.class.php 第 328 行.
NOTIC: [2] in_array() expects parameter 2 to be array, string given C:\phpstudy\WWW\shop34\Application\Admin\Model\MovieModel.class.php 第 328 行.
NOTIC: [2] in_array() expects parameter 2 to be array, string given C:\phpstudy\WWW\shop34\Application\Admin\Model\MovieModel.class.php 第 328 行.
NOTIC: [2] in_array() expects parameter 2 to be array, string given C:\phpstudy\WWW\shop34\Application\Admin\Model\MovieModel.class.php 第 328 行.
NOTIC: [2] in_array() expects parameter 2 to be array, string given C:\phpstudy\WWW\shop34\Application\Admin\Model\MovieModel.class.php 第 328 行.
NOTIC: [2] in_array() expects parameter 2 to be array, string given C:\phpstudy\WWW\shop34\Application\Admin\Model\MovieModel.class.php 第 328 行.
NOTIC: [2] in_array() expects parameter 2 to be array, string given C:\phpstudy\WWW\shop34\Application\Admin\Model\MovieModel.class.php 第 328 行.
NOTIC: [2] in_array() expects parameter 2 to be array, string given C:\phpstudy\WWW\shop34\Application\Admin\Model\MovieModel.class.php 第 328 行.
NOTIC: [2] in_array() expects parameter 2 to be array, string given C:\phpstudy\WWW\shop34\Application\Admin\Model\MovieModel.class.php 第 328 行.
NOTIC: [2] in_array() expects parameter 2 to be array, string given C:\phpstudy\WWW\shop34\Application\Admin\Model\MovieModel.class.php 第 328 行.
NOTIC: [2] in_array() expects parameter 2 to be array, string given C:\phpstudy\WWW\shop34\Application\Admin\Model\MovieModel.class.php 第 328 行.
NOTIC: [2] in_array() expects parameter 2 to be array, string given C:\phpstudy\WWW\shop34\Application\Admin\Model\MovieModel.class.php 第 328 行.
NOTIC: [2] in_array() expects parameter 2 to be array, string given C:\phpstudy\WWW\shop34\Application\Admin\Model\MovieModel.class.php 第 328 行.
NOTIC: [2] in_array() expects parameter 2 to be array, string given C:\phpstudy\WWW\shop34\Application\Admin\Model\MovieModel.class.php 第 328 行.
NOTIC: [2] in_array() expects parameter 2 to be array, string given C:\phpstudy\WWW\shop34\Application\Admin\Model\MovieModel.class.php 第 328 行.
NOTIC: [2] in_array() expects parameter 2 to be array, string given C:\phpstudy\WWW\shop34\Application\Admin\Model\MovieModel.class.php 第 328 行.
NOTIC: [2] in_array() expects parameter 2 to be array, string given C:\phpstudy\WWW\shop34\Application\Admin\Model\MovieModel.class.php 第 328 行.
NOTIC: [2] in_array() expects parameter 2 to be array, string given C:\phpstudy\WWW\shop34\Application\Admin\Model\MovieModel.class.php 第 328 行.
NOTIC: [2] in_array() expects parameter 2 to be array, string given C:\phpstudy\WWW\shop34\Application\Admin\Model\MovieModel.class.php 第 328 行.
NOTIC: [2] in_array() expects parameter 2 to be array, string given C:\phpstudy\WWW\shop34\Application\Admin\Model\MovieModel.class.php 第 328 行.
NOTIC: [2] in_array() expects parameter 2 to be array, string given C:\phpstudy\WWW\shop34\Application\Admin\Model\MovieModel.class.php 第 328 行.
NOTIC: [2] in_array() expects parameter 2 to be array, string given C:\phpstudy\WWW\shop34\Application\Admin\Model\MovieModel.class.php 第 328 行.
NOTIC: [2] in_array() expects parameter 2 to be array, string given C:\phpstudy\WWW\shop34\Application\Admin\Model\MovieModel.class.php 第 328 行.
NOTIC: [2] in_array() expects parameter 2 to be array, string given C:\phpstudy\WWW\shop34\Application\Admin\Model\MovieModel.class.php 第 328 行.
NOTIC: [2] in_array() expects parameter 2 to be array, string given C:\phpstudy\WWW\shop34\Application\Admin\Model\MovieModel.class.php 第 328 行.
NOTIC: [2] in_array() expects parameter 2 to be array, string given C:\phpstudy\WWW\shop34\Application\Admin\Model\MovieModel.class.php 第 328 行.
NOTIC: [2] in_array() expects parameter 2 to be array, string given C:\phpstudy\WWW\shop34\Application\Admin\Model\MovieModel.class.php 第 328 行.
NOTIC: [2] in_array() expects parameter 2 to be array, string given C:\phpstudy\WWW\shop34\Application\Admin\Model\MovieModel.class.php 第 328 行.
NOTIC: [2] in_array() expects parameter 2 to be array, string given C:\phpstudy\WWW\shop34\Application\Admin\Model\MovieModel.class.php 第 328 行.
NOTIC: [2] in_array() expects parameter 2 to be array, string given C:\phpstudy\WWW\shop34\Application\Admin\Model\MovieModel.class.php 第 328 行.
NOTIC: [2] in_array() expects parameter 2 to be array, string given C:\phpstudy\WWW\shop34\Application\Admin\Model\MovieModel.class.php 第 328 行.
NOTIC: [2] in_array() expects parameter 2 to be array, string given C:\phpstudy\WWW\shop34\Application\Admin\Model\MovieModel.class.php 第 328 行.
NOTIC: [2] in_array() expects parameter 2 to be array, string given C:\phpstudy\WWW\shop34\Application\Admin\Model\MovieModel.class.php 第 328 行.
NOTIC: [2] in_array() expects parameter 2 to be array, string given C:\phpstudy\WWW\shop34\Application\Admin\Model\MovieModel.class.php 第 328 行.
NOTIC: [2] in_array() expects parameter 2 to be array, string given C:\phpstudy\WWW\shop34\Application\Admin\Model\MovieModel.class.php 第 328 行.
NOTIC: [2] in_array() expects parameter 2 to be array, string given C:\phpstudy\WWW\shop34\Application\Admin\Model\MovieModel.class.php 第 328 行.
NOTIC: [2] in_array() expects parameter 2 to be array, string given C:\phpstudy\WWW\shop34\Application\Admin\Model\MovieModel.class.php 第 328 行.
NOTIC: [2] in_array() expects parameter 2 to be array, string given C:\phpstudy\WWW\shop34\Application\Admin\Model\MovieModel.class.php 第 328 行.
NOTIC: [2] in_array() expects parameter 2 to be array, string given C:\phpstudy\WWW\shop34\Application\Admin\Model\MovieModel.class.php 第 328 行.
NOTIC: [2] in_array() expects parameter 2 to be array, string given C:\phpstudy\WWW\shop34\Application\Admin\Model\MovieModel.class.php 第 328 行.
NOTIC: [2] in_array() expects parameter 2 to be array, string given C:\phpstudy\WWW\shop34\Application\Admin\Model\MovieModel.class.php 第 328 行.
NOTIC: [2] in_array() expects parameter 2 to be array, string given C:\phpstudy\WWW\shop34\Application\Admin\Model\MovieModel.class.php 第 328 行.
NOTIC: [2] in_array() expects parameter 2 to be array, string given C:\phpstudy\WWW\shop34\Application\Admin\Model\MovieModel.class.php 第 328 行.
NOTIC: [2] in_array() expects parameter 2 to be array, string given C:\phpstudy\WWW\shop34\Application\Admin\Model\MovieModel.class.php 第 328 行.
NOTIC: [2] in_array() expects parameter 2 to be array, string given C:\phpstudy\WWW\shop34\Application\Admin\Model\MovieModel.class.php 第 328 行.
NOTIC: [2] in_array() expects parameter 2 to be array, string given C:\phpstudy\WWW\shop34\Application\Admin\Model\MovieModel.class.php 第 328 行.
NOTIC: [2] in_array() expects parameter 2 to be array, string given C:\phpstudy\WWW\shop34\Application\Admin\Model\MovieModel.class.php 第 328 行.
NOTIC: [2] in_array() expects parameter 2 to be array, string given C:\phpstudy\WWW\shop34\Application\Admin\Model\MovieModel.class.php 第 328 行.
NOTIC: [2] in_array() expects parameter 2 to be array, string given C:\phpstudy\WWW\shop34\Application\Admin\Model\MovieModel.class.php 第 328 行.
NOTIC: [2] in_array() expects parameter 2 to be array, string given C:\phpstudy\WWW\shop34\Application\Admin\Model\MovieModel.class.php 第 328 行.
NOTIC: [2] in_array() expects parameter 2 to be array, string given C:\phpstudy\WWW\shop34\Application\Admin\Model\MovieModel.class.php 第 328 行.
NOTIC: [2] in_array() expects parameter 2 to be array, string given C:\phpstudy\WWW\shop34\Application\Admin\Model\MovieModel.class.php 第 328 行.
NOTIC: [2] in_array() expects parameter 2 to be array, string given C:\phpstudy\WWW\shop34\Application\Admin\Model\MovieModel.class.php 第 328 行.
NOTIC: [2] in_array() expects parameter 2 to be array, string given C:\phpstudy\WWW\shop34\Application\Admin\Model\MovieModel.class.php 第 328 行.
NOTIC: [2] in_array() expects parameter 2 to be array, string given C:\phpstudy\WWW\shop34\Application\Admin\Model\MovieModel.class.php 第 328 行.
NOTIC: [2] in_array() expects parameter 2 to be array, string given C:\phpstudy\WWW\shop34\Application\Admin\Model\MovieModel.class.php 第 328 行.
NOTIC: [2] in_array() expects parameter 2 to be array, string given C:\phpstudy\WWW\shop34\Application\Admin\Model\MovieModel.class.php 第 328 行.
NOTIC: [2] in_array() expects parameter 2 to be array, string given C:\phpstudy\WWW\shop34\Application\Admin\Model\MovieModel.class.php 第 328 行.
NOTIC: [2] in_array() expects parameter 2 to be array, string given C:\phpstudy\WWW\shop34\Application\Admin\Model\MovieModel.class.php 第 328 行.
NOTIC: [2] in_array() expects parameter 2 to be array, string given C:\phpstudy\WWW\shop34\Application\Admin\Model\MovieModel.class.php 第 328 行.
NOTIC: [2] in_array() expects parameter 2 to be array, string given C:\phpstudy\WWW\shop34\Application\Admin\Model\MovieModel.class.php 第 328 行.
NOTIC: [2] in_array() expects parameter 2 to be array, string given C:\phpstudy\WWW\shop34\Application\Admin\Model\MovieModel.class.php 第 328 行.
NOTIC: [2] in_array() expects parameter 2 to be array, string given C:\phpstudy\WWW\shop34\Application\Admin\Model\MovieModel.class.php 第 328 行.
SQL: SELECT * FROM `php34_movie` WHERE ( `category_id` IN ('36','80','31','44','50','56','62','68','74') )  [ RunTime:0.000597s ]
SQL: SHOW COLUMNS FROM `php34_advert` [ RunTime:0.072300s ]
SQL: SELECT * FROM `php34_advert` ORDER BY id DESC LIMIT 1   [ RunTime:0.000401s ]

[ 2017-10-08T22:17:01+08:00 ] 113.90.180.204 //index.php/home/App/ishot
INFO: [ app_init ] --START--
INFO: Run Behavior\BuildLiteBehavior [ RunTime:0.000023s ]
INFO: [ app_init ] --END-- [ RunTime:0.000431s ]
INFO: [ app_begin ] --START--
INFO: Run Behavior\ReadHtmlCacheBehavior [ RunTime:0.000782s ]
INFO: [ app_begin ] --END-- [ RunTime:0.000871s ]
SQL: SHOW COLUMNS FROM `php34_category` [ RunTime:0.001604s ]
SQL: SELECT * FROM `php34_category`  [ RunTime:0.000351s ]
SQL: SHOW COLUMNS FROM `php34_movie` [ RunTime:0.001817s ]
SQL: SELECT * FROM `php34_movie` WHERE ( `status` = 1 ) AND ( `is_delete` = 0 ) AND ( `is_hot` = 1 ) ORDER BY listorder asc  [ RunTime:0.001111s ]

[ 2017-10-08T22:18:15+08:00 ] 113.90.180.204 //index.php/home/App/ishot
INFO: [ app_init ] --START--
INFO: Run Behavior\BuildLiteBehavior [ RunTime:0.000027s ]
INFO: [ app_init ] --END-- [ RunTime:0.001896s ]
INFO: [ app_begin ] --START--
INFO: Run Behavior\ReadHtmlCacheBehavior [ RunTime:0.002949s ]
INFO: [ app_begin ] --END-- [ RunTime:0.003026s ]
SQL: SHOW COLUMNS FROM `php34_category` [ RunTime:0.001620s ]
SQL: SELECT * FROM `php34_category`  [ RunTime:0.000366s ]
SQL: SHOW COLUMNS FROM `php34_movie` [ RunTime:0.001922s ]
SQL: SELECT * FROM `php34_movie` WHERE ( `status` = 1 ) AND ( `is_delete` = 0 ) AND ( `is_hot` = 1 ) ORDER BY listorder asc  [ RunTime:0.001263s ]

[ 2017-10-08T22:18:55+08:00 ] 113.90.180.204 /index.php/Home/App/index
INFO: [ app_init ] --START--
INFO: Run Behavior\BuildLiteBehavior [ RunTime:0.000044s ]
INFO: [ app_init ] --END-- [ RunTime:0.008304s ]
INFO: [ app_begin ] --START--
INFO: Run Behavior\ReadHtmlCacheBehavior [ RunTime:0.008222s ]
INFO: [ app_begin ] --END-- [ RunTime:0.008321s ]
SQL: SHOW COLUMNS FROM `php34_category` [ RunTime:0.021197s ]
SQL: SELECT * FROM `php34_category`  [ RunTime:0.000899s ]
SQL: SHOW COLUMNS FROM `php34_movie` [ RunTime:0.003961s ]
SQL: SELECT * FROM `php34_movie` WHERE ( `status` = 1 ) AND ( `is_delete` = 0 ) AND ( `is_hot` = 1 ) ORDER BY listorder asc  [ RunTime:0.001616s ]
SQL: SELECT * FROM `php34_movie` WHERE ( `status` = 1 ) AND ( `is_delete` = 0 ) AND ( `is_new` = 1 ) ORDER BY listorder asc  [ RunTime:0.001583s ]
SQL: SELECT * FROM `php34_movie` WHERE ( `status` = 1 ) AND ( `is_delete` = 0 ) AND ( `is_best` = 1 ) ORDER BY listorder asc  [ RunTime:0.001561s ]

[ 2017-10-08T22:18:55+08:00 ] 113.90.180.204 /index.php/Home/App/getwd
INFO: [ app_init ] --START--
INFO: Run Behavior\BuildLiteBehavior [ RunTime:0.000024s ]
INFO: [ app_init ] --END-- [ RunTime:0.008807s ]
INFO: [ app_begin ] --START--
INFO: Run Behavior\ReadHtmlCacheBehavior [ RunTime:0.008400s ]
INFO: [ app_begin ] --END-- [ RunTime:0.008484s ]
SQL: SHOW COLUMNS FROM `php34_category` [ RunTime:0.021555s ]
SQL: SELECT * FROM `php34_category`  [ RunTime:0.003121s ]
SQL: SHOW COLUMNS FROM `php34_movie` [ RunTime:0.004937s ]
SQL: SELECT `id` FROM `php34_category` WHERE ( `cat_name` = '舞蹈' )  [ RunTime:0.001729s ]
SQL: SELECT * FROM `php34_category`  [ RunTime:0.001963s ]
SQL: SELECT * FROM `php34_category`  [ RunTime:0.001968s ]
SQL: SELECT * FROM `php34_category`  [ RunTime:0.003080s ]
SQL: SELECT * FROM `php34_category`  [ RunTime:0.000323s ]
SQL: SELECT * FROM `php34_category`  [ RunTime:0.000319s ]
SQL: SELECT * FROM `php34_category`  [ RunTime:0.000672s ]
SQL: SELECT * FROM `php34_category`  [ RunTime:0.000323s ]
SQL: SELECT * FROM `php34_category`  [ RunTime:0.000321s ]
SQL: SHOW COLUMNS FROM `php34_movie` [ RunTime:0.004025s ]
SQL: SELECT * FROM `php34_movie`  [ RunTime:0.000924s ]
NOTIC: [8] Undefined variable: extdata1 C:\phpstudy\WWW\shop34\Application\Admin\Model\MovieModel.class.php 第 337 行.
NOTIC: [8] Undefined variable: extdata1 C:\phpstudy\WWW\shop34\Application\Admin\Model\MovieModel.class.php 第 337 行.
NOTIC: [8] Undefined variable: extdata1 C:\phpstudy\WWW\shop34\Application\Admin\Model\MovieModel.class.php 第 337 行.
NOTIC: [8] Undefined variable: extdata1 C:\phpstudy\WWW\shop34\Application\Admin\Model\MovieModel.class.php 第 337 行.
NOTIC: [8] Undefined variable: extdata1 C:\phpstudy\WWW\shop34\Application\Admin\Model\MovieModel.class.php 第 337 行.
NOTIC: [8] Undefined variable: extdata1 C:\phpstudy\WWW\shop34\Application\Admin\Model\MovieModel.class.php 第 337 行.
NOTIC: [8] Undefined variable: extdata1 C:\phpstudy\WWW\shop34\Application\Admin\Model\MovieModel.class.php 第 337 行.
NOTIC: [8] Undefined variable: extdata1 C:\phpstudy\WWW\shop34\Application\Admin\Model\MovieModel.class.php 第 337 行.
NOTIC: [8] Undefined variable: extdata1 C:\phpstudy\WWW\shop34\Application\Admin\Model\MovieModel.class.php 第 337 行.
NOTIC: [8] Undefined variable: extdata1 C:\phpstudy\WWW\shop34\Application\Admin\Model\MovieModel.class.php 第 337 行.
NOTIC: [8] Undefined variable: extdata1 C:\phpstudy\WWW\shop34\Application\Admin\Model\MovieModel.class.php 第 337 行.
NOTIC: [8] Undefined variable: extdata1 C:\phpstudy\WWW\shop34\Application\Admin\Model\MovieModel.class.php 第 337 行.
NOTIC: [8] Undefined variable: extdata1 C:\phpstudy\WWW\shop34\Application\Admin\Model\MovieModel.class.php 第 337 行.
NOTIC: [8] Undefined variable: extdata1 C:\phpstudy\WWW\shop34\Application\Admin\Model\MovieModel.class.php 第 337 行.
NOTIC: [8] Undefined variable: extdata1 C:\phpstudy\WWW\shop34\Application\Admin\Model\MovieModel.class.php 第 337 行.
NOTIC: [8] Undefined variable: extdata1 C:\phpstudy\WWW\shop34\Application\Admin\Model\MovieModel.class.php 第 337 行.
NOTIC: [8] Undefined variable: extdata1 C:\phpstudy\WWW\shop34\Application\Admin\Model\MovieModel.class.php 第 337 行.
NOTIC: [8] Undefined variable: extdata1 C:\phpstudy\WWW\shop34\Application\Admin\Model\MovieModel.class.php 第 337 行.
NOTIC: [8] Undefined variable: extdata1 C:\phpstudy\WWW\shop34\Application\Admin\Model\MovieModel.class.php 第 337 行.
NOTIC: [8] Undefined variable: extdata1 C:\phpstudy\WWW\shop34\Application\Admin\Model\MovieModel.class.php 第 337 行.
NOTIC: [2] in_array() expects parameter 2 to be array, string given C:\phpstudy\WWW\shop34\Application\Admin\Model\MovieModel.class.php 第 328 行.
NOTIC: [2] in_array() expects parameter 2 to be array, string given C:\phpstudy\WWW\shop34\Application\Admin\Model\MovieModel.class.php 第 328 行.
NOTIC: [2] in_array() expects parameter 2 to be array, string given C:\phpstudy\WWW\shop34\Application\Admin\Model\MovieModel.class.php 第 328 行.
NOTIC: [2] in_array() expects parameter 2 to be array, string given C:\phpstudy\WWW\shop34\Application\Admin\Model\MovieModel.class.php 第 328 行.
NOTIC: [2] in_array() expects parameter 2 to be array, string given C:\phpstudy\WWW\shop34\Application\Admin\Model\MovieModel.class.php 第 328 行.
NOTIC: [2] in_array() expects parameter 2 to be array, string given C:\phpstudy\WWW\shop34\Application\Admin\Model\MovieModel.class.php 第 328 行.
NOTIC: [2] in_array() expects parameter 2 to be array, string given C:\phpstudy\WWW\shop34\Application\Admin\Model\MovieModel.class.php 第 328 行.
NOTIC: [2] in_array() expects parameter 2 to be array, string given C:\phpstudy\WWW\shop34\Application\Admin\Model\MovieModel.class.php 第 328 行.
NOTIC: [2] in_array() expects parameter 2 to be array, string given C:\phpstudy\WWW\shop34\Application\Admin\Model\MovieModel.class.php 第 328 行.
NOTIC: [2] in_array() expects parameter 2 to be array, string given C:\phpstudy\WWW\shop34\Application\Admin\Model\MovieModel.class.php 第 328 行.
NOTIC: [2] in_array() expects parameter 2 to be array, string given C:\phpstudy\WWW\shop34\Application\Admin\Model\MovieModel.class.php 第 328 行.
NOTIC: [2] in_array() expects parameter 2 to be array, string given C:\phpstudy\WWW\shop34\Application\Admin\Model\MovieModel.class.php 第 328 行.
NOTIC: [2] in_array() expects parameter 2 to be array, string given C:\phpstudy\WWW\shop34\Application\Admin\Model\MovieModel.class.php 第 328 行.
NOTIC: [2] in_array() expects parameter 2 to be array, string given C:\phpstudy\WWW\shop34\Application\Admin\Model\MovieModel.class.php 第 328 行.
NOTIC: [2] in_array() expects parameter 2 to be array, string given C:\phpstudy\WWW\shop34\Application\Admin\Model\MovieModel.class.php 第 328 行.
NOTIC: [2] in_array() expects parameter 2 to be array, string given C:\phpstudy\WWW\shop34\Application\Admin\Model\MovieModel.class.php 第 328 行.
NOTIC: [2] in_array() expects parameter 2 to be array, string given C:\phpstudy\WWW\shop34\Application\Admin\Model\MovieModel.class.php 第 328 行.
NOTIC: [2] in_array() expects parameter 2 to be array, string given C:\phpstudy\WWW\shop34\Application\Admin\Model\MovieModel.class.php 第 328 行.
NOTIC: [2] in_array() expects parameter 2 to be array, string given C:\phpstudy\WWW\shop34\Application\Admin\Model\MovieModel.class.php 第 328 行.
NOTIC: [2] in_array() expects parameter 2 to be array, string given C:\phpstudy\WWW\shop34\Application\Admin\Model\MovieModel.class.php 第 328 行.
NOTIC: [2] in_array() expects parameter 2 to be array, string given C:\phpstudy\WWW\shop34\Application\Admin\Model\MovieModel.class.php 第 328 行.
NOTIC: [2] in_array() expects parameter 2 to be array, string given C:\phpstudy\WWW\shop34\Application\Admin\Model\MovieModel.class.php 第 328 行.
NOTIC: [2] in_array() expects parameter 2 to be array, string given C:\phpstudy\WWW\shop34\Application\Admin\Model\MovieModel.class.php 第 328 行.
NOTIC: [2] in_array() expects parameter 2 to be array, string given C:\phpstudy\WWW\shop34\Application\Admin\Model\MovieModel.class.php 第 328 行.
NOTIC: [2] in_array() expects parameter 2 to be array, string given C:\phpstudy\WWW\shop34\Application\Admin\Model\MovieModel.class.php 第 328 行.
NOTIC: [2] in_array() expects parameter 2 to be array, string given C:\phpstudy\WWW\shop34\Application\Admin\Model\MovieModel.class.php 第 328 行.
NOTIC: [2] in_array() expects parameter 2 to be array, string given C:\phpstudy\WWW\shop34\Application\Admin\Model\MovieModel.class.php 第 328 行.
NOTIC: [2] in_array() expects parameter 2 to be array, string given C:\phpstudy\WWW\shop34\Application\Admin\Model\MovieModel.class.php 第 328 行.
NOTIC: [2] in_array() expects parameter 2 to be array, string given C:\phpstudy\WWW\shop34\Application\Admin\Model\MovieModel.class.php 第 328 行.
NOTIC: [2] in_array() expects parameter 2 to be array, string given C:\phpstudy\WWW\shop34\Application\Admin\Model\MovieModel.class.php 第 328 行.
NOTIC: [2] in_array() expects parameter 2 to be array, string given C:\phpstudy\WWW\shop34\Application\Admin\Model\MovieModel.class.php 第 328 行.
NOTIC: [2] in_array() expects parameter 2 to be array, string given C:\phpstudy\WWW\shop34\Application\Admin\Model\MovieModel.class.php 第 328 行.
NOTIC: [2] in_array() expects parameter 2 to be array, string given C:\phpstudy\WWW\shop34\Application\Admin\Model\MovieModel.class.php 第 328 行.
NOTIC: [2] in_array() expects parameter 2 to be array, string given C:\phpstudy\WWW\shop34\Application\Admin\Model\MovieModel.class.php 第 328 行.
NOTIC: [2] in_array() expects parameter 2 to be array, string given C:\phpstudy\WWW\shop34\Application\Admin\Model\MovieModel.class.php 第 328 行.
NOTIC: [2] in_array() expects parameter 2 to be array, string given C:\phpstudy\WWW\shop34\Application\Admin\Model\MovieModel.class.php 第 328 行.
NOTIC: [2] in_array() expects parameter 2 to be array, string given C:\phpstudy\WWW\shop34\Application\Admin\Model\MovieModel.class.php 第 328 行.
NOTIC: [2] in_array() expects parameter 2 to be array, string given C:\phpstudy\WWW\shop34\Application\Admin\Model\MovieModel.class.php 第 328 行.
NOTIC: [2] in_array() expects parameter 2 to be array, string given C:\phpstudy\WWW\shop34\Application\Admin\Model\MovieModel.class.php 第 328 行.
NOTIC: [2] in_array() expects parameter 2 to be array, string given C:\phpstudy\WWW\shop34\Application\Admin\Model\MovieModel.class.php 第 328 行.
NOTIC: [2] in_array() expects parameter 2 to be array, string given C:\phpstudy\WWW\shop34\Application\Admin\Model\MovieModel.class.php 第 328 行.
NOTIC: [2] in_array() expects parameter 2 to be array, string given C:\phpstudy\WWW\shop34\Application\Admin\Model\MovieModel.class.php 第 328 行.
NOTIC: [2] in_array() expects parameter 2 to be array, string given C:\phpstudy\WWW\shop34\Application\Admin\Model\MovieModel.class.php 第 328 行.
NOTIC: [2] in_array() expects parameter 2 to be array, string given C:\phpstudy\WWW\shop34\Application\Admin\Model\MovieModel.class.php 第 328 行.
NOTIC: [2] in_array() expects parameter 2 to be array, string given C:\phpstudy\WWW\shop34\Application\Admin\Model\MovieModel.class.php 第 328 行.
NOTIC: [2] in_array() expects parameter 2 to be array, string given C:\phpstudy\WWW\shop34\Application\Admin\Model\MovieModel.class.php 第 328 行.
NOTIC: [2] in_array() expects parameter 2 to be array, string given C:\phpstudy\WWW\shop34\Application\Admin\Model\MovieModel.class.php 第 328 行.
NOTIC: [2] in_array() expects parameter 2 to be array, string given C:\phpstudy\WWW\shop34\Application\Admin\Model\MovieModel.class.php 第 328 行.
NOTIC: [2] in_array() expects parameter 2 to be array, string given C:\phpstudy\WWW\shop34\Application\Admin\Model\MovieModel.class.php 第 328 行.
NOTIC: [2] in_array() expects parameter 2 to be array, string given C:\phpstudy\WWW\shop34\Application\Admin\Model\MovieModel.class.php 第 328 行.
NOTIC: [2] in_array() expects parameter 2 to be array, string given C:\phpstudy\WWW\shop34\Application\Admin\Model\MovieModel.class.php 第 328 行.
NOTIC: [2] in_array() expects parameter 2 to be array, string given C:\phpstudy\WWW\shop34\Application\Admin\Model\MovieModel.class.php 第 328 行.
NOTIC: [2] in_array() expects parameter 2 to be array, string given C:\phpstudy\WWW\shop34\Application\Admin\Model\MovieModel.class.php 第 328 行.
NOTIC: [2] in_array() expects parameter 2 to be array, string given C:\phpstudy\WWW\shop34\Application\Admin\Model\MovieModel.class.php 第 328 行.
NOTIC: [2] in_array() expects parameter 2 to be array, string given C:\phpstudy\WWW\shop34\Application\Admin\Model\MovieModel.class.php 第 328 行.
NOTIC: [2] in_array() expects parameter 2 to be array, string given C:\phpstudy\WWW\shop34\Application\Admin\Model\MovieModel.class.php 第 328 行.
NOTIC: [2] in_array() expects parameter 2 to be array, string given C:\phpstudy\WWW\shop34\Application\Admin\Model\MovieModel.class.php 第 328 行.
NOTIC: [2] in_array() expects parameter 2 to be array, string given C:\phpstudy\WWW\shop34\Application\Admin\Model\MovieModel.class.php 第 328 行.
NOTIC: [2] in_array() expects parameter 2 to be array, string given C:\phpstudy\WWW\shop34\Application\Admin\Model\MovieModel.class.php 第 328 行.
NOTIC: [2] in_array() expects parameter 2 to be array, string given C:\phpstudy\WWW\shop34\Application\Admin\Model\MovieModel.class.php 第 328 行.
NOTIC: [2] in_array() expects parameter 2 to be array, string given C:\phpstudy\WWW\shop34\Application\Admin\Model\MovieModel.class.php 第 328 行.
NOTIC: [2] in_array() expects parameter 2 to be array, string given C:\phpstudy\WWW\shop34\Application\Admin\Model\MovieModel.class.php 第 328 行.
NOTIC: [2] in_array() expects parameter 2 to be array, string given C:\phpstudy\WWW\shop34\Application\Admin\Model\MovieModel.class.php 第 328 行.
NOTIC: [2] in_array() expects parameter 2 to be array, string given C:\phpstudy\WWW\shop34\Application\Admin\Model\MovieModel.class.php 第 328 行.
NOTIC: [2] in_array() expects parameter 2 to be array, string given C:\phpstudy\WWW\shop34\Application\Admin\Model\MovieModel.class.php 第 328 行.
NOTIC: [2] in_array() expects parameter 2 to be array, string given C:\phpstudy\WWW\shop34\Application\Admin\Model\MovieModel.class.php 第 328 行.
NOTIC: [2] in_array() expects parameter 2 to be array, string given C:\phpstudy\WWW\shop34\Application\Admin\Model\MovieModel.class.php 第 328 行.
NOTIC: [2] in_array() expects parameter 2 to be array, string given C:\phpstudy\WWW\shop34\Application\Admin\Model\MovieModel.class.php 第 328 行.
NOTIC: [2] in_array() expects parameter 2 to be array, string given C:\phpstudy\WWW\shop34\Application\Admin\Model\MovieModel.class.php 第 328 行.
NOTIC: [2] in_array() expects parameter 2 to be array, string given C:\phpstudy\WWW\shop34\Application\Admin\Model\MovieModel.class.php 第 328 行.
NOTIC: [2] in_array() expects parameter 2 to be array, string given C:\phpstudy\WWW\shop34\Application\Admin\Model\MovieModel.class.php 第 328 行.
NOTIC: [2] in_array() expects parameter 2 to be array, string given C:\phpstudy\WWW\shop34\Application\Admin\Model\MovieModel.class.php 第 328 行.
NOTIC: [2] in_array() expects parameter 2 to be array, string given C:\phpstudy\WWW\shop34\Application\Admin\Model\MovieModel.class.php 第 328 行.
NOTIC: [2] in_array() expects parameter 2 to be array, string given C:\phpstudy\WWW\shop34\Application\Admin\Model\MovieModel.class.php 第 328 行.
NOTIC: [2] in_array() expects parameter 2 to be array, string given C:\phpstudy\WWW\shop34\Application\Admin\Model\MovieModel.class.php 第 328 行.
NOTIC: [2] in_array() expects parameter 2 to be array, string given C:\phpstudy\WWW\shop34\Application\Admin\Model\MovieModel.class.php 第 328 行.
NOTIC: [2] in_array() expects parameter 2 to be array, string given C:\phpstudy\WWW\shop34\Application\Admin\Model\MovieModel.class.php 第 328 行.
NOTIC: [2] in_array() expects parameter 2 to be array, string given C:\phpstudy\WWW\shop34\Application\Admin\Model\MovieModel.class.php 第 328 行.
NOTIC: [2] in_array() expects parameter 2 to be array, string given C:\phpstudy\WWW\shop34\Application\Admin\Model\MovieModel.class.php 第 328 行.
NOTIC: [2] in_array() expects parameter 2 to be array, string given C:\phpstudy\WWW\shop34\Application\Admin\Model\MovieModel.class.php 第 328 行.
NOTIC: [2] in_array() expects parameter 2 to be array, string given C:\phpstudy\WWW\shop34\Application\Admin\Model\MovieModel.class.php 第 328 行.
NOTIC: [2] in_array() expects parameter 2 to be array, string given C:\phpstudy\WWW\shop34\Application\Admin\Model\MovieModel.class.php 第 328 行.
NOTIC: [2] in_array() expects parameter 2 to be array, string given C:\phpstudy\WWW\shop34\Application\Admin\Model\MovieModel.class.php 第 328 行.
NOTIC: [2] in_array() expects parameter 2 to be array, string given C:\phpstudy\WWW\shop34\Application\Admin\Model\MovieModel.class.php 第 328 行.
NOTIC: [2] in_array() expects parameter 2 to be array, string given C:\phpstudy\WWW\shop34\Application\Admin\Model\MovieModel.class.php 第 328 行.
NOTIC: [2] in_array() expects parameter 2 to be array, string given C:\phpstudy\WWW\shop34\Application\Admin\Model\MovieModel.class.php 第 328 行.
NOTIC: [2] in_array() expects parameter 2 to be array, string given C:\phpstudy\WWW\shop34\Application\Admin\Model\MovieModel.class.php 第 328 行.
NOTIC: [2] in_array() expects parameter 2 to be array, string given C:\phpstudy\WWW\shop34\Application\Admin\Model\MovieModel.class.php 第 328 行.
NOTIC: [2] in_array() expects parameter 2 to be array, string given C:\phpstudy\WWW\shop34\Application\Admin\Model\MovieModel.class.php 第 328 行.
NOTIC: [2] in_array() expects parameter 2 to be array, string given C:\phpstudy\WWW\shop34\Application\Admin\Model\MovieModel.class.php 第 328 行.
NOTIC: [2] in_array() expects parameter 2 to be array, string given C:\phpstudy\WWW\shop34\Application\Admin\Model\MovieModel.class.php 第 328 行.
NOTIC: [2] in_array() expects parameter 2 to be array, string given C:\phpstudy\WWW\shop34\Application\Admin\Model\MovieModel.class.php 第 328 行.
NOTIC: [2] in_array() expects parameter 2 to be array, string given C:\phpstudy\WWW\shop34\Application\Admin\Model\MovieModel.class.php 第 328 行.
NOTIC: [2] in_array() expects parameter 2 to be array, string given C:\phpstudy\WWW\shop34\Application\Admin\Model\MovieModel.class.php 第 328 行.
NOTIC: [2] in_array() expects parameter 2 to be array, string given C:\phpstudy\WWW\shop34\Application\Admin\Model\MovieModel.class.php 第 328 行.
NOTIC: [2] in_array() expects parameter 2 to be array, string given C:\phpstudy\WWW\shop34\Application\Admin\Model\MovieModel.class.php 第 328 行.
NOTIC: [2] in_array() expects parameter 2 to be array, string given C:\phpstudy\WWW\shop34\Application\Admin\Model\MovieModel.class.php 第 328 行.
NOTIC: [2] in_array() expects parameter 2 to be array, string given C:\phpstudy\WWW\shop34\Application\Admin\Model\MovieModel.class.php 第 328 行.
NOTIC: [2] in_array() expects parameter 2 to be array, string given C:\phpstudy\WWW\shop34\Application\Admin\Model\MovieModel.class.php 第 328 行.
NOTIC: [2] in_array() expects parameter 2 to be array, string given C:\phpstudy\WWW\shop34\Application\Admin\Model\MovieModel.class.php 第 328 行.
NOTIC: [2] in_array() expects parameter 2 to be array, string given C:\phpstudy\WWW\shop34\Application\Admin\Model\MovieModel.class.php 第 328 行.
NOTIC: [2] in_array() expects parameter 2 to be array, string given C:\phpstudy\WWW\shop34\Application\Admin\Model\MovieModel.class.php 第 328 行.
NOTIC: [2] in_array() expects parameter 2 to be array, string given C:\phpstudy\WWW\shop34\Application\Admin\Model\MovieModel.class.php 第 328 行.
NOTIC: [2] in_array() expects parameter 2 to be array, string given C:\phpstudy\WWW\shop34\Application\Admin\Model\MovieModel.class.php 第 328 行.
NOTIC: [2] in_array() expects parameter 2 to be array, string given C:\phpstudy\WWW\shop34\Application\Admin\Model\MovieModel.class.php 第 328 行.
SQL: SELECT * FROM `php34_movie` WHERE ( `category_id` IN ('36','80','31','44','50','56','62','68','74') )  [ RunTime:0.000633s ]
SQL: SHOW COLUMNS FROM `php34_advert` [ RunTime:0.001677s ]
SQL: SELECT * FROM `php34_advert` ORDER BY id DESC LIMIT 1   [ RunTime:0.000268s ]

[ 2017-10-08T22:19:01+08:00 ] 113.90.180.204 //index.php/home/App/ishot
INFO: [ app_init ] --START--
INFO: Run Behavior\BuildLiteBehavior [ RunTime:0.000025s ]
INFO: [ app_init ] --END-- [ RunTime:0.002576s ]
INFO: [ app_begin ] --START--
INFO: Run Behavior\ReadHtmlCacheBehavior [ RunTime:0.002589s ]
INFO: [ app_begin ] --END-- [ RunTime:0.002675s ]
SQL: SHOW COLUMNS FROM `php34_category` [ RunTime:0.001932s ]
SQL: SELECT * FROM `php34_category`  [ RunTime:0.000353s ]
SQL: SHOW COLUMNS FROM `php34_movie` [ RunTime:0.001515s ]
SQL: SELECT * FROM `php34_movie` WHERE ( `status` = 1 ) AND ( `is_delete` = 0 ) AND ( `is_hot` = 1 ) ORDER BY listorder asc  [ RunTime:0.001095s ]

[ 2017-10-08T22:19:24+08:00 ] 117.136.79.156 //index.php/home/App/ishot
INFO: [ app_init ] --START--
INFO: Run Behavior\BuildLiteBehavior [ RunTime:0.000026s ]
INFO: [ app_init ] --END-- [ RunTime:0.001553s ]
INFO: [ app_begin ] --START--
INFO: Run Behavior\ReadHtmlCacheBehavior [ RunTime:0.002264s ]
INFO: [ app_begin ] --END-- [ RunTime:0.002355s ]
SQL: SHOW COLUMNS FROM `php34_category` [ RunTime:0.001683s ]
SQL: SELECT * FROM `php34_category`  [ RunTime:0.000358s ]
SQL: SHOW COLUMNS FROM `php34_movie` [ RunTime:0.001666s ]
SQL: SELECT * FROM `php34_movie` WHERE ( `status` = 1 ) AND ( `is_delete` = 0 ) AND ( `is_hot` = 1 ) ORDER BY listorder asc  [ RunTime:0.001311s ]

