[ 2017-10-07T02:31:25+08:00 ] 101.232.208.154 /index.php/Home/App/index
INFO: [ app_init ] --START--
INFO: Run Behavior\BuildLiteBehavior [ RunTime:0.000024s ]
INFO: [ app_init ] --END-- [ RunTime:0.000479s ]
INFO: [ app_begin ] --START--
INFO: Run Behavior\ReadHtmlCacheBehavior [ RunTime:0.000821s ]
INFO: [ app_begin ] --END-- [ RunTime:0.000892s ]
SQL: SHOW COLUMNS FROM `php34_category` [ RunTime:0.016084s ]
SQL: SELECT * FROM `php34_category`  [ RunTime:0.000365s ]
SQL: SHOW COLUMNS FROM `php34_movie` [ RunTime:0.002084s ]
SQL: SELECT * FROM `php34_movie` WHERE ( `status` = 1 ) AND ( `is_delete` = 0 ) AND ( `is_hot` = 1 ) ORDER BY listorder asc  [ RunTime:0.001174s ]
SQL: SELECT * FROM `php34_movie` WHERE ( `status` = 1 ) AND ( `is_delete` = 0 ) AND ( `is_new` = 1 ) ORDER BY listorder asc  [ RunTime:0.000957s ]
SQL: SELECT * FROM `php34_movie` WHERE ( `status` = 1 ) AND ( `is_delete` = 0 ) AND ( `is_best` = 1 ) ORDER BY listorder asc  [ RunTime:0.000942s ]

[ 2017-10-07T02:31:25+08:00 ] 101.232.208.154 /index.php/Home/App/getwd
INFO: [ app_init ] --START--
INFO: Run Behavior\BuildLiteBehavior [ RunTime:0.000026s ]
INFO: [ app_init ] --END-- [ RunTime:0.000483s ]
INFO: [ app_begin ] --START--
INFO: Run Behavior\ReadHtmlCacheBehavior [ RunTime:0.000800s ]
INFO: [ app_begin ] --END-- [ RunTime:0.000872s ]
SQL: SHOW COLUMNS FROM `php34_category` [ RunTime:0.010759s ]
SQL: SELECT * FROM `php34_category`  [ RunTime:0.000559s ]
SQL: SHOW COLUMNS FROM `php34_movie` [ RunTime:0.014367s ]
SQL: SELECT `id` FROM `php34_category` WHERE ( `cat_name` = '舞蹈' )  [ RunTime:0.000259s ]
SQL: SELECT * FROM `php34_category`  [ RunTime:0.000330s ]
SQL: SELECT * FROM `php34_category`  [ RunTime:0.000325s ]
SQL: SELECT * FROM `php34_category`  [ RunTime:0.000318s ]
SQL: SELECT * FROM `php34_category`  [ RunTime:0.000335s ]
SQL: SELECT * FROM `php34_category`  [ RunTime:0.000357s ]
SQL: SELECT * FROM `php34_category`  [ RunTime:0.000317s ]
SQL: SELECT * FROM `php34_category`  [ RunTime:0.000316s ]
SQL: SELECT * FROM `php34_category`  [ RunTime:0.000317s ]
SQL: SHOW COLUMNS FROM `php34_movie` [ RunTime:0.001953s ]
SQL: SELECT * FROM `php34_movie`  [ RunTime:0.000792s ]
NOTIC: [8] Undefined variable: extdata1 C:\phpstudy\WWW\shop34\Application\Admin\Model\MovieModel.class.php 第 337 行.
NOTIC: [8] Undefined variable: extdata1 C:\phpstudy\WWW\shop34\Application\Admin\Model\MovieModel.class.php 第 337 行.
NOTIC: [8] Undefined variable: extdata1 C:\phpstudy\WWW\shop34\Application\Admin\Model\MovieModel.class.php 第 337 行.
NOTIC: [8] Undefined variable: extdata1 C:\phpstudy\WWW\shop34\Application\Admin\Model\MovieModel.class.php 第 337 行.
NOTIC: [8] Undefined variable: extdata1 C:\phpstudy\WWW\shop34\Application\Admin\Model\MovieModel.class.php 第 337 行.
NOTIC: [8] Undefined variable: extdata1 C:\phpstudy\WWW\shop34\Application\Admin\Model\MovieModel.class.php 第 337 行.
NOTIC: [8] Undefined variable: extdata1 C:\phpstudy\WWW\shop34\Application\Admin\Model\MovieModel.class.php 第 337 行.
NOTIC: [8] Undefined variable: extdata1 C:\phpstudy\WWW\shop34\Application\Admin\Model\MovieModel.class.php 第 337 行.
NOTIC: [8] Undefined variable: extdata1 C:\phpstudy\WWW\shop34\Application\Admin\Model\MovieModel.class.php 第 337 行.
NOTIC: [8] Undefined variable: extdata1 C:\phpstudy\WWW\shop34\Application\Admin\Model\MovieModel.class.php 第 337 行.
NOTIC: [8] Undefined variable: extdata1 C:\phpstudy\WWW\shop34\Application\Admin\Model\MovieModel.class.php 第 337 行.
NOTIC: [8] Undefined variable: extdata1 C:\phpstudy\WWW\shop34\Application\Admin\Model\MovieModel.class.php 第 337 行.
NOTIC: [8] Undefined variable: extdata1 C:\phpstudy\WWW\shop34\Application\Admin\Model\MovieModel.class.php 第 337 行.
NOTIC: [8] Undefined variable: extdata1 C:\phpstudy\WWW\shop34\Application\Admin\Model\MovieModel.class.php 第 337 行.
NOTIC: [8] Undefined variable: extdata1 C:\phpstudy\WWW\shop34\Application\Admin\Model\MovieModel.class.php 第 337 行.
NOTIC: [8] Undefined variable: extdata1 C:\phpstudy\WWW\shop34\Application\Admin\Model\MovieModel.class.php 第 337 行.
NOTIC: [8] Undefined variable: extdata1 C:\phpstudy\WWW\shop34\Application\Admin\Model\MovieModel.class.php 第 337 行.
NOTIC: [8] Undefined variable: extdata1 C:\phpstudy\WWW\shop34\Application\Admin\Model\MovieModel.class.php 第 337 行.
NOTIC: [8] Undefined variable: extdata1 C:\phpstudy\WWW\shop34\Application\Admin\Model\MovieModel.class.php 第 337 行.
NOTIC: [8] Undefined variable: extdata1 C:\phpstudy\WWW\shop34\Application\Admin\Model\MovieModel.class.php 第 337 行.
NOTIC: [2] in_array() expects parameter 2 to be array, string given C:\phpstudy\WWW\shop34\Application\Admin\Model\MovieModel.class.php 第 328 行.
NOTIC: [2] in_array() expects parameter 2 to be array, string given C:\phpstudy\WWW\shop34\Application\Admin\Model\MovieModel.class.php 第 328 行.
NOTIC: [2] in_array() expects parameter 2 to be array, string given C:\phpstudy\WWW\shop34\Application\Admin\Model\MovieModel.class.php 第 328 行.
NOTIC: [2] in_array() expects parameter 2 to be array, string given C:\phpstudy\WWW\shop34\Application\Admin\Model\MovieModel.class.php 第 328 行.
NOTIC: [2] in_array() expects parameter 2 to be array, string given C:\phpstudy\WWW\shop34\Application\Admin\Model\MovieModel.class.php 第 328 行.
NOTIC: [2] in_array() expects parameter 2 to be array, string given C:\phpstudy\WWW\shop34\Application\Admin\Model\MovieModel.class.php 第 328 行.
NOTIC: [2] in_array() expects parameter 2 to be array, string given C:\phpstudy\WWW\shop34\Application\Admin\Model\MovieModel.class.php 第 328 行.
NOTIC: [2] in_array() expects parameter 2 to be array, string given C:\phpstudy\WWW\shop34\Application\Admin\Model\MovieModel.class.php 第 328 行.
NOTIC: [2] in_array() expects parameter 2 to be array, string given C:\phpstudy\WWW\shop34\Application\Admin\Model\MovieModel.class.php 第 328 行.
NOTIC: [2] in_array() expects parameter 2 to be array, string given C:\phpstudy\WWW\shop34\Application\Admin\Model\MovieModel.class.php 第 328 行.
NOTIC: [2] in_array() expects parameter 2 to be array, string given C:\phpstudy\WWW\shop34\Application\Admin\Model\MovieModel.class.php 第 328 行.
NOTIC: [2] in_array() expects parameter 2 to be array, string given C:\phpstudy\WWW\shop34\Application\Admin\Model\MovieModel.class.php 第 328 行.
NOTIC: [2] in_array() expects parameter 2 to be array, string given C:\phpstudy\WWW\shop34\Application\Admin\Model\MovieModel.class.php 第 328 行.
NOTIC: [2] in_array() expects parameter 2 to be array, string given C:\phpstudy\WWW\shop34\Application\Admin\Model\MovieModel.class.php 第 328 行.
NOTIC: [2] in_array() expects parameter 2 to be array, string given C:\phpstudy\WWW\shop34\Application\Admin\Model\MovieModel.class.php 第 328 行.
NOTIC: [2] in_array() expects parameter 2 to be array, string given C:\phpstudy\WWW\shop34\Application\Admin\Model\MovieModel.class.php 第 328 行.
NOTIC: [2] in_array() expects parameter 2 to be array, string given C:\phpstudy\WWW\shop34\Application\Admin\Model\MovieModel.class.php 第 328 行.
NOTIC: [2] in_array() expects parameter 2 to be array, string given C:\phpstudy\WWW\shop34\Application\Admin\Model\MovieModel.class.php 第 328 行.
NOTIC: [2] in_array() expects parameter 2 to be array, string given C:\phpstudy\WWW\shop34\Application\Admin\Model\MovieModel.class.php 第 328 行.
NOTIC: [2] in_array() expects parameter 2 to be array, string given C:\phpstudy\WWW\shop34\Application\Admin\Model\MovieModel.class.php 第 328 行.
NOTIC: [2] in_array() expects parameter 2 to be array, string given C:\phpstudy\WWW\shop34\Application\Admin\Model\MovieModel.class.php 第 328 行.
NOTIC: [2] in_array() expects parameter 2 to be array, string given C:\phpstudy\WWW\shop34\Application\Admin\Model\MovieModel.class.php 第 328 行.
NOTIC: [2] in_array() expects parameter 2 to be array, string given C:\phpstudy\WWW\shop34\Application\Admin\Model\MovieModel.class.php 第 328 行.
NOTIC: [2] in_array() expects parameter 2 to be array, string given C:\phpstudy\WWW\shop34\Application\Admin\Model\MovieModel.class.php 第 328 行.
NOTIC: [2] in_array() expects parameter 2 to be array, string given C:\phpstudy\WWW\shop34\Application\Admin\Model\MovieModel.class.php 第 328 行.
NOTIC: [2] in_array() expects parameter 2 to be array, string given C:\phpstudy\WWW\shop34\Application\Admin\Model\MovieModel.class.php 第 328 行.
NOTIC: [2] in_array() expects parameter 2 to be array, string given C:\phpstudy\WWW\shop34\Application\Admin\Model\MovieModel.class.php 第 328 行.
NOTIC: [2] in_array() expects parameter 2 to be array, string given C:\phpstudy\WWW\shop34\Application\Admin\Model\MovieModel.class.php 第 328 行.
NOTIC: [2] in_array() expects parameter 2 to be array, string given C:\phpstudy\WWW\shop34\Application\Admin\Model\MovieModel.class.php 第 328 行.
NOTIC: [2] in_array() expects parameter 2 to be array, string given C:\phpstudy\WWW\shop34\Application\Admin\Model\MovieModel.class.php 第 328 行.
NOTIC: [2] in_array() expects parameter 2 to be array, string given C:\phpstudy\WWW\shop34\Application\Admin\Model\MovieModel.class.php 第 328 行.
NOTIC: [2] in_array() expects parameter 2 to be array, string given C:\phpstudy\WWW\shop34\Application\Admin\Model\MovieModel.class.php 第 328 行.
NOTIC: [2] in_array() expects parameter 2 to be array, string given C:\phpstudy\WWW\shop34\Application\Admin\Model\MovieModel.class.php 第 328 行.
NOTIC: [2] in_array() expects parameter 2 to be array, string given C:\phpstudy\WWW\shop34\Application\Admin\Model\MovieModel.class.php 第 328 行.
NOTIC: [2] in_array() expects parameter 2 to be array, string given C:\phpstudy\WWW\shop34\Application\Admin\Model\MovieModel.class.php 第 328 行.
NOTIC: [2] in_array() expects parameter 2 to be array, string given C:\phpstudy\WWW\shop34\Application\Admin\Model\MovieModel.class.php 第 328 行.
NOTIC: [2] in_array() expects parameter 2 to be array, string given C:\phpstudy\WWW\shop34\Application\Admin\Model\MovieModel.class.php 第 328 行.
NOTIC: [2] in_array() expects parameter 2 to be array, string given C:\phpstudy\WWW\shop34\Application\Admin\Model\MovieModel.class.php 第 328 行.
NOTIC: [2] in_array() expects parameter 2 to be array, string given C:\phpstudy\WWW\shop34\Application\Admin\Model\MovieModel.class.php 第 328 行.
NOTIC: [2] in_array() expects parameter 2 to be array, string given C:\phpstudy\WWW\shop34\Application\Admin\Model\MovieModel.class.php 第 328 行.
NOTIC: [2] in_array() expects parameter 2 to be array, string given C:\phpstudy\WWW\shop34\Application\Admin\Model\MovieModel.class.php 第 328 行.
NOTIC: [2] in_array() expects parameter 2 to be array, string given C:\phpstudy\WWW\shop34\Application\Admin\Model\MovieModel.class.php 第 328 行.
NOTIC: [2] in_array() expects parameter 2 to be array, string given C:\phpstudy\WWW\shop34\Application\Admin\Model\MovieModel.class.php 第 328 行.
NOTIC: [2] in_array() expects parameter 2 to be array, string given C:\phpstudy\WWW\shop34\Application\Admin\Model\MovieModel.class.php 第 328 行.
NOTIC: [2] in_array() expects parameter 2 to be array, string given C:\phpstudy\WWW\shop34\Application\Admin\Model\MovieModel.class.php 第 328 行.
NOTIC: [2] in_array() expects parameter 2 to be array, string given C:\phpstudy\WWW\shop34\Application\Admin\Model\MovieModel.class.php 第 328 行.
NOTIC: [2] in_array() expects parameter 2 to be array, string given C:\phpstudy\WWW\shop34\Application\Admin\Model\MovieModel.class.php 第 328 行.
NOTIC: [2] in_array() expects parameter 2 to be array, string given C:\phpstudy\WWW\shop34\Application\Admin\Model\MovieModel.class.php 第 328 行.
NOTIC: [2] in_array() expects parameter 2 to be array, string given C:\phpstudy\WWW\shop34\Application\Admin\Model\MovieModel.class.php 第 328 行.
NOTIC: [2] in_array() expects parameter 2 to be array, string given C:\phpstudy\WWW\shop34\Application\Admin\Model\MovieModel.class.php 第 328 行.
NOTIC: [2] in_array() expects parameter 2 to be array, string given C:\phpstudy\WWW\shop34\Application\Admin\Model\MovieModel.class.php 第 328 行.
NOTIC: [2] in_array() expects parameter 2 to be array, string given C:\phpstudy\WWW\shop34\Application\Admin\Model\MovieModel.class.php 第 328 行.
NOTIC: [2] in_array() expects parameter 2 to be array, string given C:\phpstudy\WWW\shop34\Application\Admin\Model\MovieModel.class.php 第 328 行.
NOTIC: [2] in_array() expects parameter 2 to be array, string given C:\phpstudy\WWW\shop34\Application\Admin\Model\MovieModel.class.php 第 328 行.
NOTIC: [2] in_array() expects parameter 2 to be array, string given C:\phpstudy\WWW\shop34\Application\Admin\Model\MovieModel.class.php 第 328 行.
NOTIC: [2] in_array() expects parameter 2 to be array, string given C:\phpstudy\WWW\shop34\Application\Admin\Model\MovieModel.class.php 第 328 行.
NOTIC: [2] in_array() expects parameter 2 to be array, string given C:\phpstudy\WWW\shop34\Application\Admin\Model\MovieModel.class.php 第 328 行.
NOTIC: [2] in_array() expects parameter 2 to be array, string given C:\phpstudy\WWW\shop34\Application\Admin\Model\MovieModel.class.php 第 328 行.
NOTIC: [2] in_array() expects parameter 2 to be array, string given C:\phpstudy\WWW\shop34\Application\Admin\Model\MovieModel.class.php 第 328 行.
NOTIC: [2] in_array() expects parameter 2 to be array, string given C:\phpstudy\WWW\shop34\Application\Admin\Model\MovieModel.class.php 第 328 行.
NOTIC: [2] in_array() expects parameter 2 to be array, string given C:\phpstudy\WWW\shop34\Application\Admin\Model\MovieModel.class.php 第 328 行.
NOTIC: [2] in_array() expects parameter 2 to be array, string given C:\phpstudy\WWW\shop34\Application\Admin\Model\MovieModel.class.php 第 328 行.
NOTIC: [2] in_array() expects parameter 2 to be array, string given C:\phpstudy\WWW\shop34\Application\Admin\Model\MovieModel.class.php 第 328 行.
NOTIC: [2] in_array() expects parameter 2 to be array, string given C:\phpstudy\WWW\shop34\Application\Admin\Model\MovieModel.class.php 第 328 行.
NOTIC: [2] in_array() expects parameter 2 to be array, string given C:\phpstudy\WWW\shop34\Application\Admin\Model\MovieModel.class.php 第 328 行.
NOTIC: [2] in_array() expects parameter 2 to be array, string given C:\phpstudy\WWW\shop34\Application\Admin\Model\MovieModel.class.php 第 328 行.
NOTIC: [2] in_array() expects parameter 2 to be array, string given C:\phpstudy\WWW\shop34\Application\Admin\Model\MovieModel.class.php 第 328 行.
NOTIC: [2] in_array() expects parameter 2 to be array, string given C:\phpstudy\WWW\shop34\Application\Admin\Model\MovieModel.class.php 第 328 行.
NOTIC: [2] in_array() expects parameter 2 to be array, string given C:\phpstudy\WWW\shop34\Application\Admin\Model\MovieModel.class.php 第 328 行.
NOTIC: [2] in_array() expects parameter 2 to be array, string given C:\phpstudy\WWW\shop34\Application\Admin\Model\MovieModel.class.php 第 328 行.
NOTIC: [2] in_array() expects parameter 2 to be array, string given C:\phpstudy\WWW\shop34\Application\Admin\Model\MovieModel.class.php 第 328 行.
NOTIC: [2] in_array() expects parameter 2 to be array, string given C:\phpstudy\WWW\shop34\Application\Admin\Model\MovieModel.class.php 第 328 行.
NOTIC: [2] in_array() expects parameter 2 to be array, string given C:\phpstudy\WWW\shop34\Application\Admin\Model\MovieModel.class.php 第 328 行.
NOTIC: [2] in_array() expects parameter 2 to be array, string given C:\phpstudy\WWW\shop34\Application\Admin\Model\MovieModel.class.php 第 328 行.
NOTIC: [2] in_array() expects parameter 2 to be array, string given C:\phpstudy\WWW\shop34\Application\Admin\Model\MovieModel.class.php 第 328 行.
NOTIC: [2] in_array() expects parameter 2 to be array, string given C:\phpstudy\WWW\shop34\Application\Admin\Model\MovieModel.class.php 第 328 行.
NOTIC: [2] in_array() expects parameter 2 to be array, string given C:\phpstudy\WWW\shop34\Application\Admin\Model\MovieModel.class.php 第 328 行.
NOTIC: [2] in_array() expects parameter 2 to be array, string given C:\phpstudy\WWW\shop34\Application\Admin\Model\MovieModel.class.php 第 328 行.
NOTIC: [2] in_array() expects parameter 2 to be array, string given C:\phpstudy\WWW\shop34\Application\Admin\Model\MovieModel.class.php 第 328 行.
NOTIC: [2] in_array() expects parameter 2 to be array, string given C:\phpstudy\WWW\shop34\Application\Admin\Model\MovieModel.class.php 第 328 行.
NOTIC: [2] in_array() expects parameter 2 to be array, string given C:\phpstudy\WWW\shop34\Application\Admin\Model\MovieModel.class.php 第 328 行.
NOTIC: [2] in_array() expects parameter 2 to be array, string given C:\phpstudy\WWW\shop34\Application\Admin\Model\MovieModel.class.php 第 328 行.
NOTIC: [2] in_array() expects parameter 2 to be array, string given C:\phpstudy\WWW\shop34\Application\Admin\Model\MovieModel.class.php 第 328 行.
NOTIC: [2] in_array() expects parameter 2 to be array, string given C:\phpstudy\WWW\shop34\Application\Admin\Model\MovieModel.class.php 第 328 行.
NOTIC: [2] in_array() expects parameter 2 to be array, string given C:\phpstudy\WWW\shop34\Application\Admin\Model\MovieModel.class.php 第 328 行.
NOTIC: [2] in_array() expects parameter 2 to be array, string given C:\phpstudy\WWW\shop34\Application\Admin\Model\MovieModel.class.php 第 328 行.
NOTIC: [2] in_array() expects parameter 2 to be array, string given C:\phpstudy\WWW\shop34\Application\Admin\Model\MovieModel.class.php 第 328 行.
NOTIC: [2] in_array() expects parameter 2 to be array, string given C:\phpstudy\WWW\shop34\Application\Admin\Model\MovieModel.class.php 第 328 行.
NOTIC: [2] in_array() expects parameter 2 to be array, string given C:\phpstudy\WWW\shop34\Application\Admin\Model\MovieModel.class.php 第 328 行.
NOTIC: [2] in_array() expects parameter 2 to be array, string given C:\phpstudy\WWW\shop34\Application\Admin\Model\MovieModel.class.php 第 328 行.
NOTIC: [2] in_array() expects parameter 2 to be array, string given C:\phpstudy\WWW\shop34\Application\Admin\Model\MovieModel.class.php 第 328 行.
NOTIC: [2] in_array() expects parameter 2 to be array, string given C:\phpstudy\WWW\shop34\Application\Admin\Model\MovieModel.class.php 第 328 行.
NOTIC: [2] in_array() expects parameter 2 to be array, string given C:\phpstudy\WWW\shop34\Application\Admin\Model\MovieModel.class.php 第 328 行.
NOTIC: [2] in_array() expects parameter 2 to be array, string given C:\phpstudy\WWW\shop34\Application\Admin\Model\MovieModel.class.php 第 328 行.
NOTIC: [2] in_array() expects parameter 2 to be array, string given C:\phpstudy\WWW\shop34\Application\Admin\Model\MovieModel.class.php 第 328 行.
NOTIC: [2] in_array() expects parameter 2 to be array, string given C:\phpstudy\WWW\shop34\Application\Admin\Model\MovieModel.class.php 第 328 行.
NOTIC: [2] in_array() expects parameter 2 to be array, string given C:\phpstudy\WWW\shop34\Application\Admin\Model\MovieModel.class.php 第 328 行.
NOTIC: [2] in_array() expects parameter 2 to be array, string given C:\phpstudy\WWW\shop34\Application\Admin\Model\MovieModel.class.php 第 328 行.
NOTIC: [2] in_array() expects parameter 2 to be array, string given C:\phpstudy\WWW\shop34\Application\Admin\Model\MovieModel.class.php 第 328 行.
NOTIC: [2] in_array() expects parameter 2 to be array, string given C:\phpstudy\WWW\shop34\Application\Admin\Model\MovieModel.class.php 第 328 行.
NOTIC: [2] in_array() expects parameter 2 to be array, string given C:\phpstudy\WWW\shop34\Application\Admin\Model\MovieModel.class.php 第 328 行.
NOTIC: [2] in_array() expects parameter 2 to be array, string given C:\phpstudy\WWW\shop34\Application\Admin\Model\MovieModel.class.php 第 328 行.
NOTIC: [2] in_array() expects parameter 2 to be array, string given C:\phpstudy\WWW\shop34\Application\Admin\Model\MovieModel.class.php 第 328 行.
NOTIC: [2] in_array() expects parameter 2 to be array, string given C:\phpstudy\WWW\shop34\Application\Admin\Model\MovieModel.class.php 第 328 行.
NOTIC: [2] in_array() expects parameter 2 to be array, string given C:\phpstudy\WWW\shop34\Application\Admin\Model\MovieModel.class.php 第 328 行.
SQL: SELECT * FROM `php34_movie` WHERE ( `category_id` IN ('36','80','31','44','50','56','62','68','74') )  [ RunTime:0.000629s ]
SQL: SHOW COLUMNS FROM `php34_advert` [ RunTime:0.002079s ]
SQL: SELECT * FROM `php34_advert` ORDER BY id DESC LIMIT 1   [ RunTime:0.000276s ]

[ 2017-10-07T17:35:31+08:00 ] 14.25.41.236 /index.php/Home/App/index
INFO: [ app_init ] --START--
INFO: Run Behavior\BuildLiteBehavior [ RunTime:0.000032s ]
INFO: [ app_init ] --END-- [ RunTime:0.000645s ]
INFO: [ app_begin ] --START--
INFO: Run Behavior\ReadHtmlCacheBehavior [ RunTime:0.000670s ]
INFO: [ app_begin ] --END-- [ RunTime:0.000741s ]
SQL: SHOW COLUMNS FROM `php34_category` [ RunTime:0.020102s ]
SQL: SELECT * FROM `php34_category`  [ RunTime:0.000355s ]
SQL: SHOW COLUMNS FROM `php34_movie` [ RunTime:0.001694s ]
SQL: SELECT * FROM `php34_movie` WHERE ( `status` = 1 ) AND ( `is_delete` = 0 ) AND ( `is_hot` = 1 ) ORDER BY listorder asc  [ RunTime:0.001101s ]
SQL: SELECT * FROM `php34_movie` WHERE ( `status` = 1 ) AND ( `is_delete` = 0 ) AND ( `is_new` = 1 ) ORDER BY listorder asc  [ RunTime:0.001558s ]
SQL: SELECT * FROM `php34_movie` WHERE ( `status` = 1 ) AND ( `is_delete` = 0 ) AND ( `is_best` = 1 ) ORDER BY listorder asc  [ RunTime:0.000951s ]

[ 2017-10-07T17:35:31+08:00 ] 14.25.41.236 /index.php/Home/App/getwd
INFO: [ app_init ] --START--
INFO: Run Behavior\BuildLiteBehavior [ RunTime:0.000026s ]
INFO: [ app_init ] --END-- [ RunTime:0.000459s ]
INFO: [ app_begin ] --START--
INFO: Run Behavior\ReadHtmlCacheBehavior [ RunTime:0.000809s ]
INFO: [ app_begin ] --END-- [ RunTime:0.000880s ]
SQL: SHOW COLUMNS FROM `php34_category` [ RunTime:0.016696s ]
SQL: SELECT * FROM `php34_category`  [ RunTime:0.001840s ]
SQL: SHOW COLUMNS FROM `php34_movie` [ RunTime:0.002172s ]
SQL: SELECT `id` FROM `php34_category` WHERE ( `cat_name` = '舞蹈' )  [ RunTime:0.000309s ]
SQL: SELECT * FROM `php34_category`  [ RunTime:0.000349s ]
SQL: SELECT * FROM `php34_category`  [ RunTime:0.000370s ]
SQL: SELECT * FROM `php34_category`  [ RunTime:0.000352s ]
SQL: SELECT * FROM `php34_category`  [ RunTime:0.000323s ]
SQL: SELECT * FROM `php34_category`  [ RunTime:0.000370s ]
SQL: SELECT * FROM `php34_category`  [ RunTime:0.000325s ]
SQL: SELECT * FROM `php34_category`  [ RunTime:0.000322s ]
SQL: SELECT * FROM `php34_category`  [ RunTime:0.000353s ]
SQL: SHOW COLUMNS FROM `php34_movie` [ RunTime:0.001701s ]
SQL: SELECT * FROM `php34_movie`  [ RunTime:0.000823s ]
NOTIC: [8] Undefined variable: extdata1 C:\phpstudy\WWW\shop34\Application\Admin\Model\MovieModel.class.php 第 337 行.
NOTIC: [8] Undefined variable: extdata1 C:\phpstudy\WWW\shop34\Application\Admin\Model\MovieModel.class.php 第 337 行.
NOTIC: [8] Undefined variable: extdata1 C:\phpstudy\WWW\shop34\Application\Admin\Model\MovieModel.class.php 第 337 行.
NOTIC: [8] Undefined variable: extdata1 C:\phpstudy\WWW\shop34\Application\Admin\Model\MovieModel.class.php 第 337 行.
NOTIC: [8] Undefined variable: extdata1 C:\phpstudy\WWW\shop34\Application\Admin\Model\MovieModel.class.php 第 337 行.
NOTIC: [8] Undefined variable: extdata1 C:\phpstudy\WWW\shop34\Application\Admin\Model\MovieModel.class.php 第 337 行.
NOTIC: [8] Undefined variable: extdata1 C:\phpstudy\WWW\shop34\Application\Admin\Model\MovieModel.class.php 第 337 行.
NOTIC: [8] Undefined variable: extdata1 C:\phpstudy\WWW\shop34\Application\Admin\Model\MovieModel.class.php 第 337 行.
NOTIC: [8] Undefined variable: extdata1 C:\phpstudy\WWW\shop34\Application\Admin\Model\MovieModel.class.php 第 337 行.
NOTIC: [8] Undefined variable: extdata1 C:\phpstudy\WWW\shop34\Application\Admin\Model\MovieModel.class.php 第 337 行.
NOTIC: [8] Undefined variable: extdata1 C:\phpstudy\WWW\shop34\Application\Admin\Model\MovieModel.class.php 第 337 行.
NOTIC: [8] Undefined variable: extdata1 C:\phpstudy\WWW\shop34\Application\Admin\Model\MovieModel.class.php 第 337 行.
NOTIC: [8] Undefined variable: extdata1 C:\phpstudy\WWW\shop34\Application\Admin\Model\MovieModel.class.php 第 337 行.
NOTIC: [8] Undefined variable: extdata1 C:\phpstudy\WWW\shop34\Application\Admin\Model\MovieModel.class.php 第 337 行.
NOTIC: [8] Undefined variable: extdata1 C:\phpstudy\WWW\shop34\Application\Admin\Model\MovieModel.class.php 第 337 行.
NOTIC: [8] Undefined variable: extdata1 C:\phpstudy\WWW\shop34\Application\Admin\Model\MovieModel.class.php 第 337 行.
NOTIC: [8] Undefined variable: extdata1 C:\phpstudy\WWW\shop34\Application\Admin\Model\MovieModel.class.php 第 337 行.
NOTIC: [8] Undefined variable: extdata1 C:\phpstudy\WWW\shop34\Application\Admin\Model\MovieModel.class.php 第 337 行.
NOTIC: [8] Undefined variable: extdata1 C:\phpstudy\WWW\shop34\Application\Admin\Model\MovieModel.class.php 第 337 行.
NOTIC: [8] Undefined variable: extdata1 C:\phpstudy\WWW\shop34\Application\Admin\Model\MovieModel.class.php 第 337 行.
NOTIC: [2] in_array() expects parameter 2 to be array, string given C:\phpstudy\WWW\shop34\Application\Admin\Model\MovieModel.class.php 第 328 行.
NOTIC: [2] in_array() expects parameter 2 to be array, string given C:\phpstudy\WWW\shop34\Application\Admin\Model\MovieModel.class.php 第 328 行.
NOTIC: [2] in_array() expects parameter 2 to be array, string given C:\phpstudy\WWW\shop34\Application\Admin\Model\MovieModel.class.php 第 328 行.
NOTIC: [2] in_array() expects parameter 2 to be array, string given C:\phpstudy\WWW\shop34\Application\Admin\Model\MovieModel.class.php 第 328 行.
NOTIC: [2] in_array() expects parameter 2 to be array, string given C:\phpstudy\WWW\shop34\Application\Admin\Model\MovieModel.class.php 第 328 行.
NOTIC: [2] in_array() expects parameter 2 to be array, string given C:\phpstudy\WWW\shop34\Application\Admin\Model\MovieModel.class.php 第 328 行.
NOTIC: [2] in_array() expects parameter 2 to be array, string given C:\phpstudy\WWW\shop34\Application\Admin\Model\MovieModel.class.php 第 328 行.
NOTIC: [2] in_array() expects parameter 2 to be array, string given C:\phpstudy\WWW\shop34\Application\Admin\Model\MovieModel.class.php 第 328 行.
NOTIC: [2] in_array() expects parameter 2 to be array, string given C:\phpstudy\WWW\shop34\Application\Admin\Model\MovieModel.class.php 第 328 行.
NOTIC: [2] in_array() expects parameter 2 to be array, string given C:\phpstudy\WWW\shop34\Application\Admin\Model\MovieModel.class.php 第 328 行.
NOTIC: [2] in_array() expects parameter 2 to be array, string given C:\phpstudy\WWW\shop34\Application\Admin\Model\MovieModel.class.php 第 328 行.
NOTIC: [2] in_array() expects parameter 2 to be array, string given C:\phpstudy\WWW\shop34\Application\Admin\Model\MovieModel.class.php 第 328 行.
NOTIC: [2] in_array() expects parameter 2 to be array, string given C:\phpstudy\WWW\shop34\Application\Admin\Model\MovieModel.class.php 第 328 行.
NOTIC: [2] in_array() expects parameter 2 to be array, string given C:\phpstudy\WWW\shop34\Application\Admin\Model\MovieModel.class.php 第 328 行.
NOTIC: [2] in_array() expects parameter 2 to be array, string given C:\phpstudy\WWW\shop34\Application\Admin\Model\MovieModel.class.php 第 328 行.
NOTIC: [2] in_array() expects parameter 2 to be array, string given C:\phpstudy\WWW\shop34\Application\Admin\Model\MovieModel.class.php 第 328 行.
NOTIC: [2] in_array() expects parameter 2 to be array, string given C:\phpstudy\WWW\shop34\Application\Admin\Model\MovieModel.class.php 第 328 行.
NOTIC: [2] in_array() expects parameter 2 to be array, string given C:\phpstudy\WWW\shop34\Application\Admin\Model\MovieModel.class.php 第 328 行.
NOTIC: [2] in_array() expects parameter 2 to be array, string given C:\phpstudy\WWW\shop34\Application\Admin\Model\MovieModel.class.php 第 328 行.
NOTIC: [2] in_array() expects parameter 2 to be array, string given C:\phpstudy\WWW\shop34\Application\Admin\Model\MovieModel.class.php 第 328 行.
NOTIC: [2] in_array() expects parameter 2 to be array, string given C:\phpstudy\WWW\shop34\Application\Admin\Model\MovieModel.class.php 第 328 行.
NOTIC: [2] in_array() expects parameter 2 to be array, string given C:\phpstudy\WWW\shop34\Application\Admin\Model\MovieModel.class.php 第 328 行.
NOTIC: [2] in_array() expects parameter 2 to be array, string given C:\phpstudy\WWW\shop34\Application\Admin\Model\MovieModel.class.php 第 328 行.
NOTIC: [2] in_array() expects parameter 2 to be array, string given C:\phpstudy\WWW\shop34\Application\Admin\Model\MovieModel.class.php 第 328 行.
NOTIC: [2] in_array() expects parameter 2 to be array, string given C:\phpstudy\WWW\shop34\Application\Admin\Model\MovieModel.class.php 第 328 行.
NOTIC: [2] in_array() expects parameter 2 to be array, string given C:\phpstudy\WWW\shop34\Application\Admin\Model\MovieModel.class.php 第 328 行.
NOTIC: [2] in_array() expects parameter 2 to be array, string given C:\phpstudy\WWW\shop34\Application\Admin\Model\MovieModel.class.php 第 328 行.
NOTIC: [2] in_array() expects parameter 2 to be array, string given C:\phpstudy\WWW\shop34\Application\Admin\Model\MovieModel.class.php 第 328 行.
NOTIC: [2] in_array() expects parameter 2 to be array, string given C:\phpstudy\WWW\shop34\Application\Admin\Model\MovieModel.class.php 第 328 行.
NOTIC: [2] in_array() expects parameter 2 to be array, string given C:\phpstudy\WWW\shop34\Application\Admin\Model\MovieModel.class.php 第 328 行.
NOTIC: [2] in_array() expects parameter 2 to be array, string given C:\phpstudy\WWW\shop34\Application\Admin\Model\MovieModel.class.php 第 328 行.
NOTIC: [2] in_array() expects parameter 2 to be array, string given C:\phpstudy\WWW\shop34\Application\Admin\Model\MovieModel.class.php 第 328 行.
NOTIC: [2] in_array() expects parameter 2 to be array, string given C:\phpstudy\WWW\shop34\Application\Admin\Model\MovieModel.class.php 第 328 行.
NOTIC: [2] in_array() expects parameter 2 to be array, string given C:\phpstudy\WWW\shop34\Application\Admin\Model\MovieModel.class.php 第 328 行.
NOTIC: [2] in_array() expects parameter 2 to be array, string given C:\phpstudy\WWW\shop34\Application\Admin\Model\MovieModel.class.php 第 328 行.
NOTIC: [2] in_array() expects parameter 2 to be array, string given C:\phpstudy\WWW\shop34\Application\Admin\Model\MovieModel.class.php 第 328 行.
NOTIC: [2] in_array() expects parameter 2 to be array, string given C:\phpstudy\WWW\shop34\Application\Admin\Model\MovieModel.class.php 第 328 行.
NOTIC: [2] in_array() expects parameter 2 to be array, string given C:\phpstudy\WWW\shop34\Application\Admin\Model\MovieModel.class.php 第 328 行.
NOTIC: [2] in_array() expects parameter 2 to be array, string given C:\phpstudy\WWW\shop34\Application\Admin\Model\MovieModel.class.php 第 328 行.
NOTIC: [2] in_array() expects parameter 2 to be array, string given C:\phpstudy\WWW\shop34\Application\Admin\Model\MovieModel.class.php 第 328 行.
NOTIC: [2] in_array() expects parameter 2 to be array, string given C:\phpstudy\WWW\shop34\Application\Admin\Model\MovieModel.class.php 第 328 行.
NOTIC: [2] in_array() expects parameter 2 to be array, string given C:\phpstudy\WWW\shop34\Application\Admin\Model\MovieModel.class.php 第 328 行.
NOTIC: [2] in_array() expects parameter 2 to be array, string given C:\phpstudy\WWW\shop34\Application\Admin\Model\MovieModel.class.php 第 328 行.
NOTIC: [2] in_array() expects parameter 2 to be array, string given C:\phpstudy\WWW\shop34\Application\Admin\Model\MovieModel.class.php 第 328 行.
NOTIC: [2] in_array() expects parameter 2 to be array, string given C:\phpstudy\WWW\shop34\Application\Admin\Model\MovieModel.class.php 第 328 行.
NOTIC: [2] in_array() expects parameter 2 to be array, string given C:\phpstudy\WWW\shop34\Application\Admin\Model\MovieModel.class.php 第 328 行.
NOTIC: [2] in_array() expects parameter 2 to be array, string given C:\phpstudy\WWW\shop34\Application\Admin\Model\MovieModel.class.php 第 328 行.
NOTIC: [2] in_array() expects parameter 2 to be array, string given C:\phpstudy\WWW\shop34\Application\Admin\Model\MovieModel.class.php 第 328 行.
NOTIC: [2] in_array() expects parameter 2 to be array, string given C:\phpstudy\WWW\shop34\Application\Admin\Model\MovieModel.class.php 第 328 行.
NOTIC: [2] in_array() expects parameter 2 to be array, string given C:\phpstudy\WWW\shop34\Application\Admin\Model\MovieModel.class.php 第 328 行.
NOTIC: [2] in_array() expects parameter 2 to be array, string given C:\phpstudy\WWW\shop34\Application\Admin\Model\MovieModel.class.php 第 328 行.
NOTIC: [2] in_array() expects parameter 2 to be array, string given C:\phpstudy\WWW\shop34\Application\Admin\Model\MovieModel.class.php 第 328 行.
NOTIC: [2] in_array() expects parameter 2 to be array, string given C:\phpstudy\WWW\shop34\Application\Admin\Model\MovieModel.class.php 第 328 行.
NOTIC: [2] in_array() expects parameter 2 to be array, string given C:\phpstudy\WWW\shop34\Application\Admin\Model\MovieModel.class.php 第 328 行.
NOTIC: [2] in_array() expects parameter 2 to be array, string given C:\phpstudy\WWW\shop34\Application\Admin\Model\MovieModel.class.php 第 328 行.
NOTIC: [2] in_array() expects parameter 2 to be array, string given C:\phpstudy\WWW\shop34\Application\Admin\Model\MovieModel.class.php 第 328 行.
NOTIC: [2] in_array() expects parameter 2 to be array, string given C:\phpstudy\WWW\shop34\Application\Admin\Model\MovieModel.class.php 第 328 行.
NOTIC: [2] in_array() expects parameter 2 to be array, string given C:\phpstudy\WWW\shop34\Application\Admin\Model\MovieModel.class.php 第 328 行.
NOTIC: [2] in_array() expects parameter 2 to be array, string given C:\phpstudy\WWW\shop34\Application\Admin\Model\MovieModel.class.php 第 328 行.
NOTIC: [2] in_array() expects parameter 2 to be array, string given C:\phpstudy\WWW\shop34\Application\Admin\Model\MovieModel.class.php 第 328 行.
NOTIC: [2] in_array() expects parameter 2 to be array, string given C:\phpstudy\WWW\shop34\Application\Admin\Model\MovieModel.class.php 第 328 行.
NOTIC: [2] in_array() expects parameter 2 to be array, string given C:\phpstudy\WWW\shop34\Application\Admin\Model\MovieModel.class.php 第 328 行.
NOTIC: [2] in_array() expects parameter 2 to be array, string given C:\phpstudy\WWW\shop34\Application\Admin\Model\MovieModel.class.php 第 328 行.
NOTIC: [2] in_array() expects parameter 2 to be array, string given C:\phpstudy\WWW\shop34\Application\Admin\Model\MovieModel.class.php 第 328 行.
NOTIC: [2] in_array() expects parameter 2 to be array, string given C:\phpstudy\WWW\shop34\Application\Admin\Model\MovieModel.class.php 第 328 行.
NOTIC: [2] in_array() expects parameter 2 to be array, string given C:\phpstudy\WWW\shop34\Application\Admin\Model\MovieModel.class.php 第 328 行.
NOTIC: [2] in_array() expects parameter 2 to be array, string given C:\phpstudy\WWW\shop34\Application\Admin\Model\MovieModel.class.php 第 328 行.
NOTIC: [2] in_array() expects parameter 2 to be array, string given C:\phpstudy\WWW\shop34\Application\Admin\Model\MovieModel.class.php 第 328 行.
NOTIC: [2] in_array() expects parameter 2 to be array, string given C:\phpstudy\WWW\shop34\Application\Admin\Model\MovieModel.class.php 第 328 行.
NOTIC: [2] in_array() expects parameter 2 to be array, string given C:\phpstudy\WWW\shop34\Application\Admin\Model\MovieModel.class.php 第 328 行.
NOTIC: [2] in_array() expects parameter 2 to be array, string given C:\phpstudy\WWW\shop34\Application\Admin\Model\MovieModel.class.php 第 328 行.
NOTIC: [2] in_array() expects parameter 2 to be array, string given C:\phpstudy\WWW\shop34\Application\Admin\Model\MovieModel.class.php 第 328 行.
NOTIC: [2] in_array() expects parameter 2 to be array, string given C:\phpstudy\WWW\shop34\Application\Admin\Model\MovieModel.class.php 第 328 行.
NOTIC: [2] in_array() expects parameter 2 to be array, string given C:\phpstudy\WWW\shop34\Application\Admin\Model\MovieModel.class.php 第 328 行.
NOTIC: [2] in_array() expects parameter 2 to be array, string given C:\phpstudy\WWW\shop34\Application\Admin\Model\MovieModel.class.php 第 328 行.
NOTIC: [2] in_array() expects parameter 2 to be array, string given C:\phpstudy\WWW\shop34\Application\Admin\Model\MovieModel.class.php 第 328 行.
NOTIC: [2] in_array() expects parameter 2 to be array, string given C:\phpstudy\WWW\shop34\Application\Admin\Model\MovieModel.class.php 第 328 行.
NOTIC: [2] in_array() expects parameter 2 to be array, string given C:\phpstudy\WWW\shop34\Application\Admin\Model\MovieModel.class.php 第 328 行.
NOTIC: [2] in_array() expects parameter 2 to be array, string given C:\phpstudy\WWW\shop34\Application\Admin\Model\MovieModel.class.php 第 328 行.
NOTIC: [2] in_array() expects parameter 2 to be array, string given C:\phpstudy\WWW\shop34\Application\Admin\Model\MovieModel.class.php 第 328 行.
NOTIC: [2] in_array() expects parameter 2 to be array, string given C:\phpstudy\WWW\shop34\Application\Admin\Model\MovieModel.class.php 第 328 行.
NOTIC: [2] in_array() expects parameter 2 to be array, string given C:\phpstudy\WWW\shop34\Application\Admin\Model\MovieModel.class.php 第 328 行.
NOTIC: [2] in_array() expects parameter 2 to be array, string given C:\phpstudy\WWW\shop34\Application\Admin\Model\MovieModel.class.php 第 328 行.
NOTIC: [2] in_array() expects parameter 2 to be array, string given C:\phpstudy\WWW\shop34\Application\Admin\Model\MovieModel.class.php 第 328 行.
NOTIC: [2] in_array() expects parameter 2 to be array, string given C:\phpstudy\WWW\shop34\Application\Admin\Model\MovieModel.class.php 第 328 行.
NOTIC: [2] in_array() expects parameter 2 to be array, string given C:\phpstudy\WWW\shop34\Application\Admin\Model\MovieModel.class.php 第 328 行.
NOTIC: [2] in_array() expects parameter 2 to be array, string given C:\phpstudy\WWW\shop34\Application\Admin\Model\MovieModel.class.php 第 328 行.
NOTIC: [2] in_array() expects parameter 2 to be array, string given C:\phpstudy\WWW\shop34\Application\Admin\Model\MovieModel.class.php 第 328 行.
NOTIC: [2] in_array() expects parameter 2 to be array, string given C:\phpstudy\WWW\shop34\Application\Admin\Model\MovieModel.class.php 第 328 行.
NOTIC: [2] in_array() expects parameter 2 to be array, string given C:\phpstudy\WWW\shop34\Application\Admin\Model\MovieModel.class.php 第 328 行.
NOTIC: [2] in_array() expects parameter 2 to be array, string given C:\phpstudy\WWW\shop34\Application\Admin\Model\MovieModel.class.php 第 328 行.
NOTIC: [2] in_array() expects parameter 2 to be array, string given C:\phpstudy\WWW\shop34\Application\Admin\Model\MovieModel.class.php 第 328 行.
NOTIC: [2] in_array() expects parameter 2 to be array, string given C:\phpstudy\WWW\shop34\Application\Admin\Model\MovieModel.class.php 第 328 行.
NOTIC: [2] in_array() expects parameter 2 to be array, string given C:\phpstudy\WWW\shop34\Application\Admin\Model\MovieModel.class.php 第 328 行.
NOTIC: [2] in_array() expects parameter 2 to be array, string given C:\phpstudy\WWW\shop34\Application\Admin\Model\MovieModel.class.php 第 328 行.
NOTIC: [2] in_array() expects parameter 2 to be array, string given C:\phpstudy\WWW\shop34\Application\Admin\Model\MovieModel.class.php 第 328 行.
NOTIC: [2] in_array() expects parameter 2 to be array, string given C:\phpstudy\WWW\shop34\Application\Admin\Model\MovieModel.class.php 第 328 行.
NOTIC: [2] in_array() expects parameter 2 to be array, string given C:\phpstudy\WWW\shop34\Application\Admin\Model\MovieModel.class.php 第 328 行.
NOTIC: [2] in_array() expects parameter 2 to be array, string given C:\phpstudy\WWW\shop34\Application\Admin\Model\MovieModel.class.php 第 328 行.
NOTIC: [2] in_array() expects parameter 2 to be array, string given C:\phpstudy\WWW\shop34\Application\Admin\Model\MovieModel.class.php 第 328 行.
NOTIC: [2] in_array() expects parameter 2 to be array, string given C:\phpstudy\WWW\shop34\Application\Admin\Model\MovieModel.class.php 第 328 行.
NOTIC: [2] in_array() expects parameter 2 to be array, string given C:\phpstudy\WWW\shop34\Application\Admin\Model\MovieModel.class.php 第 328 行.
NOTIC: [2] in_array() expects parameter 2 to be array, string given C:\phpstudy\WWW\shop34\Application\Admin\Model\MovieModel.class.php 第 328 行.
NOTIC: [2] in_array() expects parameter 2 to be array, string given C:\phpstudy\WWW\shop34\Application\Admin\Model\MovieModel.class.php 第 328 行.
NOTIC: [2] in_array() expects parameter 2 to be array, string given C:\phpstudy\WWW\shop34\Application\Admin\Model\MovieModel.class.php 第 328 行.
SQL: SELECT * FROM `php34_movie` WHERE ( `category_id` IN ('36','80','31','44','50','56','62','68','74') )  [ RunTime:0.000677s ]
SQL: SHOW COLUMNS FROM `php34_advert` [ RunTime:0.002013s ]
SQL: SELECT * FROM `php34_advert` ORDER BY id DESC LIMIT 1   [ RunTime:0.000268s ]

[ 2017-10-07T17:35:36+08:00 ] 14.25.41.236 //index.php/home/App/ishot
INFO: [ app_init ] --START--
INFO: Run Behavior\BuildLiteBehavior [ RunTime:0.000022s ]
INFO: [ app_init ] --END-- [ RunTime:0.000401s ]
INFO: [ app_begin ] --START--
INFO: Run Behavior\ReadHtmlCacheBehavior [ RunTime:0.000756s ]
INFO: [ app_begin ] --END-- [ RunTime:0.000826s ]
SQL: SHOW COLUMNS FROM `php34_category` [ RunTime:0.001957s ]
SQL: SELECT * FROM `php34_category`  [ RunTime:0.000539s ]
SQL: SHOW COLUMNS FROM `php34_movie` [ RunTime:0.001590s ]
SQL: SELECT * FROM `php34_movie` WHERE ( `status` = 1 ) AND ( `is_delete` = 0 ) AND ( `is_hot` = 1 ) ORDER BY listorder asc  [ RunTime:0.001142s ]

[ 2017-10-07T18:58:43+08:00 ] 106.11.226.210 /
INFO: [ app_init ] --START--
INFO: Run Behavior\BuildLiteBehavior [ RunTime:0.000038s ]
INFO: [ app_init ] --END-- [ RunTime:0.000741s ]
INFO: [ app_begin ] --START--
INFO: Run Behavior\ReadHtmlCacheBehavior [ RunTime:0.001373s ]
INFO: [ app_begin ] --END-- [ RunTime:0.001485s ]
SQL: SHOW COLUMNS FROM `php34_category` [ RunTime:0.002082s ]
SQL: SELECT * FROM `php34_category`  [ RunTime:0.000374s ]
SQL: SHOW COLUMNS FROM `php34_goods` [ RunTime:0.030509s ]
SQL: SELECT `id`,`goods_name`,`promote_price`,`sm_logo` FROM `php34_goods` WHERE ( `is_on_sale` = 1 ) AND ( `is_delete` = 0 ) AND ( `is_promote` = 1 ) AND ( `promote_start_time` <= 1507373923 ) AND ( `promote_end_time` >= 1507373923 ) ORDER BY sort_num asc LIMIT 5   [ RunTime:0.000563s ]
SQL: SELECT `id`,`goods_name`,`shop_price`,`sm_logo` FROM `php34_goods` WHERE ( `is_on_sale` = 1 ) AND ( `is_delete` = 0 ) AND ( `is_hot` = 1 ) ORDER BY sort_num asc LIMIT 5   [ RunTime:0.001638s ]
SQL: SELECT `id`,`goods_name`,`shop_price`,`sm_logo` FROM `php34_goods` WHERE ( `is_on_sale` = 1 ) AND ( `is_delete` = 0 ) AND ( `is_best` = 1 ) ORDER BY sort_num asc LIMIT 5   [ RunTime:0.000325s ]
SQL: SELECT `id`,`goods_name`,`shop_price`,`sm_logo` FROM `php34_goods` WHERE ( `is_on_sale` = 1 ) AND ( `is_delete` = 0 ) AND ( `is_new` = 1 ) ORDER BY sort_num asc LIMIT 5   [ RunTime:0.000299s ]
INFO: [ view_parse ] --START--
INFO: [ template_filter ] --START--
INFO: Run Behavior\ContentReplaceBehavior [ RunTime:0.000045s ]
INFO: [ template_filter ] --END-- [ RunTime:0.000114s ]
INFO: Run Behavior\ParseTemplateBehavior [ RunTime:0.006637s ]
INFO: [ view_parse ] --END-- [ RunTime:0.006708s ]
INFO: [ view_filter ] --START--
INFO: Run Behavior\WriteHtmlCacheBehavior [ RunTime:0.000486s ]
INFO: [ view_filter ] --END-- [ RunTime:0.000541s ]
INFO: [ app_end ] --START--
INFO: Run Behavior\ShowPageTraceBehavior [ RunTime:0.000793s ]
INFO: [ app_end ] --END-- [ RunTime:0.000852s ]

